Starting ANTs registration job using Singularity
Processing subject: sub-003S6067_ses-01_ses-02

--------------------------------------------------------------------------------------
 Mapping parameters
--------------------------------------------------------------------------------------
 ANTSPATH is /opt/ants/bin/

 Dimensionality:           3
 Output name prefix:       /output/sub-003S6067_ses-01_ses-02/warped_source_
 Fixed images:             /template/brain_mni.nii.gz
 Moving images:            /input/sub-003S6067_ses-01_ses-02/source.nii.gz
 Mask images:              
 Initial transforms:       
 Number of threads:        1
 Spline distance:          26
 SyN gradient step:        0.1
 Transform type:           a
 MI histogram bins:        32
 Precision:                d
 Use histogram matching:   0
 Repro                     0
======================================================================================
 antsRegistration call:
--------------------------------------------------------------------------------------
/opt/ants/bin//antsRegistration --verbose 1 --dimensionality 3 --float 0 --collapse-output-transforms 1 --output [ /output/sub-003S6067_ses-01_ses-02/warped_source_,/output/sub-003S6067_ses-01_ses-02/warped_source_Warped.nii.gz,/output/sub-003S6067_ses-01_ses-02/warped_source_InverseWarped.nii.gz ] --interpolation Linear --use-histogram-matching 0 --winsorize-image-intensities [ 0.005,0.995 ] --initial-moving-transform [ /template/brain_mni.nii.gz,/input/sub-003S6067_ses-01_ses-02/source.nii.gz,1 ] --transform Rigid[ 0.1 ] --metric MI[ /template/brain_mni.nii.gz,/input/sub-003S6067_ses-01_ses-02/source.nii.gz,1,32,Regular,0.25 ] --convergence [ 1000x500x250x0,1e-6,10 ] --shrink-factors 8x4x2x1 --smoothing-sigmas 3x2x1x0vox --transform Affine[ 0.1 ] --metric MI[ /template/brain_mni.nii.gz,/input/sub-003S6067_ses-01_ses-02/source.nii.gz,1,32,Regular,0.25 ] --convergence [ 1000x500x250x0,1e-6,10 ] --shrink-factors 8x4x2x1 --smoothing-sigmas 3x2x1x0vox
--------------------------------------------------------------------------------------
All_Command_lines_OK
Using double precision for computations.
=============================================================================
The composite transform comprises the following transforms (in order): 
  1. Center of mass alignment using fixed image: /template/brain_mni.nii.gz and moving image: /input/sub-003S6067_ses-01_ses-02/source.nii.gz (type = Euler3DTransform)
=============================================================================
  number of levels = 4
  number of levels = 4
  fixed image: /template/brain_mni.nii.gz
  moving image: /input/sub-003S6067_ses-01_ses-02/source.nii.gz
  fixed image: /template/brain_mni.nii.gz
  moving image: /input/sub-003S6067_ses-01_ses-02/source.nii.gz
Dimension = 3
Number of stages = 2
Use histogram matching = false
Winsorize image intensities = true
  Lower quantile = 0.005
  Upper quantile = 0.995


Stage 1 State
   Image metric = Mattes
     Fixed image = Image (0x55a2cbdaaa00)
  RTTI typeinfo:   itk::Image<double, 3u>
  Reference Count: 2
  Modified Time: 1690
  Debug: Off
  Object Name: 
  Observers: 
    none
  Source: (none)
  Source output name: (none)
  Release Data: Off
  Data Released: False
  Global Release Data: Off
  PipelineMTime: 0
  UpdateMTime: 1475
  RealTimeStamp: 0 seconds 
  LargestPossibleRegion: 
    Dimension: 3
    Index: [0, 0, 0]
    Size: [197, 233, 189]
  BufferedRegion: 
    Dimension: 3
    Index: [0, 0, 0]
    Size: [197, 233, 189]
  RequestedRegion: 
    Dimension: 3
    Index: [0, 0, 0]
    Size: [197, 233, 189]
  Spacing: [1, 1, 1]
  Origin: [98, 134, -72]
  Direction: 
-1 0 0
0 -1 0
0 0 1

  IndexToPointMatrix: 
-1 0 0
0 -1 0
0 0 1

  PointToIndexMatrix: 
-1 0 0
0 -1 0
0 0 1

  Inverse Direction: 
-1 0 0
0 -1 0
0 0 1

  PixelContainer: 
    ImportImageContainer (0x55a2cbe0ae30)
      RTTI typeinfo:   itk::ImportImageContainer<unsigned long, double>
      Reference Count: 1
      Modified Time: 1472
      Debug: Off
      Object Name: 
      Observers: 
        none
      Pointer: 0x7ffb94b9d010
      Container manages memory: true
      Size: 8675289
      Capacity: 8675289

     Moving image = Image (0x55a2cbdadac0)
  RTTI typeinfo:   itk::Image<double, 3u>
  Reference Count: 2
  Modified Time: 1691
  Debug: Off
  Object Name: 
  Observers: 
    none
  Source: (none)
  Source output name: (none)
  Release Data: Off
  Data Released: False
  Global Release Data: Off
  PipelineMTime: 0
  UpdateMTime: 1688
  RealTimeStamp: 0 seconds 
  LargestPossibleRegion: 
    Dimension: 3
    Index: [0, 0, 0]
    Size: [256, 256, 256]
  BufferedRegion: 
    Dimension: 3
    Index: [0, 0, 0]
    Size: [256, 256, 256]
  RequestedRegion: 
    Dimension: 3
    Index: [0, 0, 0]
    Size: [256, 256, 256]
  Spacing: [1, 1, 1]
  Origin: [-362.712, -128.5, 628.61]
  Direction: 
1 0 0
0 -0 -1
0 -1 0

  IndexToPointMatrix: 
1 0 0
0 0 -1
0 -1 0

  PointToIndexMatrix: 
1 0 0
0 0 -1
0 -1 0

  Inverse Direction: 
1 0 0
0 0 -1
0 -1 0

  PixelContainer: 
    ImportImageContainer (0x55a2cbe80b30)
      RTTI typeinfo:   itk::ImportImageContainer<unsigned long, double>
      Reference Count: 1
      Modified Time: 1685
      Debug: Off
      Object Name: 
      Observers: 
        none
      Pointer: 0x7ffb8cb9c010
      Container manages memory: true
      Size: 16777216
      Capacity: 16777216

     Weighting = 1
     Sampling strategy = regular
     Number of bins = 32
     Radius = 4
     Sampling percentage  = 0.25
   Transform = Rigid
     Gradient step = 0.1
     Update field sigma (voxel space) = 0
     Total field sigma (voxel space) = 0
     Update field time sigma = 0
     Total field time sigma  = 0
     Number of time indices = 0
     Number of time point samples = 0
Stage 2 State
   Image metric = Mattes
     Fixed image = Image (0x55a2cbe03ad0)
  RTTI typeinfo:   itk::Image<double, 3u>
  Reference Count: 2
  Modified Time: 2118
  Debug: Off
  Object Name: 
  Observers: 
    none
  Source: (none)
  Source output name: (none)
  Release Data: Off
  Data Released: False
  Global Release Data: Off
  PipelineMTime: 0
  UpdateMTime: 1903
  RealTimeStamp: 0 seconds 
  LargestPossibleRegion: 
    Dimension: 3
    Index: [0, 0, 0]
    Size: [197, 233, 189]
  BufferedRegion: 
    Dimension: 3
    Index: [0, 0, 0]
    Size: [197, 233, 189]
  RequestedRegion: 
    Dimension: 3
    Index: [0, 0, 0]
    Size: [197, 233, 189]
  Spacing: [1, 1, 1]
  Origin: [98, 134, -72]
  Direction: 
-1 0 0
0 -1 0
0 0 1

  IndexToPointMatrix: 
-1 0 0
0 -1 0
0 0 1

  PointToIndexMatrix: 
-1 0 0
0 -1 0
0 0 1

  Inverse Direction: 
-1 0 0
0 -1 0
0 0 1

  PixelContainer: 
    ImportImageContainer (0x55a2cbe58990)
      RTTI typeinfo:   itk::ImportImageContainer<unsigned long, double>
      Reference Count: 1
      Modified Time: 1900
      Debug: Off
      Object Name: 
      Observers: 
        none
      Pointer: 0x7ffb8896c010
      Container manages memory: true
      Size: 8675289
      Capacity: 8675289

     Moving image = Image (0x55a2cbe09680)
  RTTI typeinfo:   itk::Image<double, 3u>
  Reference Count: 2
  Modified Time: 2119
  Debug: Off
  Object Name: 
  Observers: 
    none
  Source: (none)
  Source output name: (none)
  Release Data: Off
  Data Released: False
  Global Release Data: Off
  PipelineMTime: 0
  UpdateMTime: 2116
  RealTimeStamp: 0 seconds 
  LargestPossibleRegion: 
    Dimension: 3
    Index: [0, 0, 0]
    Size: [256, 256, 256]
  BufferedRegion: 
    Dimension: 3
    Index: [0, 0, 0]
    Size: [256, 256, 256]
  RequestedRegion: 
    Dimension: 3
    Index: [0, 0, 0]
    Size: [256, 256, 256]
  Spacing: [1, 1, 1]
  Origin: [-362.712, -128.5, 628.61]
  Direction: 
1 0 0
0 -0 -1
0 -1 0

  IndexToPointMatrix: 
1 0 0
0 0 -1
0 -1 0

  PointToIndexMatrix: 
1 0 0
0 0 -1
0 -1 0

  Inverse Direction: 
1 0 0
0 0 -1
0 -1 0

  PixelContainer: 
    ImportImageContainer (0x55a2cbdd6490)
      RTTI typeinfo:   itk::ImportImageContainer<unsigned long, double>
      Reference Count: 1
      Modified Time: 2113
      Debug: Off
      Object Name: 
      Observers: 
        none
      Pointer: 0x7ffb8096b010
      Container manages memory: true
      Size: 16777216
      Capacity: 16777216

     Weighting = 1
     Sampling strategy = regular
     Number of bins = 32
     Radius = 4
     Sampling percentage  = 0.25
   Transform = Affine
     Gradient step = 0.1
     Update field sigma (voxel space) = 0
     Total field sigma (voxel space) = 0
     Update field time sigma = 0
     Total field time sigma  = 0
     Number of time indices = 0
     Number of time point samples = 0
Registration using 2 total stages.

Stage 0
  iterations = 1000x500x250x0
  convergence threshold = 1e-06
  convergence window size = 10
  number of levels = 4
  using the Mattes MI metric (number of bins = 32, weight = 1, use gradient filter = 0)
  preprocessing:  winsorizing the image intensities
  Shrink factors (level 1 out of 4): [8, 8, 8]
  Shrink factors (level 2 out of 4): [4, 4, 4]
  Shrink factors (level 3 out of 4): [2, 2, 2]
  Shrink factors (level 4 out of 4): [1, 1, 1]
  smoothing sigmas per level: [3, 2, 1, 0]
  regular sampling (percentage = 0.25)

*** Running Euler3DTransform registration ***

DIAGNOSTIC,Iteration,metricValue,convergenceValue,ITERATION_TIME_INDEX,SINCE_LAST
 2DIAGNOSTIC,     1, -4.017873611717e-01, 1.797693134862e+308, 3.7658e+00, 3.7658e+00, 
 2DIAGNOSTIC,     2, -4.028080888907e-01, 1.797693134862e+308, 3.7743e+00, 8.4519e-03, 
 2DIAGNOSTIC,     3, -4.040224453706e-01, 1.797693134862e+308, 3.7827e+00, 8.4670e-03, 
 2DIAGNOSTIC,     4, -4.053325881881e-01, 1.797693134862e+308, 3.7914e+00, 8.6839e-03, 
 2DIAGNOSTIC,     5, -4.069506382668e-01, 1.797693134862e+308, 3.8002e+00, 8.7678e-03, 
 2DIAGNOSTIC,     6, -4.126743156881e-01, 1.797693134862e+308, 3.8094e+00, 9.2511e-03, 
 2DIAGNOSTIC,     7, -4.214407754827e-01, 1.797693134862e+308, 3.8192e+00, 9.7950e-03, 
 2DIAGNOSTIC,     8, -4.285287034822e-01, 1.797693134862e+308, 3.8291e+00, 9.8209e-03, 
 2DIAGNOSTIC,     9, -4.302043897160e-01, 1.797693134862e+308, 3.8409e+00, 1.1799e-02, 
 2DIAGNOSTIC,    10, -4.305246183993e-01, 5.375873279183e-03, 3.8512e+00, 1.0308e-02, 
 2DIAGNOSTIC,    11, -4.318424106352e-01, 5.044251627618e-03, 3.8609e+00, 9.6929e-03, 
 2DIAGNOSTIC,    12, -4.326701771329e-01, 4.412326596115e-03, 3.8699e+00, 9.0179e-03, 
 2DIAGNOSTIC,    13, -4.343514479947e-01, 3.629484647470e-03, 3.8807e+00, 1.0800e-02, 
 2DIAGNOSTIC,    14, -4.368943194979e-01, 2.823372966186e-03, 3.8935e+00, 1.2782e-02, 
 2DIAGNOSTIC,    15, -4.369994073027e-01, 1.949475225489e-03, 3.9021e+00, 8.6720e-03, 
 2DIAGNOSTIC,    16, -4.428145736815e-01, 1.490141070277e-03, 3.9123e+00, 1.0130e-02, 
 2DIAGNOSTIC,    17, -4.463322290083e-01, 1.421807199656e-03, 3.9221e+00, 9.8140e-03, 
 2DIAGNOSTIC,    18, -4.478683738654e-01, 1.547203264546e-03, 3.9347e+00, 1.2621e-02, 
 2DIAGNOSTIC,    19, -4.483993653270e-01, 1.595475036057e-03, 3.9442e+00, 9.5201e-03, 
 2DIAGNOSTIC,    20, -4.487284589794e-01, 1.513389762145e-03, 3.9527e+00, 8.4891e-03, 
 2DIAGNOSTIC,    21, -4.500719778978e-01, 1.381195113542e-03, 3.9624e+00, 9.6951e-03, 
 2DIAGNOSTIC,    22, -4.513167489402e-01, 1.191367047265e-03, 3.9718e+00, 9.4390e-03, 
 2DIAGNOSTIC,    23, -4.514536765848e-01, 9.590026851639e-04, 3.9814e+00, 9.6149e-03, 
 2DIAGNOSTIC,    24, -4.520287298787e-01, 7.467321581469e-04, 3.9904e+00, 8.9118e-03, 
 2DIAGNOSTIC,    25, -4.538044197530e-01, 5.289299984592e-04, 4.0004e+00, 1.0073e-02, 
 2DIAGNOSTIC,    26, -4.551901095280e-01, 4.571569446257e-04, 4.0092e+00, 8.7540e-03, 
 2DIAGNOSTIC,    27, -4.564762490936e-01, 4.628949523113e-04, 4.0194e+00, 1.0207e-02, 
 2DIAGNOSTIC,    28, -4.713953543590e-01, 8.080079845860e-04, 4.0311e+00, 1.1723e-02, 
 2DIAGNOSTIC,    29, -4.847051706111e-01, 1.352136614642e-03, 4.0425e+00, 1.1430e-02, 
 2DIAGNOSTIC,    30, -4.886220324708e-01, 1.814898673372e-03, 4.0577e+00, 1.5128e-02, 
 2DIAGNOSTIC,    31, -4.895767152428e-01, 2.125990611415e-03, 4.0664e+00, 8.7159e-03, 
 2DIAGNOSTIC,    32, -4.933622231767e-01, 2.319073528851e-03, 4.0753e+00, 8.9090e-03, 
 2DIAGNOSTIC,    33, -5.013976853587e-01, 2.431280558918e-03, 4.0840e+00, 8.7261e-03, 
 2DIAGNOSTIC,    34, -5.045583532221e-01, 2.366841473874e-03, 4.0945e+00, 1.0485e-02, 
 2DIAGNOSTIC,    35, -5.048992796528e-01, 2.124008623563e-03, 4.1037e+00, 9.2039e-03, 
 2DIAGNOSTIC,    36, -5.049236016367e-01, 1.728297840743e-03, 4.1149e+00, 1.1186e-02, 
 2DIAGNOSTIC,    37, -5.049549410132e-01, 1.210980433834e-03, 4.1241e+00, 9.1591e-03, 
 2DIAGNOSTIC,    38, -5.049311907659e-01, 8.478232977002e-04, 4.1322e+00, 8.1830e-03, 
 2DIAGNOSTIC,    39, -5.051289674853e-01, 6.401021947384e-04, 4.1404e+00, 8.1639e-03, 
 2DIAGNOSTIC,    40, -5.053180943228e-01, 4.492733315945e-04, 4.1496e+00, 9.1910e-03, 
 2DIAGNOSTIC,    41, -5.054087141443e-01, 2.425100076834e-04, 4.1577e+00, 8.0719e-03, 
 2DIAGNOSTIC,    42, -5.056896156980e-01, 8.109368495333e-05, 4.1662e+00, 8.5509e-03, 
 2DIAGNOSTIC,    43, -5.076324162113e-01, 6.294279915460e-05, 4.1774e+00, 1.1131e-02, 
 2DIAGNOSTIC,    44, -5.110782584718e-01, 1.317590669395e-04, 4.1900e+00, 1.2680e-02, 
 2DIAGNOSTIC,    45, -5.111878142757e-01, 1.898279172788e-04, 4.1982e+00, 8.1382e-03, 
 2DIAGNOSTIC,    46, -5.115997229822e-01, 2.338083423305e-04, 4.2063e+00, 8.0819e-03, 
 2DIAGNOSTIC,    47, -5.119857348116e-01, 2.594252039012e-04, 4.2154e+00, 9.1071e-03, 
 2DIAGNOSTIC,    48, -5.120150989353e-01, 2.585376751652e-04, 4.2244e+00, 9.0640e-03, 
 2DIAGNOSTIC,    49, -5.120383977741e-01, 2.351112331693e-04, 4.2335e+00, 9.0280e-03, 
 2DIAGNOSTIC,    50, -5.120637158633e-01, 1.931785143946e-04, 4.2425e+00, 9.0768e-03, 
 2DIAGNOSTIC,    51, -5.120740105369e-01, 1.365831398507e-04, 4.2516e+00, 9.0652e-03, 
 2DIAGNOSTIC,    52, -5.120843833292e-01, 7.252863094716e-05, 4.2606e+00, 9.0070e-03, 
 2DIAGNOSTIC,    53, -5.120880915245e-01, 2.546029573091e-05, 4.2696e+00, 9.0141e-03, 
 2DIAGNOSTIC,    54, -5.120900046655e-01, 1.668236361329e-05, 4.2776e+00, 7.9989e-03, 
 2DIAGNOSTIC,    55, -5.120937616748e-01, 7.882657158016e-06, 4.2867e+00, 9.0480e-03, 
 2DIAGNOSTIC,    56, -5.121745518785e-01, 3.926695506990e-06, 4.2988e+00, 1.2106e-02, 
 2DIAGNOSTIC,    57, -5.121762160598e-01, 3.876894094187e-06, 4.3078e+00, 9.0270e-03, 
 2DIAGNOSTIC,    58, -5.121763440428e-01, 3.828213517867e-06, 4.3158e+00, 8.0040e-03, 
 2DIAGNOSTIC,    59, -5.121766297204e-01, 3.719716221807e-06, 4.3238e+00, 7.9920e-03, 
 2DIAGNOSTIC,    60, -5.121776560373e-01, 3.572872319869e-06, 4.3318e+00, 8.0099e-03, 
 2DIAGNOSTIC,    61, -5.121792635372e-01, 3.244011823354e-06, 4.3398e+00, 8.0140e-03, 
 2DIAGNOSTIC,    62, -5.121819453267e-01, 2.791312638709e-06, 4.3478e+00, 8.0321e-03, 
 2DIAGNOSTIC,    63, -5.121854335476e-01, 2.219202401274e-06, 4.3572e+00, 9.3451e-03, 
 2DIAGNOSTIC,    64, -5.123879514868e-01, 3.420719883601e-06, 4.3714e+00, 1.4159e-02, 
 2DIAGNOSTIC,    65, -5.123309684980e-01, 3.742791658080e-06, 4.3794e+00, 8.0440e-03, 
 2DIAGNOSTIC,    66, -5.122660116855e-01, 3.924346873040e-06, 4.3884e+00, 9.0060e-03, 
 2DIAGNOSTIC,    67, -5.122676574508e-01, 3.840901518930e-06, 4.3965e+00, 8.0519e-03, 
 2DIAGNOSTIC,    68, -5.121929435218e-01, 2.764857090849e-06, 4.4045e+00, 8.0891e-03, 
 2DIAGNOSTIC,    69, -5.122699242142e-01, 2.151363081945e-06, 4.4127e+00, 8.1272e-03, 
 2DIAGNOSTIC,    70, -5.123475191823e-01, 2.041388648216e-06, 4.4207e+00, 8.0330e-03, 
 2DIAGNOSTIC,    71, -5.124290982765e-01, 2.496561819550e-06, 4.4297e+00, 8.9831e-03, 
 2DIAGNOSTIC,    72, -5.124305359132e-01, 2.792203593255e-06, 4.4407e+00, 1.1041e-02, 
 2DIAGNOSTIC,    73, -5.124324926535e-01, 2.864128370797e-06, 4.4487e+00, 8.0090e-03, 
 2DIAGNOSTIC,    74, -5.124339215410e-01, 4.338665310435e-06, 4.4567e+00, 7.9689e-03, 
 2DIAGNOSTIC,    75, -5.125437943929e-01, 5.803850925650e-06, 4.4678e+00, 1.1073e-02, 
 2DIAGNOSTIC,    76, -5.125645931039e-01, 6.334327563143e-06, 4.4760e+00, 8.2421e-03, 
 2DIAGNOSTIC,    77, -5.125075794563e-01, 5.894522233279e-06, 4.4852e+00, 9.1422e-03, 
 2DIAGNOSTIC,    78, -5.125139317700e-01, 4.451871089814e-06, 4.4942e+00, 9.0699e-03, 
 2DIAGNOSTIC,    79, -5.125990229135e-01, 3.851461695717e-06, 4.5033e+00, 9.0599e-03, 
 2DIAGNOSTIC,    80, -5.126259411935e-01, 3.649679972293e-06, 4.5113e+00, 8.0202e-03, 
 2DIAGNOSTIC,    81, -5.126473983698e-01, 3.887886031850e-06, 4.5204e+00, 9.0661e-03, 
 2DIAGNOSTIC,    82, -5.127377823995e-01, 4.468960688725e-06, 4.5284e+00, 8.0531e-03, 
 2DIAGNOSTIC,    83, -5.127521072605e-01, 4.755086862793e-06, 4.5385e+00, 1.0086e-02, 
 2DIAGNOSTIC,    84, -5.127861574123e-01, 4.831180725107e-06, 4.5465e+00, 8.0221e-03, 
 2DIAGNOSTIC,    85, -5.127956160633e-01, 5.290812057961e-06, 4.5565e+00, 1.0009e-02, 
 2DIAGNOSTIC,    86, -5.128031852474e-01, 5.477589930058e-06, 4.5645e+00, 7.9658e-03, 
 2DIAGNOSTIC,    87, -5.128132335746e-01, 4.852852961954e-06, 4.5725e+00, 8.0290e-03, 
 2DIAGNOSTIC,    88, -5.128385831184e-01, 4.005409264972e-06, 4.5836e+00, 1.1025e-02, 
 2DIAGNOSTIC,    89, -5.128484965423e-01, 3.450594497838e-06, 4.5916e+00, 8.0519e-03, 
 2DIAGNOSTIC,    90, -5.128529934391e-01, 2.819330758505e-06, 4.6006e+00, 9.0239e-03, 
 2DIAGNOSTIC,    91, -5.128599654251e-01, 2.137874006930e-06, 4.6097e+00, 9.0470e-03, 
 2DIAGNOSTIC,    92, -5.128697549139e-01, 1.935499550141e-06, 4.6188e+00, 9.0830e-03, 
 2DIAGNOSTIC,    93, -5.130399688885e-01, 2.734365404301e-06, 4.6289e+00, 1.0089e-02, 
 2DIAGNOSTIC,    94, -5.130582852134e-01, 3.579826490373e-06, 4.6379e+00, 9.0840e-03, 
 2DIAGNOSTIC,    95, -5.130754450846e-01, 4.269374994186e-06, 4.6460e+00, 8.0180e-03, 
 2DIAGNOSTIC,    96, -5.130783317472e-01, 4.643499711882e-06, 4.6550e+00, 9.0048e-03, 
 2DIAGNOSTIC,    97, -5.130795072741e-01, 4.655602568716e-06, 4.6640e+00, 8.9939e-03, 
 2DIAGNOSTIC,    98, -5.130796329091e-01, 4.384781403997e-06, 4.6720e+00, 8.0390e-03, 
 2DIAGNOSTIC,    99, -5.130808150411e-01, 3.788548299660e-06, 4.6800e+00, 8.0121e-03, 
 2DIAGNOSTIC,   100, -5.130872518260e-01, 2.947734685690e-06, 4.6890e+00, 8.9960e-03, 
 2DIAGNOSTIC,   101, -5.130968665872e-01, 1.976975926745e-06, 4.6981e+00, 9.0439e-03, 
 2DIAGNOSTIC,   102, -5.131359805220e-01, 1.118921748403e-06, 4.7241e+00, 2.6067e-02, 
 2DIAGNOSTIC,   103, -5.131359756244e-01, 1.153809522822e-06, 4.7324e+00, 8.2309e-03, 
 2DIAGNOSTIC,   104, -5.131359790874e-01, 1.210566908761e-06, 4.7406e+00, 8.2121e-03, 
 2DIAGNOSTIC,   105, -5.131359849412e-01, 1.277073965191e-06, 4.7486e+00, 8.0349e-03, 
 2DIAGNOSTIC,   106, -5.131359948338e-01, 1.263230416160e-06, 4.7566e+00, 8.0149e-03, 
 2DIAGNOSTIC,   107, -5.131360115451e-01, 1.161023370643e-06, 4.7646e+00, 8.0252e-03, 
DIAGNOSTIC,Iteration,metricValue,convergenceValue,ITERATION_TIME_INDEX,SINCE_LAST
 2DIAGNOSTIC,     1, -4.153545145345e-01, 1.797693134862e+308, 8.6279e+00, 3.8633e+00, 
 2DIAGNOSTIC,     2, -4.155655700504e-01, 1.797693134862e+308, 8.7356e+00, 1.0767e-01, 
 2DIAGNOSTIC,     3, -4.158933337483e-01, 1.797693134862e+308, 8.8432e+00, 1.0761e-01, 
 2DIAGNOSTIC,     4, -4.162057775320e-01, 1.797693134862e+308, 8.9508e+00, 1.0758e-01, 
 2DIAGNOSTIC,     5, -4.165029665663e-01, 1.797693134862e+308, 9.0749e+00, 1.2416e-01, 
 2DIAGNOSTIC,     6, -4.166580072305e-01, 1.797693134862e+308, 9.1989e+00, 1.2402e-01, 
 2DIAGNOSTIC,     7, -4.167634904695e-01, 1.797693134862e+308, 9.3395e+00, 1.4052e-01, 
 2DIAGNOSTIC,     8, -4.169138034346e-01, 1.797693134862e+308, 9.4473e+00, 1.0779e-01, 
 2DIAGNOSTIC,     9, -4.169491291255e-01, 1.797693134862e+308, 9.5715e+00, 1.2421e-01, 
 2DIAGNOSTIC,    10, -4.170079986236e-01, 2.669711638902e-04, 9.7124e+00, 1.4094e-01, 
 2DIAGNOSTIC,    11, -4.171785938494e-01, 2.087414818911e-04, 9.8381e+00, 1.2570e-01, 
 2DIAGNOSTIC,    12, -4.172005109094e-01, 1.546092142964e-04, 9.9475e+00, 1.0935e-01, 
 2DIAGNOSTIC,    13, -4.172283748932e-01, 1.135775704576e-04, 1.0056e+01, 1.0811e-01, 
 2DIAGNOSTIC,    14, -4.173441022250e-01, 8.898726305444e-05, 1.0196e+01, 1.4059e-01, 
 2DIAGNOSTIC,    15, -4.174648452481e-01, 7.853611547318e-05, 1.0320e+01, 1.2407e-01, 
 2DIAGNOSTIC,    16, -4.174896804428e-01, 6.982313853528e-05, 1.0445e+01, 1.2437e-01, 
 2DIAGNOSTIC,    17, -4.175435989061e-01, 6.222990498414e-05, 1.0569e+01, 1.2414e-01, 
 2DIAGNOSTIC,    18, -4.175494316977e-01, 5.590545864414e-05, 1.0677e+01, 1.0781e-01, 
 2DIAGNOSTIC,    19, -4.175760579435e-01, 4.742237929973e-05, 1.0801e+01, 1.2413e-01, 
 2DIAGNOSTIC,    20, -4.176531574096e-01, 3.994936931812e-05, 1.1007e+01, 2.0647e-01, 
 2DIAGNOSTIC,    21, -4.176569911008e-01, 3.523716470000e-05, 1.1132e+01, 1.2442e-01, 
 2DIAGNOSTIC,    22, -4.176577972498e-01, 2.859647200187e-05, 1.1239e+01, 1.0761e-01, 
 2DIAGNOSTIC,    23, -4.176583535228e-01, 2.081926272519e-05, 1.1380e+01, 1.4087e-01, 
 2DIAGNOSTIC,    24, -4.176527139480e-01, 1.491074235804e-05, 1.1504e+01, 1.2409e-01, 
 2DIAGNOSTIC,    25, -4.176534307085e-01, 1.147828508592e-05, 1.1612e+01, 1.0759e-01, 
 2DIAGNOSTIC,    26, -4.176476282992e-01, 7.810644007671e-06, 1.1720e+01, 1.0784e-01, 
 2DIAGNOSTIC,    27, -4.176483663089e-01, 5.211079800310e-06, 1.1844e+01, 1.2405e-01, 
 2DIAGNOSTIC,    28, -4.176489530088e-01, 2.577269328931e-06, 1.1951e+01, 1.0769e-01, 
DIAGNOSTIC,Iteration,metricValue,convergenceValue,ITERATION_TIME_INDEX,SINCE_LAST
 2DIAGNOSTIC,     1, -3.627124890530e-01, 1.797693134862e+308, 1.6493e+01, 4.5412e+00, 
 2DIAGNOSTIC,     2, -3.627473298773e-01, 1.797693134862e+308, 1.7138e+01, 6.4507e-01, 
 2DIAGNOSTIC,     3, -3.627704089030e-01, 1.797693134862e+308, 1.7783e+01, 6.4552e-01, 
 2DIAGNOSTIC,     4, -3.628411427308e-01, 1.797693134862e+308, 1.8427e+01, 6.4411e-01, 
 2DIAGNOSTIC,     5, -3.629719334532e-01, 1.797693134862e+308, 1.9464e+01, 1.0370e+00, 
 2DIAGNOSTIC,     6, -3.629904657683e-01, 1.797693134862e+308, 2.0108e+01, 6.4329e-01, 
 2DIAGNOSTIC,     7, -3.630569677224e-01, 1.797693134862e+308, 2.0946e+01, 8.3887e-01, 
 2DIAGNOSTIC,     8, -3.630907919946e-01, 1.797693134862e+308, 2.1982e+01, 1.0360e+00, 
 2DIAGNOSTIC,     9, -3.630911955227e-01, 1.797693134862e+308, 2.2723e+01, 7.4008e-01, 
 2DIAGNOSTIC,    10, -3.630896039239e-01, 8.198174212873e-05, 2.3957e+01, 1.2346e+00, 
 2DIAGNOSTIC,    11, -3.630897106515e-01, 6.434657921156e-05, 2.4701e+01, 7.4439e-01, 
 2DIAGNOSTIC,    12, -3.630891425264e-01, 4.644263847534e-05, 2.5343e+01, 6.4180e-01, 
 2DIAGNOSTIC,    13, -3.630879645563e-01, 2.860036238690e-05, 2.6084e+01, 7.4027e-01, 
 2DIAGNOSTIC,    14, -3.630881007001e-01, 1.475381923736e-05, 2.6725e+01, 6.4155e-01, 
 2DIAGNOSTIC,    15, -3.630876372874e-01, 8.460249208891e-06, 2.7467e+01, 7.4172e-01, 
 2DIAGNOSTIC,    16, -3.630871453443e-01, 3.182148480427e-06, 2.8207e+01, 7.3998e-01, 
 2DIAGNOSTIC,    17, -3.630880743548e-01, 1.476344618466e-06, 2.8947e+01, 7.3972e-01, 
 2DIAGNOSTIC,    18, -3.630876097489e-01, 1.445602387962e-06, 2.9587e+01, 6.4060e-01, 
 2DIAGNOSTIC,    19, -3.630872871755e-01, 1.453664301571e-06, 3.0327e+01, 7.3971e-01, 
 2DIAGNOSTIC,    20, -3.630870154735e-01, 1.408459964616e-06, 3.1068e+01, 7.4094e-01, 
 2DIAGNOSTIC,    21, -3.630874254664e-01, 1.404080626634e-06, 3.1709e+01, 6.4103e-01, 
 2DIAGNOSTIC,    22, -3.630866907708e-01, 1.363940858048e-06, 3.2350e+01, 6.4163e-01, 
 2DIAGNOSTIC,    23, -3.630877582958e-01, 1.331550447771e-06, 3.3090e+01, 7.3909e-01, 
 2DIAGNOSTIC,    24, -3.630880187368e-01, 1.319581833359e-06, 3.3927e+01, 8.3730e-01, 
 2DIAGNOSTIC,    25, -3.630878487686e-01, 1.289788407237e-06, 3.4569e+01, 6.4216e-01, 
 2DIAGNOSTIC,    26, -3.630873323799e-01, 1.229851520207e-06, 3.5308e+01, 7.3864e-01, 
 2DIAGNOSTIC,    27, -3.630880157266e-01, 1.221356554872e-06, 3.6047e+01, 7.3968e-01, 
 2DIAGNOSTIC,    28, -3.630875344600e-01, 1.182066863781e-06, 3.6787e+01, 7.3998e-01, 
 2DIAGNOSTIC,    29, -3.630864399348e-01, 1.103082119758e-06, 3.7625e+01, 8.3795e-01, 
DIAGNOSTIC,Iteration,metricValue,convergenceValue,ITERATION_TIME_INDEX,SINCE_LAST
 2DIAGNOSTIC,     1, -3.335807600829e-01, 1.797693134862e+308, 4.2431e+01, 4.8056e+00, 
  Elapsed time (stage 0): 4.3129e+01


Stage 1
  iterations = 1000x500x250x0
  convergence threshold = 1.0000e-06
  convergence window size = 10
  number of levels = 4
  using the Mattes MI metric (number of bins = 32, weight = 1.0000e+00, use gradient filter = 0)
  preprocessing:  winsorizing the image intensities
  Shrink factors (level 1 out of 4): [8, 8, 8]
  Shrink factors (level 2 out of 4): [4, 4, 4]
  Shrink factors (level 3 out of 4): [2, 2, 2]
  Shrink factors (level 4 out of 4): [1, 1, 1]
  smoothing sigmas per level: [3, 2, 1, 0]
  regular sampling (percentage = 2.5000e-01)

*** Running AffineTransform registration ***

DIAGNOSTIC,Iteration,metricValue,convergenceValue,ITERATION_TIME_INDEX,SINCE_LAST
 2DIAGNOSTIC,     1, -5.016491339548e-01, 1.797693134862e+308, 3.7458e+00, 3.7458e+00, 
 2DIAGNOSTIC,     2, -5.035119116430e-01, 1.797693134862e+308, 3.7547e+00, 8.9200e-03, 
 2DIAGNOSTIC,     3, -5.074918084291e-01, 1.797693134862e+308, 3.7636e+00, 8.8820e-03, 
 2DIAGNOSTIC,     4, -5.136383103145e-01, 1.797693134862e+308, 3.7728e+00, 9.1910e-03, 
 2DIAGNOSTIC,     5, -5.336619151449e-01, 1.797693134862e+308, 3.7820e+00, 9.1949e-03, 
 2DIAGNOSTIC,     6, -5.570212686296e-01, 1.797693134862e+308, 3.7927e+00, 1.0688e-02, 
 2DIAGNOSTIC,     7, -7.106643767696e-01, 1.797693134862e+308, 3.8033e+00, 1.0635e-02, 
 2DIAGNOSTIC,     8, -7.813526180971e-01, 1.797693134862e+308, 3.8168e+00, 1.3425e-02, 
 2DIAGNOSTIC,     9, -8.064399706389e-01, 1.797693134862e+308, 3.8299e+00, 1.3175e-02, 
 2DIAGNOSTIC,    10, -8.484113110308e-01, 4.081717428297e-02, 3.8408e+00, 1.0826e-02, 
 2DIAGNOSTIC,    11, -8.532120102583e-01, 3.970223508495e-02, 3.8553e+00, 1.4524e-02, 
 2DIAGNOSTIC,    12, -8.542243240587e-01, 3.538950036472e-02, 3.8649e+00, 9.5730e-03, 
 2DIAGNOSTIC,    13, -8.601111691126e-01, 2.906098372451e-02, 3.8744e+00, 9.5739e-03, 
 2DIAGNOSTIC,    14, -8.631891873715e-01, 2.156715994126e-02, 3.8840e+00, 9.5980e-03, 
 2DIAGNOSTIC,    15, -8.646783730372e-01, 1.397976113965e-02, 3.8948e+00, 1.0752e-02, 
 2DIAGNOSTIC,    16, -8.668804011230e-01, 6.829827255040e-03, 3.9082e+00, 1.3377e-02, 
 2DIAGNOSTIC,    17, -8.673789616315e-01, 3.605861661885e-03, 3.9178e+00, 9.6140e-03, 
 2DIAGNOSTIC,    18, -8.688122880308e-01, 2.030236829290e-03, 3.9273e+00, 9.5241e-03, 
 2DIAGNOSTIC,    19, -8.693512563238e-01, 9.582096741124e-04, 3.9368e+00, 9.5241e-03, 
 2DIAGNOSTIC,    20, -8.699997400660e-01, 7.348270363948e-04, 3.9508e+00, 1.3941e-02, 
 2DIAGNOSTIC,    21, -8.702300004266e-01, 5.600596488749e-04, 3.9613e+00, 1.0527e-02, 
 2DIAGNOSTIC,    22, -8.702644969397e-01, 3.676499359980e-04, 3.9707e+00, 9.3999e-03, 
 2DIAGNOSTIC,    23, -8.703118370311e-01, 2.558354329738e-04, 3.9801e+00, 9.4211e-03, 
 2DIAGNOSTIC,    24, -8.703823004884e-01, 1.792505455833e-04, 3.9895e+00, 9.3939e-03, 
 2DIAGNOSTIC,    25, -8.704823941243e-01, 1.157340280286e-04, 3.9990e+00, 9.4609e-03, 
 2DIAGNOSTIC,    26, -8.706504312172e-01, 8.054569209019e-05, 4.0095e+00, 1.0503e-02, 
 2DIAGNOSTIC,    27, -8.706558502971e-01, 4.729499830811e-05, 4.0201e+00, 1.0636e-02, 
 2DIAGNOSTIC,    28, -8.710840078211e-01, 3.654881957089e-05, 4.0318e+00, 1.1746e-02, 
 2DIAGNOSTIC,    29, -8.711703921096e-01, 3.079336274872e-05, 4.0445e+00, 1.2691e-02, 
 2DIAGNOSTIC,    30, -8.711981750898e-01, 3.075494302170e-05, 4.0539e+00, 9.3770e-03, 
 2DIAGNOSTIC,    31, -8.712674231122e-01, 3.146083299882e-05, 4.0633e+00, 9.3451e-03, 
 2DIAGNOSTIC,    32, -8.713014999029e-01, 3.000602113818e-05, 4.0726e+00, 9.3191e-03, 
 2DIAGNOSTIC,    33, -8.713480342956e-01, 2.687341654027e-05, 4.0852e+00, 1.2602e-02, 
 2DIAGNOSTIC,    34, -8.713850317054e-01, 2.258648348553e-05, 4.0956e+00, 1.0372e-02, 
 2DIAGNOSTIC,    35, -8.713946679779e-01, 1.765092591461e-05, 4.1060e+00, 1.0449e-02, 
 2DIAGNOSTIC,    36, -8.714117598001e-01, 1.331653613792e-05, 4.1175e+00, 1.1497e-02, 
 2DIAGNOSTIC,    37, -8.715543621548e-01, 9.368704653047e-06, 4.1289e+00, 1.1447e-02, 
 2DIAGNOSTIC,    38, -8.715625010547e-01, 8.845599186923e-06, 4.1382e+00, 9.2659e-03, 
 2DIAGNOSTIC,    39, -8.715792345952e-01, 8.542031044546e-06, 4.1486e+00, 1.0369e-02, 
 2DIAGNOSTIC,    40, -8.715852984504e-01, 7.830029118649e-06, 4.1579e+00, 9.2812e-03, 
 2DIAGNOSTIC,    41, -8.714561811878e-01, 5.974395780071e-06, 4.1672e+00, 9.3551e-03, 
 2DIAGNOSTIC,    42, -8.714649432125e-01, 4.088006650336e-06, 4.1765e+00, 9.2759e-03, 
 2DIAGNOSTIC,    43, -8.714722886803e-01, 2.396459250192e-06, 4.1902e+00, 1.3732e-02, 
DIAGNOSTIC,Iteration,metricValue,convergenceValue,ITERATION_TIME_INDEX,SINCE_LAST
 2DIAGNOSTIC,     1, -7.076637260582e-01, 1.797693134862e+308, 8.0623e+00, 3.8721e+00, 
 2DIAGNOSTIC,     2, -7.090585589404e-01, 1.797693134862e+308, 8.1766e+00, 1.1429e-01, 
 2DIAGNOSTIC,     3, -7.106537927801e-01, 1.797693134862e+308, 8.2907e+00, 1.1415e-01, 
 2DIAGNOSTIC,     4, -7.124232046507e-01, 1.797693134862e+308, 8.4048e+00, 1.1406e-01, 
 2DIAGNOSTIC,     5, -7.141812041713e-01, 1.797693134862e+308, 8.5186e+00, 1.1385e-01, 
 2DIAGNOSTIC,     6, -7.158592634830e-01, 1.797693134862e+308, 8.6669e+00, 1.4831e-01, 
 2DIAGNOSTIC,     7, -7.171278801141e-01, 1.797693134862e+308, 8.9015e+00, 2.3461e-01, 
 2DIAGNOSTIC,     8, -7.171461525186e-01, 1.797693134862e+308, 9.0330e+00, 1.3142e-01, 
 2DIAGNOSTIC,     9, -7.171434091323e-01, 1.797693134862e+308, 9.1642e+00, 1.3122e-01, 
 2DIAGNOSTIC,    10, -7.171462776461e-01, 9.419040278264e-04, 9.2787e+00, 1.1446e-01, 
 2DIAGNOSTIC,    11, -7.171587593016e-01, 6.787292964091e-04, 9.3930e+00, 1.1432e-01, 
 2DIAGNOSTIC,    12, -7.171982227304e-01, 4.457681720213e-04, 9.5072e+00, 1.1426e-01, 
 2DIAGNOSTIC,    13, -7.172556591347e-01, 2.590891604145e-04, 9.6388e+00, 1.3160e-01, 
 2DIAGNOSTIC,    14, -7.173110614752e-01, 1.273932896998e-04, 9.7533e+00, 1.1445e-01, 
 2DIAGNOSTIC,    15, -7.173804062085e-01, 4.944928372501e-05, 9.8674e+00, 1.1411e-01, 
 2DIAGNOSTIC,    16, -7.175060585405e-01, 2.082444859788e-05, 9.9816e+00, 1.1425e-01, 
 2DIAGNOSTIC,    17, -7.176595483248e-01, 2.700611444117e-05, 1.0096e+01, 1.1434e-01, 
 2DIAGNOSTIC,    18, -7.179775643992e-01, 3.753770083216e-05, 1.0210e+01, 1.1443e-01, 
 2DIAGNOSTIC,    19, -7.181285800530e-01, 4.661895442429e-05, 1.0360e+01, 1.4919e-01, 
 2DIAGNOSTIC,    20, -7.181660574350e-01, 5.143886189236e-05, 1.0491e+01, 1.3138e-01, 
 2DIAGNOSTIC,    21, -7.182105548792e-01, 5.229779594178e-05, 1.0622e+01, 1.3144e-01, 
 2DIAGNOSTIC,    22, -7.183850129338e-01, 5.215287003581e-05, 1.0771e+01, 1.4861e-01, 
 2DIAGNOSTIC,    23, -7.184311931494e-01, 4.890916381747e-05, 1.0885e+01, 1.1399e-01, 
 2DIAGNOSTIC,    24, -7.184489217448e-01, 4.268604085357e-05, 1.1068e+01, 1.8326e-01, 
 2DIAGNOSTIC,    25, -7.184537278600e-01, 3.433496456502e-05, 1.1200e+01, 1.3125e-01, 
 2DIAGNOSTIC,    26, -7.184604665436e-01, 2.555749949231e-05, 1.1331e+01, 1.3149e-01, 
 2DIAGNOSTIC,    27, -7.184667819540e-01, 1.734437630002e-05, 1.1445e+01, 1.1429e-01, 
 2DIAGNOSTIC,    28, -7.184730875519e-01, 1.272358051661e-05, 1.1577e+01, 1.3157e-01, 
 2DIAGNOSTIC,    29, -7.184766274735e-01, 9.467164022746e-06, 1.1691e+01, 1.1406e-01, 
 2DIAGNOSTIC,    30, -7.184781660824e-01, 6.172733750094e-06, 1.1840e+01, 1.4856e-01, 
 2DIAGNOSTIC,    31, -7.184789115644e-01, 3.132637481217e-06, 1.1971e+01, 1.3149e-01, 
 2DIAGNOSTIC,    32, -7.184668084551e-01, 2.081497256598e-06, 1.2085e+01, 1.1405e-01, 
 2DIAGNOSTIC,    33, -7.184686661283e-01, 1.567250012831e-06, 1.2199e+01, 1.1396e-01, 
 2DIAGNOSTIC,    34, -7.184689826871e-01, 1.234015203268e-06, 1.2313e+01, 1.1415e-01, 
DIAGNOSTIC,Iteration,metricValue,convergenceValue,ITERATION_TIME_INDEX,SINCE_LAST
 2DIAGNOSTIC,     1, -6.162135670903e-01, 1.797693134862e+308, 1.6878e+01, 4.5651e+00, 
 2DIAGNOSTIC,     2, -6.165845188523e-01, 1.797693134862e+308, 1.7546e+01, 6.6802e-01, 
 2DIAGNOSTIC,     3, -6.168040208281e-01, 1.797693134862e+308, 1.8215e+01, 6.6892e-01, 
 2DIAGNOSTIC,     4, -6.170581149171e-01, 1.797693134862e+308, 1.8884e+01, 6.6902e-01, 
 2DIAGNOSTIC,     5, -6.173234148030e-01, 1.797693134862e+308, 2.0049e+01, 1.1645e+00, 
 2DIAGNOSTIC,     6, -6.173589080990e-01, 1.797693134862e+308, 2.0719e+01, 6.7006e-01, 
 2DIAGNOSTIC,     7, -6.173693061979e-01, 1.797693134862e+308, 2.1388e+01, 6.6956e-01, 
 2DIAGNOSTIC,     8, -6.173886233993e-01, 1.797693134862e+308, 2.2060e+01, 6.7125e-01, 
 2DIAGNOSTIC,     9, -6.174089532221e-01, 1.797693134862e+308, 2.2729e+01, 6.6941e-01, 
 2DIAGNOSTIC,    10, -6.174240662775e-01, 1.179687877048e-04, 2.3400e+01, 6.7061e-01, 
 2DIAGNOSTIC,    11, -6.174369811215e-01, 7.292105243697e-05, 2.4859e+01, 1.4597e+00, 
 2DIAGNOSTIC,    12, -6.174371573185e-01, 4.338165092484e-05, 2.5530e+01, 6.7043e-01, 
 2DIAGNOSTIC,    13, -6.174377463656e-01, 2.238179853645e-05, 2.6198e+01, 6.6850e-01, 
 2DIAGNOSTIC,    14, -6.174387204673e-01, 1.072263370197e-05, 2.6873e+01, 6.7505e-01, 
 2DIAGNOSTIC,    15, -6.174402698023e-01, 8.009152682800e-06, 2.7544e+01, 6.7040e-01, 
 2DIAGNOSTIC,    16, -6.174426142972e-01, 6.183092556927e-06, 2.8314e+01, 7.7056e-01, 
 2DIAGNOSTIC,    17, -6.174460695069e-01, 4.557007458564e-06, 2.8984e+01, 6.6999e-01, 
 2DIAGNOSTIC,    18, -6.174478367852e-01, 3.396557725341e-06, 2.9753e+01, 7.6892e-01, 
 2DIAGNOSTIC,    19, -6.174501270392e-01, 2.748987912880e-06, 3.0521e+01, 7.6792e-01, 
 2DIAGNOSTIC,    20, -6.174491867121e-01, 2.383782814828e-06, 3.1189e+01, 6.6807e-01, 
 2DIAGNOSTIC,    21, -6.174502590868e-01, 2.287121414909e-06, 3.1959e+01, 7.6941e-01, 
 2DIAGNOSTIC,    22, -6.174514476727e-01, 2.154516872105e-06, 3.2629e+01, 6.7054e-01, 
 2DIAGNOSTIC,    23, -6.174533402534e-01, 2.015681423904e-06, 3.3308e+01, 6.7896e-01, 
 2DIAGNOSTIC,    24, -6.174561132407e-01, 1.900572000550e-06, 3.3978e+01, 6.7002e-01, 
 2DIAGNOSTIC,    25, -6.174580326110e-01, 1.804010112842e-06, 3.4845e+01, 8.6650e-01, 
 2DIAGNOSTIC,    26, -6.174578505092e-01, 1.702311651482e-06, 3.5515e+01, 6.7016e-01, 
 2DIAGNOSTIC,    27, -6.174569955655e-01, 1.607477718046e-06, 3.6578e+01, 1.0629e+00, 
 2DIAGNOSTIC,    28, -6.174570682898e-01, 1.508335084582e-06, 3.7248e+01, 6.7010e-01, 
 2DIAGNOSTIC,    29, -6.174573860470e-01, 1.422028155437e-06, 3.7917e+01, 6.6962e-01, 
 2DIAGNOSTIC,    30, -6.174564839285e-01, 1.281717186608e-06, 3.8686e+01, 7.6874e-01, 
 2DIAGNOSTIC,    31, -6.174522500660e-01, 1.083524244279e-06, 3.9453e+01, 7.6708e-01, 
DIAGNOSTIC,Iteration,metricValue,convergenceValue,ITERATION_TIME_INDEX,SINCE_LAST
 2DIAGNOSTIC,     1, -5.489878463927e-01, 1.797693134862e+308, 4.4729e+01, 5.2759e+00, 
  Elapsed time (stage 1): 4.5422e+01


Total elapsed time: 8.8554e+01
 Registration finished. The antsRegistration call was:
--------------------------------------------------------------------------------------
/opt/ants/bin//antsRegistration --verbose 1 --dimensionality 3 --float 0 --collapse-output-transforms 1 --output [ /output/sub-003S6067_ses-01_ses-02/warped_source_,/output/sub-003S6067_ses-01_ses-02/warped_source_Warped.nii.gz,/output/sub-003S6067_ses-01_ses-02/warped_source_InverseWarped.nii.gz ] --interpolation Linear --use-histogram-matching 0 --winsorize-image-intensities [ 0.005,0.995 ] --initial-moving-transform [ /template/brain_mni.nii.gz,/input/sub-003S6067_ses-01_ses-02/source.nii.gz,1 ] --transform Rigid[ 0.1 ] --metric MI[ /template/brain_mni.nii.gz,/input/sub-003S6067_ses-01_ses-02/source.nii.gz,1,32,Regular,0.25 ] --convergence [ 1000x500x250x0,1e-6,10 ] --shrink-factors 8x4x2x1 --smoothing-sigmas 3x2x1x0vox --transform Affine[ 0.1 ] --metric MI[ /template/brain_mni.nii.gz,/input/sub-003S6067_ses-01_ses-02/source.nii.gz,1,32,Regular,0.25 ] --convergence [ 1000x500x250x0,1e-6,10 ] --shrink-factors 8x4x2x1 --smoothing-sigmas 3x2x1x0vox
--------------------------------------------------------------------------------------
Moving image resampled into fixed space: /output/sub-003S6067_ses-01_ses-02/warped_source_Warped.nii.gz
Fixed image resampled into moving space: /output/sub-003S6067_ses-01_ses-02/warped_source_InverseWarped.nii.gz
--------------------------------------------------------------------------------------

--------------------------------------------------------------------------------------
 Mapping parameters
--------------------------------------------------------------------------------------
 ANTSPATH is /opt/ants/bin/

 Dimensionality:           3
 Output name prefix:       /output/sub-003S6067_ses-01_ses-02/warped_target_
 Fixed images:             /template/brain_mni.nii.gz
 Moving images:            /input/sub-003S6067_ses-01_ses-02/target.nii.gz
 Mask images:              
 Initial transforms:       
 Number of threads:        1
 Spline distance:          26
 SyN gradient step:        0.1
 Transform type:           a
 MI histogram bins:        32
 Precision:                d
 Use histogram matching:   0
 Repro                     0
======================================================================================
 antsRegistration call:
--------------------------------------------------------------------------------------
/opt/ants/bin//antsRegistration --verbose 1 --dimensionality 3 --float 0 --collapse-output-transforms 1 --output [ /output/sub-003S6067_ses-01_ses-02/warped_target_,/output/sub-003S6067_ses-01_ses-02/warped_target_Warped.nii.gz,/output/sub-003S6067_ses-01_ses-02/warped_target_InverseWarped.nii.gz ] --interpolation Linear --use-histogram-matching 0 --winsorize-image-intensities [ 0.005,0.995 ] --initial-moving-transform [ /template/brain_mni.nii.gz,/input/sub-003S6067_ses-01_ses-02/target.nii.gz,1 ] --transform Rigid[ 0.1 ] --metric MI[ /template/brain_mni.nii.gz,/input/sub-003S6067_ses-01_ses-02/target.nii.gz,1,32,Regular,0.25 ] --convergence [ 1000x500x250x0,1e-6,10 ] --shrink-factors 8x4x2x1 --smoothing-sigmas 3x2x1x0vox --transform Affine[ 0.1 ] --metric MI[ /template/brain_mni.nii.gz,/input/sub-003S6067_ses-01_ses-02/target.nii.gz,1,32,Regular,0.25 ] --convergence [ 1000x500x250x0,1e-6,10 ] --shrink-factors 8x4x2x1 --smoothing-sigmas 3x2x1x0vox
--------------------------------------------------------------------------------------
All_Command_lines_OK
Using double precision for computations.
=============================================================================
The composite transform comprises the following transforms (in order): 
  1. Center of mass alignment using fixed image: /template/brain_mni.nii.gz and moving image: /input/sub-003S6067_ses-01_ses-02/target.nii.gz (type = Euler3DTransform)
=============================================================================
  number of levels = 4
  number of levels = 4
  fixed image: /template/brain_mni.nii.gz
  moving image: /input/sub-003S6067_ses-01_ses-02/target.nii.gz
  fixed image: /template/brain_mni.nii.gz
  moving image: /input/sub-003S6067_ses-01_ses-02/target.nii.gz
Dimension = 3
Number of stages = 2
Use histogram matching = false
Winsorize image intensities = true
  Lower quantile = 0.005
  Upper quantile = 0.995


Stage 1 State
   Image metric = Mattes
     Fixed image = Image (0x55e48cc2ea00)
  RTTI typeinfo:   itk::Image<double, 3u>
  Reference Count: 2
  Modified Time: 1690
  Debug: Off
  Object Name: 
  Observers: 
    none
  Source: (none)
  Source output name: (none)
  Release Data: Off
  Data Released: False
  Global Release Data: Off
  PipelineMTime: 0
  UpdateMTime: 1475
  RealTimeStamp: 0 seconds 
  LargestPossibleRegion: 
    Dimension: 3
    Index: [0, 0, 0]
    Size: [197, 233, 189]
  BufferedRegion: 
    Dimension: 3
    Index: [0, 0, 0]
    Size: [197, 233, 189]
  RequestedRegion: 
    Dimension: 3
    Index: [0, 0, 0]
    Size: [197, 233, 189]
  Spacing: [1, 1, 1]
  Origin: [98, 134, -72]
  Direction: 
-1 0 0
0 -1 0
0 0 1

  IndexToPointMatrix: 
-1 0 0
0 -1 0
0 0 1

  PointToIndexMatrix: 
-1 0 0
0 -1 0
0 0 1

  Inverse Direction: 
-1 0 0
0 -1 0
0 0 1

  PixelContainer: 
    ImportImageContainer (0x55e48cc8ee30)
      RTTI typeinfo:   itk::ImportImageContainer<unsigned long, double>
      Reference Count: 1
      Modified Time: 1472
      Debug: Off
      Object Name: 
      Observers: 
        none
      Pointer: 0x7f4c7a89c010
      Container manages memory: true
      Size: 8675289
      Capacity: 8675289

     Moving image = Image (0x55e48cc31ac0)
  RTTI typeinfo:   itk::Image<double, 3u>
  Reference Count: 2
  Modified Time: 1691
  Debug: Off
  Object Name: 
  Observers: 
    none
  Source: (none)
  Source output name: (none)
  Release Data: Off
  Data Released: False
  Global Release Data: Off
  PipelineMTime: 0
  UpdateMTime: 1688
  RealTimeStamp: 0 seconds 
  LargestPossibleRegion: 
    Dimension: 3
    Index: [0, 0, 0]
    Size: [256, 256, 256]
  BufferedRegion: 
    Dimension: 3
    Index: [0, 0, 0]
    Size: [256, 256, 256]
  RequestedRegion: 
    Dimension: 3
    Index: [0, 0, 0]
    Size: [256, 256, 256]
  Spacing: [1, 1, 1]
  Origin: [-342.585, -128.5, 640.07]
  Direction: 
1 0 0
0 -0 -1
0 -1 0

  IndexToPointMatrix: 
1 0 0
0 0 -1
0 -1 0

  PointToIndexMatrix: 
1 0 0
0 0 -1
0 -1 0

  Inverse Direction: 
1 0 0
0 0 -1
0 -1 0

  PixelContainer: 
    ImportImageContainer (0x55e48cd04b30)
      RTTI typeinfo:   itk::ImportImageContainer<unsigned long, double>
      Reference Count: 1
      Modified Time: 1685
      Debug: Off
      Object Name: 
      Observers: 
        none
      Pointer: 0x7f4c7289b010
      Container manages memory: true
      Size: 16777216
      Capacity: 16777216

     Weighting = 1
     Sampling strategy = regular
     Number of bins = 32
     Radius = 4
     Sampling percentage  = 0.25
   Transform = Rigid
     Gradient step = 0.1
     Update field sigma (voxel space) = 0
     Total field sigma (voxel space) = 0
     Update field time sigma = 0
     Total field time sigma  = 0
     Number of time indices = 0
     Number of time point samples = 0
Stage 2 State
   Image metric = Mattes
     Fixed image = Image (0x55e48cc87ad0)
  RTTI typeinfo:   itk::Image<double, 3u>
  Reference Count: 2
  Modified Time: 2118
  Debug: Off
  Object Name: 
  Observers: 
    none
  Source: (none)
  Source output name: (none)
  Release Data: Off
  Data Released: False
  Global Release Data: Off
  PipelineMTime: 0
  UpdateMTime: 1903
  RealTimeStamp: 0 seconds 
  LargestPossibleRegion: 
    Dimension: 3
    Index: [0, 0, 0]
    Size: [197, 233, 189]
  BufferedRegion: 
    Dimension: 3
    Index: [0, 0, 0]
    Size: [197, 233, 189]
  RequestedRegion: 
    Dimension: 3
    Index: [0, 0, 0]
    Size: [197, 233, 189]
  Spacing: [1, 1, 1]
  Origin: [98, 134, -72]
  Direction: 
-1 0 0
0 -1 0
0 0 1

  IndexToPointMatrix: 
-1 0 0
0 -1 0
0 0 1

  PointToIndexMatrix: 
-1 0 0
0 -1 0
0 0 1

  Inverse Direction: 
-1 0 0
0 -1 0
0 0 1

  PixelContainer: 
    ImportImageContainer (0x55e48ccdc990)
      RTTI typeinfo:   itk::ImportImageContainer<unsigned long, double>
      Reference Count: 1
      Modified Time: 1900
      Debug: Off
      Object Name: 
      Observers: 
        none
      Pointer: 0x7f4c6e66b010
      Container manages memory: true
      Size: 8675289
      Capacity: 8675289

     Moving image = Image (0x55e48cc8d680)
  RTTI typeinfo:   itk::Image<double, 3u>
  Reference Count: 2
  Modified Time: 2119
  Debug: Off
  Object Name: 
  Observers: 
    none
  Source: (none)
  Source output name: (none)
  Release Data: Off
  Data Released: False
  Global Release Data: Off
  PipelineMTime: 0
  UpdateMTime: 2116
  RealTimeStamp: 0 seconds 
  LargestPossibleRegion: 
    Dimension: 3
    Index: [0, 0, 0]
    Size: [256, 256, 256]
  BufferedRegion: 
    Dimension: 3
    Index: [0, 0, 0]
    Size: [256, 256, 256]
  RequestedRegion: 
    Dimension: 3
    Index: [0, 0, 0]
    Size: [256, 256, 256]
  Spacing: [1, 1, 1]
  Origin: [-342.585, -128.5, 640.07]
  Direction: 
1 0 0
0 -0 -1
0 -1 0

  IndexToPointMatrix: 
1 0 0
0 0 -1
0 -1 0

  PointToIndexMatrix: 
1 0 0
0 0 -1
0 -1 0

  Inverse Direction: 
1 0 0
0 0 -1
0 -1 0

  PixelContainer: 
    ImportImageContainer (0x55e48cc5a490)
      RTTI typeinfo:   itk::ImportImageContainer<unsigned long, double>
      Reference Count: 1
      Modified Time: 2113
      Debug: Off
      Object Name: 
      Observers: 
        none
      Pointer: 0x7f4c6666a010
      Container manages memory: true
      Size: 16777216
      Capacity: 16777216

     Weighting = 1
     Sampling strategy = regular
     Number of bins = 32
     Radius = 4
     Sampling percentage  = 0.25
   Transform = Affine
     Gradient step = 0.1
     Update field sigma (voxel space) = 0
     Total field sigma (voxel space) = 0
     Update field time sigma = 0
     Total field time sigma  = 0
     Number of time indices = 0
     Number of time point samples = 0
Registration using 2 total stages.

Stage 0
  iterations = 1000x500x250x0
  convergence threshold = 1e-06
  convergence window size = 10
  number of levels = 4
  using the Mattes MI metric (number of bins = 32, weight = 1, use gradient filter = 0)
  preprocessing:  winsorizing the image intensities
  Shrink factors (level 1 out of 4): [8, 8, 8]
  Shrink factors (level 2 out of 4): [4, 4, 4]
  Shrink factors (level 3 out of 4): [2, 2, 2]
  Shrink factors (level 4 out of 4): [1, 1, 1]
  smoothing sigmas per level: [3, 2, 1, 0]
  regular sampling (percentage = 0.25)

*** Running Euler3DTransform registration ***

DIAGNOSTIC,Iteration,metricValue,convergenceValue,ITERATION_TIME_INDEX,SINCE_LAST
 2DIAGNOSTIC,     1, -4.067896185703e-01, 1.797693134862e+308, 3.7378e+00, 3.7378e+00, 
 2DIAGNOSTIC,     2, -4.081197500747e-01, 1.797693134862e+308, 3.7464e+00, 8.6620e-03, 
 2DIAGNOSTIC,     3, -4.106216803502e-01, 1.797693134862e+308, 3.7551e+00, 8.6620e-03, 
 2DIAGNOSTIC,     4, -4.124436251152e-01, 1.797693134862e+308, 3.7640e+00, 8.8701e-03, 
 2DIAGNOSTIC,     5, -4.137542965728e-01, 1.797693134862e+308, 3.7736e+00, 9.5949e-03, 
 2DIAGNOSTIC,     6, -4.141788147296e-01, 1.797693134862e+308, 3.7822e+00, 8.5821e-03, 
 2DIAGNOSTIC,     7, -4.156373947349e-01, 1.797693134862e+308, 3.7913e+00, 9.0981e-03, 
 2DIAGNOSTIC,     8, -4.184182319016e-01, 1.797693134862e+308, 3.8027e+00, 1.1487e-02, 
 2DIAGNOSTIC,     9, -4.333851789655e-01, 1.797693134862e+308, 3.8125e+00, 9.7251e-03, 
 2DIAGNOSTIC,    10, -4.390926340710e-01, 4.186082311792e-03, 3.8258e+00, 1.3352e-02, 
 2DIAGNOSTIC,    11, -4.455956762051e-01, 4.893798557857e-03, 3.8420e+00, 1.6200e-02, 
 2DIAGNOSTIC,    12, -4.470942932278e-01, 5.201350812938e-03, 3.8509e+00, 8.8670e-03, 
 2DIAGNOSTIC,    13, -4.502050204205e-01, 5.277654297299e-03, 3.8598e+00, 8.9550e-03, 
 2DIAGNOSTIC,    14, -4.533212120920e-01, 5.085708070094e-03, 3.8688e+00, 8.9569e-03, 
 2DIAGNOSTIC,    15, -4.548867719190e-01, 4.578112167130e-03, 3.8778e+00, 8.9772e-03, 
 2DIAGNOSTIC,    16, -4.555750215361e-01, 3.771151834752e-03, 3.8871e+00, 9.3160e-03, 
 2DIAGNOSTIC,    17, -4.579581446650e-01, 2.873652781809e-03, 3.8999e+00, 1.2779e-02, 
 2DIAGNOSTIC,    18, -4.617181098217e-01, 2.041635765751e-03, 3.9121e+00, 1.2236e-02, 
 2DIAGNOSTIC,    19, -4.626479949207e-01, 1.654186220500e-03, 3.9220e+00, 9.9180e-03, 
 2DIAGNOSTIC,    20, -4.631748819254e-01, 1.354501999519e-03, 3.9309e+00, 8.8570e-03, 
 2DIAGNOSTIC,    21, -4.638313938510e-01, 1.183122496965e-03, 3.9418e+00, 1.0884e-02, 
 2DIAGNOSTIC,    22, -4.641113770943e-01, 9.681741423782e-04, 3.9506e+00, 8.7900e-03, 
 2DIAGNOSTIC,    23, -4.643880086187e-01, 7.743149802069e-04, 3.9604e+00, 9.8848e-03, 
 2DIAGNOSTIC,    24, -4.647652855608e-01, 6.183752799983e-04, 3.9693e+00, 8.8820e-03, 
 2DIAGNOSTIC,    25, -4.651393002290e-01, 4.689855914245e-04, 3.9793e+00, 9.9969e-03, 
 2DIAGNOSTIC,    26, -4.654748360930e-01, 3.124566876370e-04, 3.9893e+00, 9.9990e-03, 
 2DIAGNOSTIC,    27, -4.655692043046e-01, 1.953646630112e-04, 3.9991e+00, 9.8350e-03, 
 2DIAGNOSTIC,    28, -4.656598798871e-01, 1.564915969156e-04, 4.0079e+00, 8.7440e-03, 
 2DIAGNOSTIC,    29, -4.657093472495e-01, 1.271775293275e-04, 4.0177e+00, 9.7780e-03, 
 2DIAGNOSTIC,    30, -4.657355607021e-01, 9.936157787473e-05, 4.0275e+00, 9.8028e-03, 
 2DIAGNOSTIC,    31, -4.657512461005e-01, 7.783808650139e-05, 4.0363e+00, 8.8632e-03, 
 2DIAGNOSTIC,    32, -4.661402361601e-01, 6.374290522218e-05, 4.0463e+00, 9.9628e-03, 
 2DIAGNOSTIC,    33, -4.665616674138e-01, 5.776662900281e-05, 4.0569e+00, 1.0584e-02, 
 2DIAGNOSTIC,    34, -4.683547610116e-01, 8.698520417511e-05, 4.0667e+00, 9.8341e-03, 
 2DIAGNOSTIC,    35, -4.687231834306e-01, 1.188672956768e-04, 4.0787e+00, 1.1961e-02, 
 2DIAGNOSTIC,    36, -4.691711370803e-01, 1.517290412341e-04, 4.0873e+00, 8.6460e-03, 
 2DIAGNOSTIC,    37, -4.694524421330e-01, 1.750019176655e-04, 4.0971e+00, 9.7740e-03, 
 2DIAGNOSTIC,    38, -4.700816294951e-01, 1.921663222533e-04, 4.1068e+00, 9.6600e-03, 
 2DIAGNOSTIC,    39, -4.720615242600e-01, 2.224049605560e-04, 4.1183e+00, 1.1506e-02, 
 2DIAGNOSTIC,    40, -4.795135443623e-01, 3.467181990840e-04, 4.1294e+00, 1.1152e-02, 
 2DIAGNOSTIC,    41, -4.844869318891e-01, 5.054049223235e-04, 4.1404e+00, 1.0981e-02, 
 2DIAGNOSTIC,    42, -4.846098063719e-01, 6.153514263499e-04, 4.1533e+00, 1.2871e-02, 
 2DIAGNOSTIC,    43, -4.858443916259e-01, 6.870145479738e-04, 4.1614e+00, 8.1730e-03, 
 2DIAGNOSTIC,    44, -4.864885506019e-01, 7.240511582384e-04, 4.1706e+00, 9.1670e-03, 
 2DIAGNOSTIC,    45, -4.870165802474e-01, 7.005561152932e-04, 4.1797e+00, 9.1190e-03, 
 2DIAGNOSTIC,    46, -4.872797181880e-01, 6.199932552569e-04, 4.1879e+00, 8.1670e-03, 
 2DIAGNOSTIC,    47, -4.877794317912e-01, 4.956865074126e-04, 4.1965e+00, 8.5659e-03, 
 2DIAGNOSTIC,    48, -4.915023123031e-01, 3.869523635676e-04, 4.2076e+00, 1.1135e-02, 
 2DIAGNOSTIC,    49, -4.935859731331e-01, 2.940634728563e-04, 4.2158e+00, 8.2359e-03, 
 2DIAGNOSTIC,    50, -4.942040430454e-01, 2.752764175359e-04, 4.2253e+00, 9.4261e-03, 
 2DIAGNOSTIC,    51, -4.967206177661e-01, 3.227275199270e-04, 4.2405e+00, 1.5273e-02, 
 2DIAGNOSTIC,    52, -4.967668054923e-01, 3.385005173483e-04, 4.2487e+00, 8.1508e-03, 
 2DIAGNOSTIC,    53, -4.971852791216e-01, 3.399922929683e-04, 4.2566e+00, 7.9482e-03, 
 2DIAGNOSTIC,    54, -4.976412170165e-01, 3.211300179574e-04, 4.2647e+00, 8.0531e-03, 
 2DIAGNOSTIC,    55, -4.980991801714e-01, 2.835502552911e-04, 4.2727e+00, 8.0180e-03, 
 2DIAGNOSTIC,    56, -4.983510799061e-01, 2.261179282614e-04, 4.2807e+00, 8.0268e-03, 
 2DIAGNOSTIC,    57, -4.986478688741e-01, 1.569349005361e-04, 4.2918e+00, 1.1080e-02, 
 2DIAGNOSTIC,    58, -4.987376722571e-01, 1.153414215414e-04, 4.2998e+00, 7.9889e-03, 
 2DIAGNOSTIC,    59, -4.987739511612e-01, 8.627897005862e-05, 4.3088e+00, 8.9829e-03, 
 2DIAGNOSTIC,    60, -4.988327802272e-01, 5.619299993567e-05, 4.3187e+00, 9.9230e-03, 
 2DIAGNOSTIC,    61, -4.988595566992e-01, 4.728355576898e-05, 4.3286e+00, 9.9168e-03, 
 2DIAGNOSTIC,    62, -4.990544091161e-01, 3.651022155523e-05, 4.3366e+00, 7.9670e-03, 
 2DIAGNOSTIC,    63, -4.992805940593e-01, 2.876806496807e-05, 4.3456e+00, 8.9970e-03, 
 2DIAGNOSTIC,    64, -4.994090914864e-01, 2.402263566522e-05, 4.3535e+00, 7.9381e-03, 
 2DIAGNOSTIC,    65, -4.994182475485e-01, 2.152461974671e-05, 4.3615e+00, 7.9432e-03, 
 2DIAGNOSTIC,    66, -4.994324744816e-01, 1.950147468180e-05, 4.3694e+00, 7.9820e-03, 
 2DIAGNOSTIC,    67, -4.994706577979e-01, 1.871127719973e-05, 4.3775e+00, 8.0569e-03, 
 2DIAGNOSTIC,    68, -4.994844101512e-01, 1.706395298118e-05, 4.3865e+00, 9.0001e-03, 
 2DIAGNOSTIC,    69, -4.994890365970e-01, 1.422217403307e-05, 4.3985e+00, 1.1993e-02, 
 2DIAGNOSTIC,    70, -4.994934353315e-01, 1.073471315778e-05, 4.4065e+00, 8.0299e-03, 
 2DIAGNOSTIC,    71, -4.994954852277e-01, 6.599992837402e-06, 4.4145e+00, 7.9460e-03, 
 2DIAGNOSTIC,    72, -4.995026786092e-01, 3.643575767912e-06, 4.4226e+00, 8.1191e-03, 
 2DIAGNOSTIC,    73, -4.995219721740e-01, 2.461758546143e-06, 4.4316e+00, 8.9900e-03, 
 2DIAGNOSTIC,    74, -4.996422430086e-01, 3.144889545616e-06, 4.4445e+00, 1.2954e-02, 
 2DIAGNOSTIC,    75, -4.996444792361e-01, 3.617383630715e-06, 4.4524e+00, 7.9000e-03, 
 2DIAGNOSTIC,    76, -4.995734700228e-01, 3.327963958674e-06, 4.4603e+00, 7.8859e-03, 
 2DIAGNOSTIC,    77, -4.995774595499e-01, 3.124863304128e-06, 4.4681e+00, 7.8242e-03, 
 2DIAGNOSTIC,    78, -4.995820683758e-01, 2.795428025112e-06, 4.4779e+00, 9.7849e-03, 
 2DIAGNOSTIC,    79, -4.995863591784e-01, 2.288938641116e-06, 4.4877e+00, 9.8140e-03, 
 2DIAGNOSTIC,    80, -4.995166952007e-01, 1.127618855267e-06, 4.4956e+00, 7.8411e-03, 
DIAGNOSTIC,Iteration,metricValue,convergenceValue,ITERATION_TIME_INDEX,SINCE_LAST
 2DIAGNOSTIC,     1, -4.018271485520e-01, 1.797693134862e+308, 8.3537e+00, 3.8581e+00, 
 2DIAGNOSTIC,     2, -4.019896652479e-01, 1.797693134862e+308, 8.4612e+00, 1.0757e-01, 
 2DIAGNOSTIC,     3, -4.022401445346e-01, 1.797693134862e+308, 8.5688e+00, 1.0753e-01, 
 2DIAGNOSTIC,     4, -4.025945482089e-01, 1.797693134862e+308, 8.6764e+00, 1.0767e-01, 
 2DIAGNOSTIC,     5, -4.031166303010e-01, 1.797693134862e+308, 8.7839e+00, 1.0746e-01, 
 2DIAGNOSTIC,     6, -4.047854997306e-01, 1.797693134862e+308, 8.9073e+00, 1.2342e-01, 
 2DIAGNOSTIC,     7, -4.061366151983e-01, 1.797693134862e+308, 9.0473e+00, 1.3999e-01, 
 2DIAGNOSTIC,     8, -4.068951554977e-01, 1.797693134862e+308, 9.1545e+00, 1.0722e-01, 
 2DIAGNOSTIC,     9, -4.074267564784e-01, 1.797693134862e+308, 9.2616e+00, 1.0703e-01, 
 2DIAGNOSTIC,    10, -4.079745313923e-01, 1.134049066780e-03, 9.3688e+00, 1.0728e-01, 
 2DIAGNOSTIC,    11, -4.093411613741e-01, 1.134864743337e-03, 9.5415e+00, 1.7268e-01, 
 2DIAGNOSTIC,    12, -4.100478393653e-01, 1.081843158852e-03, 9.6492e+00, 1.0767e-01, 
 2DIAGNOSTIC,    13, -4.101382909555e-01, 9.585336568297e-04, 9.7569e+00, 1.0771e-01, 
 2DIAGNOSTIC,    14, -4.102895390627e-01, 7.935811787132e-04, 9.9298e+00, 1.7290e-01, 
 2DIAGNOSTIC,    15, -4.103409226072e-01, 6.041083991511e-04, 1.0053e+01, 1.2352e-01, 
 2DIAGNOSTIC,    16, -4.104460392932e-01, 4.588165453502e-04, 1.0161e+01, 1.0738e-01, 
 2DIAGNOSTIC,    17, -4.107106587122e-01, 3.541472773360e-04, 1.0268e+01, 1.0718e-01, 
 2DIAGNOSTIC,    18, -4.113776392329e-01, 2.840887549401e-04, 1.0408e+01, 1.3974e-01, 
 2DIAGNOSTIC,    19, -4.115174564829e-01, 2.198032657016e-04, 1.0515e+01, 1.0724e-01, 
 2DIAGNOSTIC,    20, -4.115586813388e-01, 1.614977491100e-04, 1.0639e+01, 1.2367e-01, 
 2DIAGNOSTIC,    21, -4.116302680963e-01, 1.413714535036e-04, 1.0746e+01, 1.0734e-01, 
 2DIAGNOSTIC,    22, -4.116360156424e-01, 1.323946627102e-04, 1.0902e+01, 1.5627e-01, 
 2DIAGNOSTIC,    23, -4.116655887448e-01, 1.151877106894e-04, 1.1009e+01, 1.0701e-01, 
 2DIAGNOSTIC,    24, -4.116975614154e-01, 9.406337024626e-05, 1.1133e+01, 1.2340e-01, 
 2DIAGNOSTIC,    25, -4.117476261992e-01, 6.901560140953e-05, 1.1240e+01, 1.0718e-01, 
 2DIAGNOSTIC,    26, -4.117798023237e-01, 4.323621757450e-05, 1.1363e+01, 1.2359e-01, 
 2DIAGNOSTIC,    27, -4.119081185503e-01, 2.510880349214e-05, 1.1471e+01, 1.0721e-01, 
 2DIAGNOSTIC,    28, -4.131004678631e-01, 5.206180200874e-05, 1.1577e+01, 1.0691e-01, 
 2DIAGNOSTIC,    29, -4.142686170719e-01, 1.028721849337e-04, 1.1799e+01, 2.2108e-01, 
 2DIAGNOSTIC,    30, -4.144134941311e-01, 1.444895208093e-04, 1.1905e+01, 1.0684e-01, 
 2DIAGNOSTIC,    31, -4.146335712954e-01, 1.769940679436e-04, 1.2012e+01, 1.0658e-01, 
 2DIAGNOSTIC,    32, -4.148609196003e-01, 1.960020224232e-04, 1.2119e+01, 1.0659e-01, 
 2DIAGNOSTIC,    33, -4.151065114090e-01, 2.005838237697e-04, 1.2225e+01, 1.0692e-01, 
 2DIAGNOSTIC,    34, -4.155651157160e-01, 1.954514924813e-04, 1.2332e+01, 1.0653e-01, 
 2DIAGNOSTIC,    35, -4.158823778208e-01, 1.795306162199e-04, 1.2439e+01, 1.0704e-01, 
 2DIAGNOSTIC,    36, -4.161050216678e-01, 1.529127818752e-04, 1.2546e+01, 1.0680e-01, 
 2DIAGNOSTIC,    37, -4.169570253551e-01, 1.312900308821e-04, 1.2702e+01, 1.5594e-01, 
 2DIAGNOSTIC,    38, -4.174070428088e-01, 1.273870913822e-04, 1.2858e+01, 1.5609e-01, 
 2DIAGNOSTIC,    39, -4.175007356922e-01, 1.339027897489e-04, 1.2981e+01, 1.2286e-01, 
 2DIAGNOSTIC,    40, -4.178127032039e-01, 1.354564811317e-04, 1.3103e+01, 1.2273e-01, 
 2DIAGNOSTIC,    41, -4.178930440701e-01, 1.290750211876e-04, 1.3226e+01, 1.2275e-01, 
 2DIAGNOSTIC,    42, -4.179238335247e-01, 1.148362271073e-04, 1.3349e+01, 1.2291e-01, 
 2DIAGNOSTIC,    43, -4.179184594915e-01, 9.404821282203e-05, 1.3505e+01, 1.5567e-01, 
 2DIAGNOSTIC,    44, -4.179097046538e-01, 7.244144633578e-05, 1.3628e+01, 1.2289e-01, 
 2DIAGNOSTIC,    45, -4.178993414715e-01, 4.975391750263e-05, 1.3734e+01, 1.0668e-01, 
 2DIAGNOSTIC,    46, -4.178977604564e-01, 2.639283433655e-05, 1.3841e+01, 1.0644e-01, 
 2DIAGNOSTIC,    47, -4.179067787246e-01, 1.410712847303e-05, 1.3947e+01, 1.0651e-01, 
 2DIAGNOSTIC,    48, -4.179348887944e-01, 7.953641092281e-06, 1.4054e+01, 1.0654e-01, 
 2DIAGNOSTIC,    49, -4.179704354349e-01, 3.063428525435e-06, 1.4161e+01, 1.0673e-01, 
 2DIAGNOSTIC,    50, -4.180292549183e-01, 3.220461989875e-06, 1.4267e+01, 1.0683e-01, 
 2DIAGNOSTIC,    51, -4.183145109767e-01, 8.038987841592e-06, 1.4390e+01, 1.2283e-01, 
 2DIAGNOSTIC,    52, -4.183661070814e-01, 1.295471225246e-05, 1.4529e+01, 1.3923e-01, 
 2DIAGNOSTIC,    53, -4.184847766230e-01, 1.800194487971e-05, 1.4653e+01, 1.2323e-01, 
 2DIAGNOSTIC,    54, -4.185467009986e-01, 2.188565734258e-05, 1.4759e+01, 1.0668e-01, 
 2DIAGNOSTIC,    55, -4.189220122864e-01, 2.813560502594e-05, 1.4915e+01, 1.5516e-01, 
 2DIAGNOSTIC,    56, -4.189281626830e-01, 3.141429069676e-05, 1.5054e+01, 1.3903e-01, 
 2DIAGNOSTIC,    57, -4.189271405623e-01, 3.175283418988e-05, 1.5192e+01, 1.3881e-01, 
 2DIAGNOSTIC,    58, -4.189247324520e-01, 2.948358845982e-05, 1.5315e+01, 1.2308e-01, 
 2DIAGNOSTIC,    59, -4.189212077716e-01, 2.488282058180e-05, 1.5422e+01, 1.0650e-01, 
 2DIAGNOSTIC,    60, -4.189191347647e-01, 1.860818979091e-05, 1.5528e+01, 1.0639e-01, 
 2DIAGNOSTIC,    61, -4.189106991577e-01, 1.391662409659e-05, 1.5651e+01, 1.2266e-01, 
 2DIAGNOSTIC,    62, -4.189130068665e-01, 8.727860207575e-06, 1.5758e+01, 1.0667e-01, 
 2DIAGNOSTIC,    63, -4.189090262238e-01, 4.196269388253e-06, 1.5864e+01, 1.0625e-01, 
DIAGNOSTIC,Iteration,metricValue,convergenceValue,ITERATION_TIME_INDEX,SINCE_LAST
 2DIAGNOSTIC,     1, -3.648793855946e-01, 1.797693134862e+308, 2.0364e+01, 4.5000e+00, 
 2DIAGNOSTIC,     2, -3.650652873009e-01, 1.797693134862e+308, 2.0981e+01, 6.1743e-01, 
 2DIAGNOSTIC,     3, -3.653290211014e-01, 1.797693134862e+308, 2.1597e+01, 6.1597e-01, 
 2DIAGNOSTIC,     4, -3.655292711707e-01, 1.797693134862e+308, 2.2215e+01, 6.1807e-01, 
 2DIAGNOSTIC,     5, -3.656064002882e-01, 1.797693134862e+308, 2.2833e+01, 6.1756e-01, 
 2DIAGNOSTIC,     6, -3.657782286822e-01, 1.797693134862e+308, 2.3450e+01, 6.1751e-01, 
 2DIAGNOSTIC,     7, -3.661604762024e-01, 1.797693134862e+308, 2.4437e+01, 9.8673e-01, 
 2DIAGNOSTIC,     8, -3.662558383646e-01, 1.797693134862e+308, 2.5146e+01, 7.0857e-01, 
 2DIAGNOSTIC,     9, -3.663202009960e-01, 1.797693134862e+308, 2.5762e+01, 6.1669e-01, 
 2DIAGNOSTIC,    10, -3.666146850211e-01, 2.988788497260e-04, 2.6375e+01, 6.1304e-01, 
 2DIAGNOSTIC,    11, -3.668082520548e-01, 2.703943280268e-04, 2.6991e+01, 6.1554e-01, 
 2DIAGNOSTIC,    12, -3.669376910318e-01, 2.422964926876e-04, 2.7698e+01, 7.0651e-01, 
 2DIAGNOSTIC,    13, -3.674486265178e-01, 2.430317346491e-04, 2.8774e+01, 1.0760e+00, 
 2DIAGNOSTIC,    14, -3.674542361270e-01, 2.328769697234e-04, 2.9571e+01, 7.9748e-01, 
 2DIAGNOSTIC,    15, -3.674525258253e-01, 2.071111684868e-04, 3.0277e+01, 7.0618e-01, 
 2DIAGNOSTIC,    16, -3.674509761671e-01, 1.737884693039e-04, 3.1075e+01, 7.9770e-01, 
 2DIAGNOSTIC,    17, -3.674511393502e-01, 1.459486449811e-04, 3.2152e+01, 1.0770e+00, 
 2DIAGNOSTIC,    18, -3.674511780945e-01, 1.118280843235e-04, 3.2861e+01, 7.0937e-01, 
 2DIAGNOSTIC,    19, -3.674502295562e-01, 7.345335158760e-05, 3.3568e+01, 7.0641e-01, 
 2DIAGNOSTIC,    20, -3.674492216690e-01, 4.380462794994e-05, 3.4272e+01, 7.0469e-01, 
 2DIAGNOSTIC,    21, -3.674481033838e-01, 2.025502701664e-05, 3.4977e+01, 7.0488e-01, 
 2DIAGNOSTIC,    22, -3.674478154889e-01, 1.137994777911e-06, 3.5590e+01, 6.1317e-01, 
DIAGNOSTIC,Iteration,metricValue,convergenceValue,ITERATION_TIME_INDEX,SINCE_LAST
 2DIAGNOSTIC,     1, -3.377116833065e-01, 1.797693134862e+308, 4.0273e+01, 4.6822e+00, 
  Elapsed time (stage 0): 4.0978e+01


Stage 1
  iterations = 1000x500x250x0
  convergence threshold = 1.0000e-06
  convergence window size = 10
  number of levels = 4
  using the Mattes MI metric (number of bins = 32, weight = 1.0000e+00, use gradient filter = 0)
  preprocessing:  winsorizing the image intensities
  Shrink factors (level 1 out of 4): [8, 8, 8]
  Shrink factors (level 2 out of 4): [4, 4, 4]
  Shrink factors (level 3 out of 4): [2, 2, 2]
  Shrink factors (level 4 out of 4): [1, 1, 1]
  smoothing sigmas per level: [3, 2, 1, 0]
  regular sampling (percentage = 2.5000e-01)

*** Running AffineTransform registration ***

DIAGNOSTIC,Iteration,metricValue,convergenceValue,ITERATION_TIME_INDEX,SINCE_LAST
 2DIAGNOSTIC,     1, -5.074592672541e-01, 1.797693134862e+308, 3.7381e+00, 3.7381e+00, 
 2DIAGNOSTIC,     2, -5.091989131336e-01, 1.797693134862e+308, 3.7471e+00, 9.0051e-03, 
 2DIAGNOSTIC,     3, -5.122676006370e-01, 1.797693134862e+308, 3.7560e+00, 8.9271e-03, 
 2DIAGNOSTIC,     4, -5.173738423979e-01, 1.797693134862e+308, 3.7652e+00, 9.2001e-03, 
 2DIAGNOSTIC,     5, -5.256771167670e-01, 1.797693134862e+308, 3.7743e+00, 9.0320e-03, 
 2DIAGNOSTIC,     6, -5.402802519741e-01, 1.797693134862e+308, 3.7837e+00, 9.4209e-03, 
 2DIAGNOSTIC,     7, -5.781708552614e-01, 1.797693134862e+308, 3.7934e+00, 9.7148e-03, 
 2DIAGNOSTIC,     8, -6.276819061966e-01, 1.797693134862e+308, 3.8049e+00, 1.1498e-02, 
 2DIAGNOSTIC,     9, -6.730287195688e-01, 1.797693134862e+308, 3.8212e+00, 1.6329e-02, 
 2DIAGNOSTIC,    10, -6.849231696500e-01, 2.165491586699e-02, 3.8319e+00, 1.0676e-02, 
 2DIAGNOSTIC,    11, -7.195919809292e-01, 2.330601380261e-02, 3.8442e+00, 1.2275e-02, 
 2DIAGNOSTIC,    12, -8.284292021139e-01, 2.654971490261e-02, 3.8557e+00, 1.1544e-02, 
 2DIAGNOSTIC,    13, -8.402337873100e-01, 2.715958416112e-02, 3.8657e+00, 1.0002e-02, 
 2DIAGNOSTIC,    14, -8.522737701806e-01, 2.579612318635e-02, 3.8797e+00, 1.3996e-02, 
 2DIAGNOSTIC,    15, -8.568443124652e-01, 2.278732717571e-02, 3.8895e+00, 9.8121e-03, 
 2DIAGNOSTIC,    16, -8.588889677456e-01, 1.864045883216e-02, 3.8993e+00, 9.7659e-03, 
 2DIAGNOSTIC,    17, -8.614633679949e-01, 1.436252695338e-02, 3.9103e+00, 1.0983e-02, 
 2DIAGNOSTIC,    18, -8.639436388432e-01, 1.054023187506e-02, 3.9254e+00, 1.5106e-02, 
 2DIAGNOSTIC,    19, -8.643322058527e-01, 7.270920165552e-03, 3.9352e+00, 9.8341e-03, 
 2DIAGNOSTIC,    20, -8.646779987054e-01, 3.991204243808e-03, 3.9450e+00, 9.7511e-03, 
 2DIAGNOSTIC,    21, -8.653248874048e-01, 1.341053997811e-03, 3.9558e+00, 1.0771e-02, 
 2DIAGNOSTIC,    22, -8.657988572015e-01, 8.177778432458e-04, 3.9688e+00, 1.3019e-02, 
 2DIAGNOSTIC,    23, -8.659024984450e-01, 4.707105512441e-04, 3.9785e+00, 9.7368e-03, 
 2DIAGNOSTIC,    24, -8.661619203207e-01, 3.123474147474e-04, 3.9882e+00, 9.6731e-03, 
 2DIAGNOSTIC,    25, -8.662937502972e-01, 2.125528187309e-04, 3.9978e+00, 9.6102e-03, 
 2DIAGNOSTIC,    26, -8.663357153006e-01, 1.320179930521e-04, 4.0074e+00, 9.6331e-03, 
 2DIAGNOSTIC,    27, -8.663964192559e-01, 8.240825984140e-05, 4.0182e+00, 1.0752e-02, 
 2DIAGNOSTIC,    28, -8.664541477894e-01, 6.361222322456e-05, 4.0278e+00, 9.6121e-03, 
 2DIAGNOSTIC,    29, -8.666459750908e-01, 4.799143342139e-05, 4.0419e+00, 1.4105e-02, 
 2DIAGNOSTIC,    30, -8.666522155060e-01, 3.333331289993e-05, 4.0515e+00, 9.6202e-03, 
 2DIAGNOSTIC,    31, -8.665222527019e-01, 2.286788561403e-05, 4.0611e+00, 9.6190e-03, 
 2DIAGNOSTIC,    32, -8.665324897610e-01, 1.680780195787e-05, 4.0730e+00, 1.1852e-02, 
 2DIAGNOSTIC,    33, -8.665372735440e-01, 1.079704397235e-05, 4.0826e+00, 9.6011e-03, 
 2DIAGNOSTIC,    34, -8.665413837147e-01, 7.036848239758e-06, 4.0933e+00, 1.0754e-02, 
 2DIAGNOSTIC,    35, -8.665455314788e-01, 4.380121400901e-06, 4.1041e+00, 1.0761e-02, 
 2DIAGNOSTIC,    36, -8.665479923119e-01, 2.064174065897e-06, 4.1137e+00, 9.6180e-03, 
DIAGNOSTIC,Iteration,metricValue,convergenceValue,ITERATION_TIME_INDEX,SINCE_LAST
 2DIAGNOSTIC,     1, -7.010267406852e-01, 1.797693134862e+308, 7.9812e+00, 3.8675e+00, 
 2DIAGNOSTIC,     2, -7.025766212633e-01, 1.797693134862e+308, 8.0946e+00, 1.1340e-01, 
 2DIAGNOSTIC,     3, -7.044881218190e-01, 1.797693134862e+308, 8.2076e+00, 1.1299e-01, 
 2DIAGNOSTIC,     4, -7.065922533075e-01, 1.797693134862e+308, 8.3206e+00, 1.1301e-01, 
 2DIAGNOSTIC,     5, -7.085662596364e-01, 1.797693134862e+308, 8.4337e+00, 1.1307e-01, 
 2DIAGNOSTIC,     6, -7.105357846587e-01, 1.797693134862e+308, 8.5808e+00, 1.4712e-01, 
 2DIAGNOSTIC,     7, -7.124569605207e-01, 1.797693134862e+308, 8.6940e+00, 1.1325e-01, 
 2DIAGNOSTIC,     8, -7.128627054606e-01, 1.797693134862e+308, 8.8072e+00, 1.1312e-01, 
 2DIAGNOSTIC,     9, -7.134758382114e-01, 1.797693134862e+308, 8.9542e+00, 1.4709e-01, 
 2DIAGNOSTIC,    10, -7.139289778478e-01, 1.261182990769e-03, 9.0674e+00, 1.1314e-01, 
 2DIAGNOSTIC,    11, -7.143243097877e-01, 9.921183134969e-04, 9.1975e+00, 1.3014e-01, 
 2DIAGNOSTIC,    12, -7.144482266199e-01, 7.342599305475e-04, 9.3448e+00, 1.4731e-01, 
 2DIAGNOSTIC,    13, -7.145435235191e-01, 5.117145229873e-04, 9.4581e+00, 1.1323e-01, 
 2DIAGNOSTIC,    14, -7.147917553238e-01, 3.418563650964e-04, 9.5714e+00, 1.1331e-01, 
 2DIAGNOSTIC,    15, -7.148229597865e-01, 2.161331022797e-04, 9.7361e+00, 1.6472e-01, 
 2DIAGNOSTIC,    16, -7.148512711743e-01, 1.353807947617e-04, 9.9177e+00, 1.8162e-01, 
 2DIAGNOSTIC,    17, -7.148529153605e-01, 9.717427412114e-05, 1.0031e+01, 1.1322e-01, 
 2DIAGNOSTIC,    18, -7.148584798926e-01, 6.338811590516e-05, 1.0144e+01, 1.1320e-01, 
 2DIAGNOSTIC,    19, -7.148644803872e-01, 4.026157793095e-05, 1.0258e+01, 1.1348e-01, 
 2DIAGNOSTIC,    20, -7.148699124672e-01, 2.483199353582e-05, 1.0371e+01, 1.1320e-01, 
 2DIAGNOSTIC,    21, -7.148749478825e-01, 1.634611036307e-05, 1.0484e+01, 1.1308e-01, 
 2DIAGNOSTIC,    22, -7.148813765951e-01, 9.627461802698e-06, 1.0597e+01, 1.1327e-01, 
 2DIAGNOSTIC,    23, -7.148908404029e-01, 4.436675208823e-06, 1.0728e+01, 1.3077e-01, 
 2DIAGNOSTIC,    24, -7.149103925917e-01, 3.833841174257e-06, 1.0859e+01, 1.3062e-01, 
 2DIAGNOSTIC,    25, -7.149620941424e-01, 4.348705020252e-06, 1.0989e+01, 1.3012e-01, 
 2DIAGNOSTIC,    26, -7.149677717255e-01, 5.039581742153e-06, 1.1170e+01, 1.8147e-01, 
 2DIAGNOSTIC,    27, -7.149684650330e-01, 5.363762640966e-06, 1.1283e+01, 1.1313e-01, 
 2DIAGNOSTIC,    28, -7.149686940295e-01, 5.361544818179e-06, 1.1397e+01, 1.1335e-01, 
 2DIAGNOSTIC,    29, -7.149693315888e-01, 5.045825925462e-06, 1.1510e+01, 1.1316e-01, 
 2DIAGNOSTIC,    30, -7.149697704748e-01, 4.444490067833e-06, 1.1674e+01, 1.6440e-01, 
 2DIAGNOSTIC,    31, -7.149700553526e-01, 3.629906712210e-06, 1.1839e+01, 1.6476e-01, 
 2DIAGNOSTIC,    32, -7.149700605948e-01, 2.709854109592e-06, 1.1952e+01, 1.1319e-01, 
 2DIAGNOSTIC,    33, -7.149701434181e-01, 1.800475232690e-06, 1.2065e+01, 1.1311e-01, 
 2DIAGNOSTIC,    34, -7.149702287384e-01, 1.079220418532e-06, 1.2178e+01, 1.1314e-01, 
DIAGNOSTIC,Iteration,metricValue,convergenceValue,ITERATION_TIME_INDEX,SINCE_LAST
 2DIAGNOSTIC,     1, -6.160413256773e-01, 1.797693134862e+308, 1.6708e+01, 4.5294e+00, 
 2DIAGNOSTIC,     2, -6.163429584487e-01, 1.797693134862e+308, 1.7358e+01, 6.5014e-01, 
 2DIAGNOSTIC,     3, -6.164716259246e-01, 1.797693134862e+308, 1.8008e+01, 6.5047e-01, 
 2DIAGNOSTIC,     4, -6.166408914131e-01, 1.797693134862e+308, 1.8658e+01, 6.4990e-01, 
 2DIAGNOSTIC,     5, -6.167192224252e-01, 1.797693134862e+308, 1.9496e+01, 8.3783e-01, 
 2DIAGNOSTIC,     6, -6.167355810938e-01, 1.797693134862e+308, 2.0146e+01, 6.4959e-01, 
 2DIAGNOSTIC,     7, -6.167394084262e-01, 1.797693134862e+308, 2.0890e+01, 7.4409e-01, 
 2DIAGNOSTIC,     8, -6.167579132362e-01, 1.797693134862e+308, 2.1633e+01, 7.4303e-01, 
 2DIAGNOSTIC,     9, -6.167573706262e-01, 1.797693134862e+308, 2.2471e+01, 8.3840e-01, 
 2DIAGNOSTIC,    10, -6.167621858232e-01, 6.460539055868e-05, 2.3215e+01, 7.4413e-01, 
 2DIAGNOSTIC,    11, -6.167617088675e-01, 3.528479259308e-05, 2.3865e+01, 6.5015e-01, 
 2DIAGNOSTIC,    12, -6.167610958410e-01, 1.949031783095e-05, 2.4516e+01, 6.5025e-01, 
 2DIAGNOSTIC,    13, -6.167605167843e-01, 9.009699298457e-06, 2.5449e+01, 9.3354e-01, 
 2DIAGNOSTIC,    14, -6.167610102275e-01, 4.951304592729e-06, 2.6101e+01, 6.5195e-01, 
 2DIAGNOSTIC,    15, -6.167600378847e-01, 3.559460179700e-06, 2.6846e+01, 7.4520e-01, 
 2DIAGNOSTIC,    16, -6.167591037738e-01, 2.657521638583e-06, 2.7590e+01, 7.4339e-01, 
 2DIAGNOSTIC,    17, -6.167569879665e-01, 1.835094494078e-06, 2.8333e+01, 7.4297e-01, 
 2DIAGNOSTIC,    18, -6.167576038062e-01, 1.599796134268e-06, 2.9078e+01, 7.4535e-01, 
 2DIAGNOSTIC,    19, -6.167567724098e-01, 1.366272825466e-06, 2.9728e+01, 6.5024e-01, 
 2DIAGNOSTIC,    20, -6.167561686992e-01, 1.282056618430e-06, 3.0378e+01, 6.4995e-01, 
 2DIAGNOSTIC,    21, -6.167557369262e-01, 1.216061041254e-06, 3.1217e+01, 8.3852e-01, 
 2DIAGNOSTIC,    22, -6.167541070183e-01, 1.137722382652e-06, 3.3576e+01, 2.3594e+00, 
 2DIAGNOSTIC,    23, -6.167541070172e-01, 1.083266092050e-06, 3.5927e+01, 2.3512e+00, 
 2DIAGNOSTIC,    24, -6.167541070172e-01, 1.070351198493e-06, 3.6954e+01, 1.0265e+00, 
 2DIAGNOSTIC,    25, -6.167541070172e-01, 1.064503039688e-06, 3.7699e+01, 7.4481e-01, 
 2DIAGNOSTIC,    26, -6.167541070172e-01, 1.063357162011e-06, 3.8633e+01, 9.3415e-01, 
 2DIAGNOSTIC,    27, -6.167541070172e-01, 1.041129214389e-06, 3.9471e+01, 8.3780e-01, 
 2DIAGNOSTIC,    28, -6.167541070172e-01, 1.043816677211e-06, 4.0309e+01, 8.3859e-01, 
 2DIAGNOSTIC,    29, -6.167541070172e-01, 1.041598432727e-06, 4.1054e+01, 7.4443e-01, 
 2DIAGNOSTIC,    30, -6.167541070172e-01, 1.035379559471e-06, 4.1797e+01, 7.4323e-01, 
 2DIAGNOSTIC,    31, -6.167541070172e-01, 1.026208168137e-06, 4.2540e+01, 7.4318e-01, 
DIAGNOSTIC,Iteration,metricValue,convergenceValue,ITERATION_TIME_INDEX,SINCE_LAST
 2DIAGNOSTIC,     1, -5.489374513097e-01, 1.797693134862e+308, 4.7739e+01, 5.1989e+00, 
  Elapsed time (stage 1): 4.8435e+01


Total elapsed time: 8.9415e+01
 Registration finished. The antsRegistration call was:
--------------------------------------------------------------------------------------
/opt/ants/bin//antsRegistration --verbose 1 --dimensionality 3 --float 0 --collapse-output-transforms 1 --output [ /output/sub-003S6067_ses-01_ses-02/warped_target_,/output/sub-003S6067_ses-01_ses-02/warped_target_Warped.nii.gz,/output/sub-003S6067_ses-01_ses-02/warped_target_InverseWarped.nii.gz ] --interpolation Linear --use-histogram-matching 0 --winsorize-image-intensities [ 0.005,0.995 ] --initial-moving-transform [ /template/brain_mni.nii.gz,/input/sub-003S6067_ses-01_ses-02/target.nii.gz,1 ] --transform Rigid[ 0.1 ] --metric MI[ /template/brain_mni.nii.gz,/input/sub-003S6067_ses-01_ses-02/target.nii.gz,1,32,Regular,0.25 ] --convergence [ 1000x500x250x0,1e-6,10 ] --shrink-factors 8x4x2x1 --smoothing-sigmas 3x2x1x0vox --transform Affine[ 0.1 ] --metric MI[ /template/brain_mni.nii.gz,/input/sub-003S6067_ses-01_ses-02/target.nii.gz,1,32,Regular,0.25 ] --convergence [ 1000x500x250x0,1e-6,10 ] --shrink-factors 8x4x2x1 --smoothing-sigmas 3x2x1x0vox
--------------------------------------------------------------------------------------
Moving image resampled into fixed space: /output/sub-003S6067_ses-01_ses-02/warped_target_Warped.nii.gz
Fixed image resampled into moving space: /output/sub-003S6067_ses-01_ses-02/warped_target_InverseWarped.nii.gz
--------------------------------------------------------------------------------------
Finished processing sub-003S6067_ses-01_ses-02
Processing subject: sub-006S6277_ses-01_ses-02

--------------------------------------------------------------------------------------
 Mapping parameters
--------------------------------------------------------------------------------------
 ANTSPATH is /opt/ants/bin/

 Dimensionality:           3
 Output name prefix:       /output/sub-006S6277_ses-01_ses-02/warped_source_
 Fixed images:             /template/brain_mni.nii.gz
 Moving images:            /input/sub-006S6277_ses-01_ses-02/source.nii.gz
 Mask images:              
 Initial transforms:       
 Number of threads:        1
 Spline distance:          26
 SyN gradient step:        0.1
 Transform type:           a
 MI histogram bins:        32
 Precision:                d
 Use histogram matching:   0
 Repro                     0
======================================================================================
 antsRegistration call:
--------------------------------------------------------------------------------------
/opt/ants/bin//antsRegistration --verbose 1 --dimensionality 3 --float 0 --collapse-output-transforms 1 --output [ /output/sub-006S6277_ses-01_ses-02/warped_source_,/output/sub-006S6277_ses-01_ses-02/warped_source_Warped.nii.gz,/output/sub-006S6277_ses-01_ses-02/warped_source_InverseWarped.nii.gz ] --interpolation Linear --use-histogram-matching 0 --winsorize-image-intensities [ 0.005,0.995 ] --initial-moving-transform [ /template/brain_mni.nii.gz,/input/sub-006S6277_ses-01_ses-02/source.nii.gz,1 ] --transform Rigid[ 0.1 ] --metric MI[ /template/brain_mni.nii.gz,/input/sub-006S6277_ses-01_ses-02/source.nii.gz,1,32,Regular,0.25 ] --convergence [ 1000x500x250x0,1e-6,10 ] --shrink-factors 8x4x2x1 --smoothing-sigmas 3x2x1x0vox --transform Affine[ 0.1 ] --metric MI[ /template/brain_mni.nii.gz,/input/sub-006S6277_ses-01_ses-02/source.nii.gz,1,32,Regular,0.25 ] --convergence [ 1000x500x250x0,1e-6,10 ] --shrink-factors 8x4x2x1 --smoothing-sigmas 3x2x1x0vox
--------------------------------------------------------------------------------------
All_Command_lines_OK
Using double precision for computations.
=============================================================================
The composite transform comprises the following transforms (in order): 
  1. Center of mass alignment using fixed image: /template/brain_mni.nii.gz and moving image: /input/sub-006S6277_ses-01_ses-02/source.nii.gz (type = Euler3DTransform)
=============================================================================
  number of levels = 4
  number of levels = 4
  fixed image: /template/brain_mni.nii.gz
  moving image: /input/sub-006S6277_ses-01_ses-02/source.nii.gz
  fixed image: /template/brain_mni.nii.gz
  moving image: /input/sub-006S6277_ses-01_ses-02/source.nii.gz
Dimension = 3
Number of stages = 2
Use histogram matching = false
Winsorize image intensities = true
  Lower quantile = 0.005
  Upper quantile = 0.995


Stage 1 State
   Image metric = Mattes
     Fixed image = Image (0x5573da75da00)
  RTTI typeinfo:   itk::Image<double, 3u>
  Reference Count: 2
  Modified Time: 1690
  Debug: Off
  Object Name: 
  Observers: 
    none
  Source: (none)
  Source output name: (none)
  Release Data: Off
  Data Released: False
  Global Release Data: Off
  PipelineMTime: 0
  UpdateMTime: 1475
  RealTimeStamp: 0 seconds 
  LargestPossibleRegion: 
    Dimension: 3
    Index: [0, 0, 0]
    Size: [197, 233, 189]
  BufferedRegion: 
    Dimension: 3
    Index: [0, 0, 0]
    Size: [197, 233, 189]
  RequestedRegion: 
    Dimension: 3
    Index: [0, 0, 0]
    Size: [197, 233, 189]
  Spacing: [1, 1, 1]
  Origin: [98, 134, -72]
  Direction: 
-1 0 0
0 -1 0
0 0 1

  IndexToPointMatrix: 
-1 0 0
0 -1 0
0 0 1

  PointToIndexMatrix: 
-1 0 0
0 -1 0
0 0 1

  Inverse Direction: 
-1 0 0
0 -1 0
0 0 1

  PixelContainer: 
    ImportImageContainer (0x5573da7bde30)
      RTTI typeinfo:   itk::ImportImageContainer<unsigned long, double>
      Reference Count: 1
      Modified Time: 1472
      Debug: Off
      Object Name: 
      Observers: 
        none
      Pointer: 0x7f93d443b010
      Container manages memory: true
      Size: 8675289
      Capacity: 8675289

     Moving image = Image (0x5573da760ac0)
  RTTI typeinfo:   itk::Image<double, 3u>
  Reference Count: 2
  Modified Time: 1691
  Debug: Off
  Object Name: 
  Observers: 
    none
  Source: (none)
  Source output name: (none)
  Release Data: Off
  Data Released: False
  Global Release Data: Off
  PipelineMTime: 0
  UpdateMTime: 1688
  RealTimeStamp: 0 seconds 
  LargestPossibleRegion: 
    Dimension: 3
    Index: [0, 0, 0]
    Size: [256, 256, 256]
  BufferedRegion: 
    Dimension: 3
    Index: [0, 0, 0]
    Size: [256, 256, 256]
  RequestedRegion: 
    Dimension: 3
    Index: [0, 0, 0]
    Size: [256, 256, 256]
  Spacing: [1, 1, 1]
  Origin: [-365.898, -151, 665.144]
  Direction: 
1 0 0
0 -0 -1
0 -1 0

  IndexToPointMatrix: 
1 0 0
0 0 -1
0 -1 0

  PointToIndexMatrix: 
1 0 0
0 0 -1
0 -1 0

  Inverse Direction: 
1 0 0
0 0 -1
0 -1 0

  PixelContainer: 
    ImportImageContainer (0x5573da833b30)
      RTTI typeinfo:   itk::ImportImageContainer<unsigned long, double>
      Reference Count: 1
      Modified Time: 1685
      Debug: Off
      Object Name: 
      Observers: 
        none
      Pointer: 0x7f93cc43a010
      Container manages memory: true
      Size: 16777216
      Capacity: 16777216

     Weighting = 1
     Sampling strategy = regular
     Number of bins = 32
     Radius = 4
     Sampling percentage  = 0.25
   Transform = Rigid
     Gradient step = 0.1
     Update field sigma (voxel space) = 0
     Total field sigma (voxel space) = 0
     Update field time sigma = 0
     Total field time sigma  = 0
     Number of time indices = 0
     Number of time point samples = 0
Stage 2 State
   Image metric = Mattes
     Fixed image = Image (0x5573da7b6ad0)
  RTTI typeinfo:   itk::Image<double, 3u>
  Reference Count: 2
  Modified Time: 2118
  Debug: Off
  Object Name: 
  Observers: 
    none
  Source: (none)
  Source output name: (none)
  Release Data: Off
  Data Released: False
  Global Release Data: Off
  PipelineMTime: 0
  UpdateMTime: 1903
  RealTimeStamp: 0 seconds 
  LargestPossibleRegion: 
    Dimension: 3
    Index: [0, 0, 0]
    Size: [197, 233, 189]
  BufferedRegion: 
    Dimension: 3
    Index: [0, 0, 0]
    Size: [197, 233, 189]
  RequestedRegion: 
    Dimension: 3
    Index: [0, 0, 0]
    Size: [197, 233, 189]
  Spacing: [1, 1, 1]
  Origin: [98, 134, -72]
  Direction: 
-1 0 0
0 -1 0
0 0 1

  IndexToPointMatrix: 
-1 0 0
0 -1 0
0 0 1

  PointToIndexMatrix: 
-1 0 0
0 -1 0
0 0 1

  Inverse Direction: 
-1 0 0
0 -1 0
0 0 1

  PixelContainer: 
    ImportImageContainer (0x5573da80b990)
      RTTI typeinfo:   itk::ImportImageContainer<unsigned long, double>
      Reference Count: 1
      Modified Time: 1900
      Debug: Off
      Object Name: 
      Observers: 
        none
      Pointer: 0x7f93c820a010
      Container manages memory: true
      Size: 8675289
      Capacity: 8675289

     Moving image = Image (0x5573da7bc680)
  RTTI typeinfo:   itk::Image<double, 3u>
  Reference Count: 2
  Modified Time: 2119
  Debug: Off
  Object Name: 
  Observers: 
    none
  Source: (none)
  Source output name: (none)
  Release Data: Off
  Data Released: False
  Global Release Data: Off
  PipelineMTime: 0
  UpdateMTime: 2116
  RealTimeStamp: 0 seconds 
  LargestPossibleRegion: 
    Dimension: 3
    Index: [0, 0, 0]
    Size: [256, 256, 256]
  BufferedRegion: 
    Dimension: 3
    Index: [0, 0, 0]
    Size: [256, 256, 256]
  RequestedRegion: 
    Dimension: 3
    Index: [0, 0, 0]
    Size: [256, 256, 256]
  Spacing: [1, 1, 1]
  Origin: [-365.898, -151, 665.144]
  Direction: 
1 0 0
0 -0 -1
0 -1 0

  IndexToPointMatrix: 
1 0 0
0 0 -1
0 -1 0

  PointToIndexMatrix: 
1 0 0
0 0 -1
0 -1 0

  Inverse Direction: 
1 0 0
0 0 -1
0 -1 0

  PixelContainer: 
    ImportImageContainer (0x5573da789490)
      RTTI typeinfo:   itk::ImportImageContainer<unsigned long, double>
      Reference Count: 1
      Modified Time: 2113
      Debug: Off
      Object Name: 
      Observers: 
        none
      Pointer: 0x7f93c0209010
      Container manages memory: true
      Size: 16777216
      Capacity: 16777216

     Weighting = 1
     Sampling strategy = regular
     Number of bins = 32
     Radius = 4
     Sampling percentage  = 0.25
   Transform = Affine
     Gradient step = 0.1
     Update field sigma (voxel space) = 0
     Total field sigma (voxel space) = 0
     Update field time sigma = 0
     Total field time sigma  = 0
     Number of time indices = 0
     Number of time point samples = 0
Registration using 2 total stages.

Stage 0
  iterations = 1000x500x250x0
  convergence threshold = 1e-06
  convergence window size = 10
  number of levels = 4
  using the Mattes MI metric (number of bins = 32, weight = 1, use gradient filter = 0)
  preprocessing:  winsorizing the image intensities
  Shrink factors (level 1 out of 4): [8, 8, 8]
  Shrink factors (level 2 out of 4): [4, 4, 4]
  Shrink factors (level 3 out of 4): [2, 2, 2]
  Shrink factors (level 4 out of 4): [1, 1, 1]
  smoothing sigmas per level: [3, 2, 1, 0]
  regular sampling (percentage = 0.25)

*** Running Euler3DTransform registration ***

DIAGNOSTIC,Iteration,metricValue,convergenceValue,ITERATION_TIME_INDEX,SINCE_LAST
 2DIAGNOSTIC,     1, -5.414606141299e-01, 1.797693134862e+308, 3.7352e+00, 3.7351e+00, 
 2DIAGNOSTIC,     2, -5.419441313799e-01, 1.797693134862e+308, 3.7435e+00, 8.3640e-03, 
 2DIAGNOSTIC,     3, -5.421890833532e-01, 1.797693134862e+308, 3.7518e+00, 8.2798e-03, 
 2DIAGNOSTIC,     4, -5.423828487199e-01, 1.797693134862e+308, 3.7602e+00, 8.3971e-03, 
 2DIAGNOSTIC,     5, -5.426872133360e-01, 1.797693134862e+308, 3.7684e+00, 8.2200e-03, 
 2DIAGNOSTIC,     6, -5.432031905123e-01, 1.797693134862e+308, 3.7769e+00, 8.4550e-03, 
 2DIAGNOSTIC,     7, -5.445708993237e-01, 1.797693134862e+308, 3.7853e+00, 8.4291e-03, 
 2DIAGNOSTIC,     8, -5.463450640523e-01, 1.797693134862e+308, 3.7978e+00, 1.2517e-02, 
 2DIAGNOSTIC,     9, -5.467041511221e-01, 1.797693134862e+308, 3.8082e+00, 1.0352e-02, 
 2DIAGNOSTIC,    10, -5.471835924631e-01, 7.298781442480e-04, 3.8194e+00, 1.1210e-02, 
 2DIAGNOSTIC,    11, -5.474322368830e-01, 7.064726486977e-04, 3.8289e+00, 9.5370e-03, 
 2DIAGNOSTIC,    12, -5.479092362965e-01, 6.644993694540e-04, 3.8383e+00, 9.3729e-03, 
 2DIAGNOSTIC,    13, -5.480137191171e-01, 5.819935572997e-04, 3.8467e+00, 8.3950e-03, 
 2DIAGNOSTIC,    14, -5.482015069785e-01, 4.733739797072e-04, 3.8551e+00, 8.3849e-03, 
 2DIAGNOSTIC,    15, -5.485101100212e-01, 3.584437072033e-04, 3.8636e+00, 8.5258e-03, 
 2DIAGNOSTIC,    16, -5.496740152556e-01, 2.791639361047e-04, 3.8754e+00, 1.1776e-02, 
 2DIAGNOSTIC,    17, -5.502551233158e-01, 2.411688518416e-04, 3.8837e+00, 8.3790e-03, 
 2DIAGNOSTIC,    18, -5.504477177699e-01, 2.421314781909e-04, 3.9016e+00, 1.7823e-02, 
 2DIAGNOSTIC,    19, -5.505064091971e-01, 2.325164271294e-04, 3.9099e+00, 8.3420e-03, 
 2DIAGNOSTIC,    20, -5.504678018904e-01, 2.138956684516e-04, 3.9182e+00, 8.2591e-03, 
 2DIAGNOSTIC,    21, -5.505357983294e-01, 1.844502346401e-04, 3.9265e+00, 8.2910e-03, 
 2DIAGNOSTIC,    22, -5.506222375384e-01, 1.536496065870e-04, 3.9347e+00, 8.2681e-03, 
 2DIAGNOSTIC,    23, -5.506306067634e-01, 1.140705253186e-04, 3.9430e+00, 8.2982e-03, 
 2DIAGNOSTIC,    24, -5.507178390555e-01, 7.352695712751e-05, 3.9513e+00, 8.2901e-03, 
 2DIAGNOSTIC,    25, -5.506289230910e-01, 3.353348161889e-05, 3.9597e+00, 8.3671e-03, 
 2DIAGNOSTIC,    26, -5.507283514257e-01, 1.860715267107e-05, 3.9680e+00, 8.3051e-03, 
 2DIAGNOSTIC,    27, -5.508723924791e-01, 1.690980498335e-05, 3.9775e+00, 9.5370e-03, 
 2DIAGNOSTIC,    28, -5.508409985415e-01, 1.672404402051e-05, 3.9858e+00, 8.3082e-03, 
 2DIAGNOSTIC,    29, -5.510163988125e-01, 1.938236607034e-05, 3.9962e+00, 1.0332e-02, 
 2DIAGNOSTIC,    30, -5.509531088781e-01, 1.832047499727e-05, 4.0085e+00, 1.2362e-02, 
 2DIAGNOSTIC,    31, -5.509561248282e-01, 1.689199333751e-05, 4.0168e+00, 8.2841e-03, 
 2DIAGNOSTIC,    32, -5.509848820779e-01, 1.589592353497e-05, 4.0251e+00, 8.2951e-03, 
 2DIAGNOSTIC,    33, -5.510205380388e-01, 1.416958511631e-05, 4.0334e+00, 8.3179e-03, 
 2DIAGNOSTIC,    34, -5.510320579100e-01, 1.284160214194e-05, 4.0417e+00, 8.2848e-03, 
 2DIAGNOSTIC,    35, -5.510452845603e-01, 9.328516596133e-06, 4.0520e+00, 1.0337e-02, 
 2DIAGNOSTIC,    36, -5.510492818854e-01, 6.682490349536e-06, 4.0604e+00, 8.3420e-03, 
 2DIAGNOSTIC,    37, -5.510578793918e-01, 5.788497755184e-06, 4.0688e+00, 8.3930e-03, 
 2DIAGNOSTIC,    38, -5.510678120751e-01, 4.091835007443e-06, 4.0791e+00, 1.0319e-02, 
 2DIAGNOSTIC,    39, -5.510702803692e-01, 4.559619406985e-06, 4.0874e+00, 8.3280e-03, 
 2DIAGNOSTIC,    40, -5.511620612216e-01, 5.025804932401e-06, 4.0957e+00, 8.2848e-03, 
 2DIAGNOSTIC,    41, -5.511736111469e-01, 5.214557735465e-06, 4.1080e+00, 1.2251e-02, 
 2DIAGNOSTIC,    42, -5.511786302129e-01, 5.386651202199e-06, 4.1163e+00, 8.3199e-03, 
 2DIAGNOSTIC,    43, -5.511800908406e-01, 5.569902373995e-06, 4.1246e+00, 8.2660e-03, 
 2DIAGNOSTIC,    44, -5.511833880664e-01, 5.452949061686e-06, 4.1328e+00, 8.2519e-03, 
 2DIAGNOSTIC,    45, -5.511865226772e-01, 5.060766062590e-06, 4.1411e+00, 8.2860e-03, 
 2DIAGNOSTIC,    46, -5.512024107791e-01, 4.485606510819e-06, 4.1534e+00, 1.2287e-02, 
 2DIAGNOSTIC,    47, -5.512031827556e-01, 3.683482870862e-06, 4.1796e+00, 2.6176e-02, 
 2DIAGNOSTIC,    48, -5.512031827497e-01, 2.749287989164e-06, 4.2048e+00, 2.5225e-02, 
 2DIAGNOSTIC,    49, -5.512031827497e-01, 1.656354144779e-06, 4.2141e+00, 9.3241e-03, 
 2DIAGNOSTIC,    50, -5.512031827497e-01, 1.457199248708e-06, 4.2264e+00, 1.2285e-02, 
 2DIAGNOSTIC,    51, -5.512031827497e-01, 1.300964043893e-06, 4.2357e+00, 9.3019e-03, 
 2DIAGNOSTIC,    52, -5.512031827497e-01, 1.135712610009e-06, 4.2450e+00, 9.2850e-03, 
DIAGNOSTIC,Iteration,metricValue,convergenceValue,ITERATION_TIME_INDEX,SINCE_LAST
 2DIAGNOSTIC,     1, -4.557225518926e-01, 1.797693134862e+308, 8.0927e+00, 3.8477e+00, 
 2DIAGNOSTIC,     2, -4.561285148341e-01, 1.797693134862e+308, 8.1984e+00, 1.0567e-01, 
 2DIAGNOSTIC,     3, -4.566758001457e-01, 1.797693134862e+308, 8.3039e+00, 1.0555e-01, 
 2DIAGNOSTIC,     4, -4.572724916441e-01, 1.797693134862e+308, 8.4096e+00, 1.0571e-01, 
 2DIAGNOSTIC,     5, -4.576959401510e-01, 1.797693134862e+308, 8.5317e+00, 1.2209e-01, 
 2DIAGNOSTIC,     6, -4.579005388359e-01, 1.797693134862e+308, 8.6539e+00, 1.2215e-01, 
 2DIAGNOSTIC,     7, -4.579023028344e-01, 1.797693134862e+308, 8.8573e+00, 2.0339e-01, 
 2DIAGNOSTIC,     8, -4.579081319970e-01, 1.797693134862e+308, 8.9797e+00, 1.2241e-01, 
 2DIAGNOSTIC,     9, -4.579057276714e-01, 1.797693134862e+308, 9.1018e+00, 1.2209e-01, 
 2DIAGNOSTIC,    10, -4.578903053470e-01, 3.085488413187e-04, 9.2078e+00, 1.0605e-01, 
 2DIAGNOSTIC,    11, -4.578942595405e-01, 1.933139636414e-04, 9.3139e+00, 1.0611e-01, 
 2DIAGNOSTIC,    12, -4.578744774255e-01, 1.000879940066e-04, 9.4369e+00, 1.2296e-01, 
 2DIAGNOSTIC,    13, -4.578644622193e-01, 3.769794594807e-05, 9.5594e+00, 1.2246e-01, 
 2DIAGNOSTIC,    14, -4.578511829623e-01, 6.497356289131e-06, 9.6820e+00, 1.2268e-01, 
DIAGNOSTIC,Iteration,metricValue,convergenceValue,ITERATION_TIME_INDEX,SINCE_LAST
 2DIAGNOSTIC,     1, -3.962443756165e-01, 1.797693134862e+308, 1.4213e+01, 4.5313e+00, 
 2DIAGNOSTIC,     2, -3.964177249437e-01, 1.797693134862e+308, 1.4875e+01, 6.6205e-01, 
 2DIAGNOSTIC,     3, -3.965937162990e-01, 1.797693134862e+308, 1.5535e+01, 6.5923e-01, 
 2DIAGNOSTIC,     4, -3.966771132439e-01, 1.797693134862e+308, 1.7004e+01, 1.4692e+00, 
 2DIAGNOSTIC,     5, -3.966764640988e-01, 1.797693134862e+308, 1.7765e+01, 7.6100e-01, 
 2DIAGNOSTIC,     6, -3.966755225538e-01, 1.797693134862e+308, 1.8527e+01, 7.6181e-01, 
 2DIAGNOSTIC,     7, -3.966745915260e-01, 1.797693134862e+308, 1.9290e+01, 7.6344e-01, 
 2DIAGNOSTIC,     8, -3.966749039895e-01, 1.797693134862e+308, 2.0056e+01, 7.6631e-01, 
 2DIAGNOSTIC,     9, -3.966745329131e-01, 1.797693134862e+308, 2.0925e+01, 8.6888e-01, 
 2DIAGNOSTIC,    10, -3.966742241237e-01, 5.405145650185e-05, 2.1687e+01, 7.6202e-01, 
 2DIAGNOSTIC,    11, -3.966739093314e-01, 2.398758219212e-05, 2.2349e+01, 6.6186e-01, 
 2DIAGNOSTIC,    12, -3.966738973342e-01, 7.153820068370e-06, 2.3120e+01, 7.7124e-01, 
 2DIAGNOSTIC,    13, -3.966734232973e-01, 2.045008102858e-06, 2.3882e+01, 7.6148e-01, 
 2DIAGNOSTIC,    14, -3.966731091798e-01, 1.955546221497e-06, 2.4643e+01, 7.6163e-01, 
 2DIAGNOSTIC,    15, -3.966723504940e-01, 1.841208489742e-06, 2.5303e+01, 6.5946e-01, 
 2DIAGNOSTIC,    16, -3.966728732021e-01, 1.749897628689e-06, 2.5963e+01, 6.6012e-01, 
 2DIAGNOSTIC,    17, -3.966742868942e-01, 1.709748669095e-06, 2.6723e+01, 7.6008e-01, 
 2DIAGNOSTIC,    18, -3.966723326794e-01, 1.622227486363e-06, 2.7581e+01, 8.5831e-01, 
 2DIAGNOSTIC,    19, -3.966715286738e-01, 1.516687062636e-06, 2.8340e+01, 7.5899e-01, 
 2DIAGNOSTIC,    20, -3.966702532710e-01, 1.380875875777e-06, 2.9099e+01, 7.5900e-01, 
 2DIAGNOSTIC,    21, -3.966701290521e-01, 1.261645627859e-06, 2.9857e+01, 7.5792e-01, 
 2DIAGNOSTIC,    22, -3.966697698313e-01, 1.163314329262e-06, 3.0616e+01, 7.5912e-01, 
 2DIAGNOSTIC,    23, -3.966692993742e-01, 1.071403117760e-06, 3.1375e+01, 7.5831e-01, 
DIAGNOSTIC,Iteration,metricValue,convergenceValue,ITERATION_TIME_INDEX,SINCE_LAST
 2DIAGNOSTIC,     1, -3.637358728146e-01, 1.797693134862e+308, 3.6304e+01, 4.9290e+00, 
  Elapsed time (stage 0): 3.7003e+01


Stage 1
  iterations = 1000x500x250x0
  convergence threshold = 1.0000e-06
  convergence window size = 10
  number of levels = 4
  using the Mattes MI metric (number of bins = 32, weight = 1.0000e+00, use gradient filter = 0)
  preprocessing:  winsorizing the image intensities
  Shrink factors (level 1 out of 4): [8, 8, 8]
  Shrink factors (level 2 out of 4): [4, 4, 4]
  Shrink factors (level 3 out of 4): [2, 2, 2]
  Shrink factors (level 4 out of 4): [1, 1, 1]
  smoothing sigmas per level: [3, 2, 1, 0]
  regular sampling (percentage = 2.5000e-01)

*** Running AffineTransform registration ***

DIAGNOSTIC,Iteration,metricValue,convergenceValue,ITERATION_TIME_INDEX,SINCE_LAST
 2DIAGNOSTIC,     1, -5.435996742630e-01, 1.797693134862e+308, 3.7303e+00, 3.7303e+00, 
 2DIAGNOSTIC,     2, -5.457119196776e-01, 1.797693134862e+308, 3.7394e+00, 9.0950e-03, 
 2DIAGNOSTIC,     3, -5.494820924352e-01, 1.797693134862e+308, 3.7485e+00, 9.1350e-03, 
 2DIAGNOSTIC,     4, -5.555597536381e-01, 1.797693134862e+308, 3.7579e+00, 9.3811e-03, 
 2DIAGNOSTIC,     5, -5.711946659333e-01, 1.797693134862e+308, 3.7671e+00, 9.2220e-03, 
 2DIAGNOSTIC,     6, -5.898091617202e-01, 1.797693134862e+308, 3.7767e+00, 9.5651e-03, 
 2DIAGNOSTIC,     7, -6.456437671270e-01, 1.797693134862e+308, 3.7903e+00, 1.3592e-02, 
 2DIAGNOSTIC,     8, -7.181182226177e-01, 1.797693134862e+308, 3.8001e+00, 9.8000e-03, 
 2DIAGNOSTIC,     9, -7.583865886329e-01, 1.797693134862e+308, 3.8100e+00, 9.8999e-03, 
 2DIAGNOSTIC,    10, -7.812484104646e-01, 2.665772791458e-02, 3.8260e+00, 1.6038e-02, 
 2DIAGNOSTIC,    11, -7.877606638882e-01, 2.681440293573e-02, 3.8374e+00, 1.1374e-02, 
 2DIAGNOSTIC,    12, -7.931295837570e-01, 2.482355855909e-02, 3.8471e+00, 9.7380e-03, 
 2DIAGNOSTIC,    13, -8.096826121672e-01, 2.158954897234e-02, 3.8571e+00, 9.9800e-03, 
 2DIAGNOSTIC,    14, -8.183701986936e-01, 1.738646512711e-02, 3.8669e+00, 9.8372e-03, 
 2DIAGNOSTIC,    15, -8.222215806433e-01, 1.284274064314e-02, 3.8793e+00, 1.2389e-02, 
 2DIAGNOSTIC,    16, -8.249055976469e-01, 8.350538979118e-03, 3.8938e+00, 1.4479e-02, 
 2DIAGNOSTIC,    17, -8.251675662908e-01, 5.023478270351e-03, 3.9037e+00, 9.9061e-03, 
 2DIAGNOSTIC,    18, -8.258886841568e-01, 3.273972568012e-03, 3.9134e+00, 9.7010e-03, 
 2DIAGNOSTIC,    19, -8.267022536656e-01, 2.281033398244e-03, 3.9231e+00, 9.6869e-03, 
 2DIAGNOSTIC,    20, -8.274488448544e-01, 1.657636827614e-03, 3.9328e+00, 9.6631e-03, 
 2DIAGNOSTIC,    21, -8.279731903743e-01, 1.082213494308e-03, 3.9436e+00, 1.0818e-02, 
 2DIAGNOSTIC,    22, -8.283314885580e-01, 5.614512711315e-04, 3.9604e+00, 1.6770e-02, 
 2DIAGNOSTIC,    23, -8.283510625718e-01, 3.154697549517e-04, 3.9700e+00, 9.6841e-03, 
 2DIAGNOSTIC,    24, -8.284264001509e-01, 2.023475244905e-04, 3.9797e+00, 9.6509e-03, 
 2DIAGNOSTIC,    25, -8.284938272018e-01, 1.393958305197e-04, 3.9893e+00, 9.6569e-03, 
 2DIAGNOSTIC,    26, -8.285624435397e-01, 1.092614885958e-04, 3.9990e+00, 9.6412e-03, 
 2DIAGNOSTIC,    27, -8.286647295180e-01, 7.650054448512e-05, 4.0087e+00, 9.6741e-03, 
 2DIAGNOSTIC,    28, -8.288398354172e-01, 5.123688534958e-05, 4.0194e+00, 1.0749e-02, 
 2DIAGNOSTIC,    29, -8.289077916443e-01, 3.446043067255e-05, 4.0357e+00, 1.6309e-02, 
 2DIAGNOSTIC,    30, -8.289097335024e-01, 2.501610597688e-05, 4.0453e+00, 9.6281e-03, 
 2DIAGNOSTIC,    31, -8.289218186614e-01, 2.037958054045e-05, 4.0552e+00, 9.8140e-03, 
 2DIAGNOSTIC,    32, -8.289368142362e-01, 1.858865553022e-05, 4.0648e+00, 9.5980e-03, 
 2DIAGNOSTIC,    33, -8.289537944083e-01, 1.562595754633e-05, 4.0745e+00, 9.7442e-03, 
 2DIAGNOSTIC,    34, -8.289755907160e-01, 1.251744674908e-05, 4.0841e+00, 9.6180e-03, 
 2DIAGNOSTIC,    35, -8.290036300609e-01, 9.537915812360e-06, 4.0949e+00, 1.0769e-02, 
 2DIAGNOSTIC,    36, -8.290664829802e-01, 7.272412638787e-06, 4.1090e+00, 1.4105e-02, 
 2DIAGNOSTIC,    37, -8.290671772655e-01, 5.508935102417e-06, 4.1385e+00, 2.9473e-02, 
 2DIAGNOSTIC,    38, -8.290671772620e-01, 5.096492637292e-06, 4.1684e+00, 2.9893e-02, 
 2DIAGNOSTIC,    39, -8.290671772620e-01, 4.955482870092e-06, 4.1813e+00, 1.2966e-02, 
 2DIAGNOSTIC,    40, -8.290671772620e-01, 4.445155412303e-06, 4.1921e+00, 1.0741e-02, 
 2DIAGNOSTIC,    41, -8.290671772620e-01, 3.717656493145e-06, 4.2028e+00, 1.0754e-02, 
 2DIAGNOSTIC,    42, -8.290671772620e-01, 2.882076691309e-06, 4.2146e+00, 1.1745e-02, 
 2DIAGNOSTIC,    43, -8.290671772620e-01, 2.040364961226e-06, 4.2252e+00, 1.0683e-02, 
 2DIAGNOSTIC,    44, -8.290671772620e-01, 1.300007392832e-06, 4.2360e+00, 1.0705e-02, 
DIAGNOSTIC,Iteration,metricValue,convergenceValue,ITERATION_TIME_INDEX,SINCE_LAST
 2DIAGNOSTIC,     1, -6.802419577681e-01, 1.797693134862e+308, 8.0908e+00, 3.8548e+00, 
 2DIAGNOSTIC,     2, -6.810432798180e-01, 1.797693134862e+308, 8.2055e+00, 1.1475e-01, 
 2DIAGNOSTIC,     3, -6.819290488004e-01, 1.797693134862e+308, 8.3200e+00, 1.1446e-01, 
 2DIAGNOSTIC,     4, -6.828992663078e-01, 1.797693134862e+308, 8.4344e+00, 1.1437e-01, 
 2DIAGNOSTIC,     5, -6.840059504997e-01, 1.797693134862e+308, 8.5488e+00, 1.1445e-01, 
 2DIAGNOSTIC,     6, -6.854516309391e-01, 1.797693134862e+308, 8.6803e+00, 1.3152e-01, 
 2DIAGNOSTIC,     7, -6.855710949843e-01, 1.797693134862e+308, 8.8462e+00, 1.6581e-01, 
 2DIAGNOSTIC,     8, -6.856000594186e-01, 1.797693134862e+308, 8.9606e+00, 1.1448e-01, 
 2DIAGNOSTIC,     9, -6.857442434233e-01, 1.797693134862e+308, 9.0926e+00, 1.3198e-01, 
 2DIAGNOSTIC,    10, -6.858304056285e-01, 5.750226363323e-04, 9.2073e+00, 1.1467e-01, 
 2DIAGNOSTIC,    11, -6.858508680583e-01, 4.175384814152e-04, 9.3390e+00, 1.3173e-01, 
 2DIAGNOSTIC,    12, -6.858685402625e-01, 2.775330200683e-04, 9.4711e+00, 1.3204e-01, 
 2DIAGNOSTIC,    13, -6.858780724568e-01, 1.631854380892e-04, 9.5857e+00, 1.1464e-01, 
 2DIAGNOSTIC,    14, -6.858867734837e-01, 7.920412493750e-05, 9.7696e+00, 1.8389e-01, 
 2DIAGNOSTIC,    15, -6.858877623918e-01, 2.893344519408e-05, 9.8847e+00, 1.1513e-01, 
 2DIAGNOSTIC,    16, -6.858920124178e-01, 2.008953945540e-05, 1.0017e+01, 1.3198e-01, 
 2DIAGNOSTIC,    17, -6.858924004278e-01, 1.359579351597e-05, 1.0132e+01, 1.1484e-01, 
 2DIAGNOSTIC,    18, -6.858925135901e-01, 7.344166522823e-06, 1.0246e+01, 1.1463e-01, 
 2DIAGNOSTIC,    19, -6.858931936634e-01, 4.354683039338e-06, 1.0361e+01, 1.1456e-01, 
 2DIAGNOSTIC,    20, -6.858946636790e-01, 3.227986914815e-06, 1.0475e+01, 1.1463e-01, 
 2DIAGNOSTIC,    21, -6.858963424318e-01, 2.486860309417e-06, 1.0899e+01, 4.2407e-01, 
 2DIAGNOSTIC,    22, -6.858963424229e-01, 2.052288308116e-06, 1.1014e+01, 1.1492e-01, 
 2DIAGNOSTIC,    23, -6.858963424666e-01, 1.768621385102e-06, 1.1129e+01, 1.1451e-01, 
 2DIAGNOSTIC,    24, -6.858963425406e-01, 1.623744148034e-06, 1.1243e+01, 1.1462e-01, 
 2DIAGNOSTIC,    25, -6.858963426656e-01, 1.476555090654e-06, 1.1358e+01, 1.1450e-01, 
 2DIAGNOSTIC,    26, -6.858963428769e-01, 1.388942361916e-06, 1.1473e+01, 1.1456e-01, 
 2DIAGNOSTIC,    27, -6.858963432338e-01, 1.298688841633e-06, 1.1587e+01, 1.1455e-01, 
 2DIAGNOSTIC,    28, -6.858963438365e-01, 1.205708933610e-06, 1.1702e+01, 1.1449e-01, 
 2DIAGNOSTIC,    29, -6.858963448530e-01, 1.122115764259e-06, 1.1816e+01, 1.1482e-01, 
 2DIAGNOSTIC,    30, -6.858963465648e-01, 1.061507037589e-06, 1.1931e+01, 1.1475e-01, 
 2DIAGNOSTIC,    31, -6.858963494389e-01, 1.027301619036e-06, 1.2046e+01, 1.1475e-01, 
DIAGNOSTIC,Iteration,metricValue,convergenceValue,ITERATION_TIME_INDEX,SINCE_LAST
 2DIAGNOSTIC,     1, -5.923850994570e-01, 1.797693134862e+308, 1.6634e+01, 4.5880e+00, 
 2DIAGNOSTIC,     2, -5.927323376194e-01, 1.797693134862e+308, 1.7343e+01, 7.0905e-01, 
 2DIAGNOSTIC,     3, -5.929122221366e-01, 1.797693134862e+308, 1.8053e+01, 7.0993e-01, 
 2DIAGNOSTIC,     4, -5.930801563450e-01, 1.797693134862e+308, 1.8762e+01, 7.0883e-01, 
 2DIAGNOSTIC,     5, -5.932337928288e-01, 1.797693134862e+308, 1.9469e+01, 7.0737e-01, 
 2DIAGNOSTIC,     6, -5.932929000419e-01, 1.797693134862e+308, 2.0593e+01, 1.1242e+00, 
 2DIAGNOSTIC,     7, -5.933140074405e-01, 1.797693134862e+308, 2.1301e+01, 7.0789e-01, 
 2DIAGNOSTIC,     8, -5.933220476451e-01, 1.797693134862e+308, 2.2009e+01, 7.0769e-01, 
 2DIAGNOSTIC,     9, -5.933348374179e-01, 1.797693134862e+308, 2.2821e+01, 8.1189e-01, 
 2DIAGNOSTIC,    10, -5.933387477836e-01, 9.359063478107e-05, 2.4051e+01, 1.2298e+00, 
 2DIAGNOSTIC,    11, -5.933393884190e-01, 5.530485108787e-05, 2.4758e+01, 7.0792e-01, 
