Exception caught during reference file reading 

itk::ImageFileReaderException (0x55ec8a3bac80)
Location: "unknown" 
File: /ants/build/staging/include/ITK-5.3/itkImageFileReader.hxx
Line: 132
Description:  Could not create IO object for reading file /template
  Tried to create one of the following:
    BMPImageIO
    BioRadImageIO
    Bruker2dseqImageIO
    GDCMImageIO
    GE4ImageIO
    GE5ImageIO
    GiplImageIO
    HDF5ImageIO
    JPEGImageIO
    JPEG2000ImageIO
    LSMImageIO
    MGHImageIO
    MINCImageIO
    MRCImageIO
    MetaImageIO
    NiftiImageIO
    NrrdImageIO
    PNGImageIO
    StimulateImageIO
    TIFFImageIO
    VTKImageIO
  You probably failed to set a file suffix, or
    set the suffix to an unsupported type.


 file /template
Exception Object caught: 

itk::ExceptionObject (0x55ec8a3bac80)
Location: "unknown" 
File: /ants/build/staging/include/ITK-5.3/itkCenteredTransformInitializer.hxx
Line: 31
Description: ITK ERROR: CenteredTransformInitializer(0x55ec8a3ba440): Fixed Image has not been set


mv: cannot stat '/transformation/sub-003S6067_ses-01/warped_source_0GenericAffine.mat': No such file or directory
Exception caught during reference file reading 

itk::ImageFileReaderException (0x5566748bfc80)
Location: "unknown" 
File: /ants/build/staging/include/ITK-5.3/itkImageFileReader.hxx
Line: 132
Description:  Could not create IO object for reading file /template
  Tried to create one of the following:
    BMPImageIO
    BioRadImageIO
    Bruker2dseqImageIO
    GDCMImageIO
    GE4ImageIO
    GE5ImageIO
    GiplImageIO
    HDF5ImageIO
    JPEGImageIO
    JPEG2000ImageIO
    LSMImageIO
    MGHImageIO
    MINCImageIO
    MRCImageIO
    MetaImageIO
    NiftiImageIO
    NrrdImageIO
    PNGImageIO
    StimulateImageIO
    TIFFImageIO
    VTKImageIO
  You probably failed to set a file suffix, or
    set the suffix to an unsupported type.


 file /template
Exception Object caught: 

itk::ExceptionObject (0x5566748bfc80)
Location: "unknown" 
File: /ants/build/staging/include/ITK-5.3/itkCenteredTransformInitializer.hxx
Line: 31
Description: ITK ERROR: CenteredTransformInitializer(0x5566748bf440): Fixed Image has not been set


mv: cannot stat '/transformation/sub-003S6067_ses-02/warped_target_0GenericAffine.mat': No such file or directory
Exception caught during reference file reading 

itk::ImageFileReaderException (0x55fa4c344c80)
Location: "unknown" 
File: /ants/build/staging/include/ITK-5.3/itkImageFileReader.hxx
Line: 132
Description:  Could not create IO object for reading file /template
  Tried to create one of the following:
    BMPImageIO
    BioRadImageIO
    Bruker2dseqImageIO
    GDCMImageIO
    GE4ImageIO
    GE5ImageIO
    GiplImageIO
    HDF5ImageIO
    JPEGImageIO
    JPEG2000ImageIO
    LSMImageIO
    MGHImageIO
    MINCImageIO
    MRCImageIO
    MetaImageIO
    NiftiImageIO
    NrrdImageIO
    PNGImageIO
    StimulateImageIO
    TIFFImageIO
    VTKImageIO
  You probably failed to set a file suffix, or
    set the suffix to an unsupported type.


 file /template
Exception Object caught: 

itk::ExceptionObject (0x55fa4c344c80)
Location: "unknown" 
File: /ants/build/staging/include/ITK-5.3/itkCenteredTransformInitializer.hxx
Line: 31
Description: ITK ERROR: CenteredTransformInitializer(0x55fa4c344440): Fixed Image has not been set


mv: cannot stat '/transformation/sub-006S6277_ses-01/warped_source_0GenericAffine.mat': No such file or directory
Exception caught during reference file reading 

itk::ImageFileReaderException (0x561961ba1c80)
Location: "unknown" 
File: /ants/build/staging/include/ITK-5.3/itkImageFileReader.hxx
Line: 132
Description:  Could not create IO object for reading file /template
  Tried to create one of the following:
    BMPImageIO
    BioRadImageIO
    Bruker2dseqImageIO
    GDCMImageIO
    GE4ImageIO
    GE5ImageIO
    GiplImageIO
    HDF5ImageIO
    JPEGImageIO
    JPEG2000ImageIO
    LSMImageIO
    MGHImageIO
    MINCImageIO
    MRCImageIO
    MetaImageIO
    NiftiImageIO
    NrrdImageIO
    PNGImageIO
    StimulateImageIO
    TIFFImageIO
    VTKImageIO
  You probably failed to set a file suffix, or
    set the suffix to an unsupported type.


 file /template
Exception Object caught: 

itk::ExceptionObject (0x561961ba1c80)
Location: "unknown" 
File: /ants/build/staging/include/ITK-5.3/itkCenteredTransformInitializer.hxx
Line: 31
Description: ITK ERROR: CenteredTransformInitializer(0x561961ba1440): Fixed Image has not been set


mv: cannot stat '/transformation/sub-006S6277_ses-02/warped_target_0GenericAffine.mat': No such file or directory
Exception caught during reference file reading 

itk::ImageFileReaderException (0x5642679a3c80)
Location: "unknown" 
File: /ants/build/staging/include/ITK-5.3/itkImageFileReader.hxx
Line: 132
Description:  Could not create IO object for reading file /template
  Tried to create one of the following:
    BMPImageIO
    BioRadImageIO
    Bruker2dseqImageIO
    GDCMImageIO
    GE4ImageIO
    GE5ImageIO
    GiplImageIO
    HDF5ImageIO
    JPEGImageIO
    JPEG2000ImageIO
    LSMImageIO
    MGHImageIO
    MINCImageIO
    MRCImageIO
    MetaImageIO
    NiftiImageIO
    NrrdImageIO
    PNGImageIO
    StimulateImageIO
    TIFFImageIO
    VTKImageIO
  You probably failed to set a file suffix, or
    set the suffix to an unsupported type.


 file /template
Exception Object caught: 

itk::ExceptionObject (0x5642679a3c80)
Location: "unknown" 
File: /ants/build/staging/include/ITK-5.3/itkCenteredTransformInitializer.hxx
Line: 31
Description: ITK ERROR: CenteredTransformInitializer(0x5642679a3440): Fixed Image has not been set


mv: cannot stat '/transformation/sub-011S6367_ses-01/warped_source_0GenericAffine.mat': No such file or directory
Exception caught during reference file reading 

itk::ImageFileReaderException (0x562c1ef7cc80)
Location: "unknown" 
File: /ants/build/staging/include/ITK-5.3/itkImageFileReader.hxx
Line: 132
Description:  Could not create IO object for reading file /template
  Tried to create one of the following:
    BMPImageIO
    BioRadImageIO
    Bruker2dseqImageIO
    GDCMImageIO
    GE4ImageIO
    GE5ImageIO
    GiplImageIO
    HDF5ImageIO
    JPEGImageIO
    JPEG2000ImageIO
    LSMImageIO
    MGHImageIO
    MINCImageIO
    MRCImageIO
    MetaImageIO
    NiftiImageIO
    NrrdImageIO
    PNGImageIO
    StimulateImageIO
    TIFFImageIO
    VTKImageIO
  You probably failed to set a file suffix, or
    set the suffix to an unsupported type.


 file /template
Exception Object caught: 

itk::ExceptionObject (0x562c1ef7cc80)
Location: "unknown" 
File: /ants/build/staging/include/ITK-5.3/itkCenteredTransformInitializer.hxx
Line: 31
Description: ITK ERROR: CenteredTransformInitializer(0x562c1ef7c440): Fixed Image has not been set


mv: cannot stat '/transformation/sub-011S6367_ses-02/warped_target_0GenericAffine.mat': No such file or directory
Exception caught during reference file reading 

itk::ImageFileReaderException (0x55910dc86c80)
Location: "unknown" 
File: /ants/build/staging/include/ITK-5.3/itkImageFileReader.hxx
Line: 132
Description:  Could not create IO object for reading file /template
  Tried to create one of the following:
    BMPImageIO
    BioRadImageIO
    Bruker2dseqImageIO
    GDCMImageIO
    GE4ImageIO
    GE5ImageIO
    GiplImageIO
    HDF5ImageIO
    JPEGImageIO
    JPEG2000ImageIO
    LSMImageIO
    MGHImageIO
    MINCImageIO
    MRCImageIO
    MetaImageIO
    NiftiImageIO
    NrrdImageIO
    PNGImageIO
    StimulateImageIO
    TIFFImageIO
    VTKImageIO
  You probably failed to set a file suffix, or
    set the suffix to an unsupported type.


 file /template
Exception Object caught: 

itk::ExceptionObject (0x55910dc86c80)
Location: "unknown" 
File: /ants/build/staging/include/ITK-5.3/itkCenteredTransformInitializer.hxx
Line: 31
Description: ITK ERROR: CenteredTransformInitializer(0x55910dc86440): Fixed Image has not been set


mv: cannot stat '/transformation/sub-011S6465_ses-01/warped_source_0GenericAffine.mat': No such file or directory
Exception caught during reference file reading 

itk::ImageFileReaderException (0x56528b003c80)
Location: "unknown" 
File: /ants/build/staging/include/ITK-5.3/itkImageFileReader.hxx
Line: 132
Description:  Could not create IO object for reading file /template
  Tried to create one of the following:
    BMPImageIO
    BioRadImageIO
    Bruker2dseqImageIO
    GDCMImageIO
    GE4ImageIO
    GE5ImageIO
    GiplImageIO
    HDF5ImageIO
    JPEGImageIO
    JPEG2000ImageIO
    LSMImageIO
    MGHImageIO
    MINCImageIO
    MRCImageIO
    MetaImageIO
    NiftiImageIO
    NrrdImageIO
    PNGImageIO
    StimulateImageIO
    TIFFImageIO
    VTKImageIO
  You probably failed to set a file suffix, or
    set the suffix to an unsupported type.


 file /template
Exception Object caught: 

itk::ExceptionObject (0x56528b003c80)
Location: "unknown" 
File: /ants/build/staging/include/ITK-5.3/itkCenteredTransformInitializer.hxx
Line: 31
Description: ITK ERROR: CenteredTransformInitializer(0x56528b003440): Fixed Image has not been set


mv: cannot stat '/transformation/sub-011S6465_ses-02/warped_target_0GenericAffine.mat': No such file or directory
Exception caught during reference file reading 

itk::ImageFileReaderException (0x55d3f0649c80)
Location: "unknown" 
File: /ants/build/staging/include/ITK-5.3/itkImageFileReader.hxx
Line: 132
Description:  Could not create IO object for reading file /template
  Tried to create one of the following:
    BMPImageIO
    BioRadImageIO
    Bruker2dseqImageIO
    GDCMImageIO
    GE4ImageIO
    GE5ImageIO
    GiplImageIO
    HDF5ImageIO
    JPEGImageIO
    JPEG2000ImageIO
    LSMImageIO
    MGHImageIO
    MINCImageIO
    MRCImageIO
    MetaImageIO
    NiftiImageIO
    NrrdImageIO
    PNGImageIO
    StimulateImageIO
    TIFFImageIO
    VTKImageIO
  You probably failed to set a file suffix, or
    set the suffix to an unsupported type.


 file /template
Exception Object caught: 

itk::ExceptionObject (0x55d3f0649c80)
Location: "unknown" 
File: /ants/build/staging/include/ITK-5.3/itkCenteredTransformInitializer.hxx
Line: 31
Description: ITK ERROR: CenteredTransformInitializer(0x55d3f0649440): Fixed Image has not been set


mv: cannot stat '/transformation/sub-014S6145_ses-01/warped_source_0GenericAffine.mat': No such file or directory
Exception caught during reference file reading 

itk::ImageFileReaderException (0x55e081352c80)
Location: "unknown" 
File: /ants/build/staging/include/ITK-5.3/itkImageFileReader.hxx
Line: 132
Description:  Could not create IO object for reading file /template
  Tried to create one of the following:
    BMPImageIO
    BioRadImageIO
    Bruker2dseqImageIO
    GDCMImageIO
    GE4ImageIO
    GE5ImageIO
    GiplImageIO
    HDF5ImageIO
    JPEGImageIO
    JPEG2000ImageIO
    LSMImageIO
    MGHImageIO
    MINCImageIO
    MRCImageIO
    MetaImageIO
    NiftiImageIO
    NrrdImageIO
    PNGImageIO
    StimulateImageIO
    TIFFImageIO
    VTKImageIO
  You probably failed to set a file suffix, or
    set the suffix to an unsupported type.


 file /template
Exception Object caught: 

itk::ExceptionObject (0x55e081352c80)
Location: "unknown" 
File: /ants/build/staging/include/ITK-5.3/itkCenteredTransformInitializer.hxx
Line: 31
Description: ITK ERROR: CenteredTransformInitializer(0x55e081352440): Fixed Image has not been set


mv: cannot stat '/transformation/sub-014S6145_ses-02/warped_target_0GenericAffine.mat': No such file or directory
Exception caught during reference file reading 

itk::ImageFileReaderException (0x5581f8a4cc80)
Location: "unknown" 
File: /ants/build/staging/include/ITK-5.3/itkImageFileReader.hxx
Line: 132
Description:  Could not create IO object for reading file /template
  Tried to create one of the following:
    BMPImageIO
    BioRadImageIO
    Bruker2dseqImageIO
    GDCMImageIO
    GE4ImageIO
    GE5ImageIO
    GiplImageIO
    HDF5ImageIO
    JPEGImageIO
    JPEG2000ImageIO
    LSMImageIO
    MGHImageIO
    MINCImageIO
    MRCImageIO
    MetaImageIO
    NiftiImageIO
    NrrdImageIO
    PNGImageIO
    StimulateImageIO
    TIFFImageIO
    VTKImageIO
  You probably failed to set a file suffix, or
    set the suffix to an unsupported type.


 file /template
Exception Object caught: 

itk::ExceptionObject (0x5581f8a4cc80)
Location: "unknown" 
File: /ants/build/staging/include/ITK-5.3/itkCenteredTransformInitializer.hxx
Line: 31
Description: ITK ERROR: CenteredTransformInitializer(0x5581f8a4c440): Fixed Image has not been set


mv: cannot stat '/transformation/sub-014S6145_ses-01/warped_source_0GenericAffine.mat': No such file or directory
Exception caught during reference file reading 

itk::ImageFileReaderException (0x556d810bfc80)
Location: "unknown" 
File: /ants/build/staging/include/ITK-5.3/itkImageFileReader.hxx
Line: 132
Description:  Could not create IO object for reading file /template
  Tried to create one of the following:
    BMPImageIO
    BioRadImageIO
    Bruker2dseqImageIO
    GDCMImageIO
    GE4ImageIO
    GE5ImageIO
    GiplImageIO
    HDF5ImageIO
    JPEGImageIO
    JPEG2000ImageIO
    LSMImageIO
    MGHImageIO
    MINCImageIO
    MRCImageIO
    MetaImageIO
    NiftiImageIO
    NrrdImageIO
    PNGImageIO
    StimulateImageIO
    TIFFImageIO
    VTKImageIO
  You probably failed to set a file suffix, or
    set the suffix to an unsupported type.


 file /template
Exception Object caught: 

itk::ExceptionObject (0x556d810bfc80)
Location: "unknown" 
File: /ants/build/staging/include/ITK-5.3/itkCenteredTransformInitializer.hxx
Line: 31
Description: ITK ERROR: CenteredTransformInitializer(0x556d810bf440): Fixed Image has not been set


mv: cannot stat '/transformation/sub-014S6145_ses-03/warped_target_0GenericAffine.mat': No such file or directory
Exception caught during reference file reading 

itk::ImageFileReaderException (0x5577178d3c80)
Location: "unknown" 
File: /ants/build/staging/include/ITK-5.3/itkImageFileReader.hxx
Line: 132
Description:  Could not create IO object for reading file /template
  Tried to create one of the following:
    BMPImageIO
    BioRadImageIO
    Bruker2dseqImageIO
    GDCMImageIO
    GE4ImageIO
    GE5ImageIO
    GiplImageIO
    HDF5ImageIO
    JPEGImageIO
    JPEG2000ImageIO
    LSMImageIO
    MGHImageIO
    MINCImageIO
    MRCImageIO
    MetaImageIO
    NiftiImageIO
    NrrdImageIO
    PNGImageIO
    StimulateImageIO
    TIFFImageIO
    VTKImageIO
  You probably failed to set a file suffix, or
    set the suffix to an unsupported type.


 file /template
Exception Object caught: 

itk::ExceptionObject (0x5577178d3c80)
Location: "unknown" 
File: /ants/build/staging/include/ITK-5.3/itkCenteredTransformInitializer.hxx
Line: 31
Description: ITK ERROR: CenteredTransformInitializer(0x5577178d3440): Fixed Image has not been set


mv: cannot stat '/transformation/sub-014S6145_ses-02/warped_source_0GenericAffine.mat': No such file or directory
Exception caught during reference file reading 

itk::ImageFileReaderException (0x564b73e20c80)
Location: "unknown" 
File: /ants/build/staging/include/ITK-5.3/itkImageFileReader.hxx
Line: 132
Description:  Could not create IO object for reading file /template
  Tried to create one of the following:
    BMPImageIO
    BioRadImageIO
    Bruker2dseqImageIO
    GDCMImageIO
    GE4ImageIO
    GE5ImageIO
    GiplImageIO
    HDF5ImageIO
    JPEGImageIO
    JPEG2000ImageIO
    LSMImageIO
    MGHImageIO
    MINCImageIO
    MRCImageIO
    MetaImageIO
    NiftiImageIO
    NrrdImageIO
    PNGImageIO
    StimulateImageIO
    TIFFImageIO
    VTKImageIO
  You probably failed to set a file suffix, or
    set the suffix to an unsupported type.


 file /template
Exception Object caught: 

itk::ExceptionObject (0x564b73e20c80)
Location: "unknown" 
File: /ants/build/staging/include/ITK-5.3/itkCenteredTransformInitializer.hxx
Line: 31
Description: ITK ERROR: CenteredTransformInitializer(0x564b73e20440): Fixed Image has not been set


mv: cannot stat '/transformation/sub-014S6145_ses-03/warped_target_0GenericAffine.mat': No such file or directory
Exception caught during reference file reading 

itk::ImageFileReaderException (0x55773fc99c80)
Location: "unknown" 
File: /ants/build/staging/include/ITK-5.3/itkImageFileReader.hxx
Line: 132
Description:  Could not create IO object for reading file /template
  Tried to create one of the following:
    BMPImageIO
    BioRadImageIO
    Bruker2dseqImageIO
    GDCMImageIO
    GE4ImageIO
    GE5ImageIO
    GiplImageIO
    HDF5ImageIO
    JPEGImageIO
    JPEG2000ImageIO
    LSMImageIO
    MGHImageIO
    MINCImageIO
    MRCImageIO
    MetaImageIO
    NiftiImageIO
    NrrdImageIO
    PNGImageIO
    StimulateImageIO
    TIFFImageIO
    VTKImageIO
  You probably failed to set a file suffix, or
    set the suffix to an unsupported type.


 file /template
Exception Object caught: 

itk::ExceptionObject (0x55773fc99c80)
Location: "unknown" 
File: /ants/build/staging/include/ITK-5.3/itkCenteredTransformInitializer.hxx
Line: 31
Description: ITK ERROR: CenteredTransformInitializer(0x55773fc99440): Fixed Image has not been set


mv: cannot stat '/transformation/sub-014S6199_ses-01/warped_source_0GenericAffine.mat': No such file or directory
Exception caught during reference file reading 

itk::ImageFileReaderException (0x556af6962c80)
Location: "unknown" 
File: /ants/build/staging/include/ITK-5.3/itkImageFileReader.hxx
Line: 132
Description:  Could not create IO object for reading file /template
  Tried to create one of the following:
    BMPImageIO
    BioRadImageIO
    Bruker2dseqImageIO
    GDCMImageIO
    GE4ImageIO
    GE5ImageIO
    GiplImageIO
    HDF5ImageIO
    JPEGImageIO
    JPEG2000ImageIO
    LSMImageIO
    MGHImageIO
    MINCImageIO
    MRCImageIO
    MetaImageIO
    NiftiImageIO
    NrrdImageIO
    PNGImageIO
    StimulateImageIO
    TIFFImageIO
    VTKImageIO
  You probably failed to set a file suffix, or
    set the suffix to an unsupported type.


 file /template
Exception Object caught: 

itk::ExceptionObject (0x556af6962c80)
Location: "unknown" 
File: /ants/build/staging/include/ITK-5.3/itkCenteredTransformInitializer.hxx
Line: 31
Description: ITK ERROR: CenteredTransformInitializer(0x556af6962440): Fixed Image has not been set


mv: cannot stat '/transformation/sub-014S6199_ses-02/warped_target_0GenericAffine.mat': No such file or directory
Exception caught during reference file reading 

itk::ImageFileReaderException (0x55d10aca5c80)
Location: "unknown" 
File: /ants/build/staging/include/ITK-5.3/itkImageFileReader.hxx
Line: 132
Description:  Could not create IO object for reading file /template
  Tried to create one of the following:
    BMPImageIO
    BioRadImageIO
    Bruker2dseqImageIO
    GDCMImageIO
    GE4ImageIO
    GE5ImageIO
    GiplImageIO
    HDF5ImageIO
    JPEGImageIO
    JPEG2000ImageIO
    LSMImageIO
    MGHImageIO
    MINCImageIO
    MRCImageIO
    MetaImageIO
    NiftiImageIO
    NrrdImageIO
    PNGImageIO
    StimulateImageIO
    TIFFImageIO
    VTKImageIO
  You probably failed to set a file suffix, or
    set the suffix to an unsupported type.


 file /template
Exception Object caught: 

itk::ExceptionObject (0x55d10aca5c80)
Location: "unknown" 
File: /ants/build/staging/include/ITK-5.3/itkCenteredTransformInitializer.hxx
Line: 31
Description: ITK ERROR: CenteredTransformInitializer(0x55d10aca5440): Fixed Image has not been set


mv: cannot stat '/transformation/sub-014S6437_ses-01/warped_source_0GenericAffine.mat': No such file or directory
Exception caught during reference file reading 

itk::ImageFileReaderException (0x559c57d9cc80)
Location: "unknown" 
File: /ants/build/staging/include/ITK-5.3/itkImageFileReader.hxx
Line: 132
Description:  Could not create IO object for reading file /template
  Tried to create one of the following:
    BMPImageIO
    BioRadImageIO
    Bruker2dseqImageIO
    GDCMImageIO
    GE4ImageIO
    GE5ImageIO
    GiplImageIO
    HDF5ImageIO
    JPEGImageIO
    JPEG2000ImageIO
    LSMImageIO
    MGHImageIO
    MINCImageIO
    MRCImageIO
    MetaImageIO
    NiftiImageIO
    NrrdImageIO
    PNGImageIO
    StimulateImageIO
    TIFFImageIO
    VTKImageIO
  You probably failed to set a file suffix, or
    set the suffix to an unsupported type.


 file /template
Exception Object caught: 

itk::ExceptionObject (0x559c57d9cc80)
Location: "unknown" 
File: /ants/build/staging/include/ITK-5.3/itkCenteredTransformInitializer.hxx
Line: 31
Description: ITK ERROR: CenteredTransformInitializer(0x559c57d9c440): Fixed Image has not been set


mv: cannot stat '/transformation/sub-014S6437_ses-02/warped_target_0GenericAffine.mat': No such file or directory
Exception caught during reference file reading 

itk::ImageFileReaderException (0x5555cec71c80)
Location: "unknown" 
File: /ants/build/staging/include/ITK-5.3/itkImageFileReader.hxx
Line: 132
Description:  Could not create IO object for reading file /template
  Tried to create one of the following:
    BMPImageIO
    BioRadImageIO
    Bruker2dseqImageIO
    GDCMImageIO
    GE4ImageIO
    GE5ImageIO
    GiplImageIO
    HDF5ImageIO
    JPEGImageIO
    JPEG2000ImageIO
    LSMImageIO
    MGHImageIO
    MINCImageIO
    MRCImageIO
    MetaImageIO
    NiftiImageIO
    NrrdImageIO
    PNGImageIO
    StimulateImageIO
    TIFFImageIO
    VTKImageIO
  You probably failed to set a file suffix, or
    set the suffix to an unsupported type.


 file /template
Exception Object caught: 

itk::ExceptionObject (0x5555cec71c80)
Location: "unknown" 
File: /ants/build/staging/include/ITK-5.3/itkCenteredTransformInitializer.hxx
Line: 31
Description: ITK ERROR: CenteredTransformInitializer(0x5555cec71440): Fixed Image has not been set


mv: cannot stat '/transformation/sub-016S6381_ses-01/warped_source_0GenericAffine.mat': No such file or directory
Exception caught during reference file reading 

itk::ImageFileReaderException (0x55e36b6b3c80)
Location: "unknown" 
File: /ants/build/staging/include/ITK-5.3/itkImageFileReader.hxx
Line: 132
Description:  Could not create IO object for reading file /template
  Tried to create one of the following:
    BMPImageIO
    BioRadImageIO
    Bruker2dseqImageIO
    GDCMImageIO
    GE4ImageIO
    GE5ImageIO
    GiplImageIO
    HDF5ImageIO
    JPEGImageIO
    JPEG2000ImageIO
    LSMImageIO
    MGHImageIO
    MINCImageIO
    MRCImageIO
    MetaImageIO
    NiftiImageIO
    NrrdImageIO
    PNGImageIO
    StimulateImageIO
    TIFFImageIO
    VTKImageIO
  You probably failed to set a file suffix, or
    set the suffix to an unsupported type.


 file /template
Exception Object caught: 

itk::ExceptionObject (0x55e36b6b3c80)
Location: "unknown" 
File: /ants/build/staging/include/ITK-5.3/itkCenteredTransformInitializer.hxx
Line: 31
Description: ITK ERROR: CenteredTransformInitializer(0x55e36b6b3440): Fixed Image has not been set


mv: cannot stat '/transformation/sub-016S6381_ses-02/warped_target_0GenericAffine.mat': No such file or directory
Exception caught during reference file reading 

itk::ImageFileReaderException (0x5610c533fc80)
Location: "unknown" 
File: /ants/build/staging/include/ITK-5.3/itkImageFileReader.hxx
Line: 132
Description:  Could not create IO object for reading file /template
  Tried to create one of the following:
    BMPImageIO
    BioRadImageIO
    Bruker2dseqImageIO
    GDCMImageIO
    GE4ImageIO
    GE5ImageIO
    GiplImageIO
    HDF5ImageIO
    JPEGImageIO
    JPEG2000ImageIO
    LSMImageIO
    MGHImageIO
    MINCImageIO
    MRCImageIO
    MetaImageIO
    NiftiImageIO
    NrrdImageIO
    PNGImageIO
    StimulateImageIO
    TIFFImageIO
    VTKImageIO
  You probably failed to set a file suffix, or
    set the suffix to an unsupported type.


 file /template
Exception Object caught: 

itk::ExceptionObject (0x5610c533fc80)
Location: "unknown" 
File: /ants/build/staging/include/ITK-5.3/itkCenteredTransformInitializer.hxx
Line: 31
Description: ITK ERROR: CenteredTransformInitializer(0x5610c533f440): Fixed Image has not been set


mv: cannot stat '/transformation/sub-020S6185_ses-01/warped_source_0GenericAffine.mat': No such file or directory
Exception caught during reference file reading 

itk::ImageFileReaderException (0x55ec4c6a2c80)
Location: "unknown" 
File: /ants/build/staging/include/ITK-5.3/itkImageFileReader.hxx
Line: 132
Description:  Could not create IO object for reading file /template
  Tried to create one of the following:
    BMPImageIO
    BioRadImageIO
    Bruker2dseqImageIO
    GDCMImageIO
    GE4ImageIO
    GE5ImageIO
    GiplImageIO
    HDF5ImageIO
    JPEGImageIO
    JPEG2000ImageIO
    LSMImageIO
    MGHImageIO
    MINCImageIO
    MRCImageIO
    MetaImageIO
    NiftiImageIO
    NrrdImageIO
    PNGImageIO
    StimulateImageIO
    TIFFImageIO
    VTKImageIO
  You probably failed to set a file suffix, or
    set the suffix to an unsupported type.


 file /template
Exception Object caught: 

itk::ExceptionObject (0x55ec4c6a2c80)
Location: "unknown" 
File: /ants/build/staging/include/ITK-5.3/itkCenteredTransformInitializer.hxx
Line: 31
Description: ITK ERROR: CenteredTransformInitializer(0x55ec4c6a2440): Fixed Image has not been set


mv: cannot stat '/transformation/sub-020S6185_ses-02/warped_target_0GenericAffine.mat': No such file or directory
Exception caught during reference file reading 

itk::ImageFileReaderException (0x561d44682c80)
Location: "unknown" 
File: /ants/build/staging/include/ITK-5.3/itkImageFileReader.hxx
Line: 132
Description:  Could not create IO object for reading file /template
  Tried to create one of the following:
    BMPImageIO
    BioRadImageIO
    Bruker2dseqImageIO
    GDCMImageIO
    GE4ImageIO
    GE5ImageIO
    GiplImageIO
    HDF5ImageIO
    JPEGImageIO
    JPEG2000ImageIO
    LSMImageIO
    MGHImageIO
    MINCImageIO
    MRCImageIO
    MetaImageIO
    NiftiImageIO
    NrrdImageIO
    PNGImageIO
    StimulateImageIO
    TIFFImageIO
    VTKImageIO
  You probably failed to set a file suffix, or
    set the suffix to an unsupported type.


 file /template
Exception Object caught: 

itk::ExceptionObject (0x561d44682c80)
Location: "unknown" 
File: /ants/build/staging/include/ITK-5.3/itkCenteredTransformInitializer.hxx
Line: 31
Description: ITK ERROR: CenteredTransformInitializer(0x561d44682440): Fixed Image has not been set


mv: cannot stat '/transformation/sub-020S6185_ses-01/warped_source_0GenericAffine.mat': No such file or directory
Exception caught during reference file reading 

itk::ImageFileReaderException (0x564333625c80)
Location: "unknown" 
File: /ants/build/staging/include/ITK-5.3/itkImageFileReader.hxx
Line: 132
Description:  Could not create IO object for reading file /template
  Tried to create one of the following:
    BMPImageIO
    BioRadImageIO
    Bruker2dseqImageIO
    GDCMImageIO
    GE4ImageIO
    GE5ImageIO
    GiplImageIO
    HDF5ImageIO
    JPEGImageIO
    JPEG2000ImageIO
    LSMImageIO
    MGHImageIO
    MINCImageIO
    MRCImageIO
    MetaImageIO
    NiftiImageIO
    NrrdImageIO
    PNGImageIO
    StimulateImageIO
    TIFFImageIO
    VTKImageIO
  You probably failed to set a file suffix, or
    set the suffix to an unsupported type.


 file /template
Exception Object caught: 

itk::ExceptionObject (0x564333625c80)
Location: "unknown" 
File: /ants/build/staging/include/ITK-5.3/itkCenteredTransformInitializer.hxx
Line: 31
Description: ITK ERROR: CenteredTransformInitializer(0x564333625440): Fixed Image has not been set


mv: cannot stat '/transformation/sub-020S6185_ses-03/warped_target_0GenericAffine.mat': No such file or directory
Exception caught during reference file reading 

itk::ImageFileReaderException (0x5611e52d9c80)
Location: "unknown" 
File: /ants/build/staging/include/ITK-5.3/itkImageFileReader.hxx
Line: 132
Description:  Could not create IO object for reading file /template
  Tried to create one of the following:
    BMPImageIO
    BioRadImageIO
    Bruker2dseqImageIO
    GDCMImageIO
    GE4ImageIO
    GE5ImageIO
    GiplImageIO
    HDF5ImageIO
    JPEGImageIO
    JPEG2000ImageIO
    LSMImageIO
    MGHImageIO
    MINCImageIO
    MRCImageIO
    MetaImageIO
    NiftiImageIO
    NrrdImageIO
    PNGImageIO
    StimulateImageIO
    TIFFImageIO
    VTKImageIO
  You probably failed to set a file suffix, or
    set the suffix to an unsupported type.


 file /template
Exception Object caught: 

itk::ExceptionObject (0x5611e52d9c80)
Location: "unknown" 
File: /ants/build/staging/include/ITK-5.3/itkCenteredTransformInitializer.hxx
Line: 31
Description: ITK ERROR: CenteredTransformInitializer(0x5611e52d9440): Fixed Image has not been set


mv: cannot stat '/transformation/sub-020S6185_ses-02/warped_source_0GenericAffine.mat': No such file or directory
Exception caught during reference file reading 

itk::ImageFileReaderException (0x5568473ccc80)
Location: "unknown" 
File: /ants/build/staging/include/ITK-5.3/itkImageFileReader.hxx
Line: 132
Description:  Could not create IO object for reading file /template
  Tried to create one of the following:
    BMPImageIO
    BioRadImageIO
    Bruker2dseqImageIO
    GDCMImageIO
    GE4ImageIO
    GE5ImageIO
    GiplImageIO
    HDF5ImageIO
    JPEGImageIO
    JPEG2000ImageIO
    LSMImageIO
    MGHImageIO
    MINCImageIO
    MRCImageIO
    MetaImageIO
    NiftiImageIO
    NrrdImageIO
    PNGImageIO
    StimulateImageIO
    TIFFImageIO
    VTKImageIO
  You probably failed to set a file suffix, or
    set the suffix to an unsupported type.


 file /template
Exception Object caught: 

itk::ExceptionObject (0x5568473ccc80)
Location: "unknown" 
File: /ants/build/staging/include/ITK-5.3/itkCenteredTransformInitializer.hxx
Line: 31
Description: ITK ERROR: CenteredTransformInitializer(0x5568473cc440): Fixed Image has not been set


mv: cannot stat '/transformation/sub-020S6185_ses-03/warped_target_0GenericAffine.mat': No such file or directory
Exception caught during reference file reading 

itk::ImageFileReaderException (0x561ba701dc80)
Location: "unknown" 
File: /ants/build/staging/include/ITK-5.3/itkImageFileReader.hxx
Line: 132
Description:  Could not create IO object for reading file /template
  Tried to create one of the following:
    BMPImageIO
    BioRadImageIO
    Bruker2dseqImageIO
    GDCMImageIO
    GE4ImageIO
    GE5ImageIO
    GiplImageIO
    HDF5ImageIO
    JPEGImageIO
    JPEG2000ImageIO
    LSMImageIO
    MGHImageIO
    MINCImageIO
    MRCImageIO
    MetaImageIO
    NiftiImageIO
    NrrdImageIO
    PNGImageIO
    StimulateImageIO
    TIFFImageIO
    VTKImageIO
  You probably failed to set a file suffix, or
    set the suffix to an unsupported type.


 file /template
Exception Object caught: 

itk::ExceptionObject (0x561ba701dc80)
Location: "unknown" 
File: /ants/build/staging/include/ITK-5.3/itkCenteredTransformInitializer.hxx
Line: 31
Description: ITK ERROR: CenteredTransformInitializer(0x561ba701d440): Fixed Image has not been set


mv: cannot stat '/transformation/sub-024S6005_ses-01/warped_source_0GenericAffine.mat': No such file or directory
Exception caught during reference file reading 

itk::ImageFileReaderException (0x5635991cfc80)
Location: "unknown" 
File: /ants/build/staging/include/ITK-5.3/itkImageFileReader.hxx
Line: 132
Description:  Could not create IO object for reading file /template
  Tried to create one of the following:
    BMPImageIO
    BioRadImageIO
    Bruker2dseqImageIO
    GDCMImageIO
    GE4ImageIO
    GE5ImageIO
    GiplImageIO
    HDF5ImageIO
    JPEGImageIO
    JPEG2000ImageIO
    LSMImageIO
    MGHImageIO
    MINCImageIO
    MRCImageIO
    MetaImageIO
    NiftiImageIO
    NrrdImageIO
    PNGImageIO
    StimulateImageIO
    TIFFImageIO
    VTKImageIO
  You probably failed to set a file suffix, or
    set the suffix to an unsupported type.


 file /template
Exception Object caught: 

itk::ExceptionObject (0x5635991cfc80)
Location: "unknown" 
File: /ants/build/staging/include/ITK-5.3/itkCenteredTransformInitializer.hxx
Line: 31
Description: ITK ERROR: CenteredTransformInitializer(0x5635991cf440): Fixed Image has not been set


mv: cannot stat '/transformation/sub-024S6005_ses-02/warped_target_0GenericAffine.mat': No such file or directory
Exception caught during reference file reading 

itk::ImageFileReaderException (0x556b72905c80)
Location: "unknown" 
File: /ants/build/staging/include/ITK-5.3/itkImageFileReader.hxx
Line: 132
Description:  Could not create IO object for reading file /template
  Tried to create one of the following:
    BMPImageIO
    BioRadImageIO
    Bruker2dseqImageIO
    GDCMImageIO
    GE4ImageIO
    GE5ImageIO
    GiplImageIO
    HDF5ImageIO
    JPEGImageIO
    JPEG2000ImageIO
    LSMImageIO
    MGHImageIO
    MINCImageIO
    MRCImageIO
    MetaImageIO
    NiftiImageIO
    NrrdImageIO
    PNGImageIO
    StimulateImageIO
    TIFFImageIO
    VTKImageIO
  You probably failed to set a file suffix, or
    set the suffix to an unsupported type.


 file /template
Exception Object caught: 

itk::ExceptionObject (0x556b72905c80)
Location: "unknown" 
File: /ants/build/staging/include/ITK-5.3/itkCenteredTransformInitializer.hxx
Line: 31
Description: ITK ERROR: CenteredTransformInitializer(0x556b72905440): Fixed Image has not been set


mv: cannot stat '/transformation/sub-024S6005_ses-01/warped_source_0GenericAffine.mat': No such file or directory
Exception caught during reference file reading 

itk::ImageFileReaderException (0x55c9881ddc80)
Location: "unknown" 
File: /ants/build/staging/include/ITK-5.3/itkImageFileReader.hxx
Line: 132
Description:  Could not create IO object for reading file /template
  Tried to create one of the following:
    BMPImageIO
    BioRadImageIO
    Bruker2dseqImageIO
    GDCMImageIO
    GE4ImageIO
    GE5ImageIO
    GiplImageIO
    HDF5ImageIO
    JPEGImageIO
    JPEG2000ImageIO
    LSMImageIO
    MGHImageIO
    MINCImageIO
    MRCImageIO
    MetaImageIO
    NiftiImageIO
    NrrdImageIO
    PNGImageIO
    StimulateImageIO
    TIFFImageIO
    VTKImageIO
  You probably failed to set a file suffix, or
    set the suffix to an unsupported type.


 file /template
Exception Object caught: 

itk::ExceptionObject (0x55c9881ddc80)
Location: "unknown" 
File: /ants/build/staging/include/ITK-5.3/itkCenteredTransformInitializer.hxx
Line: 31
Description: ITK ERROR: CenteredTransformInitializer(0x55c9881dd440): Fixed Image has not been set


mv: cannot stat '/transformation/sub-024S6005_ses-03/warped_target_0GenericAffine.mat': No such file or directory
Exception caught during reference file reading 

itk::ImageFileReaderException (0x55b4372a0c80)
Location: "unknown" 
File: /ants/build/staging/include/ITK-5.3/itkImageFileReader.hxx
Line: 132
Description:  Could not create IO object for reading file /template
  Tried to create one of the following:
    BMPImageIO
    BioRadImageIO
    Bruker2dseqImageIO
    GDCMImageIO
    GE4ImageIO
    GE5ImageIO
    GiplImageIO
    HDF5ImageIO
    JPEGImageIO
    JPEG2000ImageIO
    LSMImageIO
    MGHImageIO
    MINCImageIO
    MRCImageIO
    MetaImageIO
    NiftiImageIO
    NrrdImageIO
    PNGImageIO
    StimulateImageIO
    TIFFImageIO
    VTKImageIO
  You probably failed to set a file suffix, or
    set the suffix to an unsupported type.


 file /template
Exception Object caught: 

itk::ExceptionObject (0x55b4372a0c80)
Location: "unknown" 
File: /ants/build/staging/include/ITK-5.3/itkCenteredTransformInitializer.hxx
Line: 31
Description: ITK ERROR: CenteredTransformInitializer(0x55b4372a0440): Fixed Image has not been set


mv: cannot stat '/transformation/sub-024S6005_ses-02/warped_source_0GenericAffine.mat': No such file or directory
Exception caught during reference file reading 

itk::ImageFileReaderException (0x564681f02c80)
Location: "unknown" 
File: /ants/build/staging/include/ITK-5.3/itkImageFileReader.hxx
Line: 132
Description:  Could not create IO object for reading file /template
  Tried to create one of the following:
    BMPImageIO
    BioRadImageIO
    Bruker2dseqImageIO
    GDCMImageIO
    GE4ImageIO
    GE5ImageIO
    GiplImageIO
    HDF5ImageIO
    JPEGImageIO
    JPEG2000ImageIO
    LSMImageIO
    MGHImageIO
    MINCImageIO
    MRCImageIO
    MetaImageIO
    NiftiImageIO
    NrrdImageIO
    PNGImageIO
    StimulateImageIO
    TIFFImageIO
    VTKImageIO
  You probably failed to set a file suffix, or
    set the suffix to an unsupported type.


 file /template
Exception Object caught: 

itk::ExceptionObject (0x564681f02c80)
Location: "unknown" 
File: /ants/build/staging/include/ITK-5.3/itkCenteredTransformInitializer.hxx
Line: 31
Description: ITK ERROR: CenteredTransformInitializer(0x564681f02440): Fixed Image has not been set


mv: cannot stat '/transformation/sub-024S6005_ses-03/warped_target_0GenericAffine.mat': No such file or directory
Exception caught during reference file reading 

itk::ImageFileReaderException (0x56332650ac80)
Location: "unknown" 
File: /ants/build/staging/include/ITK-5.3/itkImageFileReader.hxx
Line: 132
Description:  Could not create IO object for reading file /template
  Tried to create one of the following:
    BMPImageIO
    BioRadImageIO
    Bruker2dseqImageIO
    GDCMImageIO
    GE4ImageIO
    GE5ImageIO
    GiplImageIO
    HDF5ImageIO
    JPEGImageIO
    JPEG2000ImageIO
    LSMImageIO
    MGHImageIO
    MINCImageIO
    MRCImageIO
    MetaImageIO
    NiftiImageIO
    NrrdImageIO
    PNGImageIO
    StimulateImageIO
    TIFFImageIO
    VTKImageIO
  You probably failed to set a file suffix, or
    set the suffix to an unsupported type.


 file /template
Exception Object caught: 

itk::ExceptionObject (0x56332650ac80)
Location: "unknown" 
File: /ants/build/staging/include/ITK-5.3/itkCenteredTransformInitializer.hxx
Line: 31
Description: ITK ERROR: CenteredTransformInitializer(0x56332650a440): Fixed Image has not been set


mv: cannot stat '/transformation/sub-024S6202_ses-01/warped_source_0GenericAffine.mat': No such file or directory
Exception caught during reference file reading 

itk::ImageFileReaderException (0x5596e7b2cc80)
Location: "unknown" 
File: /ants/build/staging/include/ITK-5.3/itkImageFileReader.hxx
Line: 132
Description:  Could not create IO object for reading file /template
  Tried to create one of the following:
    BMPImageIO
    BioRadImageIO
    Bruker2dseqImageIO
    GDCMImageIO
    GE4ImageIO
    GE5ImageIO
    GiplImageIO
    HDF5ImageIO
    JPEGImageIO
    JPEG2000ImageIO
    LSMImageIO
    MGHImageIO
    MINCImageIO
    MRCImageIO
    MetaImageIO
    NiftiImageIO
    NrrdImageIO
    PNGImageIO
    StimulateImageIO
    TIFFImageIO
    VTKImageIO
  You probably failed to set a file suffix, or
    set the suffix to an unsupported type.


 file /template
Exception Object caught: 

itk::ExceptionObject (0x5596e7b2cc80)
Location: "unknown" 
File: /ants/build/staging/include/ITK-5.3/itkCenteredTransformInitializer.hxx
Line: 31
Description: ITK ERROR: CenteredTransformInitializer(0x5596e7b2c440): Fixed Image has not been set


mv: cannot stat '/transformation/sub-024S6202_ses-02/warped_target_0GenericAffine.mat': No such file or directory
Exception caught during reference file reading 

itk::ImageFileReaderException (0x563e2e207c80)
Location: "unknown" 
File: /ants/build/staging/include/ITK-5.3/itkImageFileReader.hxx
Line: 132
Description:  Could not create IO object for reading file /template
  Tried to create one of the following:
    BMPImageIO
    BioRadImageIO
    Bruker2dseqImageIO
    GDCMImageIO
    GE4ImageIO
    GE5ImageIO
    GiplImageIO
    HDF5ImageIO
    JPEGImageIO
    JPEG2000ImageIO
    LSMImageIO
    MGHImageIO
    MINCImageIO
    MRCImageIO
    MetaImageIO
    NiftiImageIO
    NrrdImageIO
    PNGImageIO
    StimulateImageIO
    TIFFImageIO
    VTKImageIO
  You probably failed to set a file suffix, or
    set the suffix to an unsupported type.


 file /template
Exception Object caught: 

itk::ExceptionObject (0x563e2e207c80)
Location: "unknown" 
File: /ants/build/staging/include/ITK-5.3/itkCenteredTransformInitializer.hxx
Line: 31
Description: ITK ERROR: CenteredTransformInitializer(0x563e2e207440): Fixed Image has not been set


mv: cannot stat '/transformation/sub-024S6385_ses-01/warped_source_0GenericAffine.mat': No such file or directory
Exception caught during reference file reading 

itk::ImageFileReaderException (0x55b5de3b2c80)
Location: "unknown" 
File: /ants/build/staging/include/ITK-5.3/itkImageFileReader.hxx
Line: 132
Description:  Could not create IO object for reading file /template
  Tried to create one of the following:
    BMPImageIO
    BioRadImageIO
    Bruker2dseqImageIO
    GDCMImageIO
    GE4ImageIO
    GE5ImageIO
    GiplImageIO
    HDF5ImageIO
    JPEGImageIO
    JPEG2000ImageIO
    LSMImageIO
    MGHImageIO
    MINCImageIO
    MRCImageIO
    MetaImageIO
    NiftiImageIO
    NrrdImageIO
    PNGImageIO
    StimulateImageIO
    TIFFImageIO
    VTKImageIO
  You probably failed to set a file suffix, or
    set the suffix to an unsupported type.


 file /template
Exception Object caught: 

itk::ExceptionObject (0x55b5de3b2c80)
Location: "unknown" 
File: /ants/build/staging/include/ITK-5.3/itkCenteredTransformInitializer.hxx
Line: 31
Description: ITK ERROR: CenteredTransformInitializer(0x55b5de3b2440): Fixed Image has not been set


mv: cannot stat '/transformation/sub-024S6385_ses-02/warped_target_0GenericAffine.mat': No such file or directory
Exception caught during reference file reading 

itk::ImageFileReaderException (0x55e501563c80)
Location: "unknown" 
File: /ants/build/staging/include/ITK-5.3/itkImageFileReader.hxx
Line: 132
Description:  Could not create IO object for reading file /template
  Tried to create one of the following:
    BMPImageIO
    BioRadImageIO
    Bruker2dseqImageIO
    GDCMImageIO
    GE4ImageIO
    GE5ImageIO
    GiplImageIO
    HDF5ImageIO
    JPEGImageIO
    JPEG2000ImageIO
    LSMImageIO
    MGHImageIO
    MINCImageIO
    MRCImageIO
    MetaImageIO
    NiftiImageIO
    NrrdImageIO
    PNGImageIO
    StimulateImageIO
    TIFFImageIO
    VTKImageIO
  You probably failed to set a file suffix, or
    set the suffix to an unsupported type.


 file /template
Exception Object caught: 

itk::ExceptionObject (0x55e501563c80)
Location: "unknown" 
File: /ants/build/staging/include/ITK-5.3/itkCenteredTransformInitializer.hxx
Line: 31
Description: ITK ERROR: CenteredTransformInitializer(0x55e501563440): Fixed Image has not been set


mv: cannot stat '/transformation/sub-024S6385_ses-01/warped_source_0GenericAffine.mat': No such file or directory
Exception caught during reference file reading 

itk::ImageFileReaderException (0x5562f101ec80)
Location: "unknown" 
File: /ants/build/staging/include/ITK-5.3/itkImageFileReader.hxx
Line: 132
Description:  Could not create IO object for reading file /template
  Tried to create one of the following:
    BMPImageIO
    BioRadImageIO
    Bruker2dseqImageIO
    GDCMImageIO
    GE4ImageIO
    GE5ImageIO
    GiplImageIO
    HDF5ImageIO
    JPEGImageIO
    JPEG2000ImageIO
    LSMImageIO
    MGHImageIO
    MINCImageIO
    MRCImageIO
    MetaImageIO
    NiftiImageIO
    NrrdImageIO
    PNGImageIO
    StimulateImageIO
    TIFFImageIO
    VTKImageIO
  You probably failed to set a file suffix, or
    set the suffix to an unsupported type.


 file /template
Exception Object caught: 

itk::ExceptionObject (0x5562f101ec80)
Location: "unknown" 
File: /ants/build/staging/include/ITK-5.3/itkCenteredTransformInitializer.hxx
Line: 31
Description: ITK ERROR: CenteredTransformInitializer(0x5562f101e440): Fixed Image has not been set


mv: cannot stat '/transformation/sub-024S6385_ses-03/warped_target_0GenericAffine.mat': No such file or directory
Exception caught during reference file reading 

itk::ImageFileReaderException (0x563d168adc80)
Location: "unknown" 
File: /ants/build/staging/include/ITK-5.3/itkImageFileReader.hxx
Line: 132
Description:  Could not create IO object for reading file /template
  Tried to create one of the following:
    BMPImageIO
    BioRadImageIO
    Bruker2dseqImageIO
    GDCMImageIO
    GE4ImageIO
    GE5ImageIO
    GiplImageIO
    HDF5ImageIO
    JPEGImageIO
    JPEG2000ImageIO
    LSMImageIO
    MGHImageIO
    MINCImageIO
    MRCImageIO
    MetaImageIO
    NiftiImageIO
    NrrdImageIO
    PNGImageIO
    StimulateImageIO
    TIFFImageIO
    VTKImageIO
  You probably failed to set a file suffix, or
    set the suffix to an unsupported type.


 file /template
Exception Object caught: 

itk::ExceptionObject (0x563d168adc80)
Location: "unknown" 
File: /ants/build/staging/include/ITK-5.3/itkCenteredTransformInitializer.hxx
Line: 31
Description: ITK ERROR: CenteredTransformInitializer(0x563d168ad440): Fixed Image has not been set


mv: cannot stat '/transformation/sub-024S6385_ses-02/warped_source_0GenericAffine.mat': No such file or directory
Exception caught during reference file reading 

itk::ImageFileReaderException (0x5651898f7c80)
Location: "unknown" 
File: /ants/build/staging/include/ITK-5.3/itkImageFileReader.hxx
Line: 132
Description:  Could not create IO object for reading file /template
  Tried to create one of the following:
    BMPImageIO
    BioRadImageIO
    Bruker2dseqImageIO
    GDCMImageIO
    GE4ImageIO
    GE5ImageIO
    GiplImageIO
    HDF5ImageIO
    JPEGImageIO
    JPEG2000ImageIO
    LSMImageIO
    MGHImageIO
    MINCImageIO
    MRCImageIO
    MetaImageIO
    NiftiImageIO
    NrrdImageIO
    PNGImageIO
    StimulateImageIO
    TIFFImageIO
    VTKImageIO
  You probably failed to set a file suffix, or
    set the suffix to an unsupported type.


 file /template
Exception Object caught: 

itk::ExceptionObject (0x5651898f7c80)
Location: "unknown" 
File: /ants/build/staging/include/ITK-5.3/itkCenteredTransformInitializer.hxx
Line: 31
Description: ITK ERROR: CenteredTransformInitializer(0x5651898f7440): Fixed Image has not been set


mv: cannot stat '/transformation/sub-024S6385_ses-03/warped_target_0GenericAffine.mat': No such file or directory
Exception caught during reference file reading 

itk::ImageFileReaderException (0x5557d0362c80)
Location: "unknown" 
File: /ants/build/staging/include/ITK-5.3/itkImageFileReader.hxx
Line: 132
Description:  Could not create IO object for reading file /template
  Tried to create one of the following:
    BMPImageIO
    BioRadImageIO
    Bruker2dseqImageIO
    GDCMImageIO
    GE4ImageIO
    GE5ImageIO
    GiplImageIO
    HDF5ImageIO
    JPEGImageIO
    JPEG2000ImageIO
    LSMImageIO
    MGHImageIO
    MINCImageIO
    MRCImageIO
    MetaImageIO
    NiftiImageIO
    NrrdImageIO
    PNGImageIO
    StimulateImageIO
    TIFFImageIO
    VTKImageIO
  You probably failed to set a file suffix, or
    set the suffix to an unsupported type.


 file /template
Exception Object caught: 

itk::ExceptionObject (0x5557d0362c80)
Location: "unknown" 
File: /ants/build/staging/include/ITK-5.3/itkCenteredTransformInitializer.hxx
Line: 31
Description: ITK ERROR: CenteredTransformInitializer(0x5557d0362440): Fixed Image has not been set


mv: cannot stat '/transformation/sub-024S6472_ses-01/warped_source_0GenericAffine.mat': No such file or directory
Exception caught during reference file reading 

itk::ImageFileReaderException (0x55f4c4262c80)
Location: "unknown" 
File: /ants/build/staging/include/ITK-5.3/itkImageFileReader.hxx
Line: 132
Description:  Could not create IO object for reading file /template
  Tried to create one of the following:
    BMPImageIO
    BioRadImageIO
    Bruker2dseqImageIO
    GDCMImageIO
    GE4ImageIO
    GE5ImageIO
    GiplImageIO
    HDF5ImageIO
    JPEGImageIO
    JPEG2000ImageIO
    LSMImageIO
    MGHImageIO
    MINCImageIO
    MRCImageIO
    MetaImageIO
    NiftiImageIO
    NrrdImageIO
    PNGImageIO
    StimulateImageIO
    TIFFImageIO
    VTKImageIO
  You probably failed to set a file suffix, or
    set the suffix to an unsupported type.


 file /template
Exception Object caught: 

itk::ExceptionObject (0x55f4c4262c80)
Location: "unknown" 
File: /ants/build/staging/include/ITK-5.3/itkCenteredTransformInitializer.hxx
Line: 31
Description: ITK ERROR: CenteredTransformInitializer(0x55f4c4262440): Fixed Image has not been set


mv: cannot stat '/transformation/sub-024S6472_ses-02/warped_target_0GenericAffine.mat': No such file or directory
Exception caught during reference file reading 

itk::ImageFileReaderException (0x561e5d210c80)
Location: "unknown" 
File: /ants/build/staging/include/ITK-5.3/itkImageFileReader.hxx
Line: 132
Description:  Could not create IO object for reading file /template
  Tried to create one of the following:
    BMPImageIO
    BioRadImageIO
    Bruker2dseqImageIO
    GDCMImageIO
    GE4ImageIO
    GE5ImageIO
    GiplImageIO
    HDF5ImageIO
    JPEGImageIO
    JPEG2000ImageIO
    LSMImageIO
    MGHImageIO
    MINCImageIO
    MRCImageIO
    MetaImageIO
    NiftiImageIO
    NrrdImageIO
    PNGImageIO
    StimulateImageIO
    TIFFImageIO
    VTKImageIO
  You probably failed to set a file suffix, or
    set the suffix to an unsupported type.


 file /template
Exception Object caught: 

itk::ExceptionObject (0x561e5d210c80)
Location: "unknown" 
File: /ants/build/staging/include/ITK-5.3/itkCenteredTransformInitializer.hxx
Line: 31
Description: ITK ERROR: CenteredTransformInitializer(0x561e5d210440): Fixed Image has not been set


mv: cannot stat '/transformation/sub-027S6183_ses-01/warped_source_0GenericAffine.mat': No such file or directory
Exception caught during reference file reading 

itk::ImageFileReaderException (0x55e551c68c80)
Location: "unknown" 
File: /ants/build/staging/include/ITK-5.3/itkImageFileReader.hxx
Line: 132
Description:  Could not create IO object for reading file /template
  Tried to create one of the following:
    BMPImageIO
    BioRadImageIO
    Bruker2dseqImageIO
    GDCMImageIO
    GE4ImageIO
    GE5ImageIO
    GiplImageIO
    HDF5ImageIO
    JPEGImageIO
    JPEG2000ImageIO
    LSMImageIO
    MGHImageIO
    MINCImageIO
    MRCImageIO
    MetaImageIO
    NiftiImageIO
    NrrdImageIO
    PNGImageIO
    StimulateImageIO
    TIFFImageIO
    VTKImageIO
  You probably failed to set a file suffix, or
    set the suffix to an unsupported type.


 file /template
Exception Object caught: 

itk::ExceptionObject (0x55e551c68c80)
Location: "unknown" 
File: /ants/build/staging/include/ITK-5.3/itkCenteredTransformInitializer.hxx
Line: 31
Description: ITK ERROR: CenteredTransformInitializer(0x55e551c68440): Fixed Image has not been set


mv: cannot stat '/transformation/sub-027S6183_ses-02/warped_target_0GenericAffine.mat': No such file or directory
Exception caught during reference file reading 

itk::ImageFileReaderException (0x5567ddceec80)
Location: "unknown" 
File: /ants/build/staging/include/ITK-5.3/itkImageFileReader.hxx
Line: 132
Description:  Could not create IO object for reading file /template
  Tried to create one of the following:
    BMPImageIO
    BioRadImageIO
    Bruker2dseqImageIO
    GDCMImageIO
    GE4ImageIO
    GE5ImageIO
    GiplImageIO
    HDF5ImageIO
    JPEGImageIO
    JPEG2000ImageIO
    LSMImageIO
    MGHImageIO
    MINCImageIO
    MRCImageIO
    MetaImageIO
    NiftiImageIO
    NrrdImageIO
    PNGImageIO
    StimulateImageIO
    TIFFImageIO
    VTKImageIO
  You probably failed to set a file suffix, or
    set the suffix to an unsupported type.


 file /template
Exception Object caught: 

itk::ExceptionObject (0x5567ddceec80)
Location: "unknown" 
File: /ants/build/staging/include/ITK-5.3/itkCenteredTransformInitializer.hxx
Line: 31
Description: ITK ERROR: CenteredTransformInitializer(0x5567ddcee440): Fixed Image has not been set


mv: cannot stat '/transformation/sub-027S6577_ses-01/warped_source_0GenericAffine.mat': No such file or directory
Exception caught during reference file reading 

itk::ImageFileReaderException (0x55efb2783c80)
Location: "unknown" 
File: /ants/build/staging/include/ITK-5.3/itkImageFileReader.hxx
Line: 132
Description:  Could not create IO object for reading file /template
  Tried to create one of the following:
    BMPImageIO
    BioRadImageIO
    Bruker2dseqImageIO
    GDCMImageIO
    GE4ImageIO
    GE5ImageIO
    GiplImageIO
    HDF5ImageIO
    JPEGImageIO
    JPEG2000ImageIO
    LSMImageIO
    MGHImageIO
    MINCImageIO
    MRCImageIO
    MetaImageIO
    NiftiImageIO
    NrrdImageIO
    PNGImageIO
    StimulateImageIO
    TIFFImageIO
    VTKImageIO
  You probably failed to set a file suffix, or
    set the suffix to an unsupported type.


 file /template
Exception Object caught: 

itk::ExceptionObject (0x55efb2783c80)
Location: "unknown" 
File: /ants/build/staging/include/ITK-5.3/itkCenteredTransformInitializer.hxx
Line: 31
Description: ITK ERROR: CenteredTransformInitializer(0x55efb2783440): Fixed Image has not been set


mv: cannot stat '/transformation/sub-027S6577_ses-02/warped_target_0GenericAffine.mat': No such file or directory
Exception caught during reference file reading 

itk::ImageFileReaderException (0x55bc4e79dc80)
Location: "unknown" 
File: /ants/build/staging/include/ITK-5.3/itkImageFileReader.hxx
Line: 132
Description:  Could not create IO object for reading file /template
  Tried to create one of the following:
    BMPImageIO
    BioRadImageIO
    Bruker2dseqImageIO
    GDCMImageIO
    GE4ImageIO
    GE5ImageIO
    GiplImageIO
    HDF5ImageIO
    JPEGImageIO
    JPEG2000ImageIO
    LSMImageIO
    MGHImageIO
    MINCImageIO
    MRCImageIO
    MetaImageIO
    NiftiImageIO
    NrrdImageIO
    PNGImageIO
    StimulateImageIO
    TIFFImageIO
    VTKImageIO
  You probably failed to set a file suffix, or
    set the suffix to an unsupported type.


 file /template
Exception Object caught: 

itk::ExceptionObject (0x55bc4e79dc80)
Location: "unknown" 
File: /ants/build/staging/include/ITK-5.3/itkCenteredTransformInitializer.hxx
Line: 31
Description: ITK ERROR: CenteredTransformInitializer(0x55bc4e79d440): Fixed Image has not been set


mv: cannot stat '/transformation/sub-027S6582_ses-01/warped_source_0GenericAffine.mat': No such file or directory
Exception caught during reference file reading 

itk::ImageFileReaderException (0x55f85ccfec80)
Location: "unknown" 
File: /ants/build/staging/include/ITK-5.3/itkImageFileReader.hxx
Line: 132
Description:  Could not create IO object for reading file /template
  Tried to create one of the following:
    BMPImageIO
    BioRadImageIO
    Bruker2dseqImageIO
    GDCMImageIO
    GE4ImageIO
    GE5ImageIO
    GiplImageIO
    HDF5ImageIO
    JPEGImageIO
    JPEG2000ImageIO
    LSMImageIO
    MGHImageIO
    MINCImageIO
    MRCImageIO
    MetaImageIO
    NiftiImageIO
    NrrdImageIO
    PNGImageIO
    StimulateImageIO
    TIFFImageIO
    VTKImageIO
  You probably failed to set a file suffix, or
    set the suffix to an unsupported type.


 file /template
Exception Object caught: 

itk::ExceptionObject (0x55f85ccfec80)
Location: "unknown" 
File: /ants/build/staging/include/ITK-5.3/itkCenteredTransformInitializer.hxx
Line: 31
Description: ITK ERROR: CenteredTransformInitializer(0x55f85ccfe440): Fixed Image has not been set


mv: cannot stat '/transformation/sub-027S6582_ses-02/warped_target_0GenericAffine.mat': No such file or directory
Exception caught during reference file reading 

itk::ImageFileReaderException (0x55a7bbc24c80)
Location: "unknown" 
File: /ants/build/staging/include/ITK-5.3/itkImageFileReader.hxx
Line: 132
Description:  Could not create IO object for reading file /template
  Tried to create one of the following:
    BMPImageIO
    BioRadImageIO
    Bruker2dseqImageIO
    GDCMImageIO
    GE4ImageIO
    GE5ImageIO
    GiplImageIO
    HDF5ImageIO
    JPEGImageIO
    JPEG2000ImageIO
    LSMImageIO
    MGHImageIO
    MINCImageIO
    MRCImageIO
    MetaImageIO
    NiftiImageIO
    NrrdImageIO
    PNGImageIO
    StimulateImageIO
    TIFFImageIO
    VTKImageIO
  You probably failed to set a file suffix, or
    set the suffix to an unsupported type.


 file /template
Exception Object caught: 

itk::ExceptionObject (0x55a7bbc24c80)
Location: "unknown" 
File: /ants/build/staging/include/ITK-5.3/itkCenteredTransformInitializer.hxx
Line: 31
Description: ITK ERROR: CenteredTransformInitializer(0x55a7bbc24440): Fixed Image has not been set


mv: cannot stat '/transformation/sub-029S6289_ses-01/warped_source_0GenericAffine.mat': No such file or directory
slurmstepd: error: *** JOB 150995 ON vcpu-0 CANCELLED AT 2024-09-02T11:22:21 ***
