Starting ANTs registration job using Singularity
Processing subject: sub-003S6067_ses-01_ses-02

--------------------------------------------------------------------------------------
 Mapping parameters
--------------------------------------------------------------------------------------
 ANTSPATH is /opt/ants/bin/

 Dimensionality:           3
 Output name prefix:       /output/sub-003S6067_ses-01_ses-02/source_
 Fixed images:             /template/brain_mni.nii.gz
 Moving images:            /input/sub-003S6067_ses-01_ses-02/source.nii.gz
 Mask images:              
 Initial transforms:       
 Number of threads:        1
 Spline distance:          26
 SyN gradient step:        0.1
 Transform type:           a
 MI histogram bins:        32
 Precision:                d
 Use histogram matching:   0
 Repro                     0
======================================================================================
 antsRegistration call:
--------------------------------------------------------------------------------------
/opt/ants/bin//antsRegistration --verbose 1 --dimensionality 3 --float 0 --collapse-output-transforms 1 --output [ /output/sub-003S6067_ses-01_ses-02/source_,/output/sub-003S6067_ses-01_ses-02/source_Warped.nii.gz,/output/sub-003S6067_ses-01_ses-02/source_InverseWarped.nii.gz ] --interpolation Linear --use-histogram-matching 0 --winsorize-image-intensities [ 0.005,0.995 ] --initial-moving-transform [ /template/brain_mni.nii.gz,/input/sub-003S6067_ses-01_ses-02/source.nii.gz,1 ] --transform Rigid[ 0.1 ] --metric MI[ /template/brain_mni.nii.gz,/input/sub-003S6067_ses-01_ses-02/source.nii.gz,1,32,Regular,0.25 ] --convergence [ 1000x500x250x0,1e-6,10 ] --shrink-factors 8x4x2x1 --smoothing-sigmas 3x2x1x0vox --transform Affine[ 0.1 ] --metric MI[ /template/brain_mni.nii.gz,/input/sub-003S6067_ses-01_ses-02/source.nii.gz,1,32,Regular,0.25 ] --convergence [ 1000x500x250x0,1e-6,10 ] --shrink-factors 8x4x2x1 --smoothing-sigmas 3x2x1x0vox
--------------------------------------------------------------------------------------
All_Command_lines_OK
Using double precision for computations.
=============================================================================
The composite transform comprises the following transforms (in order): 
  1. Center of mass alignment using fixed image: /template/brain_mni.nii.gz and moving image: /input/sub-003S6067_ses-01_ses-02/source.nii.gz (type = Euler3DTransform)
=============================================================================
  number of levels = 4
  number of levels = 4
  fixed image: /template/brain_mni.nii.gz
  moving image: /input/sub-003S6067_ses-01_ses-02/source.nii.gz
  fixed image: /template/brain_mni.nii.gz
  moving image: /input/sub-003S6067_ses-01_ses-02/source.nii.gz
Dimension = 3
Number of stages = 2
Use histogram matching = false
Winsorize image intensities = true
  Lower quantile = 0.005
  Upper quantile = 0.995


Stage 1 State
   Image metric = Mattes
     Fixed image = Image (0x560929061850)
  RTTI typeinfo:   itk::Image<double, 3u>
  Reference Count: 2
  Modified Time: 1690
  Debug: Off
  Object Name: 
  Observers: 
    none
  Source: (none)
  Source output name: (none)
  Release Data: Off
  Data Released: False
  Global Release Data: Off
  PipelineMTime: 0
  UpdateMTime: 1475
  RealTimeStamp: 0 seconds 
  LargestPossibleRegion: 
    Dimension: 3
    Index: [0, 0, 0]
    Size: [197, 233, 189]
  BufferedRegion: 
    Dimension: 3
    Index: [0, 0, 0]
    Size: [197, 233, 189]
  RequestedRegion: 
    Dimension: 3
    Index: [0, 0, 0]
    Size: [197, 233, 189]
  Spacing: [1, 1, 1]
  Origin: [98, 134, -72]
  Direction: 
-1 0 0
0 -1 0
0 0 1

  IndexToPointMatrix: 
-1 0 0
0 -1 0
0 0 1

  PointToIndexMatrix: 
-1 0 0
0 -1 0
0 0 1

  Inverse Direction: 
-1 0 0
0 -1 0
0 0 1

  PixelContainer: 
    ImportImageContainer (0x5609290954d0)
      RTTI typeinfo:   itk::ImportImageContainer<unsigned long, double>
      Reference Count: 1
      Modified Time: 1472
      Debug: Off
      Object Name: 
      Observers: 
        none
      Pointer: 0x7fc41a130010
      Container manages memory: true
      Size: 8675289
      Capacity: 8675289

     Moving image = Image (0x5609290d5550)
  RTTI typeinfo:   itk::Image<double, 3u>
  Reference Count: 2
  Modified Time: 1691
  Debug: Off
  Object Name: 
  Observers: 
    none
  Source: (none)
  Source output name: (none)
  Release Data: Off
  Data Released: False
  Global Release Data: Off
  PipelineMTime: 0
  UpdateMTime: 1688
  RealTimeStamp: 0 seconds 
  LargestPossibleRegion: 
    Dimension: 3
    Index: [0, 0, 0]
    Size: [256, 256, 256]
  BufferedRegion: 
    Dimension: 3
    Index: [0, 0, 0]
    Size: [256, 256, 256]
  RequestedRegion: 
    Dimension: 3
    Index: [0, 0, 0]
    Size: [256, 256, 256]
  Spacing: [1, 1, 1]
  Origin: [-362.712, -128.5, 628.61]
  Direction: 
1 0 0
0 -0 -1
0 -1 0

  IndexToPointMatrix: 
1 0 0
0 0 -1
0 -1 0

  PointToIndexMatrix: 
1 0 0
0 0 -1
0 -1 0

  Inverse Direction: 
1 0 0
0 0 -1
0 -1 0

  PixelContainer: 
    ImportImageContainer (0x56092912fc70)
      RTTI typeinfo:   itk::ImportImageContainer<unsigned long, double>
      Reference Count: 1
      Modified Time: 1685
      Debug: Off
      Object Name: 
      Observers: 
        none
      Pointer: 0x7fc41212f010
      Container manages memory: true
      Size: 16777216
      Capacity: 16777216

     Weighting = 1
     Sampling strategy = regular
     Number of bins = 32
     Radius = 4
     Sampling percentage  = 0.25
   Transform = Rigid
     Gradient step = 0.1
     Update field sigma (voxel space) = 0
     Total field sigma (voxel space) = 0
     Update field time sigma = 0
     Total field time sigma  = 0
     Number of time indices = 0
     Number of time point samples = 0
Stage 2 State
   Image metric = Mattes
     Fixed image = Image (0x5609291297e0)
  RTTI typeinfo:   itk::Image<double, 3u>
  Reference Count: 2
  Modified Time: 2118
  Debug: Off
  Object Name: 
  Observers: 
    none
  Source: (none)
  Source output name: (none)
  Release Data: Off
  Data Released: False
  Global Release Data: Off
  PipelineMTime: 0
  UpdateMTime: 1903
  RealTimeStamp: 0 seconds 
  LargestPossibleRegion: 
    Dimension: 3
    Index: [0, 0, 0]
    Size: [197, 233, 189]
  BufferedRegion: 
    Dimension: 3
    Index: [0, 0, 0]
    Size: [197, 233, 189]
  RequestedRegion: 
    Dimension: 3
    Index: [0, 0, 0]
    Size: [197, 233, 189]
  Spacing: [1, 1, 1]
  Origin: [98, 134, -72]
  Direction: 
-1 0 0
0 -1 0
0 0 1

  IndexToPointMatrix: 
-1 0 0
0 -1 0
0 0 1

  PointToIndexMatrix: 
-1 0 0
0 -1 0
0 0 1

  Inverse Direction: 
-1 0 0
0 -1 0
0 0 1

  PixelContainer: 
    ImportImageContainer (0x56092912a010)
      RTTI typeinfo:   itk::ImportImageContainer<unsigned long, double>
      Reference Count: 1
      Modified Time: 1900
      Debug: Off
      Object Name: 
      Observers: 
        none
      Pointer: 0x7fc40deff010
      Container manages memory: true
      Size: 8675289
      Capacity: 8675289

     Moving image = Image (0x560929127020)
  RTTI typeinfo:   itk::Image<double, 3u>
  Reference Count: 2
  Modified Time: 2119
  Debug: Off
  Object Name: 
  Observers: 
    none
  Source: (none)
  Source output name: (none)
  Release Data: Off
  Data Released: False
  Global Release Data: Off
  PipelineMTime: 0
  UpdateMTime: 2116
  RealTimeStamp: 0 seconds 
  LargestPossibleRegion: 
    Dimension: 3
    Index: [0, 0, 0]
    Size: [256, 256, 256]
  BufferedRegion: 
    Dimension: 3
    Index: [0, 0, 0]
    Size: [256, 256, 256]
  RequestedRegion: 
    Dimension: 3
    Index: [0, 0, 0]
    Size: [256, 256, 256]
  Spacing: [1, 1, 1]
  Origin: [-362.712, -128.5, 628.61]
  Direction: 
1 0 0
0 -0 -1
0 -1 0

  IndexToPointMatrix: 
1 0 0
0 0 -1
0 -1 0

  PointToIndexMatrix: 
1 0 0
0 0 -1
0 -1 0

  Inverse Direction: 
1 0 0
0 0 -1
0 -1 0

  PixelContainer: 
    ImportImageContainer (0x5609290b5550)
      RTTI typeinfo:   itk::ImportImageContainer<unsigned long, double>
      Reference Count: 1
      Modified Time: 2113
      Debug: Off
      Object Name: 
      Observers: 
        none
      Pointer: 0x7fc405efe010
      Container manages memory: true
      Size: 16777216
      Capacity: 16777216

     Weighting = 1
     Sampling strategy = regular
     Number of bins = 32
     Radius = 4
     Sampling percentage  = 0.25
   Transform = Affine
     Gradient step = 0.1
     Update field sigma (voxel space) = 0
     Total field sigma (voxel space) = 0
     Update field time sigma = 0
     Total field time sigma  = 0
     Number of time indices = 0
     Number of time point samples = 0
Registration using 2 total stages.

Stage 0
  iterations = 1000x500x250x0
  convergence threshold = 1e-06
  convergence window size = 10
  number of levels = 4
  using the Mattes MI metric (number of bins = 32, weight = 1, use gradient filter = 0)
  preprocessing:  winsorizing the image intensities
  Shrink factors (level 1 out of 4): [8, 8, 8]
  Shrink factors (level 2 out of 4): [4, 4, 4]
  Shrink factors (level 3 out of 4): [2, 2, 2]
  Shrink factors (level 4 out of 4): [1, 1, 1]
  smoothing sigmas per level: [3, 2, 1, 0]
  regular sampling (percentage = 0.25)

*** Running Euler3DTransform registration ***

DIAGNOSTIC,Iteration,metricValue,convergenceValue,ITERATION_TIME_INDEX,SINCE_LAST
 2DIAGNOSTIC,     1, -3.995600019075e-01, 1.797693134862e+308, 3.7670e+00, 3.7670e+00, 
 2DIAGNOSTIC,     2, -4.001814816508e-01, 1.797693134862e+308, 3.7755e+00, 8.5349e-03, 
 2DIAGNOSTIC,     3, -4.021309056288e-01, 1.797693134862e+308, 3.7842e+00, 8.6920e-03, 
 2DIAGNOSTIC,     4, -4.059350152027e-01, 1.797693134862e+308, 3.7931e+00, 8.9369e-03, 
 2DIAGNOSTIC,     5, -4.095880674979e-01, 1.797693134862e+308, 3.8031e+00, 9.9831e-03, 
 2DIAGNOSTIC,     6, -4.306651319571e-01, 1.797693134862e+308, 3.8123e+00, 9.1462e-03, 
 2DIAGNOSTIC,     7, -4.339388120662e-01, 1.797693134862e+308, 3.8249e+00, 1.2626e-02, 
 2DIAGNOSTIC,     8, -4.392877529775e-01, 1.797693134862e+308, 3.8375e+00, 1.2615e-02, 
 2DIAGNOSTIC,     9, -4.394809323858e-01, 1.797693134862e+308, 3.8458e+00, 8.3210e-03, 
 2DIAGNOSTIC,    10, -4.400437116798e-01, 7.950167046492e-03, 3.8562e+00, 1.0395e-02, 
 2DIAGNOSTIC,    11, -4.410644874121e-01, 6.858052813108e-03, 3.8660e+00, 9.7609e-03, 
 2DIAGNOSTIC,    12, -4.413037017011e-01, 5.384047124961e-03, 3.8756e+00, 9.6111e-03, 
 2DIAGNOSTIC,    13, -4.416282518694e-01, 3.787751543841e-03, 3.8854e+00, 9.7830e-03, 
 2DIAGNOSTIC,    14, -4.423965591030e-01, 2.311361711777e-03, 3.8952e+00, 9.7899e-03, 
 2DIAGNOSTIC,    15, -4.431647401294e-01, 1.001993103816e-03, 3.9039e+00, 8.6911e-03, 
 2DIAGNOSTIC,    16, -4.439708691169e-01, 6.756484416936e-04, 3.9136e+00, 9.7320e-03, 
 2DIAGNOSTIC,    17, -4.446700681788e-01, 4.758636933223e-04, 3.9234e+00, 9.8429e-03, 
 2DIAGNOSTIC,    18, -4.451224975338e-01, 4.686221049270e-04, 3.9323e+00, 8.8120e-03, 
 2DIAGNOSTIC,    19, -4.472152463801e-01, 4.979023691608e-04, 3.9432e+00, 1.0901e-02, 
 2DIAGNOSTIC,    20, -4.487218066630e-01, 5.433851306533e-04, 3.9517e+00, 8.5480e-03, 
 2DIAGNOSTIC,    21, -4.489876950737e-01, 5.735935133777e-04, 3.9623e+00, 1.0575e-02, 
 2DIAGNOSTIC,    22, -4.491612162645e-01, 5.611370638906e-04, 3.9708e+00, 8.5011e-03, 
 2DIAGNOSTIC,    23, -4.493178327061e-01, 5.113488639298e-04, 3.9796e+00, 8.7960e-03, 
 2DIAGNOSTIC,    24, -4.506380811026e-01, 4.737962013994e-04, 3.9892e+00, 9.6159e-03, 
 2DIAGNOSTIC,    25, -4.554140242968e-01, 5.375728034050e-04, 4.0025e+00, 1.3291e-02, 
 2DIAGNOSTIC,    26, -4.600805467465e-01, 6.799085303790e-04, 4.0129e+00, 1.0370e-02, 
 2DIAGNOSTIC,    27, -4.612441828262e-01, 7.915671766246e-04, 4.0236e+00, 1.0757e-02, 
 2DIAGNOSTIC,    28, -4.613104048012e-01, 8.337090658127e-04, 4.0322e+00, 8.6210e-03, 
 2DIAGNOSTIC,    29, -4.669280428308e-01, 9.661505569456e-04, 4.0433e+00, 1.1096e-02, 
 2DIAGNOSTIC,    30, -4.773258602345e-01, 1.247988429628e-03, 4.0552e+00, 1.1903e-02, 
 2DIAGNOSTIC,    31, -4.799495982144e-01, 1.445691689116e-03, 4.0704e+00, 1.5138e-02, 
 2DIAGNOSTIC,    32, -4.801395326054e-01, 1.504637331588e-03, 4.0784e+00, 8.0638e-03, 
 2DIAGNOSTIC,    33, -4.807621658697e-01, 1.437645501771e-03, 4.0864e+00, 8.0099e-03, 
 2DIAGNOSTIC,    34, -4.815819370131e-01, 1.275779473563e-03, 4.0945e+00, 8.0330e-03, 
 2DIAGNOSTIC,    35, -4.818519826982e-01, 1.088663782500e-03, 4.1025e+00, 8.0371e-03, 
 2DIAGNOSTIC,    36, -4.821511409291e-01, 8.969156567702e-04, 4.1107e+00, 8.1871e-03, 
 2DIAGNOSTIC,    37, -4.844356711679e-01, 6.941074924779e-04, 4.1211e+00, 1.0414e-02, 
 2DIAGNOSTIC,    38, -4.852208188725e-01, 4.500007073167e-04, 4.1293e+00, 8.1871e-03, 
 2DIAGNOSTIC,    39, -4.876549131704e-01, 3.025478876606e-04, 4.1393e+00, 1.0017e-02, 
 2DIAGNOSTIC,    40, -4.910951054068e-01, 3.506612539808e-04, 4.1540e+00, 1.4663e-02, 
 2DIAGNOSTIC,    41, -4.915651812932e-01, 4.094659748524e-04, 4.1621e+00, 8.1439e-03, 
 2DIAGNOSTIC,    42, -4.926826310420e-01, 4.461070049458e-04, 4.1702e+00, 8.0512e-03, 
 2DIAGNOSTIC,    43, -4.937906102995e-01, 4.633557308825e-04, 4.1783e+00, 8.0719e-03, 
 2DIAGNOSTIC,    44, -4.942293801570e-01, 4.529865176312e-04, 4.1863e+00, 8.0760e-03, 
 2DIAGNOSTIC,    45, -4.944916781294e-01, 4.070654026097e-04, 4.1943e+00, 7.9989e-03, 
 2DIAGNOSTIC,    46, -4.949510147047e-01, 3.344016714307e-04, 4.2054e+00, 1.1061e-02, 
 2DIAGNOSTIC,    47, -4.950877534081e-01, 2.656503869545e-04, 4.2133e+00, 7.9100e-03, 
 2DIAGNOSTIC,    48, -4.951963084785e-01, 1.856954036549e-04, 4.2213e+00, 8.0061e-03, 
 2DIAGNOSTIC,    49, -4.957876101469e-01, 1.287445289578e-04, 4.2326e+00, 1.1303e-02, 
 2DIAGNOSTIC,    50, -4.960547178474e-01, 1.077677301665e-04, 4.2416e+00, 8.9629e-03, 
 2DIAGNOSTIC,    51, -4.961288625469e-01, 8.377023811133e-05, 4.2505e+00, 8.8980e-03, 
 2DIAGNOSTIC,    52, -4.961320218768e-01, 6.589156727070e-05, 4.2583e+00, 7.8101e-03, 
 2DIAGNOSTIC,    53, -4.961352412190e-01, 5.536707807427e-05, 4.2661e+00, 7.8721e-03, 
 2DIAGNOSTIC,    54, -4.961415872144e-01, 4.496413672004e-05, 4.2770e+00, 1.0869e-02, 
 2DIAGNOSTIC,    55, -4.961431910304e-01, 3.347003245567e-05, 4.2849e+00, 7.8740e-03, 
 2DIAGNOSTIC,    56, -4.961444632869e-01, 2.435578078806e-05, 4.2928e+00, 7.8831e-03, 
 2DIAGNOSTIC,    57, -4.961464920483e-01, 1.488073644742e-05, 4.3026e+00, 9.8469e-03, 
 2DIAGNOSTIC,    58, -4.961466597316e-01, 5.395420541447e-06, 4.3105e+00, 7.8640e-03, 
 2DIAGNOSTIC,    59, -4.961476086949e-01, 1.849226912053e-06, 4.3183e+00, 7.8151e-03, 
 2DIAGNOSTIC,    60, -4.961494151266e-01, 1.018671587933e-06, 4.3322e+00, 1.3860e-02, 
DIAGNOSTIC,Iteration,metricValue,convergenceValue,ITERATION_TIME_INDEX,SINCE_LAST
 2DIAGNOSTIC,     1, -3.889583007977e-01, 1.797693134862e+308, 8.1994e+00, 3.8673e+00, 
 2DIAGNOSTIC,     2, -3.892431723451e-01, 1.797693134862e+308, 8.3071e+00, 1.0762e-01, 
 2DIAGNOSTIC,     3, -3.899856996245e-01, 1.797693134862e+308, 8.4147e+00, 1.0768e-01, 
 2DIAGNOSTIC,     4, -3.906700591573e-01, 1.797693134862e+308, 8.5224e+00, 1.0769e-01, 
 2DIAGNOSTIC,     5, -3.909854029001e-01, 1.797693134862e+308, 8.6302e+00, 1.0772e-01, 
 2DIAGNOSTIC,     6, -3.934528951492e-01, 1.797693134862e+308, 8.7381e+00, 1.0793e-01, 
 2DIAGNOSTIC,     7, -3.940639810113e-01, 1.797693134862e+308, 8.9447e+00, 2.0662e-01, 
 2DIAGNOSTIC,     8, -3.940873497533e-01, 1.797693134862e+308, 9.0525e+00, 1.0783e-01, 
 2DIAGNOSTIC,     9, -3.943303516793e-01, 1.797693134862e+308, 9.1603e+00, 1.0776e-01, 
 2DIAGNOSTIC,    10, -3.945489938519e-01, 1.083879666656e-03, 9.2683e+00, 1.0795e-01, 
 2DIAGNOSTIC,    11, -3.947798457959e-01, 9.014198583461e-04, 9.3764e+00, 1.0817e-01, 
 2DIAGNOSTIC,    12, -3.951532093804e-01, 7.070248199099e-04, 9.4845e+00, 1.0804e-01, 
 2DIAGNOSTIC,    13, -3.960756617766e-01, 5.726559216324e-04, 9.5924e+00, 1.0795e-01, 
 2DIAGNOSTIC,    14, -3.969050952340e-01, 4.843779358861e-04, 9.7003e+00, 1.0784e-01, 
 2DIAGNOSTIC,    15, -4.010704205105e-01, 5.757991509721e-04, 9.8409e+00, 1.4060e-01, 
 2DIAGNOSTIC,    16, -4.056660506654e-01, 9.156206065487e-04, 9.9652e+00, 1.2432e-01, 
 2DIAGNOSTIC,    17, -4.068879204920e-01, 1.204702092740e-03, 1.0073e+01, 1.0774e-01, 
 2DIAGNOSTIC,    18, -4.105290425950e-01, 1.497955420362e-03, 1.0230e+01, 1.5702e-01, 
 2DIAGNOSTIC,    19, -4.123559906920e-01, 1.696824279220e-03, 1.0338e+01, 1.0794e-01, 
 2DIAGNOSTIC,    20, -4.149139222335e-01, 1.814141143183e-03, 1.0479e+01, 1.4069e-01, 
 2DIAGNOSTIC,    21, -4.150612219629e-01, 1.761567732107e-03, 1.0603e+01, 1.2410e-01, 
 2DIAGNOSTIC,    22, -4.150885422733e-01, 1.564719826789e-03, 1.0743e+01, 1.4057e-01, 
 2DIAGNOSTIC,    23, -4.150990383491e-01, 1.270646800101e-03, 1.0867e+01, 1.2422e-01, 
 2DIAGNOSTIC,    24, -4.151110041305e-01, 9.052138078765e-04, 1.0975e+01, 1.0773e-01, 
 2DIAGNOSTIC,    25, -4.151157941002e-01, 6.003803402655e-04, 1.1083e+01, 1.0786e-01, 
 2DIAGNOSTIC,    26, -4.151290012456e-01, 3.896359702956e-04, 1.1191e+01, 1.0782e-01, 
 2DIAGNOSTIC,    27, -4.151804186820e-01, 1.906909330742e-04, 1.1348e+01, 1.5748e-01, 
 2DIAGNOSTIC,    28, -4.151832602900e-01, 7.987228523437e-05, 1.1456e+01, 1.0778e-01, 
 2DIAGNOSTIC,    29, -4.151753523405e-01, 1.200447754571e-05, 1.1564e+01, 1.0779e-01, 
 2DIAGNOSTIC,    30, -4.151897328659e-01, 8.088528202096e-06, 1.1673e+01, 1.0939e-01, 
 2DIAGNOSTIC,    31, -4.153373825128e-01, 1.043431486261e-05, 1.1799e+01, 1.2521e-01, 
 2DIAGNOSTIC,    32, -4.153385331647e-01, 1.225308110641e-05, 1.1972e+01, 1.7347e-01, 
 2DIAGNOSTIC,    33, -4.153357005180e-01, 1.309349384548e-05, 1.2080e+01, 1.0782e-01, 
 2DIAGNOSTIC,    34, -4.153580066351e-01, 1.351323456556e-05, 1.2188e+01, 1.0777e-01, 
 2DIAGNOSTIC,    35, -4.153837753012e-01, 1.330600345237e-05, 1.2295e+01, 1.0778e-01, 
 2DIAGNOSTIC,    36, -4.154346717807e-01, 1.309236144898e-05, 1.2403e+01, 1.0797e-01, 
 2DIAGNOSTIC,    37, -4.155842239628e-01, 1.551116947137e-05, 1.2544e+01, 1.4075e-01, 
 2DIAGNOSTIC,    38, -4.156037145666e-01, 1.680966195784e-05, 1.2669e+01, 1.2457e-01, 
 2DIAGNOSTIC,    39, -4.156319694159e-01, 1.693919674100e-05, 1.2793e+01, 1.2436e-01, 
 2DIAGNOSTIC,    40, -4.156526005038e-01, 1.608457495684e-05, 1.2917e+01, 1.2426e-01, 
 2DIAGNOSTIC,    41, -4.157355420582e-01, 1.772609583535e-05, 1.3321e+01, 4.0374e-01, 
 2DIAGNOSTIC,    42, -4.157355404078e-01, 1.762965266079e-05, 1.3429e+01, 1.0788e-01, 
 2DIAGNOSTIC,    43, -4.157355456833e-01, 1.589588661812e-05, 1.3537e+01, 1.0778e-01, 
 2DIAGNOSTIC,    44, -4.157355545988e-01, 1.319794270836e-05, 1.3644e+01, 1.0771e-01, 
 2DIAGNOSTIC,    45, -4.157355696539e-01, 9.829102210715e-06, 1.3752e+01, 1.0785e-01, 
 2DIAGNOSTIC,    46, -4.157355953209e-01, 6.433295915775e-06, 1.3860e+01, 1.0817e-01, 
 2DIAGNOSTIC,    47, -4.157356391467e-01, 4.851528201077e-06, 1.3968e+01, 1.0792e-01, 
 2DIAGNOSTIC,    48, -4.157357128960e-01, 3.233829250840e-06, 1.4076e+01, 1.0790e-01, 
 2DIAGNOSTIC,    49, -4.157358368605e-01, 1.847318444388e-06, 1.4184e+01, 1.0807e-01, 
DIAGNOSTIC,Iteration,metricValue,convergenceValue,ITERATION_TIME_INDEX,SINCE_LAST
 2DIAGNOSTIC,     1, -3.623840788840e-01, 1.797693134862e+308, 1.8718e+01, 4.5333e+00, 
 2DIAGNOSTIC,     2, -3.625139335794e-01, 1.797693134862e+308, 1.9358e+01, 6.4005e-01, 
 2DIAGNOSTIC,     3, -3.626028371316e-01, 1.797693134862e+308, 1.9999e+01, 6.4112e-01, 
 2DIAGNOSTIC,     4, -3.627030756312e-01, 1.797693134862e+308, 2.0640e+01, 6.4096e-01, 
 2DIAGNOSTIC,     5, -3.628876905317e-01, 1.797693134862e+308, 2.1380e+01, 7.4068e-01, 
 2DIAGNOSTIC,     6, -3.631034854383e-01, 1.797693134862e+308, 2.2907e+01, 1.5265e+00, 
 2DIAGNOSTIC,     7, -3.631070446609e-01, 1.797693134862e+308, 2.3549e+01, 6.4189e-01, 
 2DIAGNOSTIC,     8, -3.631139699891e-01, 1.797693134862e+308, 2.4191e+01, 6.4223e-01, 
 2DIAGNOSTIC,     9, -3.631253049747e-01, 1.797693134862e+308, 2.4832e+01, 6.4048e-01, 
 2DIAGNOSTIC,    10, -3.631383608393e-01, 1.497635298092e-04, 2.5474e+01, 6.4280e-01, 
 2DIAGNOSTIC,    11, -3.631525423360e-01, 1.103391417426e-04, 2.6117e+01, 6.4221e-01, 
 2DIAGNOSTIC,    12, -3.631673544597e-01, 7.734342808365e-05, 2.6758e+01, 6.4182e-01, 
 2DIAGNOSTIC,    13, -3.631870779341e-01, 4.938694403686e-05, 2.7401e+01, 6.4225e-01, 
 2DIAGNOSTIC,    14, -3.632267348935e-01, 2.881704010387e-05, 2.8041e+01, 6.4082e-01, 
 2DIAGNOSTIC,    15, -3.634086527780e-01, 2.733461316506e-05, 2.9077e+01, 1.0353e+00, 
 2DIAGNOSTIC,    16, -3.634022045625e-01, 3.374558298017e-05, 2.9816e+01, 7.3912e-01, 
 2DIAGNOSTIC,    17, -3.634014715513e-01, 3.673715476971e-05, 3.0754e+01, 9.3786e-01, 
 2DIAGNOSTIC,    18, -3.634014238266e-01, 3.658037474963e-05, 3.1494e+01, 7.4044e-01, 
 2DIAGNOSTIC,    19, -3.634013844509e-01, 3.361784763271e-05, 3.2234e+01, 7.4011e-01, 
 2DIAGNOSTIC,    20, -3.633999681370e-01, 2.831756935191e-05, 3.2974e+01, 7.4015e-01, 
 2DIAGNOSTIC,    21, -3.633988371703e-01, 2.151657954310e-05, 3.3614e+01, 6.3994e-01, 
 2DIAGNOSTIC,    22, -3.634031303003e-01, 1.425094290566e-05, 3.4254e+01, 6.3957e-01, 
 2DIAGNOSTIC,    23, -3.634061201291e-01, 7.219612934845e-06, 3.4899e+01, 6.4493e-01, 
 2DIAGNOSTIC,    24, -3.634080055297e-01, 1.407770075020e-06, 3.5545e+01, 6.4658e-01, 
 2DIAGNOSTIC,    25, -3.634084162530e-01, 1.769297325302e-06, 3.6191e+01, 6.4598e-01, 
 2DIAGNOSTIC,    26, -3.634152521966e-01, 2.070646091881e-06, 3.6832e+01, 6.4071e-01, 
 2DIAGNOSTIC,    27, -3.634259167220e-01, 2.550203778054e-06, 3.7473e+01, 6.4075e-01, 
 2DIAGNOSTIC,    28, -3.634476343750e-01, 3.462697517324e-06, 3.8113e+01, 6.4044e-01, 
 2DIAGNOSTIC,    29, -3.634711916141e-01, 4.718257411357e-06, 3.9442e+01, 1.3289e+00, 
 2DIAGNOSTIC,    30, -3.634737685196e-01, 5.574200066624e-06, 4.0182e+01, 7.4002e-01, 
 2DIAGNOSTIC,    31, -3.634732523876e-01, 5.914956374871e-06, 4.0922e+01, 7.3960e-01, 
 2DIAGNOSTIC,    32, -3.634736067873e-01, 5.886967920699e-06, 4.1859e+01, 9.3714e-01, 
 2DIAGNOSTIC,    33, -3.634736263037e-01, 5.458356103431e-06, 4.2895e+01, 1.0364e+00, 
 2DIAGNOSTIC,    34, -3.634736270712e-01, 4.666033158112e-06, 4.3734e+01, 8.3822e-01, 
 2DIAGNOSTIC,    35, -3.634736271634e-01, 3.577430890505e-06, 4.4669e+01, 9.3561e-01, 
 2DIAGNOSTIC,    36, -3.634736271704e-01, 2.451549504266e-06, 4.5606e+01, 9.3700e-01, 
 2DIAGNOSTIC,    37, -3.634736271710e-01, 1.456544225759e-06, 4.6542e+01, 9.3587e-01, 
DIAGNOSTIC,Iteration,metricValue,convergenceValue,ITERATION_TIME_INDEX,SINCE_LAST
 2DIAGNOSTIC,     1, -3.338040480002e-01, 1.797693134862e+308, 5.1337e+01, 4.7944e+00, 
  Elapsed time (stage 0): 5.2039e+01


Stage 1
  iterations = 1000x500x250x0
  convergence threshold = 1.0000e-06
  convergence window size = 10
  number of levels = 4
  using the Mattes MI metric (number of bins = 32, weight = 1.0000e+00, use gradient filter = 0)
  preprocessing:  winsorizing the image intensities
  Shrink factors (level 1 out of 4): [8, 8, 8]
  Shrink factors (level 2 out of 4): [4, 4, 4]
  Shrink factors (level 3 out of 4): [2, 2, 2]
  Shrink factors (level 4 out of 4): [1, 1, 1]
  smoothing sigmas per level: [3, 2, 1, 0]
  regular sampling (percentage = 2.5000e-01)

*** Running AffineTransform registration ***

DIAGNOSTIC,Iteration,metricValue,convergenceValue,ITERATION_TIME_INDEX,SINCE_LAST
 2DIAGNOSTIC,     1, -5.012606225774e-01, 1.797693134862e+308, 3.7283e+00, 3.7283e+00, 
 2DIAGNOSTIC,     2, -5.029090163493e-01, 1.797693134862e+308, 3.7372e+00, 8.9478e-03, 
 2DIAGNOSTIC,     3, -5.056214345562e-01, 1.797693134862e+308, 3.7461e+00, 8.9080e-03, 
 2DIAGNOSTIC,     4, -5.099135522975e-01, 1.797693134862e+308, 3.7553e+00, 9.1541e-03, 
 2DIAGNOSTIC,     5, -5.180323115997e-01, 1.797693134862e+308, 3.7643e+00, 9.0449e-03, 
 2DIAGNOSTIC,     6, -5.313513045907e-01, 1.797693134862e+308, 3.7741e+00, 9.7940e-03, 
 2DIAGNOSTIC,     7, -5.861322536231e-01, 1.797693134862e+308, 3.7841e+00, 9.9480e-03, 
 2DIAGNOSTIC,     8, -6.354737549377e-01, 1.797693134862e+308, 3.7947e+00, 1.0568e-02, 
 2DIAGNOSTIC,     9, -7.502284589035e-01, 1.797693134862e+308, 3.8109e+00, 1.6212e-02, 
 2DIAGNOSTIC,    10, -7.771209313770e-01, 3.033218446246e-02, 3.8226e+00, 1.1703e-02, 
 2DIAGNOSTIC,    11, -7.947210447865e-01, 3.273621860836e-02, 3.8356e+00, 1.3017e-02, 
 2DIAGNOSTIC,    12, -8.075714230601e-01, 3.229088134220e-02, 3.8458e+00, 1.0172e-02, 
 2DIAGNOSTIC,    13, -8.438196335954e-01, 3.026275063131e-02, 3.8569e+00, 1.1120e-02, 
 2DIAGNOSTIC,    14, -8.497848515065e-01, 2.616543952529e-02, 3.8666e+00, 9.7179e-03, 
 2DIAGNOSTIC,    15, -8.517818945620e-01, 2.072791255172e-02, 3.8786e+00, 1.1995e-02, 
 2DIAGNOSTIC,    16, -8.528180030064e-01, 1.468254262830e-02, 3.8893e+00, 1.0713e-02, 
 2DIAGNOSTIC,    17, -8.538100937597e-01, 9.548881258112e-03, 3.9000e+00, 1.0688e-02, 
 2DIAGNOSTIC,    18, -8.558261750754e-01, 5.333420893721e-03, 3.9107e+00, 1.0670e-02, 
 2DIAGNOSTIC,    19, -8.564752711606e-01, 3.606145913515e-03, 3.9202e+00, 9.5541e-03, 
 2DIAGNOSTIC,    20, -8.573336864334e-01, 2.313037688995e-03, 3.9311e+00, 1.0837e-02, 
 2DIAGNOSTIC,    21, -8.588094485067e-01, 1.315361261991e-03, 3.9429e+00, 1.1805e-02, 
 2DIAGNOSTIC,    22, -8.590494516982e-01, 5.190587615880e-04, 3.9534e+00, 1.0533e-02, 
 2DIAGNOSTIC,    23, -8.593054304352e-01, 3.704768989249e-04, 3.9639e+00, 1.0483e-02, 
 2DIAGNOSTIC,    24, -8.594356865193e-01, 2.995121178274e-04, 3.9745e+00, 1.0615e-02, 
 2DIAGNOSTIC,    25, -8.595339432920e-01, 2.393925334411e-04, 3.9839e+00, 9.3801e-03, 
 2DIAGNOSTIC,    26, -8.595965782569e-01, 1.781702399734e-04, 3.9943e+00, 1.0476e-02, 
 2DIAGNOSTIC,    27, -8.596195279983e-01, 1.191964995297e-04, 4.0037e+00, 9.3908e-03, 
 2DIAGNOSTIC,    28, -8.597238702914e-01, 8.266295240285e-05, 4.0142e+00, 1.0491e-02, 
 2DIAGNOSTIC,    29, -8.597777727112e-01, 5.032623660230e-05, 4.0247e+00, 1.0440e-02, 
 2DIAGNOSTIC,    30, -8.597937839105e-01, 2.621943854098e-05, 4.0362e+00, 1.1505e-02, 
 2DIAGNOSTIC,    31, -8.598108366601e-01, 1.939231358521e-05, 4.0455e+00, 9.3200e-03, 
 2DIAGNOSTIC,    32, -8.598248951118e-01, 1.420898677421e-05, 4.0559e+00, 1.0459e-02, 
 2DIAGNOSTIC,    33, -8.598348406015e-01, 1.107312758863e-05, 4.0675e+00, 1.1557e-02, 
 2DIAGNOSTIC,    34, -8.598360703237e-01, 8.587607913585e-06, 4.0769e+00, 9.4259e-03, 
 2DIAGNOSTIC,    35, -8.598420563222e-01, 6.636180520672e-06, 4.0874e+00, 1.0455e-02, 
 2DIAGNOSTIC,    36, -8.598455104465e-01, 4.952942568921e-06, 4.0979e+00, 1.0465e-02, 
 2DIAGNOSTIC,    37, -8.598476503679e-01, 3.215915895659e-06, 4.1083e+00, 1.0465e-02, 
 2DIAGNOSTIC,    38, -8.598488582514e-01, 2.361826737140e-06, 4.1176e+00, 9.3021e-03, 
 2DIAGNOSTIC,    39, -8.598504550793e-01, 1.934109470511e-06, 4.1280e+00, 1.0428e-02, 
 2DIAGNOSTIC,    40, -8.598523431833e-01, 1.590259712310e-06, 4.1385e+00, 1.0406e-02, 
 2DIAGNOSTIC,    41, -8.598523676966e-01, 1.343210734851e-06, 4.1499e+00, 1.1494e-02, 
 2DIAGNOSTIC,    42, -8.598523922323e-01, 1.180886066952e-06, 4.1790e+00, 2.9037e-02, 
 2DIAGNOSTIC,    43, -8.598523922322e-01, 1.076679943857e-06, 4.1982e+00, 1.9241e-02, 
DIAGNOSTIC,Iteration,metricValue,convergenceValue,ITERATION_TIME_INDEX,SINCE_LAST
 2DIAGNOSTIC,     1, -7.069455037199e-01, 1.797693134862e+308, 8.0560e+00, 3.8578e+00, 
 2DIAGNOSTIC,     2, -7.082149464777e-01, 1.797693134862e+308, 8.1697e+00, 1.1370e-01, 
 2DIAGNOSTIC,     3, -7.097572842313e-01, 1.797693134862e+308, 8.2834e+00, 1.1370e-01, 
 2DIAGNOSTIC,     4, -7.111461071135e-01, 1.797693134862e+308, 8.3971e+00, 1.1369e-01, 
 2DIAGNOSTIC,     5, -7.122351416200e-01, 1.797693134862e+308, 8.5108e+00, 1.1371e-01, 
 2DIAGNOSTIC,     6, -7.134739925365e-01, 1.797693134862e+308, 8.6245e+00, 1.1374e-01, 
 2DIAGNOSTIC,     7, -7.159338214483e-01, 1.797693134862e+308, 8.7729e+00, 1.4840e-01, 
 2DIAGNOSTIC,     8, -7.162076538003e-01, 1.797693134862e+308, 8.8867e+00, 1.1374e-01, 
 2DIAGNOSTIC,     9, -7.166259150651e-01, 1.797693134862e+308, 9.0175e+00, 1.3080e-01, 
 2DIAGNOSTIC,    10, -7.174082619958e-01, 9.911943934875e-04, 9.1489e+00, 1.3142e-01, 
 2DIAGNOSTIC,    11, -7.177286982031e-01, 8.109357940823e-04, 9.2628e+00, 1.1387e-01, 
 2DIAGNOSTIC,    12, -7.178645956206e-01, 6.334583507853e-04, 9.4110e+00, 1.4821e-01, 
 2DIAGNOSTIC,    13, -7.180018469813e-01, 4.776478839020e-04, 9.5420e+00, 1.3101e-01, 
 2DIAGNOSTIC,    14, -7.180763805623e-01, 3.431061770667e-04, 9.6731e+00, 1.3112e-01, 
 2DIAGNOSTIC,    15, -7.180934207850e-01, 2.244044305529e-04, 9.7870e+00, 1.1390e-01, 
 2DIAGNOSTIC,    16, -7.181316867050e-01, 1.303168094431e-04, 9.9352e+00, 1.4821e-01, 
 2DIAGNOSTIC,    17, -7.181492125296e-01, 9.361491951806e-05, 1.0049e+01, 1.1396e-01, 
 2DIAGNOSTIC,    18, -7.181653077108e-01, 5.893264090970e-05, 1.0163e+01, 1.1386e-01, 
 2DIAGNOSTIC,    19, -7.181752441245e-01, 3.120244964282e-05, 1.0312e+01, 1.4849e-01, 
 2DIAGNOSTIC,    20, -7.181612927298e-01, 1.866013275839e-05, 1.0443e+01, 1.3103e-01, 
 2DIAGNOSTIC,    21, -7.181805050296e-01, 1.213204698917e-05, 1.0573e+01, 1.3090e-01, 
 2DIAGNOSTIC,    22, -7.181838680682e-01, 7.653772937620e-06, 1.0687e+01, 1.1377e-01, 
 2DIAGNOSTIC,    23, -7.181869108006e-01, 5.377285361874e-06, 1.0870e+01, 1.8243e-01, 
 2DIAGNOSTIC,    24, -7.181877844182e-01, 4.170345522150e-06, 1.0984e+01, 1.1391e-01, 
 2DIAGNOSTIC,    25, -7.181887225045e-01, 3.072155147055e-06, 1.1097e+01, 1.1388e-01, 
 2DIAGNOSTIC,    26, -7.181888874229e-01, 2.470414620856e-06, 1.1211e+01, 1.1373e-01, 
 2DIAGNOSTIC,    27, -7.181890819103e-01, 2.046613984619e-06, 1.1325e+01, 1.1402e-01, 
 2DIAGNOSTIC,    28, -7.181891286232e-01, 1.797577119517e-06, 1.1525e+01, 1.9990e-01, 
 2DIAGNOSTIC,    29, -7.181891354578e-01, 1.648673570727e-06, 1.1639e+01, 1.1411e-01, 
 2DIAGNOSTIC,    30, -7.181891363400e-01, 1.267025354926e-06, 1.1805e+01, 1.6537e-01, 
 2DIAGNOSTIC,    31, -7.181891363763e-01, 1.135959869447e-06, 1.2228e+01, 4.2315e-01, 
 2DIAGNOSTIC,    32, -7.181891363763e-01, 1.043820231181e-06, 1.2341e+01, 1.1376e-01, 
DIAGNOSTIC,Iteration,metricValue,convergenceValue,ITERATION_TIME_INDEX,SINCE_LAST
 2DIAGNOSTIC,     1, -6.164211005873e-01, 1.797693134862e+308, 1.6897e+01, 4.5560e+00, 
 2DIAGNOSTIC,     2, -6.167804896144e-01, 1.797693134862e+308, 1.7567e+01, 6.6949e-01, 
 2DIAGNOSTIC,     3, -6.168749382135e-01, 1.797693134862e+308, 1.8236e+01, 6.6889e-01, 
 2DIAGNOSTIC,     4, -6.169832471668e-01, 1.797693134862e+308, 1.9003e+01, 7.6756e-01, 
 2DIAGNOSTIC,     5, -6.170784939559e-01, 1.797693134862e+308, 2.1463e+01, 2.4599e+00, 
 2DIAGNOSTIC,     6, -6.170784901356e-01, 1.797693134862e+308, 2.2134e+01, 6.7096e-01, 
 2DIAGNOSTIC,     7, -6.170784928543e-01, 1.797693134862e+308, 2.2805e+01, 6.7064e-01, 
 2DIAGNOSTIC,     8, -6.170784974504e-01, 1.797693134862e+308, 2.3474e+01, 6.6900e-01, 
 2DIAGNOSTIC,     9, -6.170785052188e-01, 1.797693134862e+308, 2.4143e+01, 6.6880e-01, 
 2DIAGNOSTIC,    10, -6.170785183429e-01, 5.409205414512e-05, 2.4811e+01, 6.6840e-01, 
 2DIAGNOSTIC,    11, -6.170785405049e-01, 2.562301302947e-05, 2.5480e+01, 6.6934e-01, 
 2DIAGNOSTIC,    12, -6.170785778902e-01, 1.366484961693e-05, 2.6153e+01, 6.7271e-01, 
 2DIAGNOSTIC,    13, -6.170786408650e-01, 5.831830403341e-06, 2.6822e+01, 6.6902e-01, 
 2DIAGNOSTIC,    14, -6.170787474933e-01, 2.287838867646e-06, 2.7491e+01, 6.6909e-01, 
 2DIAGNOSTIC,    15, -6.170789269951e-01, 2.145441944851e-06, 2.8161e+01, 6.6921e-01, 
 2DIAGNOSTIC,    16, -6.170792253097e-01, 2.026984369907e-06, 2.8830e+01, 6.6960e-01, 
 2DIAGNOSTIC,    17, -6.170797138696e-01, 1.932074622325e-06, 2.9499e+01, 6.6899e-01, 
 2DIAGNOSTIC,    18, -6.170805036464e-01, 1.862209338753e-06, 3.0167e+01, 6.6808e-01, 
 2DIAGNOSTIC,    19, -6.170817558049e-01, 1.821118079524e-06, 3.0836e+01, 6.6912e-01, 
 2DIAGNOSTIC,    20, -6.170837237253e-01, 1.815617465525e-06, 3.1507e+01, 6.7082e-01, 
 2DIAGNOSTIC,    21, -6.170865028047e-01, 1.850369411686e-06, 3.2177e+01, 6.6949e-01, 
 2DIAGNOSTIC,    22, -6.170901527372e-01, 1.926890532508e-06, 3.2848e+01, 6.7166e-01, 
 2DIAGNOSTIC,    23, -6.170943177049e-01, 2.035340384142e-06, 3.3522e+01, 6.7325e-01, 
 2DIAGNOSTIC,    24, -6.170980962297e-01, 2.147125616692e-06, 3.4290e+01, 7.6811e-01, 
 2DIAGNOSTIC,    25, -6.170983088898e-01, 2.179371240488e-06, 3.4960e+01, 6.7074e-01, 
 2DIAGNOSTIC,    26, -6.171006615374e-01, 2.171785016998e-06, 3.5633e+01, 6.7292e-01, 
 2DIAGNOSTIC,    27, -6.171020204896e-01, 2.105833557954e-06, 3.6606e+01, 9.7250e-01, 
 2DIAGNOSTIC,    28, -6.171028537687e-01, 1.982616330692e-06, 3.7374e+01, 7.6815e-01, 
 2DIAGNOSTIC,    29, -6.171009288365e-01, 1.777073171685e-06, 3.8142e+01, 7.6853e-01, 
 2DIAGNOSTIC,    30, -6.171013409949e-01, 1.558897111592e-06, 3.8812e+01, 6.6995e-01, 
 2DIAGNOSTIC,    31, -6.170993108096e-01, 1.317853408109e-06, 3.9581e+01, 7.6817e-01, 
 2DIAGNOSTIC,    32, -6.170999346039e-01, 1.124695105922e-06, 4.0250e+01, 6.6926e-01, 
DIAGNOSTIC,Iteration,metricValue,convergenceValue,ITERATION_TIME_INDEX,SINCE_LAST
 2DIAGNOSTIC,     1, -5.486693236631e-01, 1.797693134862e+308, 4.5536e+01, 5.2861e+00, 
  Elapsed time (stage 1): 4.6229e+01


Total elapsed time: 9.8270e+01
 Registration finished. The antsRegistration call was:
--------------------------------------------------------------------------------------
/opt/ants/bin//antsRegistration --verbose 1 --dimensionality 3 --float 0 --collapse-output-transforms 1 --output [ /output/sub-003S6067_ses-01_ses-02/source_,/output/sub-003S6067_ses-01_ses-02/source_Warped.nii.gz,/output/sub-003S6067_ses-01_ses-02/source_InverseWarped.nii.gz ] --interpolation Linear --use-histogram-matching 0 --winsorize-image-intensities [ 0.005,0.995 ] --initial-moving-transform [ /template/brain_mni.nii.gz,/input/sub-003S6067_ses-01_ses-02/source.nii.gz,1 ] --transform Rigid[ 0.1 ] --metric MI[ /template/brain_mni.nii.gz,/input/sub-003S6067_ses-01_ses-02/source.nii.gz,1,32,Regular,0.25 ] --convergence [ 1000x500x250x0,1e-6,10 ] --shrink-factors 8x4x2x1 --smoothing-sigmas 3x2x1x0vox --transform Affine[ 0.1 ] --metric MI[ /template/brain_mni.nii.gz,/input/sub-003S6067_ses-01_ses-02/source.nii.gz,1,32,Regular,0.25 ] --convergence [ 1000x500x250x0,1e-6,10 ] --shrink-factors 8x4x2x1 --smoothing-sigmas 3x2x1x0vox
--------------------------------------------------------------------------------------
Moving image resampled into fixed space: /output/sub-003S6067_ses-01_ses-02/source_Warped.nii.gz
Fixed image resampled into moving space: /output/sub-003S6067_ses-01_ses-02/source_InverseWarped.nii.gz
--------------------------------------------------------------------------------------

--------------------------------------------------------------------------------------
 Mapping parameters
--------------------------------------------------------------------------------------
 ANTSPATH is /opt/ants/bin/

 Dimensionality:           3
 Output name prefix:       /output/sub-003S6067_ses-01_ses-02/target_
 Fixed images:             /template/brain_mni.nii.gz
 Moving images:            /input/sub-003S6067_ses-01_ses-02/target.nii.gz
 Mask images:              
 Initial transforms:       
 Number of threads:        1
 Spline distance:          26
 SyN gradient step:        0.1
 Transform type:           a
 MI histogram bins:        32
 Precision:                d
 Use histogram matching:   0
 Repro                     0
======================================================================================
 antsRegistration call:
--------------------------------------------------------------------------------------
/opt/ants/bin//antsRegistration --verbose 1 --dimensionality 3 --float 0 --collapse-output-transforms 1 --output [ /output/sub-003S6067_ses-01_ses-02/target_,/output/sub-003S6067_ses-01_ses-02/target_Warped.nii.gz,/output/sub-003S6067_ses-01_ses-02/target_InverseWarped.nii.gz ] --interpolation Linear --use-histogram-matching 0 --winsorize-image-intensities [ 0.005,0.995 ] --initial-moving-transform [ /template/brain_mni.nii.gz,/input/sub-003S6067_ses-01_ses-02/target.nii.gz,1 ] --transform Rigid[ 0.1 ] --metric MI[ /template/brain_mni.nii.gz,/input/sub-003S6067_ses-01_ses-02/target.nii.gz,1,32,Regular,0.25 ] --convergence [ 1000x500x250x0,1e-6,10 ] --shrink-factors 8x4x2x1 --smoothing-sigmas 3x2x1x0vox --transform Affine[ 0.1 ] --metric MI[ /template/brain_mni.nii.gz,/input/sub-003S6067_ses-01_ses-02/target.nii.gz,1,32,Regular,0.25 ] --convergence [ 1000x500x250x0,1e-6,10 ] --shrink-factors 8x4x2x1 --smoothing-sigmas 3x2x1x0vox
--------------------------------------------------------------------------------------
All_Command_lines_OK
Using double precision for computations.
=============================================================================
The composite transform comprises the following transforms (in order): 
  1. Center of mass alignment using fixed image: /template/brain_mni.nii.gz and moving image: /input/sub-003S6067_ses-01_ses-02/target.nii.gz (type = Euler3DTransform)
=============================================================================
  number of levels = 4
  number of levels = 4
  fixed image: /template/brain_mni.nii.gz
  moving image: /input/sub-003S6067_ses-01_ses-02/target.nii.gz
  fixed image: /template/brain_mni.nii.gz
  moving image: /input/sub-003S6067_ses-01_ses-02/target.nii.gz
Dimension = 3
Number of stages = 2
Use histogram matching = false
Winsorize image intensities = true
  Lower quantile = 0.005
  Upper quantile = 0.995


Stage 1 State
   Image metric = Mattes
     Fixed image = Image (0x558df762f850)
  RTTI typeinfo:   itk::Image<double, 3u>
  Reference Count: 2
  Modified Time: 1690
  Debug: Off
  Object Name: 
  Observers: 
    none
  Source: (none)
  Source output name: (none)
  Release Data: Off
  Data Released: False
  Global Release Data: Off
  PipelineMTime: 0
  UpdateMTime: 1475
  RealTimeStamp: 0 seconds 
  LargestPossibleRegion: 
    Dimension: 3
    Index: [0, 0, 0]
    Size: [197, 233, 189]
  BufferedRegion: 
    Dimension: 3
    Index: [0, 0, 0]
    Size: [197, 233, 189]
  RequestedRegion: 
    Dimension: 3
    Index: [0, 0, 0]
    Size: [197, 233, 189]
  Spacing: [1, 1, 1]
  Origin: [98, 134, -72]
  Direction: 
-1 0 0
0 -1 0
0 0 1

  IndexToPointMatrix: 
-1 0 0
0 -1 0
0 0 1

  PointToIndexMatrix: 
-1 0 0
0 -1 0
0 0 1

  Inverse Direction: 
-1 0 0
0 -1 0
0 0 1

  PixelContainer: 
    ImportImageContainer (0x558df76634d0)
      RTTI typeinfo:   itk::ImportImageContainer<unsigned long, double>
      Reference Count: 1
      Modified Time: 1472
      Debug: Off
      Object Name: 
      Observers: 
        none
      Pointer: 0x7f6a6c0ea010
      Container manages memory: true
      Size: 8675289
      Capacity: 8675289

     Moving image = Image (0x558df76a3550)
  RTTI typeinfo:   itk::Image<double, 3u>
  Reference Count: 2
  Modified Time: 1691
  Debug: Off
  Object Name: 
  Observers: 
    none
  Source: (none)
  Source output name: (none)
  Release Data: Off
  Data Released: False
  Global Release Data: Off
  PipelineMTime: 0
  UpdateMTime: 1688
  RealTimeStamp: 0 seconds 
  LargestPossibleRegion: 
    Dimension: 3
    Index: [0, 0, 0]
    Size: [256, 256, 256]
  BufferedRegion: 
    Dimension: 3
    Index: [0, 0, 0]
    Size: [256, 256, 256]
  RequestedRegion: 
    Dimension: 3
    Index: [0, 0, 0]
    Size: [256, 256, 256]
  Spacing: [1, 1, 1]
  Origin: [-342.585, -128.5, 640.07]
  Direction: 
1 0 0
0 -0 -1
0 -1 0

  IndexToPointMatrix: 
1 0 0
0 0 -1
0 -1 0

  PointToIndexMatrix: 
1 0 0
0 0 -1
0 -1 0

  Inverse Direction: 
1 0 0
0 0 -1
0 -1 0

  PixelContainer: 
    ImportImageContainer (0x558df76fdc70)
      RTTI typeinfo:   itk::ImportImageContainer<unsigned long, double>
      Reference Count: 1
      Modified Time: 1685
      Debug: Off
      Object Name: 
      Observers: 
        none
      Pointer: 0x7f6a640e9010
      Container manages memory: true
      Size: 16777216
      Capacity: 16777216

     Weighting = 1
     Sampling strategy = regular
     Number of bins = 32
     Radius = 4
     Sampling percentage  = 0.25
   Transform = Rigid
     Gradient step = 0.1
     Update field sigma (voxel space) = 0
     Total field sigma (voxel space) = 0
     Update field time sigma = 0
     Total field time sigma  = 0
     Number of time indices = 0
     Number of time point samples = 0
Stage 2 State
   Image metric = Mattes
     Fixed image = Image (0x558df76f77e0)
  RTTI typeinfo:   itk::Image<double, 3u>
  Reference Count: 2
  Modified Time: 2118
  Debug: Off
  Object Name: 
  Observers: 
    none
  Source: (none)
  Source output name: (none)
  Release Data: Off
  Data Released: False
  Global Release Data: Off
  PipelineMTime: 0
  UpdateMTime: 1903
  RealTimeStamp: 0 seconds 
  LargestPossibleRegion: 
    Dimension: 3
    Index: [0, 0, 0]
    Size: [197, 233, 189]
  BufferedRegion: 
    Dimension: 3
    Index: [0, 0, 0]
    Size: [197, 233, 189]
  RequestedRegion: 
    Dimension: 3
    Index: [0, 0, 0]
    Size: [197, 233, 189]
  Spacing: [1, 1, 1]
  Origin: [98, 134, -72]
  Direction: 
-1 0 0
0 -1 0
0 0 1

  IndexToPointMatrix: 
-1 0 0
0 -1 0
0 0 1

  PointToIndexMatrix: 
-1 0 0
0 -1 0
0 0 1

  Inverse Direction: 
-1 0 0
0 -1 0
0 0 1

  PixelContainer: 
    ImportImageContainer (0x558df76f8010)
      RTTI typeinfo:   itk::ImportImageContainer<unsigned long, double>
      Reference Count: 1
      Modified Time: 1900
      Debug: Off
      Object Name: 
      Observers: 
        none
      Pointer: 0x7f6a5feb9010
      Container manages memory: true
      Size: 8675289
      Capacity: 8675289

     Moving image = Image (0x558df76f5020)
  RTTI typeinfo:   itk::Image<double, 3u>
  Reference Count: 2
  Modified Time: 2119
  Debug: Off
  Object Name: 
  Observers: 
    none
  Source: (none)
  Source output name: (none)
  Release Data: Off
  Data Released: False
  Global Release Data: Off
  PipelineMTime: 0
  UpdateMTime: 2116
  RealTimeStamp: 0 seconds 
  LargestPossibleRegion: 
    Dimension: 3
    Index: [0, 0, 0]
    Size: [256, 256, 256]
  BufferedRegion: 
    Dimension: 3
    Index: [0, 0, 0]
    Size: [256, 256, 256]
  RequestedRegion: 
    Dimension: 3
    Index: [0, 0, 0]
    Size: [256, 256, 256]
  Spacing: [1, 1, 1]
  Origin: [-342.585, -128.5, 640.07]
  Direction: 
1 0 0
0 -0 -1
0 -1 0

  IndexToPointMatrix: 
1 0 0
0 0 -1
0 -1 0

  PointToIndexMatrix: 
1 0 0
0 0 -1
0 -1 0

  Inverse Direction: 
1 0 0
0 0 -1
0 -1 0

  PixelContainer: 
    ImportImageContainer (0x558df7683550)
      RTTI typeinfo:   itk::ImportImageContainer<unsigned long, double>
      Reference Count: 1
      Modified Time: 2113
      Debug: Off
      Object Name: 
      Observers: 
        none
      Pointer: 0x7f6a57eb8010
      Container manages memory: true
      Size: 16777216
      Capacity: 16777216

     Weighting = 1
     Sampling strategy = regular
     Number of bins = 32
     Radius = 4
     Sampling percentage  = 0.25
   Transform = Affine
     Gradient step = 0.1
     Update field sigma (voxel space) = 0
     Total field sigma (voxel space) = 0
     Update field time sigma = 0
     Total field time sigma  = 0
     Number of time indices = 0
     Number of time point samples = 0
Registration using 2 total stages.

Stage 0
  iterations = 1000x500x250x0
  convergence threshold = 1e-06
  convergence window size = 10
  number of levels = 4
  using the Mattes MI metric (number of bins = 32, weight = 1, use gradient filter = 0)
  preprocessing:  winsorizing the image intensities
  Shrink factors (level 1 out of 4): [8, 8, 8]
  Shrink factors (level 2 out of 4): [4, 4, 4]
  Shrink factors (level 3 out of 4): [2, 2, 2]
  Shrink factors (level 4 out of 4): [1, 1, 1]
  smoothing sigmas per level: [3, 2, 1, 0]
  regular sampling (percentage = 0.25)

*** Running Euler3DTransform registration ***

DIAGNOSTIC,Iteration,metricValue,convergenceValue,ITERATION_TIME_INDEX,SINCE_LAST
 2DIAGNOSTIC,     1, -3.986366633857e-01, 1.797693134862e+308, 3.7426e+00, 3.7426e+00, 
 2DIAGNOSTIC,     2, -3.995744618541e-01, 1.797693134862e+308, 3.7511e+00, 8.5180e-03, 
 2DIAGNOSTIC,     3, -4.008538015409e-01, 1.797693134862e+308, 3.7597e+00, 8.5330e-03, 
 2DIAGNOSTIC,     4, -4.030236745246e-01, 1.797693134862e+308, 3.7685e+00, 8.8110e-03, 
 2DIAGNOSTIC,     5, -4.057330213401e-01, 1.797693134862e+308, 3.7771e+00, 8.6420e-03, 
 2DIAGNOSTIC,     6, -4.088894250393e-01, 1.797693134862e+308, 3.7864e+00, 9.3122e-03, 
 2DIAGNOSTIC,     7, -4.157032639487e-01, 1.797693134862e+308, 3.7964e+00, 1.0025e-02, 
 2DIAGNOSTIC,     8, -4.291431672475e-01, 1.797693134862e+308, 3.8078e+00, 1.1392e-02, 
 2DIAGNOSTIC,     9, -4.434296259681e-01, 1.797693134862e+308, 3.8226e+00, 1.4761e-02, 
 2DIAGNOSTIC,    10, -4.439658983720e-01, 7.534546831692e-03, 3.8340e+00, 1.1427e-02, 
 2DIAGNOSTIC,    11, -4.439867186149e-01, 7.583222844580e-03, 3.8428e+00, 8.7330e-03, 
 2DIAGNOSTIC,    12, -4.440081772727e-01, 7.006672955772e-03, 3.8514e+00, 8.6651e-03, 
 2DIAGNOSTIC,    13, -4.440430098550e-01, 5.947753194674e-03, 3.8601e+00, 8.6410e-03, 
 2DIAGNOSTIC,    14, -4.441476866658e-01, 4.607960661839e-03, 3.8688e+00, 8.7240e-03, 
 2DIAGNOSTIC,    15, -4.450299734774e-01, 3.202267309840e-03, 3.8809e+00, 1.2105e-02, 
 2DIAGNOSTIC,    16, -4.457221324423e-01, 1.855135990562e-03, 3.8906e+00, 9.7430e-03, 
 2DIAGNOSTIC,    17, -4.464956730333e-01, 7.918071851599e-04, 3.9028e+00, 1.2210e-02, 
 2DIAGNOSTIC,    18, -4.474084704348e-01, 2.931141582263e-04, 3.9114e+00, 8.6010e-03, 
 2DIAGNOSTIC,    19, -4.478634579397e-01, 3.349063458575e-04, 3.9201e+00, 8.6379e-03, 
 2DIAGNOSTIC,    20, -4.484923262020e-01, 3.796748473459e-04, 3.9319e+00, 1.1780e-02, 
 2DIAGNOSTIC,    21, -4.489409178315e-01, 3.991374746782e-04, 3.9405e+00, 8.6138e-03, 
 2DIAGNOSTIC,    22, -4.493213972702e-01, 3.916461979952e-04, 3.9491e+00, 8.6060e-03, 
 2DIAGNOSTIC,    23, -4.497152413156e-01, 3.607223330637e-04, 3.9598e+00, 1.0681e-02, 
 2DIAGNOSTIC,    24, -4.500859631360e-01, 3.113531744348e-04, 3.9683e+00, 8.5032e-03, 
 2DIAGNOSTIC,    25, -4.505103238780e-01, 2.709738809859e-04, 3.9771e+00, 8.8789e-03, 
 2DIAGNOSTIC,    26, -4.526277270968e-01, 2.786530656773e-04, 3.9873e+00, 1.0170e-02, 
 2DIAGNOSTIC,    27, -4.540030597985e-01, 3.098707829977e-04, 4.0007e+00, 1.3353e-02, 
 2DIAGNOSTIC,    28, -4.655727973225e-01, 5.992092681998e-04, 4.0104e+00, 9.7280e-03, 
 2DIAGNOSTIC,    29, -4.719662014048e-01, 9.572151234005e-04, 4.0197e+00, 9.3169e-03, 
 2DIAGNOSTIC,    30, -4.794253201156e-01, 1.372290955537e-03, 4.0313e+00, 1.1583e-02, 
 2DIAGNOSTIC,    31, -4.743953158319e-01, 1.534248316565e-03, 4.0428e+00, 1.1519e-02, 
 2DIAGNOSTIC,    32, -4.783073065512e-01, 1.631596006438e-03, 4.0515e+00, 8.6691e-03, 
 2DIAGNOSTIC,    33, -4.797771917013e-01, 1.599605840419e-03, 4.0637e+00, 1.2188e-02, 
 2DIAGNOSTIC,    34, -4.816277461314e-01, 1.455758167430e-03, 4.0733e+00, 9.5789e-03, 
 2DIAGNOSTIC,    35, -4.817230961604e-01, 1.193159132564e-03, 4.0828e+00, 9.5510e-03, 
 2DIAGNOSTIC,    36, -4.819244889691e-01, 8.793693868301e-04, 4.0922e+00, 9.4261e-03, 
 2DIAGNOSTIC,    37, -4.820271973470e-01, 5.230946958562e-04, 4.1007e+00, 8.4779e-03, 
 2DIAGNOSTIC,    38, -4.821616695876e-01, 3.291219936705e-04, 4.1123e+00, 1.1603e-02, 
 2DIAGNOSTIC,    39, -4.824267576652e-01, 2.187212942452e-04, 4.1206e+00, 8.3010e-03, 
 2DIAGNOSTIC,    40, -4.825041610709e-01, 2.157904371281e-04, 4.1289e+00, 8.3201e-03, 
 2DIAGNOSTIC,    41, -4.826237972755e-01, 1.159641053419e-04, 4.1375e+00, 8.5599e-03, 
 2DIAGNOSTIC,    42, -4.831914939098e-01, 7.713751164209e-05, 4.1503e+00, 1.2784e-02, 
 2DIAGNOSTIC,    43, -4.832319167658e-01, 5.408561439072e-05, 4.1766e+00, 2.6344e-02, 
 2DIAGNOSTIC,    44, -4.832319167286e-01, 5.352525650755e-05, 4.2030e+00, 2.6423e-02, 
 2DIAGNOSTIC,    45, -4.832319167286e-01, 4.934659578603e-05, 4.2124e+00, 9.3529e-03, 
 2DIAGNOSTIC,    46, -4.832319167286e-01, 4.344816749278e-05, 4.2237e+00, 1.1303e-02, 
 2DIAGNOSTIC,    47, -4.832319167286e-01, 3.497193537632e-05, 4.2351e+00, 1.1372e-02, 
 2DIAGNOSTIC,    48, -4.832319167286e-01, 2.524538043306e-05, 4.2444e+00, 9.3400e-03, 
 2DIAGNOSTIC,    49, -4.832319167286e-01, 1.707053494559e-05, 4.2537e+00, 9.3310e-03, 
 2DIAGNOSTIC,    50, -4.832319167286e-01, 8.688347277935e-06, 4.2641e+00, 1.0314e-02, 
 2DIAGNOSTIC,    51, -4.832319167286e-01, 1.152791405869e-06, 4.2754e+00, 1.1297e-02, 
DIAGNOSTIC,Iteration,metricValue,convergenceValue,ITERATION_TIME_INDEX,SINCE_LAST
 2DIAGNOSTIC,     1, -3.976387561918e-01, 1.797693134862e+308, 8.1208e+00, 3.8454e+00, 
 2DIAGNOSTIC,     2, -3.980382644519e-01, 1.797693134862e+308, 8.2281e+00, 1.0732e-01, 
 2DIAGNOSTIC,     3, -3.989130372897e-01, 1.797693134862e+308, 8.3353e+00, 1.0719e-01, 
 2DIAGNOSTIC,     4, -4.004146190401e-01, 1.797693134862e+308, 8.4426e+00, 1.0727e-01, 
 2DIAGNOSTIC,     5, -4.015473851844e-01, 1.797693134862e+308, 8.5493e+00, 1.0677e-01, 
 2DIAGNOSTIC,     6, -4.023216610194e-01, 1.797693134862e+308, 8.6563e+00, 1.0696e-01, 
 2DIAGNOSTIC,     7, -4.031166676901e-01, 1.797693134862e+308, 8.7795e+00, 1.2320e-01, 
 2DIAGNOSTIC,     8, -4.063394190577e-01, 1.797693134862e+308, 8.9350e+00, 1.5547e-01, 
 2DIAGNOSTIC,     9, -4.078808642716e-01, 1.797693134862e+308, 9.0414e+00, 1.0644e-01, 
 2DIAGNOSTIC,    10, -4.123929992401e-01, 2.116542078708e-03, 9.1641e+00, 1.2269e-01, 
 2DIAGNOSTIC,    11, -4.151040250451e-01, 2.334286869282e-03, 9.2868e+00, 1.2266e-01, 
 2DIAGNOSTIC,    12, -4.159224242405e-01, 2.376226751798e-03, 9.4255e+00, 1.3878e-01, 
 2DIAGNOSTIC,    13, -4.163956648311e-01, 2.270262601449e-03, 9.5642e+00, 1.3866e-01, 
 2DIAGNOSTIC,    14, -4.167288412830e-01, 2.064451700056e-03, 9.6707e+00, 1.0651e-01, 
 2DIAGNOSTIC,    15, -4.168492608608e-01, 1.755047583897e-03, 9.8099e+00, 1.3913e-01, 
 2DIAGNOSTIC,    16, -4.169066220536e-01, 1.360154499736e-03, 9.9164e+00, 1.0654e-01, 
 2DIAGNOSTIC,    17, -4.169484964176e-01, 9.212133156678e-04, 1.0023e+01, 1.0651e-01, 
 2DIAGNOSTIC,    18, -4.170263299548e-01, 5.762965935694e-04, 1.0130e+01, 1.0674e-01, 
 2DIAGNOSTIC,    19, -4.172320777350e-01, 2.756642598769e-04, 1.0285e+01, 1.5521e-01, 
 2DIAGNOSTIC,    20, -4.173258354082e-01, 1.375915297857e-04, 1.0392e+01, 1.0704e-01, 
 2DIAGNOSTIC,    21, -4.173311889453e-01, 8.946153728873e-05, 1.0515e+01, 1.2263e-01, 
 2DIAGNOSTIC,    22, -4.173730337057e-01, 6.451293442214e-05, 1.0637e+01, 1.2274e-01, 
 2DIAGNOSTIC,    23, -4.174300723897e-01, 5.155612133970e-05, 1.0744e+01, 1.0662e-01, 
 2DIAGNOSTIC,    24, -4.174545176581e-01, 4.509284964580e-05, 1.0867e+01, 1.2312e-01, 
 2DIAGNOSTIC,    25, -4.174816343532e-01, 3.908342939965e-05, 1.0974e+01, 1.0674e-01, 
 2DIAGNOSTIC,    26, -4.175062948268e-01, 3.224732582677e-05, 1.1097e+01, 1.2318e-01, 
 2DIAGNOSTIC,    27, -4.175024193267e-01, 2.399907717041e-05, 1.1220e+01, 1.2324e-01, 
 2DIAGNOSTIC,    28, -4.175050341761e-01, 1.605596527296e-05, 1.1327e+01, 1.0648e-01, 
 2DIAGNOSTIC,    29, -4.175403728142e-01, 1.293670577415e-05, 1.1433e+01, 1.0673e-01, 
 2DIAGNOSTIC,    30, -4.177377612605e-01, 1.559012447641e-05, 1.1623e+01, 1.8918e-01, 
 2DIAGNOSTIC,    31, -4.177641366484e-01, 1.727303119840e-05, 1.1746e+01, 1.2332e-01, 
 2DIAGNOSTIC,    32, -4.177677455815e-01, 1.831719519377e-05, 1.1852e+01, 1.0638e-01, 
 2DIAGNOSTIC,    33, -4.177704934770e-01, 1.897202917377e-05, 1.1959e+01, 1.0645e-01, 
 2DIAGNOSTIC,    34, -4.177680323331e-01, 1.829460009276e-05, 1.2065e+01, 1.0658e-01, 
 2DIAGNOSTIC,    35, -4.177969487175e-01, 1.702900972776e-05, 1.2237e+01, 1.7144e-01, 
 2DIAGNOSTIC,    36, -4.178014404825e-01, 1.483519263073e-05, 1.2359e+01, 1.2270e-01, 
 2DIAGNOSTIC,    37, -4.177966825076e-01, 1.134086219669e-05, 1.2466e+01, 1.0641e-01, 
 2DIAGNOSTIC,    38, -4.177910605641e-01, 7.024453037657e-06, 1.2573e+01, 1.0671e-01, 
 2DIAGNOSTIC,    39, -4.178004956070e-01, 3.040476855523e-06, 1.2712e+01, 1.3926e-01, 
 2DIAGNOSTIC,    40, -4.178072308137e-01, 2.525079775367e-06, 1.2819e+01, 1.0680e-01, 
 2DIAGNOSTIC,    41, -4.178074676736e-01, 2.309097592322e-06, 1.2925e+01, 1.0664e-01, 
 2DIAGNOSTIC,    42, -4.178172733252e-01, 2.188208688636e-06, 1.3032e+01, 1.0641e-01, 
 2DIAGNOSTIC,    43, -4.178748730729e-01, 2.906873594555e-06, 1.3171e+01, 1.3900e-01, 
 2DIAGNOSTIC,    44, -4.179205416213e-01, 4.020447912749e-06, 1.3278e+01, 1.0711e-01, 
 2DIAGNOSTIC,    45, -4.179572598258e-01, 5.756851427299e-06, 1.3417e+01, 1.3881e-01, 
 2DIAGNOSTIC,    46, -4.182945291302e-01, 1.204044357613e-05, 1.3539e+01, 1.2288e-01, 
 2DIAGNOSTIC,    47, -4.184977054610e-01, 1.974052660013e-05, 1.3646e+01, 1.0668e-01, 
 2DIAGNOSTIC,    48, -4.204794812222e-01, 5.348328361296e-05, 1.3785e+01, 1.3850e-01, 
 2DIAGNOSTIC,    49, -4.207651452267e-01, 8.419950613644e-05, 1.3891e+01, 1.0634e-01, 
 2DIAGNOSTIC,    50, -4.209927709894e-01, 1.091208630544e-04, 1.4030e+01, 1.3857e-01, 
 2DIAGNOSTIC,    51, -4.210397021264e-01, 1.236039883352e-04, 1.4136e+01, 1.0616e-01, 
 2DIAGNOSTIC,    52, -4.212492160493e-01, 1.285284210396e-04, 1.4258e+01, 1.2214e-01, 
 2DIAGNOSTIC,    53, -4.216194631545e-01, 1.260996354194e-04, 1.4429e+01, 1.7096e-01, 
 2DIAGNOSTIC,    54, -4.217519136500e-01, 1.137964434822e-04, 1.4535e+01, 1.0599e-01, 
 2DIAGNOSTIC,    55, -4.219190434450e-01, 9.391468000629e-05, 1.4689e+01, 1.5453e-01, 
 2DIAGNOSTIC,    56, -4.219284053929e-01, 7.030780157992e-05, 1.4812e+01, 1.2220e-01, 
 2DIAGNOSTIC,    57, -4.219235064682e-01, 4.261113894436e-05, 1.4934e+01, 1.2248e-01, 
 2DIAGNOSTIC,    58, -4.219224482964e-01, 3.508366807261e-05, 1.5056e+01, 1.2216e-01, 
 2DIAGNOSTIC,    59, -4.219146667889e-01, 2.763802889777e-05, 1.5178e+01, 1.2197e-01, 
 2DIAGNOSTIC,    60, -4.218980481287e-01, 2.028792694182e-05, 1.5300e+01, 1.2219e-01, 
 2DIAGNOSTIC,    61, -4.219016237671e-01, 1.185056207607e-05, 1.5423e+01, 1.2250e-01, 
 2DIAGNOSTIC,    62, -4.218967241140e-01, 4.780598154893e-06, 1.5545e+01, 1.2204e-01, 
 2DIAGNOSTIC,    63, -4.218847841900e-01, 1.394227478583e-06, 1.5667e+01, 1.2226e-01, 
DIAGNOSTIC,Iteration,metricValue,convergenceValue,ITERATION_TIME_INDEX,SINCE_LAST
 2DIAGNOSTIC,     1, -3.667954379643e-01, 1.797693134862e+308, 2.0171e+01, 4.5041e+00, 
 2DIAGNOSTIC,     2, -3.669000273324e-01, 1.797693134862e+308, 2.0786e+01, 6.1478e-01, 
 2DIAGNOSTIC,     3, -3.670666779465e-01, 1.797693134862e+308, 2.1401e+01, 6.1511e-01, 
 2DIAGNOSTIC,     4, -3.671766118723e-01, 1.797693134862e+308, 2.2109e+01, 7.0744e-01, 
 2DIAGNOSTIC,     5, -3.671946939659e-01, 1.797693134862e+308, 2.2815e+01, 7.0596e-01, 
 2DIAGNOSTIC,     6, -3.671994752410e-01, 1.797693134862e+308, 2.3428e+01, 6.1362e-01, 
 2DIAGNOSTIC,     7, -3.672328243549e-01, 1.797693134862e+308, 2.4043e+01, 6.1503e-01, 
 2DIAGNOSTIC,     8, -3.673253518462e-01, 1.797693134862e+308, 2.4844e+01, 8.0094e-01, 
 2DIAGNOSTIC,     9, -3.674278142668e-01, 1.797693134862e+308, 2.5736e+01, 8.9165e-01, 
 2DIAGNOSTIC,    10, -3.674364890946e-01, 1.046410127381e-04, 2.6442e+01, 7.0617e-01, 
 2DIAGNOSTIC,    11, -3.674512455269e-01, 8.149934081501e-05, 2.7056e+01, 6.1415e-01, 
 2DIAGNOSTIC,    12, -3.675825021182e-01, 7.020148151041e-05, 2.7668e+01, 6.1226e-01, 
 2DIAGNOSTIC,    13, -3.676773058123e-01, 6.960916243078e-05, 2.8279e+01, 6.1101e-01, 
 2DIAGNOSTIC,    14, -3.677843788229e-01, 7.483319012516e-05, 2.8982e+01, 7.0239e-01, 
 2DIAGNOSTIC,    15, -3.679309978845e-01, 8.130162522876e-05, 3.0248e+01, 1.2664e+00, 
 2DIAGNOSTIC,    16, -3.679338243783e-01, 8.005333722060e-05, 3.1140e+01, 8.9235e-01, 
 2DIAGNOSTIC,    17, -3.679337884131e-01, 7.326051300906e-05, 3.1848e+01, 7.0728e-01, 
 2DIAGNOSTIC,    18, -3.679329455046e-01, 6.445448868938e-05, 3.2553e+01, 7.0556e-01, 
 2DIAGNOSTIC,    19, -3.679328408679e-01, 5.491140521176e-05, 3.3260e+01, 7.0625e-01, 
 2DIAGNOSTIC,    20, -3.679311568824e-01, 4.164032338836e-05, 3.3965e+01, 7.0559e-01, 
 2DIAGNOSTIC,    21, -3.679290065200e-01, 2.631522653909e-05, 3.4673e+01, 7.0767e-01, 
 2DIAGNOSTIC,    22, -3.679294981752e-01, 1.473544272616e-05, 3.5378e+01, 7.0485e-01, 
 2DIAGNOSTIC,    23, -3.679305149256e-01, 6.097890578115e-06, 3.5990e+01, 6.1186e-01, 
 2DIAGNOSTIC,    24, -3.679314932180e-01, 1.084285702550e-06, 3.6699e+01, 7.0913e-01, 
 2DIAGNOSTIC,    25, -3.679327773477e-01, 1.067186182861e-06, 3.7495e+01, 7.9678e-01, 
 2DIAGNOSTIC,    26, -3.679326459684e-01, 1.151603241281e-06, 3.8294e+01, 7.9827e-01, 
 2DIAGNOSTIC,    27, -3.679321941718e-01, 1.223430482512e-06, 3.9002e+01, 7.0822e-01, 
 2DIAGNOSTIC,    28, -3.679317419109e-01, 1.249007959662e-06, 3.9615e+01, 6.1302e-01, 
 2DIAGNOSTIC,    29, -3.679314642217e-01, 1.252336001775e-06, 4.0227e+01, 6.1241e-01, 
 2DIAGNOSTIC,    30, -3.679321879983e-01, 1.217489494200e-06, 4.0932e+01, 7.0438e-01, 
 2DIAGNOSTIC,    31, -3.679329085908e-01, 1.133987472708e-06, 4.1543e+01, 6.1139e-01, 
 2DIAGNOSTIC,    32, -3.679333851019e-01, 1.068877695014e-06, 4.2248e+01, 7.0455e-01, 
 2DIAGNOSTIC,    33, -3.679336788017e-01, 1.031446376511e-06, 4.2951e+01, 7.0346e-01, 
DIAGNOSTIC,Iteration,metricValue,convergenceValue,ITERATION_TIME_INDEX,SINCE_LAST
 2DIAGNOSTIC,     1, -3.377097524005e-01, 1.797693134862e+308, 4.7634e+01, 4.6831e+00, 
  Elapsed time (stage 0): 4.8341e+01


Stage 1
  iterations = 1000x500x250x0
  convergence threshold = 1.0000e-06
  convergence window size = 10
  number of levels = 4
  using the Mattes MI metric (number of bins = 32, weight = 1.0000e+00, use gradient filter = 0)
  preprocessing:  winsorizing the image intensities
  Shrink factors (level 1 out of 4): [8, 8, 8]
  Shrink factors (level 2 out of 4): [4, 4, 4]
  Shrink factors (level 3 out of 4): [2, 2, 2]
  Shrink factors (level 4 out of 4): [1, 1, 1]
  smoothing sigmas per level: [3, 2, 1, 0]
  regular sampling (percentage = 2.5000e-01)

*** Running AffineTransform registration ***

DIAGNOSTIC,Iteration,metricValue,convergenceValue,ITERATION_TIME_INDEX,SINCE_LAST
 2DIAGNOSTIC,     1, -5.054667821826e-01, 1.797693134862e+308, 3.7482e+00, 3.7482e+00, 
 2DIAGNOSTIC,     2, -5.073190518291e-01, 1.797693134862e+308, 3.7572e+00, 8.9991e-03, 
 2DIAGNOSTIC,     3, -5.105370851278e-01, 1.797693134862e+308, 3.7662e+00, 9.0358e-03, 
 2DIAGNOSTIC,     4, -5.158907202417e-01, 1.797693134862e+308, 3.7755e+00, 9.2630e-03, 
 2DIAGNOSTIC,     5, -5.272184836866e-01, 1.797693134862e+308, 3.7846e+00, 9.1672e-03, 
 2DIAGNOSTIC,     6, -5.413296404286e-01, 1.797693134862e+308, 3.7939e+00, 9.3079e-03, 
 2DIAGNOSTIC,     7, -5.681386454270e-01, 1.797693134862e+308, 3.8062e+00, 1.2237e-02, 
 2DIAGNOSTIC,     8, -6.932396721854e-01, 1.797693134862e+308, 3.8186e+00, 1.2406e-02, 
 2DIAGNOSTIC,     9, -7.840772387764e-01, 1.797693134862e+308, 3.8331e+00, 1.4481e-02, 
 2DIAGNOSTIC,    10, -7.953991205092e-01, 3.281261912051e-02, 3.8450e+00, 1.1991e-02, 
 2DIAGNOSTIC,    11, -8.141463625209e-01, 3.471286652111e-02, 3.8568e+00, 1.1708e-02, 
 2DIAGNOSTIC,    12, -8.389715978915e-01, 3.407326026908e-02, 3.8668e+00, 1.0004e-02, 
 2DIAGNOSTIC,    13, -8.413819927862e-01, 3.065138919042e-02, 3.8801e+00, 1.3384e-02, 
 2DIAGNOSTIC,    14, -8.437833435507e-01, 2.531680338816e-02, 3.8899e+00, 9.7241e-03, 
 2DIAGNOSTIC,    15, -8.457262759775e-01, 1.901792588347e-02, 3.9008e+00, 1.0977e-02, 
 2DIAGNOSTIC,    16, -8.476801244643e-01, 1.243263129269e-02, 3.9145e+00, 1.3701e-02, 
 2DIAGNOSTIC,    17, -8.481392598408e-01, 6.250218701302e-03, 3.9256e+00, 1.1030e-02, 
 2DIAGNOSTIC,    18, -8.497504203781e-01, 3.114578814040e-03, 3.9365e+00, 1.0933e-02, 
 2DIAGNOSTIC,    19, -8.505028282236e-01, 2.016714773804e-03, 3.9464e+00, 9.9161e-03, 
 2DIAGNOSTIC,    20, -8.512197893085e-01, 1.096408223706e-03, 3.9562e+00, 9.7480e-03, 
 2DIAGNOSTIC,    21, -8.519185419556e-01, 5.282042722715e-04, 3.9671e+00, 1.0899e-02, 
 2DIAGNOSTIC,    22, -8.526562996020e-01, 4.226152999691e-04, 3.9803e+00, 1.3241e-02, 
 2DIAGNOSTIC,    23, -8.528666194810e-01, 3.317520149338e-04, 3.9900e+00, 9.6741e-03, 
 2DIAGNOSTIC,    24, -8.532633761262e-01, 2.630414841690e-04, 3.9998e+00, 9.8159e-03, 
 2DIAGNOSTIC,    25, -8.538404002339e-01, 2.140304008645e-04, 4.0130e+00, 1.3182e-02, 
 2DIAGNOSTIC,    26, -8.540932102588e-01, 1.814890162689e-04, 4.0227e+00, 9.7151e-03, 
 2DIAGNOSTIC,    27, -8.546180897938e-01, 1.480484674248e-04, 4.0336e+00, 1.0855e-02, 
 2DIAGNOSTIC,    28, -8.548964413661e-01, 1.286908140146e-04, 4.0492e+00, 1.5669e-02, 
 2DIAGNOSTIC,    29, -8.549356275329e-01, 1.089568295311e-04, 4.0589e+00, 9.7039e-03, 
 2DIAGNOSTIC,    30, -8.551387220642e-01, 9.184715334973e-05, 4.0686e+00, 9.7070e-03, 
 2DIAGNOSTIC,    31, -8.553579237054e-01, 7.813733571221e-05, 4.0783e+00, 9.6982e-03, 
 2DIAGNOSTIC,    32, -8.553983455744e-01, 6.702236097802e-05, 4.0880e+00, 9.6540e-03, 
 2DIAGNOSTIC,    33, -8.554851813905e-01, 5.371012016874e-05, 4.0976e+00, 9.6481e-03, 
 2DIAGNOSTIC,    34, -8.555708729571e-01, 4.142314589453e-05, 4.1085e+00, 1.0818e-02, 
 2DIAGNOSTIC,    35, -8.556173500087e-01, 3.258276280590e-05, 4.1217e+00, 1.3213e-02, 
 2DIAGNOSTIC,    36, -8.556704917431e-01, 2.423904314666e-05, 4.1324e+00, 1.0744e-02, 
 2DIAGNOSTIC,    37, -8.556812585846e-01, 1.939203302811e-05, 4.1421e+00, 9.6829e-03, 
 2DIAGNOSTIC,    38, -8.556853510410e-01, 1.580668528056e-05, 4.1540e+00, 1.1941e-02, 
 2DIAGNOSTIC,    39, -8.556910653183e-01, 1.138921723857e-05, 4.1638e+00, 9.7289e-03, 
 2DIAGNOSTIC,    40, -8.556976650713e-01, 8.055504473692e-06, 4.1734e+00, 9.6650e-03, 
 2DIAGNOSTIC,    41, -8.557100570378e-01, 6.250517221581e-06, 4.1865e+00, 1.3027e-02, 
 2DIAGNOSTIC,    42, -8.557131974518e-01, 4.385353383422e-06, 4.1961e+00, 9.6779e-03, 
 2DIAGNOSTIC,    43, -8.557155321799e-01, 3.010188166123e-06, 4.2058e+00, 9.6471e-03, 
 2DIAGNOSTIC,    44, -8.557233199809e-01, 2.248950185645e-06, 4.2155e+00, 9.6900e-03, 
 2DIAGNOSTIC,    45, -8.557484399987e-01, 1.939929074019e-06, 4.2264e+00, 1.0909e-02, 
 2DIAGNOSTIC,    46, -8.559397466759e-01, 3.422720852721e-06, 4.2372e+00, 1.0837e-02, 
 2DIAGNOSTIC,    47, -8.559514475383e-01, 4.713512168245e-06, 4.2502e+00, 1.3020e-02, 
 2DIAGNOSTIC,    48, -8.559545486769e-01, 5.636649846992e-06, 4.2600e+00, 9.7439e-03, 
 2DIAGNOSTIC,    49, -8.559622405223e-01, 6.166755844715e-06, 4.2696e+00, 9.6490e-03, 
 2DIAGNOSTIC,    50, -8.558462579822e-01, 5.363641794862e-06, 4.2805e+00, 1.0867e-02, 
 2DIAGNOSTIC,    51, -8.557456278375e-01, 3.533432231039e-06, 4.2916e+00, 1.1053e-02, 
 2DIAGNOSTIC,    52, -8.558759806130e-01, 2.419939483220e-06, 4.3026e+00, 1.1068e-02, 
 2DIAGNOSTIC,    53, -8.558773963267e-01, 1.181716775163e-06, 4.3202e+00, 1.7582e-02, 
DIAGNOSTIC,Iteration,metricValue,convergenceValue,ITERATION_TIME_INDEX,SINCE_LAST
 2DIAGNOSTIC,     1, -7.089793847147e-01, 1.797693134862e+308, 8.1902e+00, 3.8700e+00, 
 2DIAGNOSTIC,     2, -7.101960809392e-01, 1.797693134862e+308, 8.3032e+00, 1.1305e-01, 
 2DIAGNOSTIC,     3, -7.114061712085e-01, 1.797693134862e+308, 8.4163e+00, 1.1312e-01, 
 2DIAGNOSTIC,     4, -7.122920221655e-01, 1.797693134862e+308, 8.5295e+00, 1.1317e-01, 
 2DIAGNOSTIC,     5, -7.127854692901e-01, 1.797693134862e+308, 8.6428e+00, 1.1325e-01, 
 2DIAGNOSTIC,     6, -7.134900479559e-01, 1.797693134862e+308, 8.8242e+00, 1.8143e-01, 
 2DIAGNOSTIC,     7, -7.137233977576e-01, 1.797693134862e+308, 8.9544e+00, 1.3025e-01, 
 2DIAGNOSTIC,     8, -7.137790925077e-01, 1.797693134862e+308, 9.0672e+00, 1.1279e-01, 
 2DIAGNOSTIC,     9, -7.139135196249e-01, 1.797693134862e+308, 9.1804e+00, 1.1317e-01, 
 2DIAGNOSTIC,    10, -7.140205153455e-01, 4.315925673914e-04, 9.2937e+00, 1.1335e-01, 
 2DIAGNOSTIC,    11, -7.141979689259e-01, 2.902900244450e-04, 9.4410e+00, 1.4730e-01, 
 2DIAGNOSTIC,    12, -7.143341826733e-01, 1.909653339320e-04, 9.6063e+00, 1.6528e-01, 
 2DIAGNOSTIC,    13, -7.143433536229e-01, 1.270285272426e-04, 9.7368e+00, 1.3047e-01, 
 2DIAGNOSTIC,    14, -7.143550924188e-01, 8.647322917529e-05, 9.8498e+00, 1.1303e-01, 
 2DIAGNOSTIC,    15, -7.143689632371e-01, 5.666508422027e-05, 9.9801e+00, 1.3027e-01, 
 2DIAGNOSTIC,    16, -7.143901338597e-01, 4.346966486692e-05, 1.0093e+01, 1.1313e-01, 
 2DIAGNOSTIC,    17, -7.144089742587e-01, 3.388768317766e-05, 1.0206e+01, 1.1323e-01, 
 2DIAGNOSTIC,    18, -7.144554297839e-01, 2.466616657362e-05, 1.0320e+01, 1.1339e-01, 
