Starting mask transformation using ANTs
Processing subject: sub-002MND_ses_01
Mask Path: /home/groups/dlmrimnd/jacob/data/MND/binary_masks/sub-002MND_ses_01/binary_mask.nii.gz
transform Path: /home/groups/dlmrimnd/jacob/data/MND/transformation_matrices/sub-002MND_ses_01/affine.mat
Finished processing subject: sub-002MND_ses_01
Processing subject: sub-002MND_ses_02
Mask Path: /home/groups/dlmrimnd/jacob/data/MND/binary_masks/sub-002MND_ses_02/binary_mask.nii.gz
transform Path: /home/groups/dlmrimnd/jacob/data/MND/transformation_matrices/sub-002MND_ses_02/affine.mat
Finished processing subject: sub-002MND_ses_02
Processing subject: sub-003MND_ses_01
Mask Path: /home/groups/dlmrimnd/jacob/data/MND/binary_masks/sub-003MND_ses_01/binary_mask.nii.gz
transform Path: /home/groups/dlmrimnd/jacob/data/MND/transformation_matrices/sub-003MND_ses_01/affine.mat
Finished processing subject: sub-003MND_ses_01
Processing subject: sub-003MND_ses_02
Mask Path: /home/groups/dlmrimnd/jacob/data/MND/binary_masks/sub-003MND_ses_02/binary_mask.nii.gz
transform Path: /home/groups/dlmrimnd/jacob/data/MND/transformation_matrices/sub-003MND_ses_02/affine.mat
Finished processing subject: sub-003MND_ses_02
Processing subject: sub-003MND_ses_03
Mask Path: /home/groups/dlmrimnd/jacob/data/MND/binary_masks/sub-003MND_ses_03/binary_mask.nii.gz
transform Path: /home/groups/dlmrimnd/jacob/data/MND/transformation_matrices/sub-003MND_ses_03/affine.mat
Finished processing subject: sub-003MND_ses_03
Processing subject: sub-003MND_ses_04
Mask Path: /home/groups/dlmrimnd/jacob/data/MND/binary_masks/sub-003MND_ses_04/binary_mask.nii.gz
transform Path: /home/groups/dlmrimnd/jacob/data/MND/transformation_matrices/sub-003MND_ses_04/affine.mat
Finished processing subject: sub-003MND_ses_04
Processing subject: sub-004MND_ses_01
Mask Path: /home/groups/dlmrimnd/jacob/data/MND/binary_masks/sub-004MND_ses_01/binary_mask.nii.gz
transform Path: /home/groups/dlmrimnd/jacob/data/MND/transformation_matrices/sub-004MND_ses_01/affine.mat
Finished processing subject: sub-004MND_ses_01
Processing subject: sub-004MND_ses_02
Mask Path: /home/groups/dlmrimnd/jacob/data/MND/binary_masks/sub-004MND_ses_02/binary_mask.nii.gz
transform Path: /home/groups/dlmrimnd/jacob/data/MND/transformation_matrices/sub-004MND_ses_02/affine.mat
Finished processing subject: sub-004MND_ses_02
Processing subject: sub-005MND_ses_01
Mask Path: /home/groups/dlmrimnd/jacob/data/MND/binary_masks/sub-005MND_ses_01/binary_mask.nii.gz
transform Path: /home/groups/dlmrimnd/jacob/data/MND/transformation_matrices/sub-005MND_ses_01/affine.mat
Finished processing subject: sub-005MND_ses_01
Processing subject: sub-005MND_ses_04
Mask Path: /home/groups/dlmrimnd/jacob/data/MND/binary_masks/sub-005MND_ses_04/binary_mask.nii.gz
transform Path: /home/groups/dlmrimnd/jacob/data/MND/transformation_matrices/sub-005MND_ses_04/affine.mat
Finished processing subject: sub-005MND_ses_04
Processing subject: sub-005MND_ses_05
Mask Path: /home/groups/dlmrimnd/jacob/data/MND/binary_masks/sub-005MND_ses_05/binary_mask.nii.gz
transform Path: /home/groups/dlmrimnd/jacob/data/MND/transformation_matrices/sub-005MND_ses_05/affine.mat
Finished processing subject: sub-005MND_ses_05
Processing subject: sub-005MND_ses_06
Mask Path: /home/groups/dlmrimnd/jacob/data/MND/binary_masks/sub-005MND_ses_06/binary_mask.nii.gz
transform Path: /home/groups/dlmrimnd/jacob/data/MND/transformation_matrices/sub-005MND_ses_06/affine.mat
Finished processing subject: sub-005MND_ses_06
Processing subject: sub-005MND_ses_07
Mask Path: /home/groups/dlmrimnd/jacob/data/MND/binary_masks/sub-005MND_ses_07/binary_mask.nii.gz
transform Path: /home/groups/dlmrimnd/jacob/data/MND/transformation_matrices/sub-005MND_ses_07/affine.mat
Finished processing subject: sub-005MND_ses_07
Processing subject: sub-005MND_ses_08
Mask Path: /home/groups/dlmrimnd/jacob/data/MND/binary_masks/sub-005MND_ses_08/binary_mask.nii.gz
transform Path: /home/groups/dlmrimnd/jacob/data/MND/transformation_matrices/sub-005MND_ses_08/affine.mat
Finished processing subject: sub-005MND_ses_08
Processing subject: sub-005MND_ses_09
Mask Path: /home/groups/dlmrimnd/jacob/data/MND/binary_masks/sub-005MND_ses_09/binary_mask.nii.gz
transform Path: /home/groups/dlmrimnd/jacob/data/MND/transformation_matrices/sub-005MND_ses_09/affine.mat
Finished processing subject: sub-005MND_ses_09
Processing subject: sub-006MND_ses_01
Mask Path: /home/groups/dlmrimnd/jacob/data/MND/binary_masks/sub-006MND_ses_01/binary_mask.nii.gz
transform Path: /home/groups/dlmrimnd/jacob/data/MND/transformation_matrices/sub-006MND_ses_01/affine.mat
Finished processing subject: sub-006MND_ses_01
Processing subject: sub-006MND_ses_02
Mask Path: /home/groups/dlmrimnd/jacob/data/MND/binary_masks/sub-006MND_ses_02/binary_mask.nii.gz
transform Path: /home/groups/dlmrimnd/jacob/data/MND/transformation_matrices/sub-006MND_ses_02/affine.mat
Finished processing subject: sub-006MND_ses_02
Processing subject: sub-007MND_ses_01
Mask Path: /home/groups/dlmrimnd/jacob/data/MND/binary_masks/sub-007MND_ses_01/binary_mask.nii.gz
transform Path: /home/groups/dlmrimnd/jacob/data/MND/transformation_matrices/sub-007MND_ses_01/affine.mat
Finished processing subject: sub-007MND_ses_01
Processing subject: sub-007MND_ses_02
Mask Path: /home/groups/dlmrimnd/jacob/data/MND/binary_masks/sub-007MND_ses_02/binary_mask.nii.gz
transform Path: /home/groups/dlmrimnd/jacob/data/MND/transformation_matrices/sub-007MND_ses_02/affine.mat
Finished processing subject: sub-007MND_ses_02
Processing subject: sub-007MND_ses_03
Mask Path: /home/groups/dlmrimnd/jacob/data/MND/binary_masks/sub-007MND_ses_03/binary_mask.nii.gz
transform Path: /home/groups/dlmrimnd/jacob/data/MND/transformation_matrices/sub-007MND_ses_03/affine.mat
Finished processing subject: sub-007MND_ses_03
Processing subject: sub-008MND_ses_01
Mask Path: /home/groups/dlmrimnd/jacob/data/MND/binary_masks/sub-008MND_ses_01/binary_mask.nii.gz
transform Path: /home/groups/dlmrimnd/jacob/data/MND/transformation_matrices/sub-008MND_ses_01/affine.mat
Finished processing subject: sub-008MND_ses_01
Processing subject: sub-008MND_ses_02
Mask Path: /home/groups/dlmrimnd/jacob/data/MND/binary_masks/sub-008MND_ses_02/binary_mask.nii.gz
transform Path: /home/groups/dlmrimnd/jacob/data/MND/transformation_matrices/sub-008MND_ses_02/affine.mat
Finished processing subject: sub-008MND_ses_02
Processing subject: sub-009MND_ses_01
Mask Path: /home/groups/dlmrimnd/jacob/data/MND/binary_masks/sub-009MND_ses_01/binary_mask.nii.gz
transform Path: /home/groups/dlmrimnd/jacob/data/MND/transformation_matrices/sub-009MND_ses_01/affine.mat
Finished processing subject: sub-009MND_ses_01
Processing subject: sub-009MND_ses_02
Mask Path: /home/groups/dlmrimnd/jacob/data/MND/binary_masks/sub-009MND_ses_02/binary_mask.nii.gz
transform Path: /home/groups/dlmrimnd/jacob/data/MND/transformation_matrices/sub-009MND_ses_02/affine.mat
Finished processing subject: sub-009MND_ses_02
Processing subject: sub-010MND_ses_01
Mask Path: /home/groups/dlmrimnd/jacob/data/MND/binary_masks/sub-010MND_ses_01/binary_mask.nii.gz
transform Path: /home/groups/dlmrimnd/jacob/data/MND/transformation_matrices/sub-010MND_ses_01/affine.mat
Finished processing subject: sub-010MND_ses_01
Processing subject: sub-010MND_ses_02
Mask Path: /home/groups/dlmrimnd/jacob/data/MND/binary_masks/sub-010MND_ses_02/binary_mask.nii.gz
transform Path: /home/groups/dlmrimnd/jacob/data/MND/transformation_matrices/sub-010MND_ses_02/affine.mat
Finished processing subject: sub-010MND_ses_02
Processing subject: sub-011MND_ses_01
Mask Path: /home/groups/dlmrimnd/jacob/data/MND/binary_masks/sub-011MND_ses_01/binary_mask.nii.gz
transform Path: /home/groups/dlmrimnd/jacob/data/MND/transformation_matrices/sub-011MND_ses_01/affine.mat
Finished processing subject: sub-011MND_ses_01
Processing subject: sub-011MND_ses_02
Mask Path: /home/groups/dlmrimnd/jacob/data/MND/binary_masks/sub-011MND_ses_02/binary_mask.nii.gz
transform Path: /home/groups/dlmrimnd/jacob/data/MND/transformation_matrices/sub-011MND_ses_02/affine.mat
Finished processing subject: sub-011MND_ses_02
Processing subject: sub-012MND_ses_01
Mask Path: /home/groups/dlmrimnd/jacob/data/MND/binary_masks/sub-012MND_ses_01/binary_mask.nii.gz
transform Path: /home/groups/dlmrimnd/jacob/data/MND/transformation_matrices/sub-012MND_ses_01/affine.mat
Finished processing subject: sub-012MND_ses_01
Processing subject: sub-012MND_ses_02
Mask Path: /home/groups/dlmrimnd/jacob/data/MND/binary_masks/sub-012MND_ses_02/binary_mask.nii.gz
transform Path: /home/groups/dlmrimnd/jacob/data/MND/transformation_matrices/sub-012MND_ses_02/affine.mat
Finished processing subject: sub-012MND_ses_02
Processing subject: sub-013MND_ses_01
Mask Path: /home/groups/dlmrimnd/jacob/data/MND/binary_masks/sub-013MND_ses_01/binary_mask.nii.gz
transform Path: /home/groups/dlmrimnd/jacob/data/MND/transformation_matrices/sub-013MND_ses_01/affine.mat
Finished processing subject: sub-013MND_ses_01
Processing subject: sub-013MND_ses_02
Mask Path: /home/groups/dlmrimnd/jacob/data/MND/binary_masks/sub-013MND_ses_02/binary_mask.nii.gz
transform Path: /home/groups/dlmrimnd/jacob/data/MND/transformation_matrices/sub-013MND_ses_02/affine.mat
Finished processing subject: sub-013MND_ses_02
Processing subject: sub-014MND_ses_01
Mask Path: /home/groups/dlmrimnd/jacob/data/MND/binary_masks/sub-014MND_ses_01/binary_mask.nii.gz
transform Path: /home/groups/dlmrimnd/jacob/data/MND/transformation_matrices/sub-014MND_ses_01/affine.mat
Finished processing subject: sub-014MND_ses_01
Processing subject: sub-014MND_ses_02
Mask Path: /home/groups/dlmrimnd/jacob/data/MND/binary_masks/sub-014MND_ses_02/binary_mask.nii.gz
transform Path: /home/groups/dlmrimnd/jacob/data/MND/transformation_matrices/sub-014MND_ses_02/affine.mat
Finished processing subject: sub-014MND_ses_02
Processing subject: sub-014MND_ses_03
Mask Path: /home/groups/dlmrimnd/jacob/data/MND/binary_masks/sub-014MND_ses_03/binary_mask.nii.gz
transform Path: /home/groups/dlmrimnd/jacob/data/MND/transformation_matrices/sub-014MND_ses_03/affine.mat
Finished processing subject: sub-014MND_ses_03
Processing subject: sub-016MND_ses_01
Mask Path: /home/groups/dlmrimnd/jacob/data/MND/binary_masks/sub-016MND_ses_01/binary_mask.nii.gz
transform Path: /home/groups/dlmrimnd/jacob/data/MND/transformation_matrices/sub-016MND_ses_01/affine.mat
Finished processing subject: sub-016MND_ses_01
Processing subject: sub-016MND_ses_02
Mask Path: /home/groups/dlmrimnd/jacob/data/MND/binary_masks/sub-016MND_ses_02/binary_mask.nii.gz
transform Path: /home/groups/dlmrimnd/jacob/data/MND/transformation_matrices/sub-016MND_ses_02/affine.mat
Finished processing subject: sub-016MND_ses_02
Processing subject: sub-017MND_ses_01
Mask Path: /home/groups/dlmrimnd/jacob/data/MND/binary_masks/sub-017MND_ses_01/binary_mask.nii.gz
transform Path: /home/groups/dlmrimnd/jacob/data/MND/transformation_matrices/sub-017MND_ses_01/affine.mat
Finished processing subject: sub-017MND_ses_01
Processing subject: sub-017MND_ses_02
Mask Path: /home/groups/dlmrimnd/jacob/data/MND/binary_masks/sub-017MND_ses_02/binary_mask.nii.gz
transform Path: /home/groups/dlmrimnd/jacob/data/MND/transformation_matrices/sub-017MND_ses_02/affine.mat
Finished processing subject: sub-017MND_ses_02
Processing subject: sub-017MND_ses_03
Mask Path: /home/groups/dlmrimnd/jacob/data/MND/binary_masks/sub-017MND_ses_03/binary_mask.nii.gz
transform Path: /home/groups/dlmrimnd/jacob/data/MND/transformation_matrices/sub-017MND_ses_03/affine.mat
Finished processing subject: sub-017MND_ses_03
Processing subject: sub-017MND_ses_04
Mask Path: /home/groups/dlmrimnd/jacob/data/MND/binary_masks/sub-017MND_ses_04/binary_mask.nii.gz
transform Path: /home/groups/dlmrimnd/jacob/data/MND/transformation_matrices/sub-017MND_ses_04/affine.mat
Finished processing subject: sub-017MND_ses_04
Processing subject: sub-017MND_ses_05
Mask Path: /home/groups/dlmrimnd/jacob/data/MND/binary_masks/sub-017MND_ses_05/binary_mask.nii.gz
transform Path: /home/groups/dlmrimnd/jacob/data/MND/transformation_matrices/sub-017MND_ses_05/affine.mat
Finished processing subject: sub-017MND_ses_05
Processing subject: sub-018MND_ses_01
Mask Path: /home/groups/dlmrimnd/jacob/data/MND/binary_masks/sub-018MND_ses_01/binary_mask.nii.gz
transform Path: /home/groups/dlmrimnd/jacob/data/MND/transformation_matrices/sub-018MND_ses_01/affine.mat
Finished processing subject: sub-018MND_ses_01
Processing subject: sub-018MND_ses_02
Mask Path: /home/groups/dlmrimnd/jacob/data/MND/binary_masks/sub-018MND_ses_02/binary_mask.nii.gz
transform Path: /home/groups/dlmrimnd/jacob/data/MND/transformation_matrices/sub-018MND_ses_02/affine.mat
Finished processing subject: sub-018MND_ses_02
Processing subject: sub-019MND_ses_01
Mask Path: /home/groups/dlmrimnd/jacob/data/MND/binary_masks/sub-019MND_ses_01/binary_mask.nii.gz
transform Path: /home/groups/dlmrimnd/jacob/data/MND/transformation_matrices/sub-019MND_ses_01/affine.mat
Finished processing subject: sub-019MND_ses_01
Processing subject: sub-019MND_ses_02
Mask Path: /home/groups/dlmrimnd/jacob/data/MND/binary_masks/sub-019MND_ses_02/binary_mask.nii.gz
transform Path: /home/groups/dlmrimnd/jacob/data/MND/transformation_matrices/sub-019MND_ses_02/affine.mat
Finished processing subject: sub-019MND_ses_02
Processing subject: sub-020MND_ses_01
Mask Path: /home/groups/dlmrimnd/jacob/data/MND/binary_masks/sub-020MND_ses_01/binary_mask.nii.gz
transform Path: /home/groups/dlmrimnd/jacob/data/MND/transformation_matrices/sub-020MND_ses_01/affine.mat
Finished processing subject: sub-020MND_ses_01
Processing subject: sub-020MND_ses_02
Mask Path: /home/groups/dlmrimnd/jacob/data/MND/binary_masks/sub-020MND_ses_02/binary_mask.nii.gz
transform Path: /home/groups/dlmrimnd/jacob/data/MND/transformation_matrices/sub-020MND_ses_02/affine.mat
Finished processing subject: sub-020MND_ses_02
Processing subject: sub-021MND_ses_01
Mask Path: /home/groups/dlmrimnd/jacob/data/MND/binary_masks/sub-021MND_ses_01/binary_mask.nii.gz
transform Path: /home/groups/dlmrimnd/jacob/data/MND/transformation_matrices/sub-021MND_ses_01/affine.mat
Finished processing subject: sub-021MND_ses_01
Processing subject: sub-021MND_ses_02
Mask Path: /home/groups/dlmrimnd/jacob/data/MND/binary_masks/sub-021MND_ses_02/binary_mask.nii.gz
transform Path: /home/groups/dlmrimnd/jacob/data/MND/transformation_matrices/sub-021MND_ses_02/affine.mat
Finished processing subject: sub-021MND_ses_02
Processing subject: sub-021MND_ses_03
Mask Path: /home/groups/dlmrimnd/jacob/data/MND/binary_masks/sub-021MND_ses_03/binary_mask.nii.gz
transform Path: /home/groups/dlmrimnd/jacob/data/MND/transformation_matrices/sub-021MND_ses_03/affine.mat
Finished processing subject: sub-021MND_ses_03
Processing subject: sub-021MND_ses_04
Mask Path: /home/groups/dlmrimnd/jacob/data/MND/binary_masks/sub-021MND_ses_04/binary_mask.nii.gz
transform Path: /home/groups/dlmrimnd/jacob/data/MND/transformation_matrices/sub-021MND_ses_04/affine.mat
Finished processing subject: sub-021MND_ses_04
Processing subject: sub-021MND_ses_05
Mask Path: /home/groups/dlmrimnd/jacob/data/MND/binary_masks/sub-021MND_ses_05/binary_mask.nii.gz
transform Path: /home/groups/dlmrimnd/jacob/data/MND/transformation_matrices/sub-021MND_ses_05/affine.mat
Finished processing subject: sub-021MND_ses_05
Processing subject: sub-021MND_ses_06
Mask Path: /home/groups/dlmrimnd/jacob/data/MND/binary_masks/sub-021MND_ses_06/binary_mask.nii.gz
transform Path: /home/groups/dlmrimnd/jacob/data/MND/transformation_matrices/sub-021MND_ses_06/affine.mat
Finished processing subject: sub-021MND_ses_06
Processing subject: sub-022MND_ses_01
Mask Path: /home/groups/dlmrimnd/jacob/data/MND/binary_masks/sub-022MND_ses_01/binary_mask.nii.gz
transform Path: /home/groups/dlmrimnd/jacob/data/MND/transformation_matrices/sub-022MND_ses_01/affine.mat
Finished processing subject: sub-022MND_ses_01
Processing subject: sub-022MND_ses_02
Mask Path: /home/groups/dlmrimnd/jacob/data/MND/binary_masks/sub-022MND_ses_02/binary_mask.nii.gz
transform Path: /home/groups/dlmrimnd/jacob/data/MND/transformation_matrices/sub-022MND_ses_02/affine.mat
Finished processing subject: sub-022MND_ses_02
Processing subject: sub-022MND_ses_03
Mask Path: /home/groups/dlmrimnd/jacob/data/MND/binary_masks/sub-022MND_ses_03/binary_mask.nii.gz
transform Path: /home/groups/dlmrimnd/jacob/data/MND/transformation_matrices/sub-022MND_ses_03/affine.mat
Finished processing subject: sub-022MND_ses_03
Processing subject: sub-023MND_ses_01
Mask Path: /home/groups/dlmrimnd/jacob/data/MND/binary_masks/sub-023MND_ses_01/binary_mask.nii.gz
transform Path: /home/groups/dlmrimnd/jacob/data/MND/transformation_matrices/sub-023MND_ses_01/affine.mat
Finished processing subject: sub-023MND_ses_01
Processing subject: sub-023MND_ses_02
Mask Path: /home/groups/dlmrimnd/jacob/data/MND/binary_masks/sub-023MND_ses_02/binary_mask.nii.gz
transform Path: /home/groups/dlmrimnd/jacob/data/MND/transformation_matrices/sub-023MND_ses_02/affine.mat
Finished processing subject: sub-023MND_ses_02
Processing subject: sub-023MND_ses_04
Mask Path: /home/groups/dlmrimnd/jacob/data/MND/binary_masks/sub-023MND_ses_04/binary_mask.nii.gz
transform Path: /home/groups/dlmrimnd/jacob/data/MND/transformation_matrices/sub-023MND_ses_04/affine.mat
Finished processing subject: sub-023MND_ses_04
Processing subject: sub-024MND_ses_01
Mask Path: /home/groups/dlmrimnd/jacob/data/MND/binary_masks/sub-024MND_ses_01/binary_mask.nii.gz
transform Path: /home/groups/dlmrimnd/jacob/data/MND/transformation_matrices/sub-024MND_ses_01/affine.mat
Finished processing subject: sub-024MND_ses_01
Processing subject: sub-024MND_ses_02
Mask Path: /home/groups/dlmrimnd/jacob/data/MND/binary_masks/sub-024MND_ses_02/binary_mask.nii.gz
transform Path: /home/groups/dlmrimnd/jacob/data/MND/transformation_matrices/sub-024MND_ses_02/affine.mat
Finished processing subject: sub-024MND_ses_02
Processing subject: sub-024MND_ses_03
Mask Path: /home/groups/dlmrimnd/jacob/data/MND/binary_masks/sub-024MND_ses_03/binary_mask.nii.gz
transform Path: /home/groups/dlmrimnd/jacob/data/MND/transformation_matrices/sub-024MND_ses_03/affine.mat
Finished processing subject: sub-024MND_ses_03
Processing subject: sub-024MND_ses_04
Mask Path: /home/groups/dlmrimnd/jacob/data/MND/binary_masks/sub-024MND_ses_04/binary_mask.nii.gz
transform Path: /home/groups/dlmrimnd/jacob/data/MND/transformation_matrices/sub-024MND_ses_04/affine.mat
Finished processing subject: sub-024MND_ses_04
Processing subject: sub-024MND_ses_05
Mask Path: /home/groups/dlmrimnd/jacob/data/MND/binary_masks/sub-024MND_ses_05/binary_mask.nii.gz
transform Path: /home/groups/dlmrimnd/jacob/data/MND/transformation_matrices/sub-024MND_ses_05/affine.mat
Finished processing subject: sub-024MND_ses_05
Processing subject: sub-024MND_ses_06
Mask Path: /home/groups/dlmrimnd/jacob/data/MND/binary_masks/sub-024MND_ses_06/binary_mask.nii.gz
transform Path: /home/groups/dlmrimnd/jacob/data/MND/transformation_matrices/sub-024MND_ses_06/affine.mat
Finished processing subject: sub-024MND_ses_06
Processing subject: sub-026MND_ses_01
Mask Path: /home/groups/dlmrimnd/jacob/data/MND/binary_masks/sub-026MND_ses_01/binary_mask.nii.gz
transform Path: /home/groups/dlmrimnd/jacob/data/MND/transformation_matrices/sub-026MND_ses_01/affine.mat
Finished processing subject: sub-026MND_ses_01
Processing subject: sub-026MND_ses_02
Mask Path: /home/groups/dlmrimnd/jacob/data/MND/binary_masks/sub-026MND_ses_02/binary_mask.nii.gz
transform Path: /home/groups/dlmrimnd/jacob/data/MND/transformation_matrices/sub-026MND_ses_02/affine.mat
Finished processing subject: sub-026MND_ses_02
Processing subject: sub-028MND_ses_01
Mask Path: /home/groups/dlmrimnd/jacob/data/MND/binary_masks/sub-028MND_ses_01/binary_mask.nii.gz
transform Path: /home/groups/dlmrimnd/jacob/data/MND/transformation_matrices/sub-028MND_ses_01/affine.mat
Finished processing subject: sub-028MND_ses_01
Processing subject: sub-028MND_ses_02
Mask Path: /home/groups/dlmrimnd/jacob/data/MND/binary_masks/sub-028MND_ses_02/binary_mask.nii.gz
transform Path: /home/groups/dlmrimnd/jacob/data/MND/transformation_matrices/sub-028MND_ses_02/affine.mat
Finished processing subject: sub-028MND_ses_02
Processing subject: sub-029MND_ses_01
Mask Path: /home/groups/dlmrimnd/jacob/data/MND/binary_masks/sub-029MND_ses_01/binary_mask.nii.gz
transform Path: /home/groups/dlmrimnd/jacob/data/MND/transformation_matrices/sub-029MND_ses_01/affine.mat
Finished processing subject: sub-029MND_ses_01
Processing subject: sub-029MND_ses_02
Mask Path: /home/groups/dlmrimnd/jacob/data/MND/binary_masks/sub-029MND_ses_02/binary_mask.nii.gz
transform Path: /home/groups/dlmrimnd/jacob/data/MND/transformation_matrices/sub-029MND_ses_02/affine.mat
Finished processing subject: sub-029MND_ses_02
Processing subject: sub-029MND_ses_03
Mask Path: /home/groups/dlmrimnd/jacob/data/MND/binary_masks/sub-029MND_ses_03/binary_mask.nii.gz
transform Path: /home/groups/dlmrimnd/jacob/data/MND/transformation_matrices/sub-029MND_ses_03/affine.mat
Finished processing subject: sub-029MND_ses_03
Processing subject: sub-031MND_ses_01
Mask Path: /home/groups/dlmrimnd/jacob/data/MND/binary_masks/sub-031MND_ses_01/binary_mask.nii.gz
transform Path: /home/groups/dlmrimnd/jacob/data/MND/transformation_matrices/sub-031MND_ses_01/affine.mat
Finished processing subject: sub-031MND_ses_01
Processing subject: sub-031MND_ses_02
Mask Path: /home/groups/dlmrimnd/jacob/data/MND/binary_masks/sub-031MND_ses_02/binary_mask.nii.gz
transform Path: /home/groups/dlmrimnd/jacob/data/MND/transformation_matrices/sub-031MND_ses_02/affine.mat
Finished processing subject: sub-031MND_ses_02
Processing subject: sub-032MND_ses_01
Mask Path: /home/groups/dlmrimnd/jacob/data/MND/binary_masks/sub-032MND_ses_01/binary_mask.nii.gz
transform Path: /home/groups/dlmrimnd/jacob/data/MND/transformation_matrices/sub-032MND_ses_01/affine.mat
Finished processing subject: sub-032MND_ses_01
Processing subject: sub-032MND_ses_02
Mask Path: /home/groups/dlmrimnd/jacob/data/MND/binary_masks/sub-032MND_ses_02/binary_mask.nii.gz
transform Path: /home/groups/dlmrimnd/jacob/data/MND/transformation_matrices/sub-032MND_ses_02/affine.mat
Finished processing subject: sub-032MND_ses_02
Processing subject: sub-034MND_ses_01
Mask Path: /home/groups/dlmrimnd/jacob/data/MND/binary_masks/sub-034MND_ses_01/binary_mask.nii.gz
transform Path: /home/groups/dlmrimnd/jacob/data/MND/transformation_matrices/sub-034MND_ses_01/affine.mat
Finished processing subject: sub-034MND_ses_01
Processing subject: sub-034MND_ses_02
Mask Path: /home/groups/dlmrimnd/jacob/data/MND/binary_masks/sub-034MND_ses_02/binary_mask.nii.gz
transform Path: /home/groups/dlmrimnd/jacob/data/MND/transformation_matrices/sub-034MND_ses_02/affine.mat
Finished processing subject: sub-034MND_ses_02
Processing subject: sub-034MND_ses_03
Mask Path: /home/groups/dlmrimnd/jacob/data/MND/binary_masks/sub-034MND_ses_03/binary_mask.nii.gz
transform Path: /home/groups/dlmrimnd/jacob/data/MND/transformation_matrices/sub-034MND_ses_03/affine.mat
Finished processing subject: sub-034MND_ses_03
Processing subject: sub-040MND_ses_01
Mask Path: /home/groups/dlmrimnd/jacob/data/MND/binary_masks/sub-040MND_ses_01/binary_mask.nii.gz
transform Path: /home/groups/dlmrimnd/jacob/data/MND/transformation_matrices/sub-040MND_ses_01/affine.mat
Finished processing subject: sub-040MND_ses_01
Processing subject: sub-040MND_ses_02
Mask Path: /home/groups/dlmrimnd/jacob/data/MND/binary_masks/sub-040MND_ses_02/binary_mask.nii.gz
transform Path: /home/groups/dlmrimnd/jacob/data/MND/transformation_matrices/sub-040MND_ses_02/affine.mat
Finished processing subject: sub-040MND_ses_02
Processing subject: sub-040MND_ses_04
Mask Path: /home/groups/dlmrimnd/jacob/data/MND/binary_masks/sub-040MND_ses_04/binary_mask.nii.gz
transform Path: /home/groups/dlmrimnd/jacob/data/MND/transformation_matrices/sub-040MND_ses_04/affine.mat
Finished processing subject: sub-040MND_ses_04
Processing subject: sub-043MND_ses_01
Mask Path: /home/groups/dlmrimnd/jacob/data/MND/binary_masks/sub-043MND_ses_01/binary_mask.nii.gz
transform Path: /home/groups/dlmrimnd/jacob/data/MND/transformation_matrices/sub-043MND_ses_01/affine.mat
Finished processing subject: sub-043MND_ses_01
Processing subject: sub-043MND_ses_02
Mask Path: /home/groups/dlmrimnd/jacob/data/MND/binary_masks/sub-043MND_ses_02/binary_mask.nii.gz
transform Path: /home/groups/dlmrimnd/jacob/data/MND/transformation_matrices/sub-043MND_ses_02/affine.mat
Finished processing subject: sub-043MND_ses_02
Processing subject: sub-043MND_ses_04
Mask Path: /home/groups/dlmrimnd/jacob/data/MND/binary_masks/sub-043MND_ses_04/binary_mask.nii.gz
transform Path: /home/groups/dlmrimnd/jacob/data/MND/transformation_matrices/sub-043MND_ses_04/affine.mat
Finished processing subject: sub-043MND_ses_04
Processing subject: sub-044MND_ses_01
Mask Path: /home/groups/dlmrimnd/jacob/data/MND/binary_masks/sub-044MND_ses_01/binary_mask.nii.gz
transform Path: /home/groups/dlmrimnd/jacob/data/MND/transformation_matrices/sub-044MND_ses_01/affine.mat
Finished processing subject: sub-044MND_ses_01
Processing subject: sub-044MND_ses_02
Mask Path: /home/groups/dlmrimnd/jacob/data/MND/binary_masks/sub-044MND_ses_02/binary_mask.nii.gz
transform Path: /home/groups/dlmrimnd/jacob/data/MND/transformation_matrices/sub-044MND_ses_02/affine.mat
Finished processing subject: sub-044MND_ses_02
Processing subject: sub-049MND_ses_01
Mask Path: /home/groups/dlmrimnd/jacob/data/MND/binary_masks/sub-049MND_ses_01/binary_mask.nii.gz
transform Path: /home/groups/dlmrimnd/jacob/data/MND/transformation_matrices/sub-049MND_ses_01/affine.mat
Finished processing subject: sub-049MND_ses_01
Processing subject: sub-049MND_ses_02
Mask Path: /home/groups/dlmrimnd/jacob/data/MND/binary_masks/sub-049MND_ses_02/binary_mask.nii.gz
transform Path: /home/groups/dlmrimnd/jacob/data/MND/transformation_matrices/sub-049MND_ses_02/affine.mat
Finished processing subject: sub-049MND_ses_02
Processing subject: sub-049MND_ses_03
Mask Path: /home/groups/dlmrimnd/jacob/data/MND/binary_masks/sub-049MND_ses_03/binary_mask.nii.gz
transform Path: /home/groups/dlmrimnd/jacob/data/MND/transformation_matrices/sub-049MND_ses_03/affine.mat
Finished processing subject: sub-049MND_ses_03
Processing subject: sub-049MND_ses_04
Mask Path: /home/groups/dlmrimnd/jacob/data/MND/binary_masks/sub-049MND_ses_04/binary_mask.nii.gz
transform Path: /home/groups/dlmrimnd/jacob/data/MND/transformation_matrices/sub-049MND_ses_04/affine.mat
Finished processing subject: sub-049MND_ses_04
Processing subject: sub-052MND_ses_01
Mask Path: /home/groups/dlmrimnd/jacob/data/MND/binary_masks/sub-052MND_ses_01/binary_mask.nii.gz
transform Path: /home/groups/dlmrimnd/jacob/data/MND/transformation_matrices/sub-052MND_ses_01/affine.mat
Finished processing subject: sub-052MND_ses_01
Processing subject: sub-052MND_ses_03
Mask Path: /home/groups/dlmrimnd/jacob/data/MND/binary_masks/sub-052MND_ses_03/binary_mask.nii.gz
transform Path: /home/groups/dlmrimnd/jacob/data/MND/transformation_matrices/sub-052MND_ses_03/affine.mat
Finished processing subject: sub-052MND_ses_03
Processing subject: sub-054MND_ses_01
Mask Path: /home/groups/dlmrimnd/jacob/data/MND/binary_masks/sub-054MND_ses_01/binary_mask.nii.gz
transform Path: /home/groups/dlmrimnd/jacob/data/MND/transformation_matrices/sub-054MND_ses_01/affine.mat
Finished processing subject: sub-054MND_ses_01
Processing subject: sub-054MND_ses_02
Mask Path: /home/groups/dlmrimnd/jacob/data/MND/binary_masks/sub-054MND_ses_02/binary_mask.nii.gz
transform Path: /home/groups/dlmrimnd/jacob/data/MND/transformation_matrices/sub-054MND_ses_02/affine.mat
Finished processing subject: sub-054MND_ses_02
Processing subject: sub-056MND_ses_01
Mask Path: /home/groups/dlmrimnd/jacob/data/MND/binary_masks/sub-056MND_ses_01/binary_mask.nii.gz
transform Path: /home/groups/dlmrimnd/jacob/data/MND/transformation_matrices/sub-056MND_ses_01/affine.mat
Finished processing subject: sub-056MND_ses_01
Processing subject: sub-056MND_ses_02
Mask Path: /home/groups/dlmrimnd/jacob/data/MND/binary_masks/sub-056MND_ses_02/binary_mask.nii.gz
transform Path: /home/groups/dlmrimnd/jacob/data/MND/transformation_matrices/sub-056MND_ses_02/affine.mat
Finished processing subject: sub-056MND_ses_02
Processing subject: sub-057MND_ses_01
Mask Path: /home/groups/dlmrimnd/jacob/data/MND/binary_masks/sub-057MND_ses_01/binary_mask.nii.gz
transform Path: /home/groups/dlmrimnd/jacob/data/MND/transformation_matrices/sub-057MND_ses_01/affine.mat
Finished processing subject: sub-057MND_ses_01
Processing subject: sub-057MND_ses_02
Mask Path: /home/groups/dlmrimnd/jacob/data/MND/binary_masks/sub-057MND_ses_02/binary_mask.nii.gz
transform Path: /home/groups/dlmrimnd/jacob/data/MND/transformation_matrices/sub-057MND_ses_02/affine.mat
Finished processing subject: sub-057MND_ses_02
Processing subject: sub-058MND_ses_01
Mask Path: /home/groups/dlmrimnd/jacob/data/MND/binary_masks/sub-058MND_ses_01/binary_mask.nii.gz
transform Path: /home/groups/dlmrimnd/jacob/data/MND/transformation_matrices/sub-058MND_ses_01/affine.mat
Finished processing subject: sub-058MND_ses_01
Processing subject: sub-058MND_ses_02
Mask Path: /home/groups/dlmrimnd/jacob/data/MND/binary_masks/sub-058MND_ses_02/binary_mask.nii.gz
transform Path: /home/groups/dlmrimnd/jacob/data/MND/transformation_matrices/sub-058MND_ses_02/affine.mat
Finished processing subject: sub-058MND_ses_02
Processing subject: sub-059MND_ses_01
Mask Path: /home/groups/dlmrimnd/jacob/data/MND/binary_masks/sub-059MND_ses_01/binary_mask.nii.gz
transform Path: /home/groups/dlmrimnd/jacob/data/MND/transformation_matrices/sub-059MND_ses_01/affine.mat
Finished processing subject: sub-059MND_ses_01
Processing subject: sub-059MND_ses_02
Mask Path: /home/groups/dlmrimnd/jacob/data/MND/binary_masks/sub-059MND_ses_02/binary_mask.nii.gz
transform Path: /home/groups/dlmrimnd/jacob/data/MND/transformation_matrices/sub-059MND_ses_02/affine.mat
Finished processing subject: sub-059MND_ses_02
Processing subject: sub-062MND_ses_01
Mask Path: /home/groups/dlmrimnd/jacob/data/MND/binary_masks/sub-062MND_ses_01/binary_mask.nii.gz
transform Path: /home/groups/dlmrimnd/jacob/data/MND/transformation_matrices/sub-062MND_ses_01/affine.mat
Finished processing subject: sub-062MND_ses_01
Processing subject: sub-062MND_ses_03
Mask Path: /home/groups/dlmrimnd/jacob/data/MND/binary_masks/sub-062MND_ses_03/binary_mask.nii.gz
transform Path: /home/groups/dlmrimnd/jacob/data/MND/transformation_matrices/sub-062MND_ses_03/affine.mat
Finished processing subject: sub-062MND_ses_03
Mask transformation job completed.
