Starting mask transformation using ANTs
Processing subject: sub-002MND_ses_01
Finished processing subject: sub-002MND_ses_01
Processing subject: sub-002MND_ses_02
Binary mask or affine matrix not found for sub-002MND_ses_02
Finished processing subject: sub-002MND_ses_02
Processing subject: sub-003MND_ses_01
Binary mask or affine matrix not found for sub-003MND_ses_01
Finished processing subject: sub-003MND_ses_01
Processing subject: sub-003MND_ses_02
Binary mask or affine matrix not found for sub-003MND_ses_02
Finished processing subject: sub-003MND_ses_02
Processing subject: sub-003MND_ses_03
Binary mask or affine matrix not found for sub-003MND_ses_03
Finished processing subject: sub-003MND_ses_03
Processing subject: sub-003MND_ses_04
Binary mask or affine matrix not found for sub-003MND_ses_04
Finished processing subject: sub-003MND_ses_04
Processing subject: sub-004MND_ses_01
Binary mask or affine matrix not found for sub-004MND_ses_01
Finished processing subject: sub-004MND_ses_01
Processing subject: sub-004MND_ses_02
Binary mask or affine matrix not found for sub-004MND_ses_02
Finished processing subject: sub-004MND_ses_02
Processing subject: sub-005MND_ses_01
Binary mask or affine matrix not found for sub-005MND_ses_01
Finished processing subject: sub-005MND_ses_01
Processing subject: sub-005MND_ses_04
Binary mask or affine matrix not found for sub-005MND_ses_04
Finished processing subject: sub-005MND_ses_04
Processing subject: sub-005MND_ses_05
Binary mask or affine matrix not found for sub-005MND_ses_05
Finished processing subject: sub-005MND_ses_05
Processing subject: sub-005MND_ses_06
Binary mask or affine matrix not found for sub-005MND_ses_06
Finished processing subject: sub-005MND_ses_06
Processing subject: sub-005MND_ses_07
Binary mask or affine matrix not found for sub-005MND_ses_07
Finished processing subject: sub-005MND_ses_07
Processing subject: sub-005MND_ses_08
Binary mask or affine matrix not found for sub-005MND_ses_08
Finished processing subject: sub-005MND_ses_08
Processing subject: sub-005MND_ses_09
Binary mask or affine matrix not found for sub-005MND_ses_09
Finished processing subject: sub-005MND_ses_09
Processing subject: sub-006MND_ses_01
Binary mask or affine matrix not found for sub-006MND_ses_01
Finished processing subject: sub-006MND_ses_01
Processing subject: sub-006MND_ses_02
Binary mask or affine matrix not found for sub-006MND_ses_02
Finished processing subject: sub-006MND_ses_02
Processing subject: sub-007MND_ses_01
Binary mask or affine matrix not found for sub-007MND_ses_01
Finished processing subject: sub-007MND_ses_01
Processing subject: sub-007MND_ses_02
Binary mask or affine matrix not found for sub-007MND_ses_02
Finished processing subject: sub-007MND_ses_02
Processing subject: sub-007MND_ses_03
Binary mask or affine matrix not found for sub-007MND_ses_03
Finished processing subject: sub-007MND_ses_03
Processing subject: sub-008MND_ses_01
Binary mask or affine matrix not found for sub-008MND_ses_01
Finished processing subject: sub-008MND_ses_01
Processing subject: sub-008MND_ses_02
Binary mask or affine matrix not found for sub-008MND_ses_02
Finished processing subject: sub-008MND_ses_02
Processing subject: sub-009MND_ses_01
Binary mask or affine matrix not found for sub-009MND_ses_01
Finished processing subject: sub-009MND_ses_01
Processing subject: sub-009MND_ses_02
Binary mask or affine matrix not found for sub-009MND_ses_02
Finished processing subject: sub-009MND_ses_02
Processing subject: sub-010MND_ses_01
Binary mask or affine matrix not found for sub-010MND_ses_01
Finished processing subject: sub-010MND_ses_01
Processing subject: sub-010MND_ses_02
Binary mask or affine matrix not found for sub-010MND_ses_02
Finished processing subject: sub-010MND_ses_02
Processing subject: sub-011MND_ses_01
Binary mask or affine matrix not found for sub-011MND_ses_01
Finished processing subject: sub-011MND_ses_01
Processing subject: sub-011MND_ses_02
Binary mask or affine matrix not found for sub-011MND_ses_02
Finished processing subject: sub-011MND_ses_02
Processing subject: sub-012MND_ses_01
Binary mask or affine matrix not found for sub-012MND_ses_01
Finished processing subject: sub-012MND_ses_01
Processing subject: sub-012MND_ses_02
Binary mask or affine matrix not found for sub-012MND_ses_02
Finished processing subject: sub-012MND_ses_02
Processing subject: sub-013MND_ses_01
Binary mask or affine matrix not found for sub-013MND_ses_01
Finished processing subject: sub-013MND_ses_01
Processing subject: sub-013MND_ses_02
Binary mask or affine matrix not found for sub-013MND_ses_02
Finished processing subject: sub-013MND_ses_02
Processing subject: sub-014MND_ses_01
Binary mask or affine matrix not found for sub-014MND_ses_01
Finished processing subject: sub-014MND_ses_01
Processing subject: sub-014MND_ses_02
Binary mask or affine matrix not found for sub-014MND_ses_02
Finished processing subject: sub-014MND_ses_02
Processing subject: sub-014MND_ses_03
Binary mask or affine matrix not found for sub-014MND_ses_03
Finished processing subject: sub-014MND_ses_03
Processing subject: sub-016MND_ses_01
Binary mask or affine matrix not found for sub-016MND_ses_01
Finished processing subject: sub-016MND_ses_01
Processing subject: sub-016MND_ses_02
Binary mask or affine matrix not found for sub-016MND_ses_02
Finished processing subject: sub-016MND_ses_02
Processing subject: sub-017MND_ses_01
Binary mask or affine matrix not found for sub-017MND_ses_01
Finished processing subject: sub-017MND_ses_01
Processing subject: sub-017MND_ses_02
Binary mask or affine matrix not found for sub-017MND_ses_02
Finished processing subject: sub-017MND_ses_02
Processing subject: sub-017MND_ses_03
Binary mask or affine matrix not found for sub-017MND_ses_03
Finished processing subject: sub-017MND_ses_03
Processing subject: sub-017MND_ses_04
Binary mask or affine matrix not found for sub-017MND_ses_04
Finished processing subject: sub-017MND_ses_04
Processing subject: sub-017MND_ses_05
Binary mask or affine matrix not found for sub-017MND_ses_05
Finished processing subject: sub-017MND_ses_05
Processing subject: sub-018MND_ses_01
Binary mask or affine matrix not found for sub-018MND_ses_01
Finished processing subject: sub-018MND_ses_01
Processing subject: sub-018MND_ses_02
Binary mask or affine matrix not found for sub-018MND_ses_02
Finished processing subject: sub-018MND_ses_02
Processing subject: sub-019MND_ses_01
Binary mask or affine matrix not found for sub-019MND_ses_01
Finished processing subject: sub-019MND_ses_01
Processing subject: sub-019MND_ses_02
Binary mask or affine matrix not found for sub-019MND_ses_02
Finished processing subject: sub-019MND_ses_02
Processing subject: sub-020MND_ses_01
Binary mask or affine matrix not found for sub-020MND_ses_01
Finished processing subject: sub-020MND_ses_01
Processing subject: sub-020MND_ses_02
Binary mask or affine matrix not found for sub-020MND_ses_02
Finished processing subject: sub-020MND_ses_02
Processing subject: sub-021MND_ses_01
Binary mask or affine matrix not found for sub-021MND_ses_01
Finished processing subject: sub-021MND_ses_01
Processing subject: sub-021MND_ses_02
Binary mask or affine matrix not found for sub-021MND_ses_02
Finished processing subject: sub-021MND_ses_02
Processing subject: sub-021MND_ses_03
Binary mask or affine matrix not found for sub-021MND_ses_03
Finished processing subject: sub-021MND_ses_03
Processing subject: sub-021MND_ses_04
Binary mask or affine matrix not found for sub-021MND_ses_04
Finished processing subject: sub-021MND_ses_04
Processing subject: sub-021MND_ses_05
Binary mask or affine matrix not found for sub-021MND_ses_05
Finished processing subject: sub-021MND_ses_05
Processing subject: sub-021MND_ses_06
Binary mask or affine matrix not found for sub-021MND_ses_06
Finished processing subject: sub-021MND_ses_06
Processing subject: sub-022MND_ses_01
Binary mask or affine matrix not found for sub-022MND_ses_01
Finished processing subject: sub-022MND_ses_01
Processing subject: sub-022MND_ses_02
Binary mask or affine matrix not found for sub-022MND_ses_02
Finished processing subject: sub-022MND_ses_02
Processing subject: sub-022MND_ses_03
Binary mask or affine matrix not found for sub-022MND_ses_03
Finished processing subject: sub-022MND_ses_03
Processing subject: sub-023MND_ses_01
Binary mask or affine matrix not found for sub-023MND_ses_01
Finished processing subject: sub-023MND_ses_01
Processing subject: sub-023MND_ses_02
Binary mask or affine matrix not found for sub-023MND_ses_02
Finished processing subject: sub-023MND_ses_02
Processing subject: sub-023MND_ses_04
Binary mask or affine matrix not found for sub-023MND_ses_04
Finished processing subject: sub-023MND_ses_04
Processing subject: sub-024MND_ses_01
Binary mask or affine matrix not found for sub-024MND_ses_01
Finished processing subject: sub-024MND_ses_01
Processing subject: sub-024MND_ses_02
Binary mask or affine matrix not found for sub-024MND_ses_02
Finished processing subject: sub-024MND_ses_02
Processing subject: sub-024MND_ses_03
Binary mask or affine matrix not found for sub-024MND_ses_03
Finished processing subject: sub-024MND_ses_03
Processing subject: sub-024MND_ses_04
Binary mask or affine matrix not found for sub-024MND_ses_04
Finished processing subject: sub-024MND_ses_04
Processing subject: sub-024MND_ses_05
Binary mask or affine matrix not found for sub-024MND_ses_05
Finished processing subject: sub-024MND_ses_05
Processing subject: sub-024MND_ses_06
Binary mask or affine matrix not found for sub-024MND_ses_06
Finished processing subject: sub-024MND_ses_06
Processing subject: sub-026MND_ses_01
Finished processing subject: sub-026MND_ses_01
Processing subject: sub-026MND_ses_02
Binary mask or affine matrix not found for sub-026MND_ses_02
Finished processing subject: sub-026MND_ses_02
Processing subject: sub-028MND_ses_01
Binary mask or affine matrix not found for sub-028MND_ses_01
Finished processing subject: sub-028MND_ses_01
Processing subject: sub-028MND_ses_02
Binary mask or affine matrix not found for sub-028MND_ses_02
Finished processing subject: sub-028MND_ses_02
Processing subject: sub-029MND_ses_01
Binary mask or affine matrix not found for sub-029MND_ses_01
Finished processing subject: sub-029MND_ses_01
Processing subject: sub-029MND_ses_02
Binary mask or affine matrix not found for sub-029MND_ses_02
Finished processing subject: sub-029MND_ses_02
Processing subject: sub-029MND_ses_03
Binary mask or affine matrix not found for sub-029MND_ses_03
Finished processing subject: sub-029MND_ses_03
Processing subject: sub-031MND_ses_01
Binary mask or affine matrix not found for sub-031MND_ses_01
Finished processing subject: sub-031MND_ses_01
Processing subject: sub-031MND_ses_02
Binary mask or affine matrix not found for sub-031MND_ses_02
Finished processing subject: sub-031MND_ses_02
Processing subject: sub-032MND_ses_01
Binary mask or affine matrix not found for sub-032MND_ses_01
Finished processing subject: sub-032MND_ses_01
Processing subject: sub-032MND_ses_02
Binary mask or affine matrix not found for sub-032MND_ses_02
Finished processing subject: sub-032MND_ses_02
Processing subject: sub-034MND_ses_01
Binary mask or affine matrix not found for sub-034MND_ses_01
Finished processing subject: sub-034MND_ses_01
Processing subject: sub-034MND_ses_02
Binary mask or affine matrix not found for sub-034MND_ses_02
Finished processing subject: sub-034MND_ses_02
Processing subject: sub-034MND_ses_03
Binary mask or affine matrix not found for sub-034MND_ses_03
Finished processing subject: sub-034MND_ses_03
Processing subject: sub-040MND_ses_01
Binary mask or affine matrix not found for sub-040MND_ses_01
Finished processing subject: sub-040MND_ses_01
Processing subject: sub-040MND_ses_02
Binary mask or affine matrix not found for sub-040MND_ses_02
Finished processing subject: sub-040MND_ses_02
Processing subject: sub-040MND_ses_04
Binary mask or affine matrix not found for sub-040MND_ses_04
Finished processing subject: sub-040MND_ses_04
Processing subject: sub-043MND_ses_01
Binary mask or affine matrix not found for sub-043MND_ses_01
Finished processing subject: sub-043MND_ses_01
Processing subject: sub-043MND_ses_02
Binary mask or affine matrix not found for sub-043MND_ses_02
Finished processing subject: sub-043MND_ses_02
Processing subject: sub-043MND_ses_04
Binary mask or affine matrix not found for sub-043MND_ses_04
Finished processing subject: sub-043MND_ses_04
Processing subject: sub-044MND_ses_01
Binary mask or affine matrix not found for sub-044MND_ses_01
Finished processing subject: sub-044MND_ses_01
Processing subject: sub-044MND_ses_02
Binary mask or affine matrix not found for sub-044MND_ses_02
Finished processing subject: sub-044MND_ses_02
Processing subject: sub-049MND_ses_01
Binary mask or affine matrix not found for sub-049MND_ses_01
Finished processing subject: sub-049MND_ses_01
Processing subject: sub-049MND_ses_02
Binary mask or affine matrix not found for sub-049MND_ses_02
Finished processing subject: sub-049MND_ses_02
Processing subject: sub-049MND_ses_03
Binary mask or affine matrix not found for sub-049MND_ses_03
Finished processing subject: sub-049MND_ses_03
Processing subject: sub-049MND_ses_04
Binary mask or affine matrix not found for sub-049MND_ses_04
Finished processing subject: sub-049MND_ses_04
Processing subject: sub-052MND_ses_01
Binary mask or affine matrix not found for sub-052MND_ses_01
Finished processing subject: sub-052MND_ses_01
Processing subject: sub-052MND_ses_03
Binary mask or affine matrix not found for sub-052MND_ses_03
Finished processing subject: sub-052MND_ses_03
Processing subject: sub-054MND_ses_01
Binary mask or affine matrix not found for sub-054MND_ses_01
Finished processing subject: sub-054MND_ses_01
Processing subject: sub-054MND_ses_02
Binary mask or affine matrix not found for sub-054MND_ses_02
Finished processing subject: sub-054MND_ses_02
Processing subject: sub-056MND_ses_01
Binary mask or affine matrix not found for sub-056MND_ses_01
Finished processing subject: sub-056MND_ses_01
Processing subject: sub-056MND_ses_02
Binary mask or affine matrix not found for sub-056MND_ses_02
Finished processing subject: sub-056MND_ses_02
Processing subject: sub-057MND_ses_01
Binary mask or affine matrix not found for sub-057MND_ses_01
Finished processing subject: sub-057MND_ses_01
Processing subject: sub-057MND_ses_02
Binary mask or affine matrix not found for sub-057MND_ses_02
Finished processing subject: sub-057MND_ses_02
Processing subject: sub-058MND_ses_01
Binary mask or affine matrix not found for sub-058MND_ses_01
Finished processing subject: sub-058MND_ses_01
Processing subject: sub-058MND_ses_02
Binary mask or affine matrix not found for sub-058MND_ses_02
Finished processing subject: sub-058MND_ses_02
Processing subject: sub-059MND_ses_01
Binary mask or affine matrix not found for sub-059MND_ses_01
Finished processing subject: sub-059MND_ses_01
Processing subject: sub-059MND_ses_02
Binary mask or affine matrix not found for sub-059MND_ses_02
Finished processing subject: sub-059MND_ses_02
Processing subject: sub-062MND_ses_01
Binary mask or affine matrix not found for sub-062MND_ses_01
Finished processing subject: sub-062MND_ses_01
Processing subject: sub-062MND_ses_03
Binary mask or affine matrix not found for sub-062MND_ses_03
Finished processing subject: sub-062MND_ses_03
Mask transformation job completed.
