Starting deformation field generation using ANTs
Processing subject: sub-002MND_ses-01
Processing subject: sub-002MND_ses-02
Processing subject: sub-003MND_ses-01
Processing subject: sub-003MND_ses-02
Processing subject: sub-003MND_ses-03
Processing subject: sub-003MND_ses-04
Processing subject: sub-004MND_ses-01
Processing subject: sub-004MND_ses-02
Processing subject: sub-005MND_ses-01
Processing subject: sub-005MND_ses-04
Processing subject: sub-005MND_ses-05
Processing subject: sub-005MND_ses-06
Processing subject: sub-005MND_ses-07
Processing subject: sub-005MND_ses-08
Processing subject: sub-005MND_ses-09
Processing subject: sub-006MND_ses-01
Processing subject: sub-006MND_ses-02
Processing subject: sub-007MND_ses-01
Processing subject: sub-007MND_ses-02
Processing subject: sub-007MND_ses-03
Processing subject: sub-008MND_ses-01
Processing subject: sub-008MND_ses-02
Processing subject: sub-009MND_ses-01
Processing subject: sub-009MND_ses-02
Processing subject: sub-010MND_ses-01
Processing subject: sub-010MND_ses-02
Processing subject: sub-011MND_ses-01
Processing subject: sub-011MND_ses-02
Processing subject: sub-012MND_ses-01
Processing subject: sub-012MND_ses-02
Processing subject: sub-013MND_ses-01
Processing subject: sub-013MND_ses-02
Processing subject: sub-014MND_ses-01
Processing subject: sub-014MND_ses-02
Processing subject: sub-014MND_ses-03
Processing subject: sub-015MND_ses-01
Processing subject: sub-016MND_ses-01
Processing subject: sub-016MND_ses-02
Processing subject: sub-017MND_ses-01
Processing subject: sub-017MND_ses-02
Processing subject: sub-017MND_ses-03
Processing subject: sub-017MND_ses-04
Processing subject: sub-017MND_ses-05
Processing subject: sub-018MND_ses-01
Processing subject: sub-018MND_ses-02
Processing subject: sub-019MND_ses-01
Processing subject: sub-019MND_ses-02
Processing subject: sub-020MND_ses-01
Processing subject: sub-020MND_ses-02
Processing subject: sub-021MND_ses-01
Processing subject: sub-021MND_ses-02
Processing subject: sub-021MND_ses-03
Processing subject: sub-021MND_ses-04
Processing subject: sub-021MND_ses-05
Processing subject: sub-021MND_ses-06
Processing subject: sub-022MND_ses-01
Processing subject: sub-022MND_ses-02
Processing subject: sub-022MND_ses-03
Processing subject: sub-023MND_ses-01
Processing subject: sub-023MND_ses-02
Processing subject: sub-023MND_ses-04
Processing subject: sub-024MND_ses-01
Processing subject: sub-024MND_ses-02
Processing subject: sub-024MND_ses-03
Processing subject: sub-024MND_ses-04
Processing subject: sub-024MND_ses-05
Processing subject: sub-024MND_ses-06
Processing subject: sub-026MND_ses-01
Processing subject: sub-026MND_ses-02
Processing subject: sub-027MND_ses-01
Processing subject: sub-028MND_ses-01
Processing subject: sub-028MND_ses-02
Processing subject: sub-029MND_ses-01
Processing subject: sub-029MND_ses-02
Processing subject: sub-029MND_ses-03
Processing subject: sub-030MND_ses-01
Processing subject: sub-031MND_ses-01
Processing subject: sub-031MND_ses-02
Processing subject: sub-032MND_ses-01
Processing subject: sub-032MND_ses-02
Processing subject: sub-034MND_ses-01
Processing subject: sub-034MND_ses-02
Processing subject: sub-034MND_ses-03
Processing subject: sub-035MND_ses-02
Processing subject: sub-036MND_ses-01
Processing subject: sub-037MND_ses-01
Processing subject: sub-038MND_ses-01
Processing subject: sub-039MND_ses-01
Processing subject: sub-040MND_ses-01
Processing subject: sub-040MND_ses-02
Processing subject: sub-040MND_ses-04
Processing subject: sub-042MND_ses-01
Processing subject: sub-043MND_ses-01
Processing subject: sub-043MND_ses-02
Processing subject: sub-043MND_ses-04
Processing subject: sub-044MND_ses-01
Processing subject: sub-044MND_ses-02
Processing subject: sub-045MND_ses-01
Processing subject: sub-049MND_ses-01
Processing subject: sub-049MND_ses-02
Processing subject: sub-049MND_ses-03
Processing subject: sub-049MND_ses-04
Processing subject: sub-050MND_ses-01
Processing subject: sub-051MND_ses-01
Processing subject: sub-052MND_ses-01
Processing subject: sub-052MND_ses-03
Processing subject: sub-053MND_ses-01
Processing subject: sub-054MND_ses-01
Processing subject: sub-054MND_ses-02
Processing subject: sub-055MND_ses-01
Processing subject: sub-056MND_ses-01
Processing subject: sub-056MND_ses-02
Processing subject: sub-057MND_ses-01
Processing subject: sub-057MND_ses-02
Processing subject: sub-058MND_ses-01
Processing subject: sub-058MND_ses-02
Processing subject: sub-059MND_ses-01
Processing subject: sub-059MND_ses-02
Processing subject: sub-060MND_ses-01
Processing subject: sub-061MND_ses-01
Processing subject: sub-062MND_ses-01
Processing subject: sub-062MND_ses-03
Processing subject: sub-063MND_ses-02
Processing subject: sub-066MND_ses-01
Processing subject: sub-067MND_ses-01
Processing subject: sub-068MND_ses-01
Processing subject: sub-069MND_ses-01
Processing subject: sub-070MND_ses-01
Processing subject: sub-071MND_ses-01
Processing subject: sub-072MND_ses-01
Processing subject: sub-073MND_ses-01
Processing subject: sub-074MND_ses-01
Processing subject: sub-075MND_ses-01
Processing subject: sub-077MND_ses-01
Processing subject: sub-078MND_ses-01
Processing subject: sub-093MND_ses-01
Processing subject: sub-094MND_ses-01
Processing subject: sub-096MND_ses-01
Processing subject: sub-098MND_ses-01
Processing subject: sub-100MND_ses-01
Processing subject: sub-101MND_ses-01
Processing subject: sub-102MND_ses-01
Processing subject: sub-103MND_ses-01
Processing subject: sub-104MND_ses-01
Processing subject: sub-106MND_ses-01
Processing subject: sub-108MND_ses-01
Processing subject: sub-111MND_ses-01
Processing subject: sub-113MND_ses-01
Processing subject: sub-115MND_ses-01
Processing subject: sub-116MND_ses-01
Processing subject: sub-117MND_ses-01
Processing subject: sub-119MND_ses-01
Processing subject: sub-120MND_ses-01
Processing subject: sub-122MND_ses-01
Processing subject: sub-123MND_ses-01
Processing subject: sub-125MND_ses-01
Processing subject: sub-126MND_ses-01
Processing subject: sub-127MND_ses-01
Processing subject: sub-129MND_ses-01
Processing subject: sub-130MND_ses-01
Processing subject: sub-131MND_ses-01
Processing subject: sub-133MND_ses-01
Processing subject: sub-136MND_ses-01
Processing subject: sub-138MND_ses-01
Processing subject: sub-139MND_ses-01
Processing subject: sub-140MND_ses-01
Processing subject: sub-144MND_ses-01
Processing subject: sub-145MND_ses-01
Processing subject: sub-146MND_ses-01
Processing subject: sub-147MND_ses-01
Processing subject: sub-150MND_ses-01
Processing subject: sub-152MND_ses-01
Processing subject: sub-153MND_ses-01
Processing subject: sub-154MND_ses-01
Processing subject: sub-155MND_ses-01
Processing subject: sub-156MND_ses-01
Processing subject: sub-157MND_ses-01
Processing subject: sub-158MND_ses-01
Processing subject: sub-160MND_ses-01
Processing subject: sub-161MND_ses-01
Processing subject: sub-162MND_ses-01
Processing subject: sub-163MND_ses-01
Processing subject: sub-164MND_ses-01
Processing subject: sub-167MND_ses-01
Processing subject: sub-169MND_ses-01
Processing subject: sub-170MND_ses-01
Processing subject: sub-171MND_ses-01
Processing subject: sub-172MND_ses-01
Processing subject: sub-173MND_ses-01
Processing subject: sub-174MND_ses-01
Processing subject: sub-175MND_ses-01
Processing subject: sub-176MND_ses-01
Processing subject: sub-177MND_ses-01
Processing subject: sub-178MND_ses-01
Processing subject: sub-179MND_ses-01
Processing subject: sub-181MND_ses-01
Processing subject: sub-182MND_ses-01
Processing subject: sub-183MND_ses-01
Processing subject: sub-184MND_ses-01
Processing subject: sub-185MND_ses-01
Processing subject: sub-186MND_ses-01
Processing subject: sub-187MND_ses-01
Processing subject: sub-188MND_ses-01
Processing subject: sub-189MND_ses-01
Processing subject: sub-190MND_ses-01
Processing subject: sub-191MND_ses-01
Processing subject: sub-192MND_ses-01
Processing subject: sub-193MND_ses-01
Processing subject: sub-194MND_ses-01
Processing subject: sub-195MND_ses-01
Processing subject: sub-196MND_ses-01
Processing subject: sub-197MND_ses-01
Processing subject: sub-198MND_ses-01
Processing subject: sub-199MND_ses-01
Processing subject: sub-200MND_ses-01
Processing subject: sub-201MND_ses-01
Processing subject: sub-202MND_ses-01
Processing subject: sub-203MND_ses-01
Processing subject: sub-204MND_ses-01
Processing subject: sub-205MND_ses-01
Processing subject: sub-206MND_ses-01
Processing subject: sub-207MND_ses-01
Processing subject: sub-208MND_ses-01
Processing subject: sub-209MND_ses-01
Processing subject: sub-210MND_ses-01
Processing subject: sub-211MND_ses-01
Processing subject: sub-212MND_ses-01
Processing subject: sub-213MND_ses-01
Processing subject: sub-214MND_ses-01
Processing subject: sub-215MND_ses-01
Processing subject: sub-216MND_ses-01
Processing subject: sub-217MND_ses-01
Processing subject: sub-218MND_ses-01
Processing subject: sub-219MND_ses-01
Processing subject: sub-220MND_ses-01
Processing subject: sub-221MND_ses-01
Processing subject: sub-222MND_ses-01
Processing subject: sub-223MND_ses-01
Processing subject: sub-224MND_ses-01
Processing subject: sub-225MND_ses-01
Processing subject: sub-226MND_ses-01
Processing subject: sub-227MND_ses-01
Processing subject: sub-228MND_ses-01
Processing subject: sub-229MND_ses-01
Processing subject: sub-230MND_ses-01
Processing subject: sub-231MND_ses-01
Processing subject: sub-232MND_ses-01
Processing subject: sub-233MND_ses-01
Processing subject: sub-234MND_ses-01
Processing subject: sub-235MND_ses-01
Processing subject: sub-236MND_ses-01
Processing subject: sub-237MND_ses-01
Processing subject: sub-238MND_ses-01
Processing subject: sub-239MND_ses-01
Processing subject: sub-240MND_ses-01
Processing subject: sub-241MND_ses-01
Processing subject: sub-242MND_ses-01
Processing subject: sub-243MND_ses-01
Processing subject: sub-244MND_ses-01
Processing subject: sub-245MND_ses-01
Processing subject: sub-246MND_ses-01
Processing subject: sub-247MND_ses-01
Processing subject: sub-248MND_ses-01
Processing subject: sub-249MND_ses-01
Processing subject: sub-250MND_ses-01
Processing subject: sub-251MND_ses-01
Processing subject: sub-252MND_ses-01
Processing subject: sub-253MND_ses-01
Processing subject: sub-254MND_ses-01
Processing subject: sub-255MND_ses-01
Processing subject: sub-256MND_ses-01
Processing subject: sub-257MND_ses-01
Processing subject: sub-258MND_ses-01
Processing subject: sub-260MND_ses-01
Processing subject: sub-261MND_ses-01
Processing subject: sub-262MND_ses-01
Processing subject: sub-263MND_ses-01
Processing subject: sub-264MND_ses-01
Processing subject: sub-265MND_ses-01
Processing subject: sub-TEST_ses-04
Deformation field generation completed.
