Starting deformation field generation using ANTs
Processing subject: sub-003S6067_ses-01_ses-02
Fixed image '/home/groups/dlmrimnd/jacob/data/ants_warped_input_roi/sub-003S6067_ses-01_ses-02/target_Warped_roi.nii.gz' does not exist.  See usage: '/opt/ants/bin/antsRegistrationSyNQuick.sh -h 1'
Finished processing sub-003S6067_ses-01_ses-02
Processing subject: sub-006S6277_ses-01_ses-02
Fixed image '/home/groups/dlmrimnd/jacob/data/ants_warped_input_roi/sub-006S6277_ses-01_ses-02/target_Warped_roi.nii.gz' does not exist.  See usage: '/opt/ants/bin/antsRegistrationSyNQuick.sh -h 1'
Finished processing sub-006S6277_ses-01_ses-02
Processing subject: sub-011S6367_ses-01_ses-02
Fixed image '/home/groups/dlmrimnd/jacob/data/ants_warped_input_roi/sub-011S6367_ses-01_ses-02/target_Warped_roi.nii.gz' does not exist.  See usage: '/opt/ants/bin/antsRegistrationSyNQuick.sh -h 1'
Finished processing sub-011S6367_ses-01_ses-02
Processing subject: sub-011S6465_ses-01_ses-02
Fixed image '/home/groups/dlmrimnd/jacob/data/ants_warped_input_roi/sub-011S6465_ses-01_ses-02/target_Warped_roi.nii.gz' does not exist.  See usage: '/opt/ants/bin/antsRegistrationSyNQuick.sh -h 1'
Finished processing sub-011S6465_ses-01_ses-02
Processing subject: sub-014S6145_ses-01_ses-02
Fixed image '/home/groups/dlmrimnd/jacob/data/ants_warped_input_roi/sub-014S6145_ses-01_ses-02/target_Warped_roi.nii.gz' does not exist.  See usage: '/opt/ants/bin/antsRegistrationSyNQuick.sh -h 1'
Finished processing sub-014S6145_ses-01_ses-02
Processing subject: sub-014S6145_ses-01_ses-03
Fixed image '/home/groups/dlmrimnd/jacob/data/ants_warped_input_roi/sub-014S6145_ses-01_ses-03/target_Warped_roi.nii.gz' does not exist.  See usage: '/opt/ants/bin/antsRegistrationSyNQuick.sh -h 1'
Finished processing sub-014S6145_ses-01_ses-03
Processing subject: sub-014S6145_ses-02_ses-03
Fixed image '/home/groups/dlmrimnd/jacob/data/ants_warped_input_roi/sub-014S6145_ses-02_ses-03/target_Warped_roi.nii.gz' does not exist.  See usage: '/opt/ants/bin/antsRegistrationSyNQuick.sh -h 1'
Finished processing sub-014S6145_ses-02_ses-03
Processing subject: sub-014S6199_ses-01_ses-02
Fixed image '/home/groups/dlmrimnd/jacob/data/ants_warped_input_roi/sub-014S6199_ses-01_ses-02/target_Warped_roi.nii.gz' does not exist.  See usage: '/opt/ants/bin/antsRegistrationSyNQuick.sh -h 1'
Finished processing sub-014S6199_ses-01_ses-02
Processing subject: sub-014S6437_ses-01_ses-02
Fixed image '/home/groups/dlmrimnd/jacob/data/ants_warped_input_roi/sub-014S6437_ses-01_ses-02/target_Warped_roi.nii.gz' does not exist.  See usage: '/opt/ants/bin/antsRegistrationSyNQuick.sh -h 1'
Finished processing sub-014S6437_ses-01_ses-02
Processing subject: sub-016S6381_ses-01_ses-02
Fixed image '/home/groups/dlmrimnd/jacob/data/ants_warped_input_roi/sub-016S6381_ses-01_ses-02/target_Warped_roi.nii.gz' does not exist.  See usage: '/opt/ants/bin/antsRegistrationSyNQuick.sh -h 1'
Finished processing sub-016S6381_ses-01_ses-02
Processing subject: sub-020S6185_ses-01_ses-02
Fixed image '/home/groups/dlmrimnd/jacob/data/ants_warped_input_roi/sub-020S6185_ses-01_ses-02/target_Warped_roi.nii.gz' does not exist.  See usage: '/opt/ants/bin/antsRegistrationSyNQuick.sh -h 1'
Finished processing sub-020S6185_ses-01_ses-02
Processing subject: sub-020S6185_ses-01_ses-03
Fixed image '/home/groups/dlmrimnd/jacob/data/ants_warped_input_roi/sub-020S6185_ses-01_ses-03/target_Warped_roi.nii.gz' does not exist.  See usage: '/opt/ants/bin/antsRegistrationSyNQuick.sh -h 1'
Finished processing sub-020S6185_ses-01_ses-03
Processing subject: sub-020S6185_ses-02_ses-03
Fixed image '/home/groups/dlmrimnd/jacob/data/ants_warped_input_roi/sub-020S6185_ses-02_ses-03/target_Warped_roi.nii.gz' does not exist.  See usage: '/opt/ants/bin/antsRegistrationSyNQuick.sh -h 1'
Finished processing sub-020S6185_ses-02_ses-03
Processing subject: sub-024S6005_ses-01_ses-02
Fixed image '/home/groups/dlmrimnd/jacob/data/ants_warped_input_roi/sub-024S6005_ses-01_ses-02/target_Warped_roi.nii.gz' does not exist.  See usage: '/opt/ants/bin/antsRegistrationSyNQuick.sh -h 1'
Finished processing sub-024S6005_ses-01_ses-02
Processing subject: sub-024S6005_ses-01_ses-03
Fixed image '/home/groups/dlmrimnd/jacob/data/ants_warped_input_roi/sub-024S6005_ses-01_ses-03/target_Warped_roi.nii.gz' does not exist.  See usage: '/opt/ants/bin/antsRegistrationSyNQuick.sh -h 1'
Finished processing sub-024S6005_ses-01_ses-03
Processing subject: sub-024S6005_ses-02_ses-03
Fixed image '/home/groups/dlmrimnd/jacob/data/ants_warped_input_roi/sub-024S6005_ses-02_ses-03/target_Warped_roi.nii.gz' does not exist.  See usage: '/opt/ants/bin/antsRegistrationSyNQuick.sh -h 1'
Finished processing sub-024S6005_ses-02_ses-03
Processing subject: sub-024S6202_ses-01_ses-02
Fixed image '/home/groups/dlmrimnd/jacob/data/ants_warped_input_roi/sub-024S6202_ses-01_ses-02/target_Warped_roi.nii.gz' does not exist.  See usage: '/opt/ants/bin/antsRegistrationSyNQuick.sh -h 1'
Finished processing sub-024S6202_ses-01_ses-02
Processing subject: sub-024S6385_ses-01_ses-02
Fixed image '/home/groups/dlmrimnd/jacob/data/ants_warped_input_roi/sub-024S6385_ses-01_ses-02/target_Warped_roi.nii.gz' does not exist.  See usage: '/opt/ants/bin/antsRegistrationSyNQuick.sh -h 1'
Finished processing sub-024S6385_ses-01_ses-02
Processing subject: sub-024S6385_ses-01_ses-03
Fixed image '/home/groups/dlmrimnd/jacob/data/ants_warped_input_roi/sub-024S6385_ses-01_ses-03/target_Warped_roi.nii.gz' does not exist.  See usage: '/opt/ants/bin/antsRegistrationSyNQuick.sh -h 1'
Finished processing sub-024S6385_ses-01_ses-03
Processing subject: sub-024S6385_ses-02_ses-03
Fixed image '/home/groups/dlmrimnd/jacob/data/ants_warped_input_roi/sub-024S6385_ses-02_ses-03/target_Warped_roi.nii.gz' does not exist.  See usage: '/opt/ants/bin/antsRegistrationSyNQuick.sh -h 1'
Finished processing sub-024S6385_ses-02_ses-03
Processing subject: sub-024S6472_ses-01_ses-02
Fixed image '/home/groups/dlmrimnd/jacob/data/ants_warped_input_roi/sub-024S6472_ses-01_ses-02/target_Warped_roi.nii.gz' does not exist.  See usage: '/opt/ants/bin/antsRegistrationSyNQuick.sh -h 1'
Finished processing sub-024S6472_ses-01_ses-02
Processing subject: sub-027S6183_ses-01_ses-02
Fixed image '/home/groups/dlmrimnd/jacob/data/ants_warped_input_roi/sub-027S6183_ses-01_ses-02/target_Warped_roi.nii.gz' does not exist.  See usage: '/opt/ants/bin/antsRegistrationSyNQuick.sh -h 1'
Finished processing sub-027S6183_ses-01_ses-02
Processing subject: sub-027S6577_ses-01_ses-02
Fixed image '/home/groups/dlmrimnd/jacob/data/ants_warped_input_roi/sub-027S6577_ses-01_ses-02/target_Warped_roi.nii.gz' does not exist.  See usage: '/opt/ants/bin/antsRegistrationSyNQuick.sh -h 1'
Finished processing sub-027S6577_ses-01_ses-02
Processing subject: sub-027S6582_ses-01_ses-02
Fixed image '/home/groups/dlmrimnd/jacob/data/ants_warped_input_roi/sub-027S6582_ses-01_ses-02/target_Warped_roi.nii.gz' does not exist.  See usage: '/opt/ants/bin/antsRegistrationSyNQuick.sh -h 1'
Finished processing sub-027S6582_ses-01_ses-02
Processing subject: sub-029S6289_ses-01_ses-02
Fixed image '/home/groups/dlmrimnd/jacob/data/ants_warped_input_roi/sub-029S6289_ses-01_ses-02/target_Warped_roi.nii.gz' does not exist.  See usage: '/opt/ants/bin/antsRegistrationSyNQuick.sh -h 1'
Finished processing sub-029S6289_ses-01_ses-02
Processing subject: sub-032S6211_ses-01_ses-02
Fixed image '/home/groups/dlmrimnd/jacob/data/ants_warped_input_roi/sub-032S6211_ses-01_ses-02/target_Warped_roi.nii.gz' does not exist.  See usage: '/opt/ants/bin/antsRegistrationSyNQuick.sh -h 1'
Finished processing sub-032S6211_ses-01_ses-02
Processing subject: sub-032S6293_ses-01_ses-02
Fixed image '/home/groups/dlmrimnd/jacob/data/ants_warped_input_roi/sub-032S6293_ses-01_ses-02/target_Warped_roi.nii.gz' does not exist.  See usage: '/opt/ants/bin/antsRegistrationSyNQuick.sh -h 1'
Finished processing sub-032S6293_ses-01_ses-02
Processing subject: sub-033S6352_ses-01_ses-02
Fixed image '/home/groups/dlmrimnd/jacob/data/ants_warped_input_roi/sub-033S6352_ses-01_ses-02/target_Warped_roi.nii.gz' does not exist.  See usage: '/opt/ants/bin/antsRegistrationSyNQuick.sh -h 1'
Finished processing sub-033S6352_ses-01_ses-02
Processing subject: sub-035S6488_ses-01_ses-02
Fixed image '/home/groups/dlmrimnd/jacob/data/ants_warped_input_roi/sub-035S6488_ses-01_ses-02/target_Warped_roi.nii.gz' does not exist.  See usage: '/opt/ants/bin/antsRegistrationSyNQuick.sh -h 1'
Finished processing sub-035S6488_ses-01_ses-02
Processing subject: sub-035S6488_ses-01_ses-03
Fixed image '/home/groups/dlmrimnd/jacob/data/ants_warped_input_roi/sub-035S6488_ses-01_ses-03/target_Warped_roi.nii.gz' does not exist.  See usage: '/opt/ants/bin/antsRegistrationSyNQuick.sh -h 1'
Finished processing sub-035S6488_ses-01_ses-03
Processing subject: sub-035S6488_ses-02_ses-03
Fixed image '/home/groups/dlmrimnd/jacob/data/ants_warped_input_roi/sub-035S6488_ses-02_ses-03/target_Warped_roi.nii.gz' does not exist.  See usage: '/opt/ants/bin/antsRegistrationSyNQuick.sh -h 1'
Finished processing sub-035S6488_ses-02_ses-03
Processing subject: sub-035S6551_ses-01_ses-02
Fixed image '/home/groups/dlmrimnd/jacob/data/ants_warped_input_roi/sub-035S6551_ses-01_ses-02/target_Warped_roi.nii.gz' does not exist.  See usage: '/opt/ants/bin/antsRegistrationSyNQuick.sh -h 1'
Finished processing sub-035S6551_ses-01_ses-02
Processing subject: sub-037S6144_ses-01_ses-02
Fixed image '/home/groups/dlmrimnd/jacob/data/ants_warped_input_roi/sub-037S6144_ses-01_ses-02/target_Warped_roi.nii.gz' does not exist.  See usage: '/opt/ants/bin/antsRegistrationSyNQuick.sh -h 1'
Finished processing sub-037S6144_ses-01_ses-02
Processing subject: sub-037S6187_ses-01_ses-02
Fixed image '/home/groups/dlmrimnd/jacob/data/ants_warped_input_roi/sub-037S6187_ses-01_ses-02/target_Warped_roi.nii.gz' does not exist.  See usage: '/opt/ants/bin/antsRegistrationSyNQuick.sh -h 1'
Finished processing sub-037S6187_ses-01_ses-02
Processing subject: sub-037S6204_ses-01_ses-02
Fixed image '/home/groups/dlmrimnd/jacob/data/ants_warped_input_roi/sub-037S6204_ses-01_ses-02/target_Warped_roi.nii.gz' does not exist.  See usage: '/opt/ants/bin/antsRegistrationSyNQuick.sh -h 1'
Finished processing sub-037S6204_ses-01_ses-02
Processing subject: sub-041S6136_ses-01_ses-02
Fixed image '/home/groups/dlmrimnd/jacob/data/ants_warped_input_roi/sub-041S6136_ses-01_ses-02/target_Warped_roi.nii.gz' does not exist.  See usage: '/opt/ants/bin/antsRegistrationSyNQuick.sh -h 1'
Finished processing sub-041S6136_ses-01_ses-02
Processing subject: sub-041S6192_ses-01_ses-02
Fixed image '/home/groups/dlmrimnd/jacob/data/ants_warped_input_roi/sub-041S6192_ses-01_ses-02/target_Warped_roi.nii.gz' does not exist.  See usage: '/opt/ants/bin/antsRegistrationSyNQuick.sh -h 1'
Finished processing sub-041S6192_ses-01_ses-02
Processing subject: sub-041S6292_ses-01_ses-02
Fixed image '/home/groups/dlmrimnd/jacob/data/ants_warped_input_roi/sub-041S6292_ses-01_ses-02/target_Warped_roi.nii.gz' does not exist.  See usage: '/opt/ants/bin/antsRegistrationSyNQuick.sh -h 1'
Finished processing sub-041S6292_ses-01_ses-02
Processing subject: sub-041S6354_ses-01_ses-02
Fixed image '/home/groups/dlmrimnd/jacob/data/ants_warped_input_roi/sub-041S6354_ses-01_ses-02/target_Warped_roi.nii.gz' does not exist.  See usage: '/opt/ants/bin/antsRegistrationSyNQuick.sh -h 1'
Finished processing sub-041S6354_ses-01_ses-02
Processing subject: sub-067S6443_ses-01_ses-02
Fixed image '/home/groups/dlmrimnd/jacob/data/ants_warped_input_roi/sub-067S6443_ses-01_ses-02/target_Warped_roi.nii.gz' does not exist.  See usage: '/opt/ants/bin/antsRegistrationSyNQuick.sh -h 1'
Finished processing sub-067S6443_ses-01_ses-02
Processing subject: sub-099S6016_ses-01_ses-02
Fixed image '/home/groups/dlmrimnd/jacob/data/ants_warped_input_roi/sub-099S6016_ses-01_ses-02/target_Warped_roi.nii.gz' does not exist.  See usage: '/opt/ants/bin/antsRegistrationSyNQuick.sh -h 1'
Finished processing sub-099S6016_ses-01_ses-02
Processing subject: sub-099S6016_ses-01_ses-03
Fixed image '/home/groups/dlmrimnd/jacob/data/ants_warped_input_roi/sub-099S6016_ses-01_ses-03/target_Warped_roi.nii.gz' does not exist.  See usage: '/opt/ants/bin/antsRegistrationSyNQuick.sh -h 1'
Finished processing sub-099S6016_ses-01_ses-03
Processing subject: sub-099S6016_ses-02_ses-03
Fixed image '/home/groups/dlmrimnd/jacob/data/ants_warped_input_roi/sub-099S6016_ses-02_ses-03/target_Warped_roi.nii.gz' does not exist.  See usage: '/opt/ants/bin/antsRegistrationSyNQuick.sh -h 1'
Finished processing sub-099S6016_ses-02_ses-03
Processing subject: sub-099S6175_ses-01_ses-02
Fixed image '/home/groups/dlmrimnd/jacob/data/ants_warped_input_roi/sub-099S6175_ses-01_ses-02/target_Warped_roi.nii.gz' does not exist.  See usage: '/opt/ants/bin/antsRegistrationSyNQuick.sh -h 1'
Finished processing sub-099S6175_ses-01_ses-02
Processing subject: sub-099S6175_ses-01_ses-03
Fixed image '/home/groups/dlmrimnd/jacob/data/ants_warped_input_roi/sub-099S6175_ses-01_ses-03/target_Warped_roi.nii.gz' does not exist.  See usage: '/opt/ants/bin/antsRegistrationSyNQuick.sh -h 1'
Finished processing sub-099S6175_ses-01_ses-03
Processing subject: sub-099S6175_ses-02_ses-03
Fixed image '/home/groups/dlmrimnd/jacob/data/ants_warped_input_roi/sub-099S6175_ses-02_ses-03/target_Warped_roi.nii.gz' does not exist.  See usage: '/opt/ants/bin/antsRegistrationSyNQuick.sh -h 1'
Finished processing sub-099S6175_ses-02_ses-03
Processing subject: sub-100S6349_ses-01_ses-02
Fixed image '/home/groups/dlmrimnd/jacob/data/ants_warped_input_roi/sub-100S6349_ses-01_ses-02/target_Warped_roi.nii.gz' does not exist.  See usage: '/opt/ants/bin/antsRegistrationSyNQuick.sh -h 1'
Finished processing sub-100S6349_ses-01_ses-02
Processing subject: sub-114S6429_ses-01_ses-02
Fixed image '/home/groups/dlmrimnd/jacob/data/ants_warped_input_roi/sub-114S6429_ses-01_ses-02/target_Warped_roi.nii.gz' does not exist.  See usage: '/opt/ants/bin/antsRegistrationSyNQuick.sh -h 1'
Finished processing sub-114S6429_ses-01_ses-02
Processing subject: sub-114S6487_ses-01_ses-02
Fixed image '/home/groups/dlmrimnd/jacob/data/ants_warped_input_roi/sub-114S6487_ses-01_ses-02/target_Warped_roi.nii.gz' does not exist.  See usage: '/opt/ants/bin/antsRegistrationSyNQuick.sh -h 1'
Finished processing sub-114S6487_ses-01_ses-02
Processing subject: sub-114S6524_ses-01_ses-02
Fixed image '/home/groups/dlmrimnd/jacob/data/ants_warped_input_roi/sub-114S6524_ses-01_ses-02/target_Warped_roi.nii.gz' does not exist.  See usage: '/opt/ants/bin/antsRegistrationSyNQuick.sh -h 1'
Finished processing sub-114S6524_ses-01_ses-02
Processing subject: sub-116S6439_ses-01_ses-02
Fixed image '/home/groups/dlmrimnd/jacob/data/ants_warped_input_roi/sub-116S6439_ses-01_ses-02/target_Warped_roi.nii.gz' does not exist.  See usage: '/opt/ants/bin/antsRegistrationSyNQuick.sh -h 1'
Finished processing sub-116S6439_ses-01_ses-02
Processing subject: sub-126S6559_ses-01_ses-02
Fixed image '/home/groups/dlmrimnd/jacob/data/ants_warped_input_roi/sub-126S6559_ses-01_ses-02/target_Warped_roi.nii.gz' does not exist.  See usage: '/opt/ants/bin/antsRegistrationSyNQuick.sh -h 1'
Finished processing sub-126S6559_ses-01_ses-02
Processing subject: sub-127S6348_ses-01_ses-02
Fixed image '/home/groups/dlmrimnd/jacob/data/ants_warped_input_roi/sub-127S6348_ses-01_ses-02/target_Warped_roi.nii.gz' does not exist.  See usage: '/opt/ants/bin/antsRegistrationSyNQuick.sh -h 1'
Finished processing sub-127S6348_ses-01_ses-02
Processing subject: sub-129S6146_ses-01_ses-02
Fixed image '/home/groups/dlmrimnd/jacob/data/ants_warped_input_roi/sub-129S6146_ses-01_ses-02/target_Warped_roi.nii.gz' does not exist.  See usage: '/opt/ants/bin/antsRegistrationSyNQuick.sh -h 1'
Finished processing sub-129S6146_ses-01_ses-02
Processing subject: sub-129S6459_ses-01_ses-02
Fixed image '/home/groups/dlmrimnd/jacob/data/ants_warped_input_roi/sub-129S6459_ses-01_ses-02/target_Warped_roi.nii.gz' does not exist.  See usage: '/opt/ants/bin/antsRegistrationSyNQuick.sh -h 1'
Finished processing sub-129S6459_ses-01_ses-02
Processing subject: sub-135S6359_ses-01_ses-02
Fixed image '/home/groups/dlmrimnd/jacob/data/ants_warped_input_roi/sub-135S6359_ses-01_ses-02/target_Warped_roi.nii.gz' does not exist.  See usage: '/opt/ants/bin/antsRegistrationSyNQuick.sh -h 1'
Finished processing sub-135S6359_ses-01_ses-02
Processing subject: sub-135S6509_ses-01_ses-02
Fixed image '/home/groups/dlmrimnd/jacob/data/ants_warped_input_roi/sub-135S6509_ses-01_ses-02/target_Warped_roi.nii.gz' does not exist.  See usage: '/opt/ants/bin/antsRegistrationSyNQuick.sh -h 1'
Finished processing sub-135S6509_ses-01_ses-02
Processing subject: sub-135S6509_ses-01_ses-03
Fixed image '/home/groups/dlmrimnd/jacob/data/ants_warped_input_roi/sub-135S6509_ses-01_ses-03/target_Warped_roi.nii.gz' does not exist.  See usage: '/opt/ants/bin/antsRegistrationSyNQuick.sh -h 1'
Finished processing sub-135S6509_ses-01_ses-03
Processing subject: sub-135S6509_ses-02_ses-03
Fixed image '/home/groups/dlmrimnd/jacob/data/ants_warped_input_roi/sub-135S6509_ses-02_ses-03/target_Warped_roi.nii.gz' does not exist.  See usage: '/opt/ants/bin/antsRegistrationSyNQuick.sh -h 1'
Finished processing sub-135S6509_ses-02_ses-03
Processing subject: sub-141S6008_ses-01_ses-02
Fixed image '/home/groups/dlmrimnd/jacob/data/ants_warped_input_roi/sub-141S6008_ses-01_ses-02/target_Warped_roi.nii.gz' does not exist.  See usage: '/opt/ants/bin/antsRegistrationSyNQuick.sh -h 1'
Finished processing sub-141S6008_ses-01_ses-02
Processing subject: sub-141S6008_ses-01_ses-03
Fixed image '/home/groups/dlmrimnd/jacob/data/ants_warped_input_roi/sub-141S6008_ses-01_ses-03/target_Warped_roi.nii.gz' does not exist.  See usage: '/opt/ants/bin/antsRegistrationSyNQuick.sh -h 1'
Finished processing sub-141S6008_ses-01_ses-03
Processing subject: sub-141S6008_ses-01_ses-04
Fixed image '/home/groups/dlmrimnd/jacob/data/ants_warped_input_roi/sub-141S6008_ses-01_ses-04/target_Warped_roi.nii.gz' does not exist.  See usage: '/opt/ants/bin/antsRegistrationSyNQuick.sh -h 1'
Finished processing sub-141S6008_ses-01_ses-04
Processing subject: sub-141S6008_ses-02_ses-03
Fixed image '/home/groups/dlmrimnd/jacob/data/ants_warped_input_roi/sub-141S6008_ses-02_ses-03/target_Warped_roi.nii.gz' does not exist.  See usage: '/opt/ants/bin/antsRegistrationSyNQuick.sh -h 1'
Finished processing sub-141S6008_ses-02_ses-03
Processing subject: sub-141S6008_ses-02_ses-04
Fixed image '/home/groups/dlmrimnd/jacob/data/ants_warped_input_roi/sub-141S6008_ses-02_ses-04/target_Warped_roi.nii.gz' does not exist.  See usage: '/opt/ants/bin/antsRegistrationSyNQuick.sh -h 1'
Finished processing sub-141S6008_ses-02_ses-04
Processing subject: sub-141S6008_ses-03_ses-04
Fixed image '/home/groups/dlmrimnd/jacob/data/ants_warped_input_roi/sub-141S6008_ses-03_ses-04/target_Warped_roi.nii.gz' does not exist.  See usage: '/opt/ants/bin/antsRegistrationSyNQuick.sh -h 1'
Finished processing sub-141S6008_ses-03_ses-04
Processing subject: sub-141S6116_ses-01_ses-02
Fixed image '/home/groups/dlmrimnd/jacob/data/ants_warped_input_roi/sub-141S6116_ses-01_ses-02/target_Warped_roi.nii.gz' does not exist.  See usage: '/opt/ants/bin/antsRegistrationSyNQuick.sh -h 1'
Finished processing sub-141S6116_ses-01_ses-02
Processing subject: sub-168S6049_ses-01_ses-02
Fixed image '/home/groups/dlmrimnd/jacob/data/ants_warped_input_roi/sub-168S6049_ses-01_ses-02/target_Warped_roi.nii.gz' does not exist.  See usage: '/opt/ants/bin/antsRegistrationSyNQuick.sh -h 1'
Finished processing sub-168S6049_ses-01_ses-02
Processing subject: sub-168S6085_ses-01_ses-02
Fixed image '/home/groups/dlmrimnd/jacob/data/ants_warped_input_roi/sub-168S6085_ses-01_ses-02/target_Warped_roi.nii.gz' does not exist.  See usage: '/opt/ants/bin/antsRegistrationSyNQuick.sh -h 1'
Finished processing sub-168S6085_ses-01_ses-02
Processing subject: sub-168S6151_ses-01_ses-02
Fixed image '/home/groups/dlmrimnd/jacob/data/ants_warped_input_roi/sub-168S6151_ses-01_ses-02/target_Warped_roi.nii.gz' does not exist.  See usage: '/opt/ants/bin/antsRegistrationSyNQuick.sh -h 1'
Finished processing sub-168S6151_ses-01_ses-02
Processing subject: sub-168S6320_ses-01_ses-02
Fixed image '/home/groups/dlmrimnd/jacob/data/ants_warped_input_roi/sub-168S6320_ses-01_ses-02/target_Warped_roi.nii.gz' does not exist.  See usage: '/opt/ants/bin/antsRegistrationSyNQuick.sh -h 1'
Finished processing sub-168S6320_ses-01_ses-02
Processing subject: sub-177S6448_ses-01_ses-02
Fixed image '/home/groups/dlmrimnd/jacob/data/ants_warped_input_roi/sub-177S6448_ses-01_ses-02/target_Warped_roi.nii.gz' does not exist.  See usage: '/opt/ants/bin/antsRegistrationSyNQuick.sh -h 1'
Finished processing sub-177S6448_ses-01_ses-02
Processing subject: sub-301S6224_ses-01_ses-02
Fixed image '/home/groups/dlmrimnd/jacob/data/ants_warped_input_roi/sub-301S6224_ses-01_ses-02/target_Warped_roi.nii.gz' does not exist.  See usage: '/opt/ants/bin/antsRegistrationSyNQuick.sh -h 1'
Finished processing sub-301S6224_ses-01_ses-02
Processing subject: sub-305S6157_ses-01_ses-02
Fixed image '/home/groups/dlmrimnd/jacob/data/ants_warped_input_roi/sub-305S6157_ses-01_ses-02/target_Warped_roi.nii.gz' does not exist.  See usage: '/opt/ants/bin/antsRegistrationSyNQuick.sh -h 1'
Finished processing sub-305S6157_ses-01_ses-02
Processing subject: sub-305S6313_ses-01_ses-02
Fixed image '/home/groups/dlmrimnd/jacob/data/ants_warped_input_roi/sub-305S6313_ses-01_ses-02/target_Warped_roi.nii.gz' does not exist.  See usage: '/opt/ants/bin/antsRegistrationSyNQuick.sh -h 1'
Finished processing sub-305S6313_ses-01_ses-02
Processing subject: sub-941S6054_ses-01_ses-02
Fixed image '/home/groups/dlmrimnd/jacob/data/ants_warped_input_roi/sub-941S6054_ses-01_ses-02/target_Warped_roi.nii.gz' does not exist.  See usage: '/opt/ants/bin/antsRegistrationSyNQuick.sh -h 1'
Finished processing sub-941S6054_ses-01_ses-02
Processing subject: sub-941S6054_ses-01_ses-03
Fixed image '/home/groups/dlmrimnd/jacob/data/ants_warped_input_roi/sub-941S6054_ses-01_ses-03/target_Warped_roi.nii.gz' does not exist.  See usage: '/opt/ants/bin/antsRegistrationSyNQuick.sh -h 1'
Finished processing sub-941S6054_ses-01_ses-03
Processing subject: sub-941S6054_ses-02_ses-03
Fixed image '/home/groups/dlmrimnd/jacob/data/ants_warped_input_roi/sub-941S6054_ses-02_ses-03/target_Warped_roi.nii.gz' does not exist.  See usage: '/opt/ants/bin/antsRegistrationSyNQuick.sh -h 1'
Finished processing sub-941S6054_ses-02_ses-03
Processing subject: sub-941S6094_ses-01_ses-02
Fixed image '/home/groups/dlmrimnd/jacob/data/ants_warped_input_roi/sub-941S6094_ses-01_ses-02/target_Warped_roi.nii.gz' does not exist.  See usage: '/opt/ants/bin/antsRegistrationSyNQuick.sh -h 1'
Finished processing sub-941S6094_ses-01_ses-02
Processing subject: sub-941S6454_ses-01_ses-02
Fixed image '/home/groups/dlmrimnd/jacob/data/ants_warped_input_roi/sub-941S6454_ses-01_ses-02/target_Warped_roi.nii.gz' does not exist.  See usage: '/opt/ants/bin/antsRegistrationSyNQuick.sh -h 1'
Finished processing sub-941S6454_ses-01_ses-02
Processing subject: sub-941S6499_ses-01_ses-02
Fixed image '/home/groups/dlmrimnd/jacob/data/ants_warped_input_roi/sub-941S6499_ses-01_ses-02/target_Warped_roi.nii.gz' does not exist.  See usage: '/opt/ants/bin/antsRegistrationSyNQuick.sh -h 1'
Finished processing sub-941S6499_ses-01_ses-02
Processing subject: sub-941S6574_ses-01_ses-02
Fixed image '/home/groups/dlmrimnd/jacob/data/ants_warped_input_roi/sub-941S6574_ses-01_ses-02/target_Warped_roi.nii.gz' does not exist.  See usage: '/opt/ants/bin/antsRegistrationSyNQuick.sh -h 1'
Finished processing sub-941S6574_ses-01_ses-02
Processing subject: sub-941S6575_ses-01_ses-02
Fixed image '/home/groups/dlmrimnd/jacob/data/ants_warped_input_roi/sub-941S6575_ses-01_ses-02/target_Warped_roi.nii.gz' does not exist.  See usage: '/opt/ants/bin/antsRegistrationSyNQuick.sh -h 1'
Finished processing sub-941S6575_ses-01_ses-02
Processing subject: sub-941S6575_ses-01_ses-03
Fixed image '/home/groups/dlmrimnd/jacob/data/ants_warped_input_roi/sub-941S6575_ses-01_ses-03/target_Warped_roi.nii.gz' does not exist.  See usage: '/opt/ants/bin/antsRegistrationSyNQuick.sh -h 1'
Finished processing sub-941S6575_ses-01_ses-03
Processing subject: sub-941S6575_ses-02_ses-03
Fixed image '/home/groups/dlmrimnd/jacob/data/ants_warped_input_roi/sub-941S6575_ses-02_ses-03/target_Warped_roi.nii.gz' does not exist.  See usage: '/opt/ants/bin/antsRegistrationSyNQuick.sh -h 1'
Finished processing sub-941S6575_ses-02_ses-03
Deformation field generation job completed.
