Processing subject: sub-067S6443_ses-01_ses-02
Image 1 path: /home/groups/dlmrimnd/jacob/data_temp/input_images/sub-067S6443_ses-01_ses-02/source.nii.gz
Image 2 path: /home/groups/dlmrimnd/jacob/data_temp/input_images/sub-067S6443_ses-01_ses-02/target.nii.gz

elastix is started at Thu Aug  8 11:32:43 2024.

which elastix:   /usr/local/bin/elastix
elastix runs at: vcpu-1
  Linux 4.18.0-513.9.1.el8_9.x86_64 (x64), #1 SMP Sat Dec 2 05:23:44 EST 2023
  with 63875 MB memory, and 8 cores @ 2894 MHz.
-------------------------------------------------------------------------

Running elastix with parameter file 0: "/home/groups/dlmrimnd/jacob/files/Elastix_Preprocessing/par_atlas_aff_checknrfalse.txt".

Current time: Thu Aug  8 11:32:43 2024.
Reading the elastix parameters from file ...

Installing all components.
InstallingComponents was successful.

ELASTIX version: 5.0.1
Command line options from ElastixBase:
-f        /home/groups/dlmrimnd/jacob/data_temp/input_images/sub-067S6443_ses-01_ses-02/source.nii.gz
-m        /home/groups/dlmrimnd/jacob/data_temp/input_images/sub-067S6443_ses-01_ses-02/target.nii.gz
-fMask    unspecified, so no fixed mask used
-mMask    unspecified, so no moving mask used
-out      /home/groups/dlmrimnd/jacob/data_temp/deformation_fields/sub-067S6443_ses-01_ses-02/
-p        /home/groups/dlmrimnd/jacob/files/Elastix_Preprocessing/par_atlas_aff_checknrfalse.txt
-threads  1
Command line options from TransformBase:
-t0       unspecified, so no initial transform used

Reading images...
Reading images took 300 ms.

WARNING: The parameter "AutomaticTransformInitializationMethod", requested at entry number 0, does not exist at all.
  The default value "GeometricalCenter" is used instead.
Transform parameters are initialized as: [1, 0, 0, 0, 1, 0, 0, 0, 1, 1.0104522705078125, -4.345977783203125, -5.66461181640625]
InitializeTransform took 0.00s
Scales are estimated automatically.
Scales for transform parameters are: [3630.25, 4870.25, 5797.916666666667, 3630.25, 4870.25, 5797.916666666667, 3630.25, 4870.25, 5797.916666666667, 1, 1, 1]
Initialization of all components (before registration) took: 9 ms.
Preparation of the image pyramids took: 4601 ms.

Resolution: 0
WARNING: The parameter "UseMultiThreadingForMetrics", requested at entry number 0, does not exist at all.
  The default value "true" is used instead.
Setting the fixed masks took: 0 ms.
Setting the moving masks took: 0 ms.
WARNING: The parameter "NumberOfFixedHistogramBins", requested at entry number 0, does not exist at all.
  The default value "32" is used instead.
WARNING: The parameter "NumberOfMovingHistogramBins", requested at entry number 0, does not exist at all.
  The default value "32" is used instead.
WARNING: The parameter "UseJacobianPreconditioning", requested at entry number 0, does not exist at all.
  The default value "false" is used instead.
WARNING: The parameter "FiniteDifferenceDerivative", requested at entry number 0, does not exist at all.
  The default value "false" is used instead.

WARNING: You have set MaximumNumberOfSamplingAttempts to 10.
  This functionality is known to cause problems (stack overflow) for large values.
  If elastix stops or segfaults for no obvious reason, reduce this value.
  You may select the RandomSparseMask image sampler to fix mask-related problems.

WARNING: The parameter "SigmoidInitialTime", requested at entry number 0, does not exist at all.
  The default value "0" is used instead.
WARNING: The parameter "MaxBandCovSize", requested at entry number 0, does not exist at all.
  The default value "192" is used instead.
WARNING: The parameter "NumberOfBandStructureSamples", requested at entry number 0, does not exist at all.
  The default value "10" is used instead.
WARNING: The parameter "UseAdaptiveStepSizes", requested at entry number 0, does not exist at all.
  The default value "true" is used instead.
WARNING: The parameter "AutomaticParameterEstimation", requested at entry number 0, does not exist at all.
  The default value "true" is used instead.
WARNING: The parameter "UseConstantStep", requested at entry number 0, does not exist at all.
  The default value "false" is used instead.
WARNING: The parameter "MaximumStepLengthRatio", requested at entry number 0, does not exist at all.
  The default value "1" is used instead.
WARNING: The parameter "MaximumStepLength", requested at entry number 0, does not exist at all.
  The default value "1" is used instead.
WARNING: The parameter "NumberOfGradientMeasurements", requested at entry number 0, does not exist at all.
  The default value "0" is used instead.
WARNING: The parameter "NumberOfJacobianMeasurements", requested at entry number 0, does not exist at all.
  The default value "1000" is used instead.
WARNING: The parameter "NumberOfSamplesForExactGradient", requested at entry number 0, does not exist at all.
  The default value "100000" is used instead.
WARNING: The parameter "SigmoidScaleFactor", requested at entry number 0, does not exist at all.
  The default value "0.1" is used instead.
Elastix initialization of all components (for this resolution) took: 2 ms.
  Computing the fixed image extrema took 98 ms.
  Computing the moving image extrema took 81 ms.
Initialization of AdvancedMattesMutualInformation metric took: 744 ms.
Starting automatic parameter estimation for AdaptiveStochasticGradientDescent ...
WARNING: The parameter "ASGDParameterEstimationMethod", requested at entry number 0, does not exist at all.
  The default value "Original" is used instead.
  Computing JacobianTerms ...
  Computing the Jacobian terms took 0.001445s
  NumberOfGradientMeasurements to estimate sigma_i: 3
  Sampling gradients ...
  Progress: 100%  Sampling the gradients took 1.016894s
Automatic parameter estimation took 1.02s
1:ItNr	2:Metric	3a:Time	3b:StepSize	4:||Gradient||	Time[ms]
0	-0.415135	0.000000	25.029613	0.014518	1769.9
1	-0.425929	0.000000	25.029613	0.011867	11.9
2	-0.433319	0.000000	25.029613	0.013842	11.9
3	-0.420499	0.000000	25.029613	0.012375	11.8
4	-0.426908	0.000000	25.029613	0.016419	11.9
5	-0.435712	0.000000	25.029613	0.017607	11.7
6	-0.438097	0.000000	25.029613	0.014378	11.7
7	-0.435368	0.000000	25.029613	0.012781	11.7
8	-0.439936	0.000000	25.029613	0.016054	11.7
9	-0.463914	0.000000	25.029613	0.014590	11.7
10	-0.447897	0.000000	25.029613	0.016478	11.7
11	-0.467345	0.000000	25.029613	0.015314	11.7
12	-0.475932	0.000000	25.029613	0.016572	11.7
13	-0.499424	0.000000	25.029613	0.012673	11.6
14	-0.483799	0.000000	25.029613	0.015875	11.6
15	-0.465409	0.000000	25.029613	0.016720	11.6
16	-0.479403	0.000000	25.029613	0.019027	11.5
17	-0.509039	0.000000	25.029613	0.016889	11.5
18	-0.508340	0.000000	25.029613	0.019628	11.5
19	-0.514806	0.000000	25.029613	0.016009	11.4
20	-0.524535	0.000000	25.029613	0.017101	11.5
21	-0.528543	0.000000	25.029613	0.018220	11.6
22	-0.527874	0.000000	25.029613	0.019834	11.4
23	-0.545080	0.000000	25.029613	0.025039	11.5
24	-0.566437	0.000000	25.029613	0.025995	11.5
25	-0.572094	0.000000	25.029613	0.024806	11.5
26	-0.601913	0.000000	25.029613	0.029786	11.4
27	-0.595297	0.000000	25.029613	0.026636	11.4
28	-0.619222	0.000000	25.029613	0.030333	11.4
29	-0.642838	0.000000	25.029613	0.026451	11.5
30	-0.668757	0.000000	25.029613	0.025090	11.3
31	-0.687624	0.000000	25.029613	0.021649	11.3
32	-0.700128	0.000000	25.029613	0.022095	11.4
33	-0.694692	0.000000	25.029613	0.019401	11.4
34	-0.720463	0.000000	25.029613	0.019339	11.3
35	-0.713673	0.000000	25.029613	0.021126	11.3
36	-0.712011	0.000000	25.029613	0.018970	11.3
37	-0.742362	0.000000	25.029613	0.018619	11.1
38	-0.753814	0.000000	25.029613	0.020061	11.0
39	-0.745633	0.000000	25.029613	0.017958	11.0
40	-0.760454	0.000000	25.029613	0.018929	11.0
41	-0.784693	0.000000	25.029613	0.021067	10.9
42	-0.775669	0.000000	25.029613	0.025763	10.9
43	-0.790021	0.000000	25.029613	0.022090	11.0
44	-0.817282	0.000000	25.029613	0.026324	11.1
45	-0.797266	1.000000	23.891904	0.025010	10.9
46	-0.803063	2.000000	22.853125	0.024380	11.0
47	-0.780713	3.000000	21.900912	0.019480	11.0
48	-0.827276	2.838954	22.048865	0.016166	10.9
49	-0.819270	2.677907	22.198832	0.016638	10.9
50	-0.828351	2.516860	22.350853	0.017940	10.9
51	-0.826663	2.355814	22.504970	0.021211	10.8
52	-0.819929	3.355814	21.580962	0.023640	10.8
53	-0.839210	4.355814	20.729837	0.019329	10.9
54	-0.822730	5.355814	19.943299	0.017786	10.9
55	-0.842009	6.355814	19.214266	0.014536	10.9
56	-0.841158	7.355814	18.536653	0.016010	10.8
57	-0.832306	7.194767	18.642533	0.009583	10.8
58	-0.839594	8.194767	18.003976	0.011328	10.8
59	-0.856147	8.033721	18.103842	0.011923	10.9
60	-0.848313	9.033721	17.501058	0.011608	10.9
61	-0.833918	8.872709	17.595387	0.011524	10.9
62	-0.819400	9.872709	17.025454	0.008701	10.8
63	-0.851650	10.872551	16.491365	0.013368	10.8
64	-0.844210	11.872551	15.989689	0.006807	10.8
65	-0.848356	12.872551	15.517635	0.012474	10.8
66	-0.831261	12.711504	15.591766	0.016172	10.9
67	-0.851382	13.711504	15.142584	0.011689	10.8
68	-0.838392	14.711504	14.718559	0.020211	10.8
69	-0.841788	15.711504	14.317634	0.015518	10.8
70	-0.834385	16.711504	13.937972	0.011737	10.8
71	-0.836888	17.711504	13.577924	0.010802	10.8
72	-0.833745	18.711504	13.236010	0.006836	10.8
73	-0.833381	19.711504	12.910893	0.007149	10.8
74	-0.828907	20.711501	12.601366	0.011350	10.7
75	-0.819152	21.711501	12.306331	0.014835	10.8
76	-0.824651	22.711501	12.024796	0.011405	10.7
77	-0.849409	23.711501	11.755854	0.010072	10.8
78	-0.853687	23.550455	11.798351	0.011293	10.9
79	-0.822810	23.389408	11.841155	0.016421	10.7
80	-0.844301	24.389408	11.580276	0.014344	10.8
81	-0.824008	25.389408	11.330644	0.010128	10.8
82	-0.846377	26.389408	11.091548	0.016829	10.9
83	-0.852248	27.389408	10.862333	0.018769	10.8
84	-0.846279	28.389408	10.642401	0.010960	10.7
85	-0.839119	29.389408	10.431198	0.010472	10.8
86	-0.847512	30.389408	10.228214	0.008339	10.8
87	-0.838740	31.389402	10.032981	0.010583	10.9
88	-0.845488	31.228355	10.063918	0.008800	10.8
89	-0.846173	31.067309	10.095046	0.015358	10.8
90	-0.835734	32.067309	9.904815	0.007507	10.8
91	-0.842700	33.065208	9.721999	0.012317	10.8
92	-0.838882	34.065208	9.545444	0.008800	10.8
93	-0.834272	33.904161	9.573443	0.013433	10.8
94	-0.824009	34.904161	9.402196	0.012833	10.7
95	-0.818554	35.904161	9.236967	0.013586	10.8
96	-0.836561	36.904161	9.077446	0.010419	10.8
97	-0.840612	36.743115	9.102763	0.011022	10.8
98	-0.848399	37.743115	8.947804	0.009204	10.9
99	-0.852824	38.743115	8.798033	0.009480	10.9
100	-0.832125	38.582068	8.821813	0.012598	10.9
101	-0.858912	39.582068	8.676196	0.020437	10.9
102	-0.831734	40.582068	8.535307	0.010289	11.0
103	-0.847080	41.582068	8.398922	0.011213	10.9
104	-0.865991	41.421021	8.420591	0.011273	11.0
105	-0.852632	41.259975	8.442372	0.012940	10.9
106	-0.821926	42.259975	8.308917	0.011437	10.9
107	-0.848819	43.259975	8.179615	0.015467	10.8
108	-0.824628	44.259975	8.054277	0.009884	11.0
109	-0.811364	44.098928	8.074202	0.014227	10.9
110	-0.818754	45.098928	7.952048	0.018495	10.9
111	-0.858378	46.098928	7.833536	0.018847	10.9
112	-0.864816	47.098928	7.718504	0.018883	11.0
113	-0.839442	48.098928	7.606802	0.017939	11.0
114	-0.847088	49.098928	7.498287	0.017526	10.9
115	-0.845954	50.098928	7.392824	0.014454	10.9
116	-0.823673	51.098928	7.290287	0.007969	10.9
117	-0.845757	52.098928	7.190555	0.013469	10.9
118	-0.834390	53.098928	7.093515	0.012168	10.9
119	-0.827977	52.937881	7.108966	0.017686	10.9
120	-0.843084	53.937881	7.014101	0.015645	10.8
121	-0.839445	54.937881	6.921735	0.010771	10.9
122	-0.835305	55.930043	6.832466	0.011806	10.9
123	-0.824025	56.930043	6.744791	0.013478	10.9
124	-0.829341	57.930043	6.659339	0.008622	10.9
125	-0.840352	58.930043	6.576024	0.009004	10.8
126	-0.829083	58.768996	6.589300	0.013904	10.9
127	-0.811874	59.768996	6.507718	0.010332	10.9
128	-0.837298	60.768996	6.428132	0.011275	10.8
129	-0.846878	60.607950	6.440817	0.014156	10.9
130	-0.825568	60.446903	6.453553	0.007912	10.9
131	-0.834231	61.446903	6.375277	0.015544	10.9
132	-0.832728	62.446903	6.298878	0.008306	10.9
133	-0.837346	63.446903	6.224288	0.009301	10.8
134	-0.825736	64.446903	6.151444	0.010928	10.8
135	-0.839333	65.446903	6.080286	0.014434	10.8
136	-0.822094	65.286201	6.091610	0.010400	10.8
137	-0.842425	65.218269	6.096410	0.010894	10.8
138	-0.836947	66.218269	6.026511	0.011895	10.9
139	-0.843274	67.218269	5.958198	0.012941	10.9
140	-0.840833	67.057223	5.969094	0.014403	10.9
141	-0.823527	68.057223	5.902069	0.008094	10.9
142	-0.843169	69.057223	5.836532	0.009591	10.9
143	-0.835600	70.057223	5.772435	0.007968	11.0
144	-0.843105	71.056511	5.709774	0.009348	10.9
145	-0.866079	72.056511	5.648416	0.010686	11.0
146	-0.836550	73.056511	5.588363	0.009278	11.0
147	-0.815471	74.056511	5.529573	0.010720	10.8
148	-0.822058	75.056484	5.472008	0.010843	11.0
149	-0.846141	76.056484	5.415629	0.008592	11.0
150	-0.829704	75.895438	5.424630	0.013354	11.0
151	-0.831412	76.895409	5.369219	0.013051	11.0
152	-0.837565	77.895409	5.314927	0.005536	10.8
153	-0.836816	78.895409	5.261722	0.010475	10.9
154	-0.839799	78.734363	5.270218	0.012337	10.9
155	-0.818691	79.734363	5.217901	0.011981	10.9
156	-0.826077	80.734362	5.166611	0.012855	10.9
157	-0.839256	81.734362	5.116320	0.009835	10.9
158	-0.824735	82.734362	5.066999	0.010483	10.9
159	-0.870073	83.734362	5.018619	0.010371	10.9
160	-0.859769	84.734362	4.971155	0.006507	11.0
161	-0.850561	85.734362	4.924580	0.008437	11.0
162	-0.861522	85.573316	4.932021	0.009975	11.0
163	-0.828627	86.380617	4.894942	0.016177	11.0
164	-0.846094	86.219571	4.902294	0.012069	11.0
165	-0.860742	87.219571	4.856995	0.009371	11.1
166	-0.819718	87.058525	4.864233	0.008901	10.9
167	-0.865515	86.897478	4.871494	0.011190	11.0
168	-0.816757	86.737126	4.878744	0.009076	11.0
169	-0.826837	87.737126	4.833877	0.009016	11.0
170	-0.838611	88.737115	4.789828	0.011419	11.0
171	-0.860425	89.737115	4.746574	0.009157	11.0
172	-0.829667	90.737115	4.704094	0.013347	10.9
173	-0.847040	90.576072	4.710884	0.008589	11.0
174	-0.843643	90.415068	4.717691	0.012009	11.0
175	-0.851013	90.254021	4.724520	0.015057	10.9
176	-0.840338	91.254021	4.682433	0.007940	10.9
177	-0.832807	91.092975	4.689160	0.010737	10.9
178	-0.848992	92.092975	4.647697	0.013636	10.8
179	-0.815486	93.092973	4.606961	0.010618	10.8
180	-0.833344	94.092973	4.566933	0.011568	10.9
181	-0.829414	95.092973	4.527594	0.010286	10.8
182	-0.831609	96.092973	4.488928	0.010521	10.8
183	-0.849674	97.092889	4.450919	0.012707	10.9
184	-0.873832	98.092794	4.413549	0.010439	10.8
185	-0.859520	99.092794	4.376798	0.013390	10.9
186	-0.817917	100.092794	4.340654	0.008581	10.8
187	-0.836910	99.931748	4.346434	0.009196	10.8
188	-0.852206	100.931748	4.310788	0.017220	10.8
189	-0.848676	100.770701	4.316489	0.014057	10.8
190	-0.841129	100.609654	4.322205	0.010296	10.9
191	-0.865125	100.448608	4.327937	0.008566	10.8
192	-0.868116	101.368027	4.295418	0.012716	10.8
193	-0.834091	102.368019	4.260601	0.009618	11.0
194	-0.844851	102.206973	4.266170	0.007557	10.9
195	-0.842361	103.206973	4.231823	0.008299	10.8
196	-0.806241	103.251704	4.230299	0.012204	10.8
197	-0.852636	103.090658	4.235789	0.008988	10.9
198	-0.835003	104.090658	4.201928	0.020137	10.8
199	-0.856773	105.090658	4.168603	0.012934	10.9
200	-0.822205	106.090658	4.135803	0.017700	10.9
201	-0.848935	107.090658	4.103515	0.024478	10.8
202	-0.838529	108.090658	4.071727	0.011840	10.8
203	-0.861646	109.090658	4.040428	0.010924	10.8
204	-0.858878	110.090658	4.009606	0.010214	10.8
205	-0.871425	111.090658	3.979251	0.015540	10.8
206	-0.848275	112.090658	3.949352	0.013595	10.8
207	-0.813500	113.090658	3.919899	0.009225	10.8
208	-0.831489	114.090658	3.890883	0.007902	10.8
209	-0.840646	113.929617	3.895526	0.013986	10.8
210	-0.843287	114.929601	3.866868	0.011819	10.8
211	-0.824910	115.929601	3.838629	0.008216	10.9
212	-0.834493	116.929601	3.810798	0.007607	10.9
213	-0.828687	117.929601	3.783369	0.008955	10.7
214	-0.825925	118.929577	3.756332	0.010953	10.8
215	-0.848799	118.768530	3.760660	0.012331	10.7
216	-0.844027	118.607484	3.764998	0.012355	10.8
217	-0.822157	118.446437	3.769346	0.007234	10.8
218	-0.829459	119.446437	3.742508	0.011316	10.8
219	-0.838042	119.775998	3.733746	0.010305	10.9
220	-0.821081	119.614951	3.738023	0.010840	10.8
221	-0.816162	119.453905	3.742309	0.011490	10.9
222	-0.846333	120.453905	3.715853	0.009898	10.9
223	-0.844059	120.292858	3.720088	0.009473	10.8
224	-0.844876	120.131811	3.724333	0.011294	10.8
225	-0.855460	121.129131	3.698200	0.009845	10.8
226	-0.850928	120.968084	3.702395	0.009507	10.8
227	-0.825555	120.807037	3.706599	0.010978	10.8
228	-0.856891	120.645991	3.710814	0.009603	10.8
229	-0.831828	120.484944	3.715038	0.015495	10.8
230	-0.844782	121.484944	3.688964	0.015030	10.8
231	-0.822088	121.323898	3.693139	0.011825	10.8
232	-0.823559	122.266730	3.668834	0.012117	10.9
233	-0.859483	122.105683	3.672963	0.006373	10.8
234	-0.843561	123.105683	3.647475	0.009984	10.8
235	-0.843599	122.944636	3.651556	0.006416	10.9
236	-0.846356	123.944636	3.626363	0.008733	10.8
237	-0.846314	124.942311	3.601573	0.014683	10.8
238	-0.835154	125.942311	3.577063	0.005326	10.9
239	-0.822281	125.781264	3.580988	0.007569	10.8
240	-0.824106	126.781180	3.556758	0.007959	10.9
241	-0.841166	126.620171	3.560637	0.007933	10.8
242	-0.850746	126.809506	3.556076	0.008806	10.8
243	-0.836464	126.648867	3.559945	0.012826	10.9
244	-0.827034	127.648867	3.535997	0.009493	10.9
245	-0.834758	128.648867	3.512368	0.008041	10.9
246	-0.852987	128.487821	3.516152	0.012053	10.8
247	-0.833786	129.487821	3.492787	0.008032	10.8
248	-0.834304	130.487821	3.469730	0.006325	10.9
249	-0.857308	130.326774	3.473423	0.007104	10.8
250	-0.809226	130.606461	3.467015	0.012640	10.9
251	-0.845260	131.606461	3.444296	0.010511	10.9
252	-0.819092	131.445422	3.447935	0.009155	10.8
253	-0.845251	132.445422	3.425465	0.012881	10.8
254	-0.835267	132.284698	3.429056	0.009882	11.0
255	-0.849173	132.123651	3.432663	0.011227	10.9
256	-0.840330	133.123651	3.410391	0.012292	10.8
257	-0.835092	134.123651	3.388406	0.012187	10.8
258	-0.828628	135.123651	3.366702	0.008855	10.9
259	-0.834702	134.962604	3.370179	0.009431	10.8
260	-0.846040	134.801558	3.373663	0.009281	10.9
261	-0.839098	135.767824	3.352868	0.012861	10.8
262	-0.833511	136.767824	3.331616	0.011408	10.9
263	-0.840651	137.767824	3.310632	0.010401	11.0
264	-0.827260	137.606778	3.313994	0.010621	10.9
265	-0.855481	137.445993	3.317357	0.006909	10.8
266	-0.858773	138.430212	3.296878	0.010130	10.8
267	-0.834292	138.269166	3.300211	0.008719	10.8
268	-0.831750	138.108119	3.303552	0.012455	10.9
269	-0.865539	137.947075	3.306899	0.013685	10.7
270	-0.830873	137.792352	3.310121	0.011725	10.8
271	-0.835823	138.792352	3.289406	0.016089	10.8
272	-0.844579	139.792352	3.268948	0.011930	10.8
273	-0.843711	140.792352	3.248744	0.009860	10.8
274	-0.843381	141.792352	3.228787	0.011928	11.0
275	-0.846251	141.631305	3.231985	0.011600	10.9
276	-0.843528	141.477440	3.235045	0.010928	10.9
277	-0.829825	141.318211	3.238219	0.013769	10.8
278	-0.832099	142.318211	3.218391	0.011738	10.8
279	-0.818974	143.318207	3.198805	0.013691	10.8
280	-0.836121	143.157164	3.201943	0.015198	10.8
281	-0.827945	142.996117	3.205087	0.008445	10.8
282	-0.837760	143.989748	3.185785	0.013605	10.9
283	-0.852155	144.989748	3.166592	0.011160	10.8
284	-0.833716	144.828815	3.169666	0.011361	10.8
285	-0.834448	145.828808	3.150666	0.010152	11.0
286	-0.826006	146.828807	3.131893	0.013373	10.8
287	-0.832385	147.006507	3.128581	0.009902	10.8
288	-0.830370	148.006507	3.110069	0.011054	10.9
289	-0.833180	147.845460	3.113035	0.012001	10.8
290	-0.833107	147.684413	3.116007	0.014265	10.9
291	-0.834242	148.684413	3.097644	0.011558	10.8
292	-0.827389	149.684413	3.079495	0.013679	10.8
293	-0.844136	149.523367	3.082404	0.006949	10.9
294	-0.840247	149.362321	3.085318	0.008912	10.8
295	-0.839793	149.201274	3.088237	0.011559	10.8
296	-0.858280	149.040228	3.091162	0.013399	10.8
297	-0.831470	150.040228	3.073089	0.006504	10.8
298	-0.857016	150.909604	3.057548	0.009542	10.8
299	-0.841263	150.748557	3.060415	0.006510	11.0
300	-0.846126	150.587520	3.063287	0.005990	10.7
301	-0.838849	151.291056	3.050779	0.010598	10.9
302	-0.824069	151.130009	3.053633	0.009869	10.8
303	-0.844311	152.130006	3.035995	0.010846	10.8
304	-0.837215	151.968959	3.038822	0.015737	10.8
305	-0.842795	152.968959	3.021354	0.009292	10.8
306	-0.852129	153.968959	3.004086	0.015791	10.8
307	-0.846222	153.807913	3.006854	0.010438	10.8
308	-0.829581	153.646866	3.009627	0.014132	11.0
309	-0.841420	153.701081	3.008693	0.013283	10.9
310	-0.818976	153.540035	3.011469	0.011218	10.9
311	-0.826925	153.378988	3.014250	0.010243	10.8
312	-0.823128	154.378988	2.997063	0.008890	10.8
313	-0.838341	155.378988	2.980071	0.012194	10.8
314	-0.835553	156.378988	2.963270	0.010877	10.8
315	-0.852008	156.217941	2.965963	0.007932	10.9
316	-0.850048	156.056955	2.968660	0.010174	10.9
317	-0.837825	157.056955	2.951987	0.010391	10.9
318	-0.849911	156.896116	2.954656	0.011021	10.8
319	-0.822885	157.896116	2.938140	0.010468	10.7
320	-0.846892	157.735070	2.940788	0.011906	10.8
321	-0.838714	157.574023	2.943440	0.011397	10.8
322	-0.853494	157.412976	2.946097	0.008982	10.8
323	-0.838720	158.412976	2.929676	0.009034	10.8
324	-0.851064	159.412976	2.913437	0.008288	10.9
325	-0.839876	159.251933	2.916040	0.012042	10.8
326	-0.851817	159.090887	2.918648	0.011373	10.8
327	-0.839960	160.090887	2.902531	0.018066	10.8
328	-0.862241	159.929840	2.905114	0.009650	10.7
329	-0.844465	159.768794	2.907703	0.008693	10.8
330	-0.847645	160.768784	2.891706	0.010425	10.8
331	-0.839335	160.607737	2.894270	0.007727	10.7
332	-0.842879	161.607642	2.878422	0.009235	10.8
333	-0.815576	161.446629	2.880962	0.011019	10.8
334	-0.842258	162.446629	2.865258	0.012577	10.8
335	-0.827358	163.446629	2.849723	0.006854	10.9
336	-0.846368	163.285583	2.852214	0.010872	10.8
337	-0.840404	163.124536	2.854709	0.011979	10.8
338	-0.833480	164.124536	2.839288	0.006647	10.8
339	-0.840053	165.124536	2.824033	0.008795	10.8
340	-0.867597	166.124536	2.808942	0.009953	10.8
341	-0.835026	167.124536	2.794010	0.007697	10.9
342	-0.831892	168.124536	2.779237	0.012245	10.9
343	-0.855000	169.124536	2.764619	0.011826	10.8
344	-0.895180	170.124536	2.750154	0.007157	10.7
345	-0.829145	171.124536	2.735839	0.013731	10.7
346	-0.842791	170.963490	2.738135	0.009987	10.9
347	-0.829148	170.802443	2.740434	0.009122	10.8
348	-0.818908	170.712326	2.741722	0.006759	10.8
349	-0.828071	171.712326	2.727495	0.006705	10.8
350	-0.834700	171.551279	2.729776	0.015109	10.8
351	-0.832977	171.390233	2.732061	0.005361	10.7
352	-0.854335	171.229186	2.734350	0.008499	10.9
353	-0.846993	172.229186	2.720199	0.010437	10.8
354	-0.843050	172.068139	2.722468	0.010336	10.8
355	-0.802254	171.908021	2.724728	0.014001	10.8
356	-0.839914	172.908021	2.710676	0.008256	10.7
357	-0.847029	173.908021	2.696769	0.012001	10.8
358	-0.851073	173.746974	2.698999	0.011183	10.8
359	-0.818312	173.585928	2.701233	0.007754	10.7
360	-0.851757	174.585928	2.687422	0.019213	10.8
361	-0.841482	175.585928	2.673751	0.012553	10.8
362	-0.846939	175.424881	2.675943	0.007966	10.7
363	-0.832043	175.263835	2.678139	0.010589	10.8
364	-0.825795	175.102788	2.680339	0.009202	10.8
365	-0.860871	176.056626	2.667365	0.015890	10.8
366	-0.863216	175.895580	2.669546	0.011834	10.9
367	-0.834216	176.895580	2.656057	0.007899	10.8
368	-0.821819	177.895580	2.642703	0.009502	10.8
369	-0.844121	177.734533	2.644844	0.009946	10.8
370	-0.842741	178.734533	2.631602	0.010747	10.7
371	-0.826991	179.734533	2.618493	0.007975	10.9
372	-0.845807	179.573486	2.620595	0.009050	10.8
373	-0.836341	179.435240	2.622403	0.014119	10.8
374	-0.837141	179.274193	2.624511	0.014173	10.9
375	-0.851056	179.113147	2.626623	0.009844	10.7
376	-0.832028	178.956907	2.628676	0.008340	10.8
377	-0.849445	179.956907	2.615595	0.012704	10.9
378	-0.845599	180.910956	2.603236	0.011751	10.9
379	-0.859070	180.749910	2.605314	0.008277	10.8
380	-0.872158	181.749910	2.592464	0.009168	10.8
381	-0.841719	181.588863	2.594525	0.008787	10.8
382	-0.844832	181.455121	2.596239	0.008571	10.8
383	-0.827271	181.294075	2.598306	0.012847	10.8
384	-0.836080	181.133030	2.600376	0.008303	10.8
385	-0.846280	182.133030	2.587575	0.016039	10.8
386	-0.826677	183.133030	2.574899	0.007681	10.9
387	-0.831947	182.971984	2.576932	0.010948	10.8
388	-0.813497	183.971873	2.564361	0.010109	10.9
389	-0.844709	183.810827	2.566377	0.010458	10.9
390	-0.832913	184.810827	2.553908	0.010127	10.8
391	-0.824153	184.649780	2.555908	0.011478	10.8
392	-0.831637	185.649780	2.543540	0.014988	10.9
393	-0.841301	185.488735	2.545523	0.013992	10.8
394	-0.834167	186.488735	2.533255	0.013005	10.8
395	-0.831059	187.488732	2.521105	0.009986	10.8
396	-0.847820	187.327686	2.523053	0.014205	10.8
397	-0.838115	188.327686	2.511000	0.010524	10.8
398	-0.826256	188.166639	2.512934	0.010844	10.8
399	-0.825983	188.005592	2.514870	0.012570	10.8
400	-0.832869	187.844546	2.516809	0.011516	10.8
401	-0.814559	188.844546	2.504816	0.008226	10.8
402	-0.840822	189.844545	2.492936	0.015637	10.9
403	-0.832485	189.683499	2.494841	0.009140	10.9
404	-0.854179	189.522459	2.496750	0.011035	10.9
405	-0.826921	190.522459	2.484946	0.008913	10.8
406	-0.849953	190.361412	2.486839	0.011364	10.8
407	-0.849047	190.200365	2.488736	0.013764	10.9
408	-0.837085	191.200365	2.477007	0.010080	10.9
409	-0.829142	191.039319	2.478889	0.012119	10.9
410	-0.842585	190.878272	2.480773	0.008225	10.9
411	-0.806789	190.717261	2.482660	0.007806	10.8
412	-0.848296	190.556215	2.484549	0.010154	10.9
413	-0.849145	190.395169	2.486442	0.009538	10.9
414	-0.827306	190.247449	2.488181	0.010205	11.0
415	-0.857838	190.086402	2.490079	0.017728	10.8
416	-0.862004	191.086402	2.478338	0.011147	10.9
417	-0.836202	190.925356	2.480222	0.018168	11.0
418	-0.844750	191.925356	2.468573	0.009692	10.9
419	-0.826801	191.764310	2.470442	0.011116	10.8
420	-0.813801	192.764310	2.458885	0.012409	10.9
421	-0.844068	193.764310	2.447436	0.006459	10.9
422	-0.847828	193.603263	2.449273	0.008352	10.8
423	-0.842882	193.442216	2.451112	0.008388	10.9
424	-0.857549	193.281170	2.452954	0.006194	10.8
425	-0.854660	193.631813	2.448947	0.006986	10.8
426	-0.825751	193.470766	2.450786	0.007676	10.7
427	-0.844230	194.440681	2.439752	0.013444	10.8
428	-0.822862	194.279634	2.441577	0.010153	10.8
429	-0.839211	195.174664	2.431468	0.007582	10.8
430	-0.855071	196.174664	2.420273	0.008604	10.8
431	-0.828714	196.013617	2.422069	0.010315	10.8
432	-0.840972	195.852571	2.423867	0.008001	10.8
433	-0.874876	195.691524	2.425669	0.011003	10.9
434	-0.850222	196.691524	2.414526	0.004822	10.8
435	-0.852718	197.691523	2.403485	0.014551	10.9
436	-0.819906	197.530506	2.405256	0.009485	10.8
437	-0.842235	198.530506	2.394300	0.011486	10.9
438	-0.857304	198.369460	2.396058	0.015044	10.8
439	-0.843988	198.208413	2.397818	0.010617	10.8
440	-0.835101	199.208413	2.386929	0.010925	10.8
441	-0.807440	199.047366	2.388676	0.012846	10.8
442	-0.875970	198.886320	2.390426	0.006929	10.9
443	-0.812233	199.886320	2.379604	0.011460	10.7
444	-0.834513	199.725274	2.381340	0.009308	10.7
445	-0.801333	199.564316	2.383078	0.010767	10.8
446	-0.830810	200.564316	2.372322	0.010965	10.8
447	-0.838208	200.403269	2.374048	0.013607	10.8
448	-0.847142	201.403269	2.363373	0.010871	10.8
449	-0.821610	201.242223	2.365086	0.013674	10.8
450	-0.825976	202.242223	2.354491	0.006081	10.8
451	-0.825611	203.242223	2.343992	0.008248	10.7
452	-0.863642	204.242202	2.333585	0.011694	10.8
453	-0.835598	205.242202	2.323271	0.008201	10.7
454	-0.850836	206.242202	2.313047	0.012431	10.8
455	-0.844723	206.081157	2.314687	0.006936	10.8
456	-0.826212	207.081156	2.304539	0.011791	10.7
457	-0.819270	206.920110	2.306167	0.013009	10.8
458	-0.854691	207.920110	2.296093	0.007238	10.8
459	-0.828257	208.920110	2.286107	0.009730	10.8
460	-0.865486	209.314224	2.282195	0.009199	10.9
461	-0.844282	210.314224	2.272328	0.017308	10.8
462	-0.851707	211.314224	2.262547	0.012631	10.8
463	-0.830742	211.153177	2.264117	0.009221	10.8
464	-0.826753	212.153177	2.254406	0.010798	10.8
465	-0.858057	211.992131	2.255964	0.005773	10.8
466	-0.858047	212.634497	2.249761	0.009838	10.8
467	-0.826317	212.703840	2.249094	0.010397	10.8
468	-0.825991	212.542872	2.250644	0.013471	10.8
469	-0.846274	212.381825	2.252197	0.007707	10.9
470	-0.851650	213.381825	2.242588	0.014860	10.9
471	-0.837129	213.220785	2.244130	0.018466	10.8
472	-0.833489	213.059739	2.245674	0.019946	10.8
473	-0.829410	214.059739	2.236120	0.008593	10.8
474	-0.856542	213.898692	2.237654	0.006576	10.8
475	-0.858688	214.898692	2.228168	0.004576	10.8
476	-0.830623	214.749670	2.229576	0.010507	10.8
477	-0.831277	215.749669	2.220159	0.008484	10.8
478	-0.814452	216.749669	2.210821	0.007983	10.8
479	-0.869423	217.749669	2.201561	0.011221	10.9
480	-0.830959	218.749669	2.192378	0.010580	10.9
481	-0.852041	219.749669	2.183271	0.009248	10.7
482	-0.843119	220.749669	2.174240	0.011262	10.8
483	-0.822624	220.588622	2.175690	0.009307	10.9
484	-0.822839	221.588622	2.166721	0.007665	10.7
485	-0.832957	222.588622	2.157826	0.013334	10.8
486	-0.832983	222.427576	2.159254	0.009148	10.9
487	-0.843402	222.266530	2.160683	0.010204	10.8
488	-0.849394	223.266492	2.151838	0.005340	10.8
489	-0.825563	223.105446	2.153257	0.013644	10.9
490	-0.870883	222.944399	2.154679	0.009159	10.8
491	-0.845674	223.944399	2.145882	0.011245	10.8
492	-0.833969	224.944399	2.137157	0.007833	10.8
493	-0.827383	225.944399	2.128503	0.013042	10.8
494	-0.860046	225.783353	2.129892	0.009274	10.7
495	-0.831393	226.783353	2.121296	0.011795	10.7
496	-0.818570	226.622306	2.122676	0.010688	10.7
497	-0.867808	226.461259	2.124057	0.011057	10.7
498	-0.864073	226.300664	2.125437	0.008525	10.8
499	-0.853629	226.139617	2.126822	0.011574	10.9
500	-0.838688	227.139617	2.118251	0.011913	10.8
501	-0.812913	228.139617	2.109748	0.008103	10.8
502	-0.840682	227.978592	2.111113	0.011188	10.8
503	-0.825908	228.978592	2.102668	0.007537	10.9
504	-0.851757	228.817545	2.104023	0.012326	10.8
505	-0.853136	228.656501	2.105380	0.006647	10.7
506	-0.836683	228.495454	2.106739	0.010365	10.7
507	-0.825378	228.334408	2.108100	0.013158	10.8
508	-0.849397	228.173361	2.109463	0.009374	10.8
509	-0.849208	229.173361	2.101031	0.008407	10.8
510	-0.830455	229.012314	2.102384	0.013781	10.7
511	-0.829691	230.012314	2.094008	0.012987	10.7
Time spent in resolution 0 (ITK initialization and iterating): 7.354 s.
Stopping condition: Maximum number of iterations has been reached.
Settings of AdaptiveStochasticGradientDescent in resolution 0:
( SP_a 525.621882 )
( SP_A 20.000000 )
( SP_alpha 1.000000 )
( SigmoidMax 1.000000 )
( SigmoidMin -0.161047 )
( SigmoidScale 0.000001 )


Resolution: 1
WARNING: The parameter "UseMultiThreadingForMetrics", requested at entry number 1, does not exist at all.
  The default value "true" is used instead.
Setting the fixed masks took: 0 ms.
Setting the moving masks took: 0 ms.
WARNING: The parameter "NumberOfFixedHistogramBins", requested at entry number 1, does not exist at all.
  The default value "32" is used instead.
WARNING: The parameter "NumberOfMovingHistogramBins", requested at entry number 1, does not exist at all.
  The default value "32" is used instead.
WARNING: The parameter "UseJacobianPreconditioning", requested at entry number 1, does not exist at all.
  The default value "false" is used instead.
WARNING: The parameter "FiniteDifferenceDerivative", requested at entry number 1, does not exist at all.
  The default value "false" is used instead.

WARNING: You have set MaximumNumberOfSamplingAttempts to 10.
  This functionality is known to cause problems (stack overflow) for large values.
  If elastix stops or segfaults for no obvious reason, reduce this value.
  You may select the RandomSparseMask image sampler to fix mask-related problems.

WARNING: The parameter "SigmoidInitialTime", requested at entry number 1, does not exist at all.
  The default value "0" is used instead.
WARNING: The parameter "MaxBandCovSize", requested at entry number 1, does not exist at all.
  The default value "192" is used instead.
WARNING: The parameter "NumberOfBandStructureSamples", requested at entry number 1, does not exist at all.
  The default value "10" is used instead.
WARNING: The parameter "UseAdaptiveStepSizes", requested at entry number 1, does not exist at all.
  The default value "true" is used instead.
WARNING: The parameter "AutomaticParameterEstimation", requested at entry number 1, does not exist at all.
  The default value "true" is used instead.
WARNING: The parameter "UseConstantStep", requested at entry number 1, does not exist at all.
  The default value "false" is used instead.
WARNING: The parameter "MaximumStepLengthRatio", requested at entry number 1, does not exist at all.
  The default value "1" is used instead.
WARNING: The parameter "MaximumStepLength", requested at entry number 1, does not exist at all.
  The default value "1" is used instead.
WARNING: The parameter "NumberOfGradientMeasurements", requested at entry number 1, does not exist at all.
  The default value "0" is used instead.
WARNING: The parameter "NumberOfJacobianMeasurements", requested at entry number 1, does not exist at all.
  The default value "1000" is used instead.
WARNING: The parameter "NumberOfSamplesForExactGradient", requested at entry number 1, does not exist at all.
  The default value "100000" is used instead.
WARNING: The parameter "SigmoidScaleFactor", requested at entry number 1, does not exist at all.
  The default value "0.1" is used instead.
Elastix initialization of all components (for this resolution) took: 2 ms.
  Computing the fixed image extrema took 79 ms.
  Computing the moving image extrema took 79 ms.
Initialization of AdvancedMattesMutualInformation metric took: 713 ms.
Starting automatic parameter estimation for AdaptiveStochasticGradientDescent ...
WARNING: The parameter "ASGDParameterEstimationMethod", requested at entry number 0, does not exist at all.
  The default value "Original" is used instead.
  Computing JacobianTerms ...
  Computing the Jacobian terms took 0.001419s
  NumberOfGradientMeasurements to estimate sigma_i: 3
  Sampling gradients ...
  Progress: 100%  Sampling the gradients took 1.007441s
Automatic parameter estimation took 1.01s
1:ItNr	2:Metric	3a:Time	3b:StepSize	4:||Gradient||	Time[ms]
0	-0.750035	0.000000	10.778479	0.018144	1728.5
1	-0.778939	0.000000	10.778479	0.025906	10.8
2	-0.791517	1.000000	10.288549	0.024123	10.9
3	-0.794621	2.000000	9.841220	0.029974	11.0
4	-0.801710	3.000000	9.431169	0.023734	10.9
5	-0.793078	4.000000	9.053923	0.020269	10.8
6	-0.808413	5.000000	8.705695	0.024601	10.9
7	-0.769473	4.827703	8.763771	0.022839	10.8
8	-0.789977	5.827703	8.437102	0.019053	10.9
9	-0.809223	6.827703	8.133911	0.016667	10.9
10	-0.809856	7.827295	7.851866	0.016665	10.8
11	-0.797911	8.827295	7.588622	0.023095	10.9
12	-0.794935	9.642591	7.386714	0.015915	10.8
13	-0.796154	10.642591	7.153272	0.016719	10.9
14	-0.813848	10.470295	7.192436	0.020141	10.8
15	-0.812711	11.470295	6.970927	0.025227	10.9
16	-0.798332	12.470295	6.762655	0.017660	10.8
17	-0.790409	13.470295	6.566467	0.014410	10.8
18	-0.809890	13.321076	6.595017	0.016445	10.8
19	-0.790965	14.319770	6.408537	0.027641	10.8
20	-0.775005	15.319770	6.232090	0.024279	10.9
21	-0.788714	16.319770	6.065098	0.022693	10.9
22	-0.789142	17.319770	5.906822	0.016004	10.8
23	-0.778179	18.319770	5.756597	0.023163	10.8
24	-0.780088	19.319770	5.613823	0.021412	10.8
25	-0.772971	20.319770	5.477961	0.015799	10.9
26	-0.790420	20.147473	5.500898	0.014221	10.9
27	-0.809675	21.147473	5.370383	0.010394	10.9
28	-0.798120	21.167647	5.367814	0.011940	10.9
29	-0.800892	22.150113	5.245596	0.012509	10.8
30	-0.785300	23.150113	5.126783	0.013996	10.9
31	-0.797415	22.985882	5.145925	0.021251	10.8
32	-0.780530	23.985882	5.031536	0.019809	10.8
33	-0.795550	24.985882	4.922121	0.022880	10.8
34	-0.789142	25.948150	4.821235	0.017966	10.8
35	-0.803371	26.948150	4.720684	0.020571	10.8
36	-0.771509	27.948150	4.624242	0.017419	10.8
37	-0.804992	28.948150	4.531661	0.010664	10.9
38	-0.794398	29.804926	4.455239	0.026263	10.9
39	-0.795355	29.633718	4.470303	0.024275	10.9
40	-0.781027	30.633718	4.383726	0.016224	11.0
41	-0.799356	30.461422	4.398403	0.014501	10.8
42	-0.804352	31.461422	4.314562	0.008785	10.8
43	-0.801287	31.315506	4.326596	0.016638	10.8
44	-0.817827	32.315506	4.245445	0.019208	10.9
45	-0.790313	33.315505	4.167283	0.016183	10.9
46	-0.806388	33.143447	4.180526	0.015787	10.8
47	-0.766685	34.143447	4.104714	0.009527	10.9
48	-0.777583	35.143369	4.031608	0.015528	10.8
49	-0.809583	36.006129	3.970592	0.014367	10.9
50	-0.803182	37.006129	3.902141	0.012260	10.9
51	-0.784294	36.887644	3.910127	0.013170	10.8
52	-0.789501	36.715356	3.921800	0.017960	10.8
53	-0.792687	36.551625	3.932957	0.014603	10.9
54	-0.775305	37.551625	3.865786	0.017799	10.9
55	-0.812343	37.379330	3.877195	0.018326	10.9
56	-0.797465	38.379330	3.811900	0.011471	10.8
57	-0.805837	39.379289	3.748770	0.020686	10.8
58	-0.785774	39.206994	3.759498	0.016082	10.8
59	-0.807806	40.206993	3.698075	0.010197	10.8
60	-0.779239	41.206653	3.638647	0.017108	10.9
61	-0.779653	41.034718	3.648732	0.015242	10.9
62	-0.817441	41.056955	3.647425	0.019400	10.9
63	-0.788564	42.055887	3.589642	0.019289	11.0
64	-0.787419	43.055887	3.533603	0.018471	10.9
65	-0.775100	42.883614	3.543132	0.016876	10.8
66	-0.796052	43.883094	3.488552	0.017799	10.9
67	-0.790030	44.881512	3.435684	0.020790	10.9
68	-0.803663	45.809466	3.387964	0.012604	10.8
69	-0.810459	45.637207	3.396722	0.015475	10.9
70	-0.787663	46.503138	3.353149	0.022531	10.9
71	-0.787803	46.330841	3.361729	0.014140	11.0
72	-0.805936	47.330841	3.312532	0.015254	11.0
73	-0.799539	48.330423	3.264773	0.008447	10.9
74	-0.793782	49.321514	3.218760	0.014506	10.9
75	-0.786091	50.307242	3.174265	0.015295	10.9
76	-0.798741	51.307242	3.130365	0.015038	10.9
77	-0.792098	52.073929	3.097522	0.012956	10.9
78	-0.786620	51.902120	3.104821	0.017443	10.8
79	-0.809351	52.901273	3.062844	0.010320	10.9
80	-0.792416	53.901264	3.021953	0.014418	10.8
81	-0.788066	53.732267	3.028786	0.014313	10.9
82	-0.779603	54.238075	3.008425	0.009673	10.8
83	-0.773812	54.065879	3.015326	0.012352	10.8
84	-0.790641	54.206276	3.009697	0.017325	10.9
85	-0.808834	54.033980	3.016607	0.020607	10.9
86	-0.783422	53.861684	3.023550	0.014526	10.8
87	-0.787417	54.861657	2.983695	0.015121	11.0
88	-0.805816	55.861657	2.944876	0.020521	10.9
89	-0.781504	56.861657	2.907054	0.013830	10.9
90	-0.784118	57.861657	2.870192	0.015130	10.9
91	-0.780240	58.861657	2.834252	0.014695	10.9
92	-0.798736	58.689361	2.840380	0.020051	10.8
93	-0.783652	58.525585	2.846230	0.012686	10.8
94	-0.774437	59.323243	2.817965	0.021900	10.9
95	-0.784009	59.153998	2.823915	0.011402	10.8
96	-0.805562	58.981702	2.829998	0.022232	11.5
97	-0.787298	58.809405	2.836108	0.017843	10.9
98	-0.786012	59.809405	2.801011	0.019379	10.8
99	-0.769577	59.637140	2.806995	0.012488	10.9
100	-0.790871	59.855629	2.799410	0.020084	10.8
101	-0.789663	59.683332	2.805388	0.020360	10.8
102	-0.795002	60.099955	2.790977	0.016436	10.8
103	-0.799529	59.928943	2.796874	0.016919	10.8
104	-0.785183	60.928943	2.762736	0.018856	10.8
105	-0.801704	60.756646	2.768559	0.018554	10.9
106	-0.811419	61.756646	2.735104	0.009416	10.8
107	-0.798156	61.584357	2.740810	0.017792	10.9
108	-0.811453	62.555797	2.708945	0.018111	10.8
109	-0.806579	62.383501	2.714543	0.020004	10.8
110	-0.795474	63.383501	2.682374	0.017427	10.8
111	-0.794918	63.211204	2.687862	0.013839	10.9
112	-0.792778	63.038911	2.693372	0.013226	10.9
113	-0.774974	64.038215	2.661722	0.022628	10.9
114	-0.794836	65.038215	2.630785	0.006202	10.8
115	-0.794333	64.878511	2.635678	0.016654	10.8
116	-0.792743	65.823477	2.606992	0.024398	10.8
117	-0.778341	65.654139	2.612086	0.014035	10.8
118	-0.806166	66.654139	2.582286	0.018482	10.8
119	-0.806865	67.653795	2.553168	0.022055	10.9
120	-0.791343	67.481499	2.558140	0.018476	10.8
121	-0.813225	68.481499	2.529552	0.014802	10.9
122	-0.787696	69.481499	2.501595	0.013531	10.8
123	-0.788716	69.309203	2.506368	0.011180	10.8
124	-0.779941	69.175857	2.510074	0.014491	10.8
125	-0.787780	70.175854	2.482544	0.016480	10.8
126	-0.780476	70.390661	2.476709	0.015393	10.9
127	-0.802821	71.390661	2.449902	0.016988	10.8
128	-0.785976	72.390661	2.423669	0.010671	10.8
129	-0.800189	73.390661	2.397992	0.016991	10.7
130	-0.803511	73.221335	2.402302	0.018582	10.9
131	-0.821727	74.031565	2.381820	0.016571	10.8
132	-0.789629	75.031040	2.357030	0.019529	10.8
133	-0.788155	76.031040	2.332739	0.015739	10.9
134	-0.817988	77.018735	2.309233	0.011525	10.8
135	-0.796543	77.776584	2.291515	0.012066	10.9
136	-0.787045	77.950801	2.287481	0.012441	10.8
137	-0.804723	78.950533	2.264601	0.014861	10.8
138	-0.773963	79.949628	2.242188	0.014080	10.9
139	-0.782937	80.812146	2.223193	0.009591	10.8
140	-0.791280	81.043607	2.218150	0.009990	10.9
141	-0.793253	81.871761	2.200294	0.015298	10.9
142	-0.803897	82.871760	2.179111	0.016947	10.9
143	-0.781583	83.869181	2.158385	0.012890	10.9
144	-0.800839	84.868959	2.138002	0.017142	10.9
145	-0.808458	85.868896	2.117998	0.018969	10.9
146	-0.790358	86.868896	2.098363	0.019656	10.8
147	-0.786786	87.868896	2.079088	0.017405	10.8
148	-0.779848	88.868896	2.060165	0.014424	10.9
149	-0.756716	88.696600	2.063401	0.015626	10.8
150	-0.836772	89.696600	2.044761	0.016083	10.9
151	-0.784417	90.696600	2.026454	0.013810	10.8
152	-0.795022	91.696097	2.008482	0.011372	10.9
153	-0.761492	91.525911	2.011520	0.016985	10.8
154	-0.775440	91.353615	2.014604	0.016819	10.8
155	-0.798399	91.181318	2.017698	0.013426	10.8
156	-0.801646	92.181318	1.999871	0.015298	10.8
157	-0.786748	92.009022	2.002920	0.016787	10.8
158	-0.802272	93.009022	1.985352	0.022039	10.8
159	-0.801032	92.836725	1.988357	0.010103	10.9
160	-0.791278	92.816422	1.988712	0.010040	11.0
161	-0.812521	93.815747	1.971403	0.013920	10.8
162	-0.776984	93.644564	1.974346	0.010907	10.9
163	-0.790647	94.354208	1.962200	0.016492	10.8
164	-0.774263	95.233003	1.947365	0.015787	10.9
165	-0.817852	95.060706	1.950256	0.014203	10.8
166	-0.790629	95.992799	1.934718	0.012637	10.8
167	-0.776959	95.820502	1.937571	0.018188	10.9
168	-0.788035	95.648448	1.940429	0.018355	11.0
169	-0.790395	96.648448	1.923936	0.011736	10.8
170	-0.779335	97.648294	1.907723	0.017019	10.8
171	-0.750969	98.648292	1.891779	0.013468	10.9
172	-0.773613	98.475996	1.894507	0.012394	10.8
173	-0.791537	99.299680	1.881535	0.016450	10.9
174	-0.767449	100.299680	1.866024	0.014677	10.8
175	-0.765035	101.299680	1.850766	0.022286	10.8
176	-0.814085	102.299680	1.835756	0.016481	10.8
177	-0.788337	102.127767	1.838319	0.017158	10.9
178	-0.768067	103.127767	1.823509	0.017801	10.8
179	-0.755979	104.127761	1.808936	0.013082	10.9
180	-0.787357	105.122506	1.794668	0.012566	10.9
181	-0.778566	106.012111	1.782098	0.017225	10.9
182	-0.789970	105.988778	1.782426	0.011631	10.8
183	-0.761146	106.988776	1.768499	0.017851	10.8
184	-0.789514	106.818165	1.770860	0.011079	10.8
185	-0.768569	107.816793	1.757132	0.011193	10.8
186	-0.789086	107.644602	1.759484	0.014268	10.8
187	-0.820241	107.473314	1.761829	0.010741	10.8
188	-0.806260	107.422316	1.762529	0.015253	10.9
189	-0.797941	108.421866	1.748917	0.015546	10.8
190	-0.807318	109.421866	1.735507	0.023427	10.9
191	-0.796786	110.421866	1.722301	0.016947	10.8
192	-0.774110	111.421866	1.709295	0.012222	10.8
193	-0.778068	112.407310	1.696669	0.013851	10.8
194	-0.794937	112.235014	1.698863	0.015654	10.8
195	-0.790501	113.228325	1.686291	0.011087	10.8
196	-0.769116	113.142687	1.687368	0.010441	10.9
197	-0.776922	113.006669	1.689081	0.010727	11.0
198	-0.800510	112.850851	1.691047	0.011525	10.8
199	-0.793335	112.811467	1.691545	0.021390	10.9
200	-0.798981	112.639170	1.693725	0.013978	10.9
201	-0.800663	112.466874	1.695912	0.016051	10.9
202	-0.806923	113.179711	1.686902	0.015756	10.8
203	-0.801472	113.406155	1.684060	0.013854	10.9
204	-0.783451	114.405857	1.671627	0.019076	10.8
205	-0.795447	115.405857	1.659372	0.017591	10.8
206	-0.776226	115.233900	1.661467	0.012483	10.8
207	-0.795421	116.233900	1.649360	0.009910	10.9
208	-0.788862	116.087800	1.651118	0.015629	10.8
209	-0.787946	117.085391	1.639189	0.018424	10.8
210	-0.772591	116.913094	1.641237	0.013603	10.9
211	-0.806635	116.740798	1.643290	0.017462	10.8
212	-0.804707	116.730744	1.643410	0.012337	10.8
213	-0.787858	116.558556	1.645467	0.011604	10.9
214	-0.775208	116.386314	1.647530	0.017892	10.9
215	-0.798761	116.214017	1.649599	0.023171	10.8
216	-0.768766	117.214017	1.637664	0.015018	10.9
217	-0.802397	117.041721	1.639708	0.016875	10.8
218	-0.817617	116.869425	1.641757	0.017793	10.8
219	-0.787131	117.869380	1.629935	0.009839	10.9
220	-0.765192	118.869380	1.618282	0.011401	10.9
221	-0.794091	119.869326	1.606795	0.019538	10.9
222	-0.791988	120.684727	1.597547	0.014795	10.8
223	-0.796465	120.512716	1.599489	0.008118	10.8
224	-0.807553	120.340466	1.601439	0.014268	10.8
225	-0.811345	120.191953	1.603123	0.015518	10.8
226	-0.788408	121.191876	1.591850	0.012514	10.8
227	-0.799066	121.811596	1.584942	0.011817	10.8
228	-0.794065	121.642757	1.586818	0.012515	10.9
229	-0.791033	121.956099	1.583340	0.015393	10.9
230	-0.789475	121.783803	1.585250	0.011057	10.9
231	-0.788338	122.665851	1.575518	0.014206	10.8
232	-0.807760	122.493579	1.577409	0.029150	10.9
233	-0.773776	122.333747	1.579168	0.011491	10.9
234	-0.816176	123.333747	1.568227	0.013702	10.9
235	-0.769343	123.161452	1.570101	0.013819	11.0
236	-0.817729	122.989155	1.571980	0.011632	10.9
237	-0.795377	122.816859	1.573863	0.013747	10.8
238	-0.801927	122.644712	1.575749	0.014161	10.9
239	-0.803104	122.473479	1.577630	0.020507	10.8
240	-0.819966	122.301183	1.579527	0.010687	10.8
241	-0.791263	122.731131	1.574802	0.017971	10.7
242	-0.788565	123.728104	1.563954	0.016946	10.7
243	-0.787554	124.728104	1.553222	0.015963	10.8
244	-0.779616	125.728104	1.542636	0.015510	10.7
245	-0.800762	125.555807	1.544450	0.014050	10.7
246	-0.780496	125.574947	1.544248	0.013398	10.8
247	-0.797745	126.009328	1.539685	0.017746	10.7
248	-0.763114	127.009328	1.529282	0.012796	10.7
249	-0.764290	128.009328	1.519019	0.010935	10.7
250	-0.796294	128.704573	1.511965	0.020852	10.7
251	-0.783241	129.703288	1.501945	0.017259	10.7
252	-0.760174	129.530991	1.503664	0.016996	10.7
253	-0.800465	129.361305	1.505361	0.020610	10.6
254	-0.795023	130.361305	1.495416	0.014624	10.7
255	-0.788598	131.361282	1.485601	0.014580	10.6
256	-0.789200	132.361012	1.475917	0.010167	10.8
257	-0.796268	133.352491	1.466436	0.020356	10.7
258	-0.801842	134.072575	1.459627	0.016111	10.8
259	-0.770229	135.072575	1.450274	0.012978	10.8
260	-0.790486	136.072575	1.441041	0.017045	10.7
261	-0.793293	135.902164	1.442606	0.011823	10.7
262	-0.788317	135.733467	1.444159	0.012462	10.7
263	-0.776658	136.732924	1.435008	0.013292	10.7
264	-0.781676	136.560628	1.436578	0.017730	10.7
265	-0.792222	137.560628	1.427517	0.012254	10.7
266	-0.792852	138.560628	1.418571	0.009693	10.7
267	-0.798448	138.388331	1.420104	0.012034	10.7
268	-0.796205	139.388331	1.411250	0.016226	10.8
269	-0.801448	140.387923	1.402509	0.016485	10.7
270	-0.798011	141.387923	1.393873	0.008330	10.7
271	-0.797353	142.341316	1.385737	0.020107	10.7
272	-0.795899	142.618306	1.383391	0.015181	10.7
273	-0.771962	143.616152	1.375005	0.010190	10.7
274	-0.790941	144.388194	1.368587	0.013307	10.7
275	-0.778412	144.217505	1.370001	0.017922	10.7
276	-0.787399	145.212504	1.361799	0.023766	10.8
277	-0.809216	146.212504	1.353655	0.015698	10.8
278	-0.779158	147.212504	1.345608	0.017652	10.7
279	-0.808265	147.040210	1.346988	0.013431	10.7
280	-0.814628	148.040210	1.339019	0.011611	10.7
281	-0.795543	147.867915	1.340385	0.011206	10.7
282	-0.797350	147.695619	1.341754	0.014754	10.8
283	-0.786342	148.695613	1.333847	0.017971	10.7
284	-0.796125	148.523316	1.335203	0.014739	10.8
285	-0.811600	149.523316	1.327373	0.012140	10.7
286	-0.779570	149.351063	1.328715	0.016295	10.7
287	-0.806002	150.351063	1.320961	0.013955	10.7
288	-0.792735	150.492339	1.319873	0.017712	10.7
289	-0.793897	151.262045	1.313975	0.024855	10.8
290	-0.783428	152.262045	1.306392	0.015193	10.7
291	-0.780989	152.089749	1.307692	0.011233	10.9
292	-0.786611	152.098303	1.307627	0.016581	11.0
293	-0.751968	153.098303	1.300116	0.011629	10.7
294	-0.807719	154.098303	1.292691	0.011715	10.8
295	-0.806505	155.098286	1.285351	0.018383	10.7
296	-0.786594	156.098286	1.278093	0.013554	10.8
297	-0.795165	155.925990	1.279338	0.013238	10.7
298	-0.802861	156.925058	1.272154	0.013539	10.7
299	-0.792299	157.869784	1.265435	0.009171	10.8
300	-0.804299	158.646376	1.259965	0.011701	10.7
301	-0.816511	159.641955	1.253020	0.013096	10.7
302	-0.773765	160.641905	1.246123	0.011132	10.7
303	-0.784617	160.469624	1.247306	0.018121	10.7
304	-0.794508	160.297328	1.248491	0.008075	10.8
305	-0.808358	161.264486	1.241866	0.019150	10.7
306	-0.785150	161.092207	1.243041	0.011342	10.7
307	-0.788199	160.919911	1.244218	0.013710	10.6
308	-0.807832	161.919909	1.237416	0.017633	10.8
309	-0.795687	162.918785	1.230696	0.010531	10.8
310	-0.784399	163.918785	1.224040	0.018237	10.7
311	-0.761931	164.372867	1.221042	0.013989	10.8
312	-0.809824	165.372867	1.214490	0.028889	10.7
313	-0.785036	165.634920	1.212785	0.013901	10.8
314	-0.784148	165.462623	1.213906	0.013461	10.7
315	-0.804692	166.462610	1.207430	0.009058	10.8
316	-0.804357	167.407885	1.201373	0.010239	10.6
317	-0.788999	168.403575	1.195057	0.007702	10.7
318	-0.798334	168.231386	1.196144	0.014665	10.7
319	-0.806293	168.061320	1.197220	0.017761	10.8
320	-0.795140	167.984054	1.197710	0.019440	10.7
321	-0.808899	168.984054	1.191406	0.017006	10.8
322	-0.769999	169.984054	1.185167	0.018016	10.7
323	-0.775600	170.983987	1.178995	0.025211	10.7
324	-0.794667	170.811690	1.180054	0.011346	10.8
325	-0.792019	170.639394	1.181115	0.020931	10.7
326	-0.783158	171.639394	1.174983	0.017703	10.7
327	-0.805667	172.639325	1.168916	0.011932	10.7
328	-0.786843	173.639322	1.162910	0.012669	10.7
329	-0.797471	173.467029	1.163941	0.014099	10.7
330	-0.791103	173.294786	1.164972	0.014243	10.7
331	-0.813161	174.294785	1.159007	0.018088	10.7
332	-0.800533	174.122489	1.160031	0.023407	10.8
333	-0.815251	175.122489	1.154116	0.019668	10.6
334	-0.793021	176.122459	1.148261	0.023488	10.7
335	-0.822008	175.950162	1.149266	0.020840	10.7
336	-0.795686	175.777866	1.150272	0.025998	10.7
337	-0.789106	175.626880	1.151155	0.010770	10.7
338	-0.788101	175.768345	1.150328	0.019001	10.7
339	-0.776467	176.768345	1.144511	0.014606	10.8
340	-0.788187	177.167314	1.142207	0.011258	10.7
341	-0.780155	177.588336	1.139785	0.015810	10.7
342	-0.815711	178.588334	1.134075	0.011151	10.6
343	-0.793590	179.587738	1.128424	0.012591	10.7
344	-0.770487	179.415456	1.129394	0.015282	10.7
345	-0.783023	179.243160	1.130366	0.011467	10.7
346	-0.807958	179.072020	1.131333	0.014961	10.7
347	-0.798764	180.071992	1.125707	0.012771	10.9
348	-0.818616	179.917414	1.126573	0.019274	11.0
349	-0.771759	180.128363	1.125391	0.013729	11.3
350	-0.794700	179.956068	1.126356	0.018717	11.0
351	-0.791311	179.783772	1.127323	0.015384	11.0
352	-0.784399	179.611475	1.128291	0.012120	10.9
353	-0.782066	180.611360	1.122695	0.012394	10.9
354	-0.791933	180.439065	1.123655	0.016273	10.8
355	-0.776581	181.439065	1.118105	0.009193	11.0
356	-0.798282	182.438206	1.112613	0.012159	10.8
357	-0.808334	182.265957	1.113556	0.013075	10.8
358	-0.783501	182.093661	1.114501	0.014548	10.7
359	-0.803976	181.921385	1.115447	0.015150	10.8
360	-0.796244	181.749089	1.116395	0.011660	10.9
361	-0.778021	182.749054	1.110916	0.016814	10.8
362	-0.798757	183.748496	1.105493	0.013121	10.9
363	-0.801436	183.576200	1.106424	0.017585	10.9
364	-0.812275	184.576200	1.101042	0.013329	10.8
365	-0.811852	185.576186	1.095712	0.015072	10.9
366	-0.803970	185.403889	1.096627	0.017307	10.9
367	-0.767946	186.062241	1.093140	0.014204	10.9
368	-0.792223	187.062211	1.087886	0.016238	10.9
369	-0.807707	186.969975	1.088369	0.020166	10.8
370	-0.785672	186.797679	1.089271	0.015025	10.9
371	-0.780608	186.625382	1.090175	0.015545	10.9
372	-0.791692	187.621103	1.084972	0.016581	10.9
373	-0.822406	188.621103	1.079796	0.015028	10.8
374	-0.807493	189.621066	1.074670	0.007427	10.9
375	-0.794406	189.729932	1.074114	0.013028	10.9
376	-0.814297	189.557636	1.074993	0.011446	11.0
377	-0.790516	189.386041	1.075870	0.013341	10.8
378	-0.842317	189.232622	1.076655	0.011878	10.9
379	-0.784908	190.229203	1.071576	0.016653	10.8
380	-0.775286	190.087362	1.072296	0.017699	10.8
381	-0.800008	191.063525	1.067360	0.020102	10.8
382	-0.799632	190.891234	1.068228	0.013181	10.8
383	-0.827458	190.718967	1.069097	0.009748	10.8
384	-0.788418	190.680941	1.069289	0.019542	10.7
385	-0.767515	190.508645	1.070160	0.014279	10.9
386	-0.792464	191.508644	1.065124	0.014026	10.8
387	-0.780802	191.336372	1.065988	0.016488	10.7
388	-0.779590	191.164537	1.066852	0.012632	10.7
389	-0.821310	192.164422	1.061847	0.013752	10.7
390	-0.805371	193.162999	1.056896	0.016632	10.7
391	-0.792281	194.162999	1.051984	0.014523	10.7
392	-0.780303	195.069983	1.047568	0.014466	10.7
393	-0.782354	196.069983	1.042742	0.022031	10.7
394	-0.775218	195.897687	1.043571	0.020293	10.7
395	-0.756460	196.897687	1.038781	0.012962	10.8
396	-0.776313	197.636866	1.035269	0.011520	10.7
397	-0.825756	197.464615	1.036086	0.012828	10.7
398	-0.774480	197.361596	1.036575	0.020222	10.7
399	-0.791160	197.189389	1.037393	0.013035	10.8
400	-0.805127	197.017097	1.038212	0.017486	10.8
401	-0.816625	196.845086	1.039032	0.011795	10.8
402	-0.804233	197.845084	1.034284	0.012650	10.7
403	-0.785230	198.845024	1.029580	0.011469	10.7
404	-0.781291	198.890761	1.029366	0.015398	10.7
405	-0.773595	198.718465	1.030173	0.016313	10.8
406	-0.807559	199.718404	1.025506	0.011682	10.7
407	-0.801866	200.701255	1.020960	0.012111	10.7
408	-0.806119	201.010993	1.019535	0.017894	10.7
409	-0.789280	200.841920	1.020312	0.019749	10.7
410	-0.785975	201.841920	1.015734	0.008023	10.8
411	-0.803477	201.718483	1.016297	0.013480	10.7
412	-0.783423	202.487356	1.012800	0.015553	10.7
413	-0.783693	202.316475	1.013575	0.012137	10.7
414	-0.797158	202.358074	1.013387	0.015492	10.7
415	-0.791392	203.332633	1.008984	0.014079	10.7
416	-0.788184	203.160337	1.009760	0.012820	10.7
417	-0.802168	204.160336	1.005275	0.010798	10.7
418	-0.794939	205.160336	1.000830	0.018025	10.7
419	-0.805751	204.988121	1.001593	0.019955	10.7
420	-0.785976	204.815825	1.002357	0.010502	10.6
421	-0.777975	205.815783	0.997938	0.016246	10.7
422	-0.794139	205.644214	0.998693	0.012849	10.7
423	-0.782340	206.644090	0.994307	0.013131	10.7
424	-0.815352	207.637969	0.989985	0.018989	10.7
425	-0.797684	208.637903	0.985674	0.019373	10.7
426	-0.811183	209.637903	0.981400	0.016879	10.8
427	-0.795602	210.637862	0.977164	0.011174	10.6
428	-0.780348	211.637862	0.972963	0.011864	10.7
429	-0.799094	212.631219	0.968826	0.011379	10.8
430	-0.768745	212.465335	0.969515	0.014479	10.7
431	-0.784398	212.297472	0.970212	0.011904	10.7
432	-0.789196	213.297466	0.966071	0.011608	10.7
433	-0.794947	213.298410	0.966067	0.011584	10.7
434	-0.797564	213.126114	0.966778	0.019310	10.8
435	-0.794973	214.125534	0.962669	0.016790	10.6
436	-0.801343	214.836632	0.959766	0.015188	10.7
437	-0.808328	214.664335	0.960468	0.011298	10.6
438	-0.783506	214.492040	0.961171	0.015366	10.8
439	-0.778648	215.484182	0.957138	0.014368	10.7
440	-0.757215	215.344893	0.957702	0.016401	10.8
441	-0.768909	216.344893	0.953667	0.017978	10.8
442	-0.789067	216.172601	0.954360	0.021500	10.7
443	-0.816335	216.124072	0.954555	0.020699	10.7
444	-0.798774	217.124072	0.950547	0.009020	10.8
445	-0.799986	218.084549	0.946728	0.014170	10.8
446	-0.813265	217.913533	0.947406	0.015605	10.8
447	-0.797069	218.481663	0.945158	0.013297	10.7
448	-0.793794	219.481634	0.941228	0.020026	10.6
449	-0.786977	220.481634	0.937330	0.012849	10.7
450	-0.790470	220.815602	0.936036	0.016268	10.7
451	-0.816542	221.814671	0.932184	0.014092	10.7
452	-0.793966	222.814662	0.928361	0.021577	10.7
453	-0.816408	223.814662	0.924569	0.014091	10.6
454	-0.803060	223.642365	0.925220	0.020509	10.8
455	-0.809547	224.612486	0.921566	0.010806	10.7
456	-0.790523	224.440189	0.922213	0.013992	10.8
457	-0.776314	224.267923	0.922860	0.008711	10.7
458	-0.773220	224.095731	0.923509	0.019805	10.7
459	-0.818198	225.076438	0.919828	0.017930	10.7
460	-0.799771	224.904141	0.920473	0.020229	10.7
461	-0.784738	224.731845	0.921118	0.015265	10.6
462	-0.792202	224.559548	0.921764	0.018244	10.7
463	-0.787618	225.559548	0.918026	0.017097	10.7
464	-0.806082	225.387252	0.918668	0.009950	10.7
465	-0.745952	226.145274	0.915850	0.017969	10.7
466	-0.802585	227.145070	0.912160	0.012758	10.7
467	-0.798459	228.092100	0.908692	0.018177	10.7
468	-0.792221	229.092100	0.905059	0.024288	10.6
469	-0.816588	230.092100	0.901454	0.010257	10.7
470	-0.792037	230.200630	0.901065	0.017641	10.7
471	-0.783243	231.200494	0.897493	0.017812	10.8
472	-0.813596	232.200494	0.893948	0.011579	10.7
473	-0.816633	232.028198	0.894557	0.019159	10.6
474	-0.778701	233.028198	0.891035	0.021652	10.7
475	-0.800889	234.027882	0.887542	0.019065	10.6
476	-0.768513	235.027125	0.884078	0.012493	10.8
477	-0.804665	234.855532	0.884671	0.017971	10.7
478	-0.791349	234.683235	0.885268	0.013106	10.7
479	-0.775659	235.683235	0.881819	0.016365	10.7
480	-0.795558	236.683235	0.878397	0.013960	10.8
481	-0.777151	236.510939	0.878984	0.014953	10.7
482	-0.804015	237.510347	0.875586	0.018957	10.7
483	-0.785486	238.503861	0.872234	0.016328	10.8
484	-0.786996	239.503861	0.868886	0.008846	10.8
485	-0.796568	239.395730	0.869246	0.013708	10.8
486	-0.788276	239.223436	0.869822	0.016227	10.9
487	-0.806811	240.223436	0.866492	0.017046	10.8
488	-0.772707	241.223436	0.863188	0.022216	10.8
489	-0.777600	241.051175	0.863755	0.011382	10.8
490	-0.813985	241.201005	0.863262	0.022790	10.8
491	-0.790568	241.028708	0.863829	0.019168	10.9
492	-0.797441	242.028708	0.860545	0.014540	10.8
493	-0.790396	243.028708	0.857286	0.021562	10.8
494	-0.792804	243.990030	0.854176	0.015059	10.8
495	-0.779115	243.817734	0.854732	0.010713	10.8
496	-0.800388	244.610620	0.852180	0.011290	10.8
497	-0.793605	244.438761	0.852732	0.017427	10.7
498	-0.797339	244.266467	0.853286	0.020060	10.7
499	-0.813309	244.094187	0.853840	0.025410	10.7
500	-0.787366	245.086749	0.850655	0.012235	10.6
501	-0.762727	244.931494	0.851152	0.015215	10.7
502	-0.799835	245.910982	0.848028	0.010601	10.7
503	-0.763462	245.738685	0.848576	0.013071	10.8
504	-0.778869	245.631617	0.848917	0.017357	10.7
505	-0.802462	246.631617	0.845745	0.013552	10.8
506	-0.802163	247.631617	0.842597	0.021222	10.7
507	-0.780695	248.631616	0.839472	0.009565	10.7
508	-0.785608	248.538446	0.839762	0.012310	10.7
509	-0.793497	249.521069	0.836711	0.018167	10.7
510	-0.815481	249.351823	0.837235	0.014943	10.8
511	-0.787891	249.179527	0.837769	0.017529	10.7
Time spent in resolution 1 (ITK initialization and iterating): 7.265 s.
Stopping condition: Maximum number of iterations has been reached.
Settings of AdaptiveStochasticGradientDescent in resolution 1:
( SP_a 226.348068 )
( SP_A 20.000000 )
( SP_alpha 1.000000 )
( SigmoidMax 1.000000 )
( SigmoidMin -0.172297 )
( SigmoidScale 0.000005 )


Resolution: 2
WARNING: The parameter "UseMultiThreadingForMetrics", requested at entry number 2, does not exist at all.
  The default value "true" is used instead.
Setting the fixed masks took: 0 ms.
Setting the moving masks took: 0 ms.
WARNING: The parameter "NumberOfFixedHistogramBins", requested at entry number 2, does not exist at all.
  The default value "32" is used instead.
WARNING: The parameter "NumberOfMovingHistogramBins", requested at entry number 2, does not exist at all.
  The default value "32" is used instead.
WARNING: The parameter "UseJacobianPreconditioning", requested at entry number 2, does not exist at all.
  The default value "false" is used instead.
WARNING: The parameter "FiniteDifferenceDerivative", requested at entry number 2, does not exist at all.
  The default value "false" is used instead.

WARNING: You have set MaximumNumberOfSamplingAttempts to 10.
  This functionality is known to cause problems (stack overflow) for large values.
  If elastix stops or segfaults for no obvious reason, reduce this value.
  You may select the RandomSparseMask image sampler to fix mask-related problems.

WARNING: The parameter "SigmoidInitialTime", requested at entry number 2, does not exist at all.
  The default value "0" is used instead.
WARNING: The parameter "MaxBandCovSize", requested at entry number 2, does not exist at all.
  The default value "192" is used instead.
WARNING: The parameter "NumberOfBandStructureSamples", requested at entry number 2, does not exist at all.
  The default value "10" is used instead.
WARNING: The parameter "UseAdaptiveStepSizes", requested at entry number 2, does not exist at all.
  The default value "true" is used instead.
WARNING: The parameter "AutomaticParameterEstimation", requested at entry number 2, does not exist at all.
  The default value "true" is used instead.
WARNING: The parameter "UseConstantStep", requested at entry number 2, does not exist at all.
  The default value "false" is used instead.
WARNING: The parameter "MaximumStepLengthRatio", requested at entry number 2, does not exist at all.
  The default value "1" is used instead.
WARNING: The parameter "MaximumStepLength", requested at entry number 2, does not exist at all.
  The default value "1" is used instead.
WARNING: The parameter "NumberOfGradientMeasurements", requested at entry number 2, does not exist at all.
  The default value "0" is used instead.
WARNING: The parameter "NumberOfJacobianMeasurements", requested at entry number 2, does not exist at all.
  The default value "1000" is used instead.
WARNING: The parameter "NumberOfSamplesForExactGradient", requested at entry number 2, does not exist at all.
  The default value "100000" is used instead.
WARNING: The parameter "SigmoidScaleFactor", requested at entry number 2, does not exist at all.
  The default value "0.1" is used instead.
Elastix initialization of all components (for this resolution) took: 61 ms.
  Computing the fixed image extrema took 79 ms.
  Computing the moving image extrema took 78 ms.
Initialization of AdvancedMattesMutualInformation metric took: 713 ms.
Starting automatic parameter estimation for AdaptiveStochasticGradientDescent ...
WARNING: The parameter "ASGDParameterEstimationMethod", requested at entry number 0, does not exist at all.
  The default value "Original" is used instead.
  Computing JacobianTerms ...
  Computing the Jacobian terms took 0.001408s
  NumberOfGradientMeasurements to estimate sigma_i: 3
  Sampling gradients ...
  Progress: 100%  Sampling the gradients took 1.009342s
Automatic parameter estimation took 1.01s
1:ItNr	2:Metric	3a:Time	3b:StepSize	4:||Gradient||	Time[ms]
0	-0.708098	0.000000	6.598741	0.024326	1730.1
1	-0.699944	0.000000	6.598741	0.033955	10.8
2	-0.706205	1.000000	6.298799	0.034990	10.8
3	-0.693222	2.000000	6.024938	0.038104	10.7
4	-0.699603	3.000000	5.773899	0.019746	10.8
5	-0.725353	4.000000	5.542943	0.025518	10.8
6	-0.724469	4.966128	5.336705	0.025410	10.7
7	-0.711777	5.966128	5.138801	0.033392	10.7
8	-0.730594	6.966128	4.955050	0.017804	10.7
9	-0.716230	7.966109	4.783990	0.027864	10.8
10	-0.722614	7.827153	4.807050	0.019898	10.7
11	-0.721154	8.827150	4.645887	0.021638	10.8
12	-0.712026	8.683854	4.668315	0.024438	10.8
13	-0.747106	8.539420	4.691140	0.019977	10.7
14	-0.724628	9.539319	4.537546	0.027681	10.7
15	-0.716261	10.539318	4.393677	0.022336	10.8
16	-0.729613	11.539318	4.258650	0.025015	10.7
17	-0.701633	11.394883	4.277638	0.019151	10.7
18	-0.706614	12.394883	4.149545	0.022406	10.8
19	-0.716853	13.241744	4.046919	0.016640	10.7
20	-0.709972	14.241743	3.932086	0.020789	10.7
21	-0.702762	14.097310	3.948267	0.035077	10.7
22	-0.704204	15.097310	3.838889	0.028046	10.7
23	-0.694293	16.097310	3.735407	0.018405	10.7
24	-0.718737	17.097310	3.637358	0.023869	10.7
25	-0.745400	18.097310	3.544325	0.021841	10.7
26	-0.742071	19.097310	3.455932	0.022539	10.7
27	-0.740533	20.093951	3.372116	0.029146	10.6
28	-0.723830	19.949526	3.384009	0.035813	10.8
29	-0.704771	20.949526	3.303340	0.039303	10.7
30	-0.703250	21.949526	3.226428	0.035350	10.8
31	-0.704408	22.949526	3.153016	0.019933	10.8
32	-0.713014	23.949526	3.082870	0.024274	10.8
33	-0.708008	23.805098	3.092808	0.024236	10.6
34	-0.711951	23.666799	3.102384	0.023614	10.8
35	-0.697973	24.666799	3.034449	0.021978	10.8
36	-0.740284	25.666795	2.969425	0.026672	10.7
37	-0.725995	26.666795	2.907130	0.021317	10.6
38	-0.754437	27.666795	2.847395	0.017280	10.7
39	-0.704070	27.668920	2.847270	0.035251	10.9
40	-0.714896	27.524485	2.855745	0.026409	10.8
41	-0.719822	28.524485	2.798082	0.023647	10.8
42	-0.733135	29.523650	2.742747	0.034342	10.8
43	-0.720663	30.523650	2.689514	0.026928	10.8
44	-0.688745	31.523650	2.638308	0.025701	10.9
45	-0.731709	31.379217	2.645583	0.022125	11.0
46	-0.703049	32.379217	2.596021	0.017431	10.9
47	-0.721651	32.234782	2.603064	0.020586	10.9
48	-0.710265	33.234410	2.555086	0.018990	10.9
49	-0.726919	34.234410	2.508827	0.026448	10.9
50	-0.734420	34.089974	2.515404	0.021735	10.8
51	-0.718740	35.089974	2.470559	0.026770	10.9
52	-0.710485	36.089974	2.427284	0.024170	10.9
53	-0.757576	37.089974	2.385499	0.026212	10.8
54	-0.695928	36.945542	2.391445	0.023430	10.8
55	-0.724117	37.398131	2.372911	0.019416	10.9
56	-0.718137	37.253695	2.378794	0.033580	10.9
57	-0.724176	38.204170	2.340605	0.016740	10.8
58	-0.723142	39.204169	2.301727	0.023976	10.9
59	-0.728406	39.067995	2.306945	0.019409	10.8
60	-0.725901	38.953014	2.311369	0.023041	10.9
61	-0.736148	39.953011	2.273449	0.023146	10.8
62	-0.726800	40.953011	2.236753	0.021097	10.8
63	-0.712221	40.810682	2.241903	0.023721	10.8
64	-0.709750	41.024084	2.234190	0.017404	10.7
65	-0.745929	42.024080	2.198740	0.020892	10.8
66	-0.715659	41.879668	2.203790	0.032906	10.7
67	-0.714653	42.879624	2.169292	0.021420	10.7
68	-0.691694	43.879624	2.135857	0.022250	10.8
69	-0.700577	44.879624	2.103436	0.020600	10.7
70	-0.729052	44.735188	2.108058	0.018413	10.7
71	-0.736441	44.590753	2.112700	0.022654	10.8
72	-0.723482	44.452195	2.117172	0.023522	10.7
73	-0.709350	44.307826	2.121852	0.016203	10.7
74	-0.706671	44.163688	2.126546	0.029521	10.7
75	-0.743916	45.102323	2.096349	0.030445	10.7
76	-0.725609	46.102323	2.065108	0.024310	10.8
77	-0.722797	45.959042	2.069527	0.017715	10.8
78	-0.725047	46.394088	2.056168	0.018355	10.8
79	-0.711928	47.394083	2.026105	0.021518	10.8
80	-0.703135	48.394082	1.996908	0.031443	10.7
81	-0.711636	49.394059	1.968541	0.022540	10.7
82	-0.718721	49.255186	1.972432	0.012464	10.7
83	-0.723806	50.254815	1.944761	0.019095	10.8
84	-0.720127	51.048776	1.923330	0.023006	10.7
85	-0.710526	51.507040	1.911174	0.018192	10.7
86	-0.715524	51.362901	1.914981	0.025412	10.6
87	-0.727322	52.362836	1.888880	0.017948	10.6
88	-0.709536	52.218562	1.892602	0.020268	10.6
89	-0.710994	52.074127	1.896342	0.037825	10.7
90	-0.711989	52.107682	1.895472	0.022363	10.7
91	-0.714566	53.107682	1.869895	0.021434	10.8
92	-0.717136	53.959794	1.848639	0.020377	10.7
93	-0.706470	54.934361	1.824913	0.026355	10.7
94	-0.722301	55.934361	1.801192	0.017358	10.7
95	-0.742632	55.790039	1.804577	0.025552	10.7
96	-0.720344	56.477514	1.788565	0.022884	10.7
97	-0.725888	57.477513	1.765774	0.016611	10.8
98	-0.685159	58.467587	1.743775	0.028119	10.8
99	-0.720413	59.467587	1.722104	0.025031	10.8
100	-0.707328	60.467587	1.700966	0.014820	10.7
101	-0.717556	60.373636	1.702930	0.020030	10.7
102	-0.727852	61.023164	1.689444	0.017079	10.7
103	-0.715404	60.878765	1.692424	0.017221	10.7
104	-0.696548	60.734329	1.695415	0.021109	10.7
105	-0.702289	61.724737	1.675116	0.026935	10.7
106	-0.684370	62.724737	1.655109	0.026030	10.6
107	-0.732463	63.724709	1.635574	0.023391	10.7
108	-0.735192	63.580811	1.638357	0.019426	10.7
109	-0.730678	64.580811	1.619213	0.030567	10.7
110	-0.725825	65.580811	1.600511	0.029801	10.7
111	-0.726611	66.580811	1.582237	0.017473	10.7
112	-0.692275	66.436396	1.584850	0.020445	10.7
113	-0.714676	67.273913	1.569813	0.017655	10.7
114	-0.705104	68.273910	1.552229	0.018797	10.8
115	-0.717430	69.243869	1.535546	0.015438	10.7
116	-0.713053	69.099433	1.538007	0.027404	10.6
117	-0.707682	70.084592	1.521372	0.026527	10.6
118	-0.710941	71.084592	1.504851	0.026552	10.7
119	-0.720829	71.763370	1.493839	0.026166	10.7
120	-0.705004	71.618967	1.496168	0.021741	10.6
121	-0.728853	71.519434	1.497778	0.014556	10.7
122	-0.719360	71.623410	1.496097	0.023867	10.7
123	-0.740514	72.623373	1.480117	0.022573	10.7
124	-0.725805	73.620146	1.464525	0.039361	10.7
125	-0.728873	74.620146	1.449209	0.026681	10.7
126	-0.711269	75.613709	1.434305	0.020556	10.7
127	-0.716001	76.613709	1.419612	0.015450	10.8
128	-0.707189	76.469273	1.421715	0.023840	10.7
129	-0.711071	76.324961	1.423823	0.020155	10.7
130	-0.710957	77.303983	1.409643	0.020990	10.6
131	-0.701611	78.303942	1.395449	0.021754	10.7
132	-0.712297	79.303941	1.381537	0.030911	10.7
133	-0.726182	80.198872	1.369319	0.024736	10.7
134	-0.737710	81.198872	1.355921	0.032971	10.7
135	-0.724292	82.198872	1.342782	0.021733	10.7
136	-0.690603	83.198872	1.329895	0.023071	10.7
137	-0.701732	84.198872	1.317253	0.015768	10.7
138	-0.718358	85.197109	1.304871	0.025361	10.8
139	-0.697234	85.052698	1.306648	0.029248	10.8
140	-0.718410	84.908262	1.308430	0.031673	10.7
141	-0.708319	85.908262	1.296191	0.015077	10.7
142	-0.721526	85.766868	1.297908	0.025377	10.7
143	-0.701084	85.688252	1.298864	0.019424	10.7
144	-0.724460	85.570845	1.300295	0.018642	10.7
145	-0.714165	85.426418	1.302060	0.019922	10.7
146	-0.711050	85.282421	1.303824	0.013894	10.7
147	-0.711966	85.388969	1.302518	0.028402	10.6
148	-0.731584	86.387985	1.290401	0.029133	10.6
149	-0.720268	87.387970	1.278496	0.019290	10.7
150	-0.718252	88.328899	1.267493	0.020896	10.7
151	-0.716297	88.184504	1.269169	0.029274	10.7
152	-0.705596	89.184504	1.257650	0.036115	10.8
153	-0.724360	90.184504	1.246339	0.021360	10.7
154	-0.741573	90.040073	1.247960	0.037976	10.7
155	-0.727372	89.895638	1.249585	0.039439	10.6
156	-0.713438	90.895638	1.238418	0.027740	10.7
157	-0.710704	90.762259	1.239896	0.028145	10.6
158	-0.719408	91.762259	1.228900	0.030921	10.6
159	-0.711911	92.762259	1.218098	0.023734	10.9
160	-0.736249	93.544252	1.209782	0.021204	10.7
161	-0.700946	94.544246	1.199312	0.021561	10.7
162	-0.729249	95.544246	1.189021	0.016014	10.7
163	-0.714108	96.544190	1.178906	0.022166	10.7
164	-0.734303	96.411115	1.180242	0.017311	10.7
165	-0.700993	96.266679	1.181696	0.021474	10.7
166	-0.733450	97.118499	1.173174	0.031765	10.7
167	-0.717670	98.118499	1.163325	0.018905	10.8
168	-0.697234	99.118499	1.153641	0.027066	10.8
169	-0.739549	100.032955	1.144924	0.023493	10.8
170	-0.739464	99.890175	1.146277	0.029449	10.7
171	-0.704666	100.890175	1.136872	0.017002	10.7
172	-0.713978	101.889681	1.127626	0.025672	10.9
173	-0.723840	101.745318	1.128952	0.030001	10.8
174	-0.694774	102.745318	1.119829	0.018595	10.7
175	-0.716856	103.524295	1.112824	0.023756	10.7
176	-0.689245	103.379860	1.114116	0.017770	10.7
177	-0.716665	104.379628	1.105232	0.026931	10.7
178	-0.713818	104.235211	1.106506	0.019905	10.8
179	-0.706418	104.090775	1.107784	0.015335	10.7
180	-0.703902	104.525790	1.103945	0.030220	10.7
181	-0.696266	105.525231	1.095225	0.019066	10.7
182	-0.725714	105.380795	1.096476	0.023710	10.7
183	-0.705656	105.335279	1.096872	0.029992	10.7
184	-0.739409	106.335279	1.088257	0.010618	10.7
185	-0.731896	106.701209	1.085139	0.027692	10.7
186	-0.706402	106.633609	1.085714	0.023478	10.7
187	-0.728737	107.633609	1.077273	0.022750	10.6
188	-0.716780	107.489173	1.078484	0.016812	10.7
189	-0.730627	107.601731	1.077540	0.023223	10.7
190	-0.713391	107.470527	1.078641	0.025097	10.7
191	-0.719286	107.370242	1.079484	0.018734	10.7
192	-0.733227	107.225806	1.080700	0.036112	10.7
193	-0.735255	107.096341	1.081792	0.022875	10.7
194	-0.683826	106.951905	1.083013	0.023134	10.6
195	-0.739559	107.950229	1.074628	0.016224	10.8
196	-0.698761	107.805903	1.075832	0.017010	10.7
197	-0.731636	108.805902	1.067544	0.023243	10.8
198	-0.708232	109.805501	1.059386	0.015896	10.7
199	-0.714891	109.661469	1.060554	0.012358	10.7
200	-0.694608	110.451542	1.054180	0.030655	10.7
201	-0.711845	110.326323	1.055185	0.025206	10.6
202	-0.718378	111.326323	1.047211	0.021680	10.7
203	-0.731343	112.326315	1.039356	0.023183	10.7
204	-0.731393	112.181879	1.040484	0.020409	10.7
205	-0.717565	112.039282	1.041599	0.012981	10.6
206	-0.734278	111.933873	1.042425	0.018432	10.8
207	-0.727409	112.783256	1.035807	0.026427	10.7
208	-0.718825	113.783256	1.028122	0.035124	10.7
209	-0.727911	114.783256	1.020550	0.025361	10.7
210	-0.721869	114.638820	1.021636	0.022095	10.7
211	-0.714161	114.494385	1.022726	0.013137	10.7
212	-0.716955	114.350333	1.023814	0.024581	10.7
213	-0.717057	115.350283	1.016306	0.019938	10.7
214	-0.715477	115.208338	1.017365	0.017114	10.8
215	-0.703299	115.063905	1.018445	0.019013	10.7
216	-0.717320	115.986892	1.011583	0.014858	10.8
217	-0.722146	115.851914	1.012580	0.024575	10.6
218	-0.718861	115.729112	1.013490	0.020414	10.7
219	-0.714436	116.729112	1.006131	0.017410	10.8
220	-0.733052	116.584681	1.007187	0.014582	10.7
221	-0.734485	116.440258	1.008246	0.015719	10.6
222	-0.710340	117.439283	1.000970	0.027619	10.6
223	-0.733293	118.439206	0.993792	0.025300	10.7
224	-0.698655	119.439205	0.986716	0.022094	10.7
225	-0.713445	119.294772	0.987732	0.025804	10.7
226	-0.712717	120.294772	0.980741	0.016406	10.7
227	-0.713644	120.150337	0.981745	0.021480	10.9
228	-0.726834	120.006064	0.982749	0.016503	10.7
229	-0.720829	119.861839	0.983755	0.020284	10.7
230	-0.725511	120.861838	0.976821	0.029266	10.7
231	-0.720768	120.717402	0.977816	0.024317	10.8
232	-0.715404	120.572966	0.978814	0.031076	10.8
233	-0.734732	121.572966	0.971948	0.018361	10.7
234	-0.704389	122.572963	0.965179	0.015852	10.7
235	-0.737360	123.038585	0.962059	0.011116	10.7
236	-0.721285	122.935760	0.962746	0.022361	10.8
237	-0.742305	122.802559	0.963638	0.018536	10.6
238	-0.734407	122.658853	0.964602	0.022308	10.7
239	-0.730433	122.514795	0.965570	0.019330	10.7
240	-0.735496	122.382987	0.966458	0.038383	10.7
241	-0.715164	122.238553	0.967432	0.022871	10.7
242	-0.728086	123.238552	0.960725	0.026603	10.8
243	-0.723426	124.238552	0.954110	0.020817	10.8
244	-0.721718	124.123641	0.954866	0.023021	10.7
245	-0.709056	125.067818	0.948693	0.018981	10.7
246	-0.708799	124.924437	0.949626	0.028066	10.7
247	-0.730664	124.780002	0.950566	0.025133	10.8
248	-0.740784	124.635611	0.951509	0.022273	10.7
249	-0.710714	125.635611	0.945020	0.018766	10.6
250	-0.726866	126.635398	0.938620	0.017439	10.7
251	-0.716981	127.620663	0.932398	0.018003	10.7
252	-0.699878	127.624931	0.932371	0.019552	10.7
253	-0.692959	127.668673	0.932097	0.027060	10.7
254	-0.724266	127.524294	0.933003	0.009666	10.7
255	-0.717474	127.409055	0.933727	0.020246	10.7
256	-0.726672	127.907434	0.930602	0.020888	10.7
257	-0.727784	128.907433	0.924394	0.014522	10.7
258	-0.697904	129.427531	0.921198	0.022599	10.8
259	-0.717461	130.396733	0.915301	0.028388	10.7
260	-0.735396	131.396733	0.909295	0.019020	10.7
261	-0.715032	131.263671	0.910089	0.021077	10.7
262	-0.715644	132.263670	0.904151	0.019242	10.8
263	-0.746464	133.260595	0.898308	0.019720	10.7
264	-0.736948	134.257380	0.892541	0.021257	10.7
265	-0.719366	134.112944	0.893372	0.019090	10.8
266	-0.727081	133.968509	0.894205	0.023820	10.9
267	-0.718780	134.963513	0.888500	0.020521	10.9
268	-0.700367	135.963512	0.882839	0.020979	10.9
269	-0.709738	135.819168	0.883652	0.018217	10.8
270	-0.711952	135.710938	0.884262	0.020822	10.8
271	-0.704991	136.710294	0.878659	0.016078	10.9
272	-0.689212	136.623133	0.879145	0.018624	10.9
273	-0.716795	137.195666	0.875963	0.027761	10.8
274	-0.703021	138.195666	0.870461	0.013422	10.9
275	-0.701481	139.166864	0.865182	0.015686	10.8
276	-0.731382	139.022503	0.865963	0.022407	10.8
277	-0.729960	138.878069	0.866745	0.023453	10.8
278	-0.692513	139.878069	0.861358	0.019321	10.9
279	-0.704561	139.733633	0.862132	0.021880	10.8
280	-0.717647	139.699767	0.862313	0.021455	10.8
281	-0.741420	139.555345	0.863089	0.016716	10.8
282	-0.705012	140.555344	0.857747	0.020188	10.8
283	-0.701147	141.552449	0.852485	0.014258	10.9
284	-0.719012	141.412004	0.853222	0.016849	10.7
285	-0.727883	141.267568	0.853982	0.023907	10.8
286	-0.730864	142.266287	0.848758	0.019168	10.8
287	-0.699336	142.154864	0.849338	0.019902	10.7
288	-0.727170	143.116590	0.844361	0.029970	10.7
289	-0.709977	142.972154	0.845104	0.019910	10.7
290	-0.719721	143.972154	0.839982	0.021963	10.7
291	-0.737809	143.827747	0.840717	0.017533	10.7
292	-0.724778	144.038948	0.839642	0.023627	10.7
293	-0.712948	143.894514	0.840377	0.020736	10.7
294	-0.720326	144.891881	0.835325	0.019341	10.9
295	-0.728128	144.747532	0.836052	0.021723	10.9
296	-0.705462	144.603129	0.836781	0.025250	10.9
297	-0.707493	145.603107	0.831759	0.019397	10.9
298	-0.723049	146.603107	0.826796	0.023661	10.8
299	-0.727176	147.601721	0.821899	0.019416	10.8
300	-0.697283	148.601721	0.817053	0.027174	10.8
301	-0.719942	148.457285	0.817749	0.015065	10.9
302	-0.710810	148.315188	0.818436	0.025693	10.7
303	-0.743370	149.260958	0.813889	0.020434	10.6
304	-0.734287	150.260923	0.809137	0.018840	10.7
305	-0.706531	150.116488	0.809820	0.020135	10.7
306	-0.708026	149.972052	0.810504	0.022644	10.7
307	-0.724970	149.827627	0.811189	0.018329	10.7
308	-0.714167	150.826477	0.806474	0.024138	10.8
309	-0.687231	150.682050	0.807152	0.033139	10.8
310	-0.718452	151.681808	0.802479	0.013133	10.7
311	-0.727691	151.537590	0.803150	0.019968	10.7
312	-0.728605	151.400596	0.803788	0.015811	10.7
313	-0.727210	151.863958	0.801634	0.025745	10.7
314	-0.692704	151.719522	0.802304	0.019136	10.8
315	-0.725044	151.575086	0.802976	0.024102	11.7
316	-0.735130	151.450331	0.803556	0.025428	11.2
317	-0.703248	151.305895	0.804230	0.025940	10.8
318	-0.706672	152.305644	0.799591	0.013424	10.8
319	-0.717653	153.305644	0.795003	0.017415	10.8
320	-0.714989	153.167018	0.795636	0.016340	10.7
321	-0.721535	153.022628	0.796296	0.016153	10.7
322	-0.717264	152.942565	0.796663	0.023379	10.7
323	-0.719406	152.902046	0.796848	0.019598	10.8
324	-0.729428	152.757633	0.797511	0.022935	10.8
325	-0.721392	153.753583	0.792966	0.016095	10.8
326	-0.710157	153.609147	0.793621	0.021447	10.7
327	-0.722643	154.547440	0.789380	0.022757	10.8
328	-0.707783	155.529837	0.784987	0.017562	10.7
329	-0.712969	155.447892	0.785351	0.018099	10.9
330	-0.716954	155.337122	0.785845	0.015085	10.8
331	-0.701590	155.555951	0.784871	0.014710	10.7
332	-0.721518	155.411516	0.785513	0.016317	10.7
333	-0.695009	155.267297	0.786156	0.020937	10.7
334	-0.723244	156.267297	0.781721	0.020981	10.7
335	-0.733510	157.267297	0.777336	0.020504	10.8
336	-0.731932	157.124224	0.777960	0.013719	10.7
337	-0.712651	156.997713	0.778513	0.010967	10.8
338	-0.717801	157.002403	0.778493	0.028501	10.7
339	-0.726496	157.293769	0.777220	0.018390	10.7
340	-0.711321	158.274518	0.772969	0.016968	10.7
341	-0.725699	158.137360	0.773560	0.018626	10.8
342	-0.724275	159.107730	0.769393	0.026169	10.8
343	-0.718850	160.106346	0.765150	0.022324	10.7
344	-0.726769	161.106345	0.760949	0.024496	10.7
345	-0.725148	161.073510	0.761086	0.015363	10.7
346	-0.717860	160.983030	0.761464	0.026677	10.7
347	-0.713069	160.878456	0.761902	0.021455	10.7
348	-0.707612	161.878456	0.757736	0.024459	10.8
349	-0.712021	162.878440	0.753615	0.023950	10.7
350	-0.711294	163.878440	0.749539	0.020966	10.7
351	-0.715201	164.878378	0.745507	0.025054	10.6
352	-0.738943	164.823917	0.745725	0.019530	10.7
353	-0.720056	165.823543	0.741735	0.023128	10.7
354	-0.712127	166.296049	0.739864	0.019033	10.7
355	-0.702022	167.296026	0.735935	0.023501	10.8
356	-0.695372	167.151590	0.736500	0.025641	10.7
357	-0.727031	168.150913	0.732609	0.024889	10.7
358	-0.711907	169.150892	0.728756	0.018416	10.7
359	-0.712617	169.006457	0.729310	0.022441	10.7
360	-0.718949	170.006457	0.725492	0.017597	10.7
361	-0.708535	169.862181	0.726040	0.027413	10.7
362	-0.707087	170.206653	0.724732	0.016957	10.8
363	-0.715580	170.062241	0.725280	0.018052	10.8
364	-0.707919	171.062240	0.721503	0.031364	10.7
365	-0.714640	172.060120	0.717774	0.017392	10.8
366	-0.743974	171.915714	0.718311	0.019364	10.8
367	-0.719852	172.915669	0.714607	0.013043	10.8
368	-0.719929	172.771338	0.715140	0.026644	10.9
369	-0.709952	172.626906	0.715673	0.021526	10.9
370	-0.718008	173.615329	0.712038	0.025102	10.8
371	-0.707310	173.478501	0.712539	0.027536	10.9
372	-0.702688	174.478501	0.708894	0.012045	10.9
373	-0.705769	175.468351	0.705323	0.017289	10.8
374	-0.729534	175.338343	0.705790	0.022343	10.8
375	-0.732191	176.338318	0.702213	0.024262	10.8
376	-0.711285	176.194755	0.702724	0.021439	10.8
377	-0.719941	176.050319	0.703239	0.023534	10.8
378	-0.703778	177.050318	0.699689	0.017264	10.7
379	-0.714188	178.050318	0.696174	0.011225	10.7
380	-0.705470	178.996146	0.692881	0.025193	10.7
381	-0.718065	178.851999	0.693381	0.025636	10.7
382	-0.735389	178.707563	0.693882	0.023801	10.8
383	-0.709337	179.707563	0.690425	0.021638	10.7
384	-0.711655	180.623984	0.687287	0.016619	10.7
385	-0.749486	180.941750	0.686206	0.014374	10.7
386	-0.711348	181.917921	0.682905	0.013440	10.7
387	-0.713726	182.885408	0.679664	0.023671	10.6
388	-0.707499	183.885356	0.676347	0.022946	10.7
389	-0.722908	184.874991	0.673096	0.024882	10.7
390	-0.710284	185.874991	0.669842	0.028625	10.8
391	-0.733952	186.874991	0.666620	0.018835	10.7
392	-0.727402	187.874985	0.663428	0.020698	10.8
393	-0.718053	188.874972	0.660267	0.017101	10.7
394	-0.717388	188.730536	0.660722	0.026410	10.7
395	-0.722536	189.712853	0.657642	0.023481	10.6
396	-0.709669	189.568417	0.658093	0.020415	10.6
397	-0.711505	189.423982	0.658545	0.021410	10.7
398	-0.731057	189.279546	0.658997	0.023868	10.7
399	-0.708819	190.271343	0.655903	0.017645	10.7
400	-0.691304	191.242157	0.652903	0.018979	10.7
401	-0.698342	191.097731	0.653348	0.025312	10.8
402	-0.738595	190.953295	0.653793	0.015495	10.7
403	-0.729892	190.844210	0.654130	0.015926	10.7
404	-0.721298	191.831792	0.651094	0.016999	10.6
405	-0.709642	191.702041	0.651491	0.016897	10.7
406	-0.712723	192.331671	0.649569	0.031636	10.8
407	-0.716253	192.187235	0.650009	0.022835	10.8
408	-0.717534	193.187235	0.646974	0.026040	10.7
409	-0.710030	193.042800	0.647411	0.010925	10.8
410	-0.722830	192.898364	0.647848	0.018157	10.7
411	-0.722991	192.753935	0.648285	0.022922	10.7
412	-0.701634	193.025018	0.647464	0.015153	10.7
413	-0.699870	192.884320	0.647890	0.020427	10.7
414	-0.723508	192.760760	0.648265	0.022927	10.7
415	-0.716588	192.616324	0.648703	0.028993	10.7
416	-0.749937	193.616324	0.645680	0.023179	10.8
417	-0.706901	193.474500	0.646107	0.024529	10.7
418	-0.730047	193.330881	0.646540	0.017472	10.7
419	-0.724769	194.329104	0.643543	0.022289	10.7
420	-0.720922	195.329074	0.640568	0.015919	10.8
421	-0.718968	196.267667	0.637801	0.027229	10.7
422	-0.706279	196.123526	0.638225	0.015084	10.7
423	-0.711081	196.223955	0.637929	0.013396	10.7
424	-0.730173	196.250822	0.637851	0.015043	10.7
425	-0.712041	196.107521	0.638272	0.027156	10.7
426	-0.720088	195.963099	0.638696	0.022264	10.7
427	-0.694525	196.963080	0.635766	0.015294	10.7
428	-0.714632	197.500552	0.634202	0.027017	10.7
429	-0.713884	197.356117	0.634622	0.018031	10.8
430	-0.700684	198.356108	0.631729	0.018421	10.7
431	-0.717134	198.212959	0.632141	0.014222	10.7
432	-0.707229	198.084799	0.632511	0.017961	10.8
433	-0.724051	198.680358	0.630796	0.023520	10.9
434	-0.698502	198.535923	0.631211	0.013620	10.7
435	-0.726606	198.391487	0.631627	0.019572	10.8
436	-0.699882	198.363748	0.631707	0.021187	10.7
437	-0.699864	198.348608	0.631750	0.015705	10.7
438	-0.736964	198.204345	0.632166	0.022305	10.7
439	-0.713034	199.077070	0.629659	0.015569	10.7
440	-0.717599	198.932641	0.630073	0.021246	10.7
441	-0.705165	199.435176	0.628636	0.016723	10.7
442	-0.699562	200.429705	0.625813	0.020386	10.7
443	-0.733344	201.429704	0.622999	0.029193	10.9
444	-0.724591	201.285323	0.623404	0.021758	10.7
445	-0.715385	201.140888	0.623809	0.015601	10.7
446	-0.713679	200.998020	0.624211	0.021457	10.6
447	-0.718142	200.906849	0.624467	0.025290	10.7
448	-0.715011	201.904585	0.621672	0.022401	10.6
449	-0.711577	201.777400	0.622027	0.029584	10.8
450	-0.688726	202.753062	0.619315	0.028218	10.7
451	-0.695028	203.753062	0.616559	0.022475	10.7
452	-0.742944	203.608626	0.616956	0.029025	10.8
453	-0.726306	204.608626	0.614221	0.021792	10.7
454	-0.694653	205.606612	0.611516	0.015256	10.7
455	-0.716745	205.462181	0.611906	0.017908	10.7
456	-0.741385	206.343112	0.609535	0.016861	10.8
457	-0.690734	206.970962	0.607856	0.015831	10.7
458	-0.713916	207.970901	0.605202	0.021475	10.6
459	-0.736795	207.826468	0.605584	0.019183	10.7
460	-0.705590	208.824954	0.602953	0.016263	10.7
461	-0.705640	209.824123	0.600343	0.024802	10.7
462	-0.682583	209.832278	0.600321	0.021416	10.7
463	-0.718926	210.832278	0.597732	0.019909	10.7
464	-0.725911	210.687842	0.598105	0.014958	10.7
465	-0.725197	211.299090	0.596531	0.027588	10.7
466	-0.725537	211.154788	0.596902	0.018000	10.7
467	-0.714348	212.154676	0.594342	0.019479	10.7
468	-0.736179	213.153948	0.591805	0.013152	10.7
469	-0.700536	213.853323	0.590043	0.018385	10.6
470	-0.721879	213.736710	0.590336	0.021113	10.7
471	-0.719773	214.736708	0.587832	0.018440	10.8
472	-0.714121	214.593497	0.588189	0.024093	10.6
473	-0.723737	214.449061	0.588550	0.020573	10.7
474	-0.706150	215.449061	0.586061	0.018908	10.7
475	-0.704270	216.449061	0.583593	0.021760	10.7
476	-0.716117	216.304626	0.583948	0.024632	10.7
477	-0.730236	217.304492	0.581498	0.019373	10.7
478	-0.704796	218.304464	0.579068	0.025526	10.7
479	-0.744546	218.160028	0.579418	0.019861	10.7
480	-0.704619	218.024333	0.579747	0.030668	10.7
481	-0.716651	217.879898	0.580097	0.016052	10.7
482	-0.707279	218.879898	0.577679	0.014053	10.7
483	-0.748768	218.951085	0.577508	0.021513	10.7
484	-0.731040	219.951085	0.575111	0.021185	10.7
485	-0.725411	220.416666	0.574002	0.015258	10.7
486	-0.754170	220.969679	0.572690	0.034559	10.7
487	-0.716669	221.969678	0.570333	0.023817	10.7
488	-0.722131	221.825242	0.570672	0.025078	10.8
489	-0.737303	222.645847	0.568750	0.012059	10.8
490	-0.742837	223.598468	0.566535	0.020916	10.7
491	-0.716973	224.597932	0.564229	0.029109	10.6
492	-0.714974	225.597900	0.561941	0.019845	10.7
493	-0.682665	226.597187	0.559673	0.024068	10.7
494	-0.690352	227.597187	0.557422	0.014791	10.8
495	-0.683939	228.592483	0.555199	0.025308	10.7
496	-0.713480	229.592044	0.552985	0.014284	10.7
497	-0.707099	230.592041	0.550787	0.012864	10.8
498	-0.701253	231.542917	0.548713	0.012652	10.7
499	-0.705191	231.402298	0.549019	0.020776	10.7
500	-0.708544	231.258308	0.549332	0.028654	10.7
501	-0.715875	232.258196	0.547163	0.023255	10.7
502	-0.697435	233.258196	0.545011	0.022364	10.8
503	-0.694868	234.258195	0.542876	0.022714	10.6
504	-0.730136	235.130961	0.541026	0.020219	10.7
505	-0.717255	236.108199	0.538970	0.015725	10.7
506	-0.727284	237.108122	0.536882	0.019541	10.6
507	-0.719082	237.558961	0.535946	0.023786	10.7
508	-0.725164	238.557548	0.533884	0.013477	10.7
509	-0.705348	239.557548	0.531835	0.030281	10.8
510	-0.709646	239.413113	0.532130	0.017564	10.8
511	-0.723690	239.268679	0.532425	0.021305	10.8
Time spent in resolution 2 (ITK initialization and iterating): 7.234 s.
Stopping condition: Maximum number of iterations has been reached.
Settings of AdaptiveStochasticGradientDescent in resolution 2:
( SP_a 138.573567 )
( SP_A 20.000000 )
( SP_alpha 1.000000 )
( SigmoidMax 1.000000 )
( SigmoidMin -0.144436 )
( SigmoidScale 0.000011 )



Creating the TransformParameterFile took 0.00s

Registration result checksum: 186383702

Skipping applying final transform, no resulting output image generated.

Final metric value  = -0.723690
Settings of AdaptiveStochasticGradientDescent for all resolutions:
( SP_a 525.621882 226.348068 138.573567 )
( SP_A 20.000000 20.000000 20.000000 )
( SP_alpha 1.000000 1.000000 1.000000 )
( SigmoidMax 1.000000 1.000000 1.000000 )
( SigmoidMin -0.161047 -0.172297 -0.144436 )
( SigmoidScale 0.000001 0.000005 0.000011 )

Time spent on saving the results, applying the final transform etc.: 2 ms.
Running elastix with parameter file 0: "/home/groups/dlmrimnd/jacob/files/Elastix_Preprocessing/par_atlas_aff_checknrfalse.txt", has finished.


Current time: Thu Aug  8 11:33:10 2024.
Time used for running elastix with this parameter file:
  27.0s.

-------------------------------------------------------------------------

Total time elapsed: 27.0s.


transformix is started at Thu Aug  8 11:33:10 2024.

which transformix:   /usr/local/bin/transformix
transformix runs at: vcpu-1
  Linux 4.18.0-513.9.1.el8_9.x86_64 (x64), #1 SMP Sat Dec 2 05:23:44 EST 2023
  with 63875 MB memory, and 8 cores @ 2894 MHz.
Running transformix with parameter file "/home/groups/dlmrimnd/jacob/data_temp/deformation_fields/sub-067S6443_ses-01_ses-02/TransformParameters.0.txt".

Reading the elastix parameters from file ...

Installing all components.
InstallingComponents was successful.

ELASTIX version: 5.0.1
Command line options from ElastixBase:
-in       unspecified, so no input image specified
-out      /home/groups/dlmrimnd/jacob/data_temp/deformation_fields/sub-067S6443_ses-01_ses-02/
-threads  unspecified, so all available threads are used
-tp       /home/groups/dlmrimnd/jacob/data_temp/deformation_fields/sub-067S6443_ses-01_ses-02/TransformParameters.0.txt
-def      all
-jac      unspecified, so no det(dT/dx) computed
-jacmat   unspecified, so no dT/dx computed
Calling all ReadFromFile()'s ...
  Calling all ReadFromFile()'s took 0.005207 s
Transforming points ...
  The transform is evaluated on all points. The result is a deformation field.
  Computing and writing the deformation field ...
  Transforming points done, it took 6.55s
Compute determinant of spatial Jacobian ...
  The command-line option "-jac" is not used, so no det(dT/dx) computed.
  Computing determinant of spatial Jacobian done, it took 0.00s
Compute spatial Jacobian (full matrix) ...
  The command-line option "-jacmat" is not used, so no dT/dx computed.
  Computing spatial Jacobian done, it took 0.00s

transformix has finished at Thu Aug  8 11:33:17 2024.
Total time elapsed: 6.6s.

Processed sub-067S6443_ses-01_ses-02
