Starting the preprocessing pipeline and deformation field generation using ANTs
Created input files for sub-002MND_ses_01_ses_02
Warping source image to template for sub-002MND_ses_01_ses_02
Moving image '/input/sub-002MND_ses_01_ses_02/source.nii.gz' does not exist.  See usage: '/opt/ants/bin/antsRegistrationSyNQuick.sh -h 1'
Warping target image to template for sub-002MND_ses_01_ses_02
Moving image '/input/sub-002MND_ses_01_ses_02/target.nii.gz' does not exist.  See usage: '/opt/ants/bin/antsRegistrationSyNQuick.sh -h 1'
Created input files for sub-002MND_ses_01_ses_02
Warping source image to template for sub-002MND_ses_01_ses_02
Moving image '/input/sub-002MND_ses_01_ses_02/source.nii.gz' does not exist.  See usage: '/opt/ants/bin/antsRegistrationSyNQuick.sh -h 1'
Warping target image to template for sub-002MND_ses_01_ses_02
Moving image '/input/sub-002MND_ses_01_ses_02/target.nii.gz' does not exist.  See usage: '/opt/ants/bin/antsRegistrationSyNQuick.sh -h 1'
Created input files for sub-003MND_ses_01_ses_02
Warping source image to template for sub-003MND_ses_01_ses_02
Moving image '/input/sub-003MND_ses_01_ses_02/source.nii.gz' does not exist.  See usage: '/opt/ants/bin/antsRegistrationSyNQuick.sh -h 1'
Warping target image to template for sub-003MND_ses_01_ses_02
Moving image '/input/sub-003MND_ses_01_ses_02/target.nii.gz' does not exist.  See usage: '/opt/ants/bin/antsRegistrationSyNQuick.sh -h 1'
Created input files for sub-003MND_ses_01_ses_03
Warping source image to template for sub-003MND_ses_01_ses_03
Moving image '/input/sub-003MND_ses_01_ses_03/source.nii.gz' does not exist.  See usage: '/opt/ants/bin/antsRegistrationSyNQuick.sh -h 1'
Warping target image to template for sub-003MND_ses_01_ses_03
Moving image '/input/sub-003MND_ses_01_ses_03/target.nii.gz' does not exist.  See usage: '/opt/ants/bin/antsRegistrationSyNQuick.sh -h 1'
Created input files for sub-003MND_ses_01_ses_04
Warping source image to template for sub-003MND_ses_01_ses_04
Moving image '/input/sub-003MND_ses_01_ses_04/source.nii.gz' does not exist.  See usage: '/opt/ants/bin/antsRegistrationSyNQuick.sh -h 1'
Warping target image to template for sub-003MND_ses_01_ses_04
Moving image '/input/sub-003MND_ses_01_ses_04/target.nii.gz' does not exist.  See usage: '/opt/ants/bin/antsRegistrationSyNQuick.sh -h 1'
Created input files for sub-003MND_ses_02_ses_03
Warping source image to template for sub-003MND_ses_02_ses_03
Moving image '/input/sub-003MND_ses_02_ses_03/source.nii.gz' does not exist.  See usage: '/opt/ants/bin/antsRegistrationSyNQuick.sh -h 1'
Warping target image to template for sub-003MND_ses_02_ses_03
Moving image '/input/sub-003MND_ses_02_ses_03/target.nii.gz' does not exist.  See usage: '/opt/ants/bin/antsRegistrationSyNQuick.sh -h 1'
Created input files for sub-003MND_ses_02_ses_04
Warping source image to template for sub-003MND_ses_02_ses_04
Moving image '/input/sub-003MND_ses_02_ses_04/source.nii.gz' does not exist.  See usage: '/opt/ants/bin/antsRegistrationSyNQuick.sh -h 1'
Warping target image to template for sub-003MND_ses_02_ses_04
Moving image '/input/sub-003MND_ses_02_ses_04/target.nii.gz' does not exist.  See usage: '/opt/ants/bin/antsRegistrationSyNQuick.sh -h 1'
Created input files for sub-003MND_ses_03_ses_04
Warping source image to template for sub-003MND_ses_03_ses_04
Moving image '/input/sub-003MND_ses_03_ses_04/source.nii.gz' does not exist.  See usage: '/opt/ants/bin/antsRegistrationSyNQuick.sh -h 1'
Warping target image to template for sub-003MND_ses_03_ses_04
Moving image '/input/sub-003MND_ses_03_ses_04/target.nii.gz' does not exist.  See usage: '/opt/ants/bin/antsRegistrationSyNQuick.sh -h 1'
Created input files for sub-003MND_ses_01_ses_02
Warping source image to template for sub-003MND_ses_01_ses_02
Moving image '/input/sub-003MND_ses_01_ses_02/source.nii.gz' does not exist.  See usage: '/opt/ants/bin/antsRegistrationSyNQuick.sh -h 1'
Warping target image to template for sub-003MND_ses_01_ses_02
Moving image '/input/sub-003MND_ses_01_ses_02/target.nii.gz' does not exist.  See usage: '/opt/ants/bin/antsRegistrationSyNQuick.sh -h 1'
Created input files for sub-003MND_ses_01_ses_03
Warping source image to template for sub-003MND_ses_01_ses_03
Moving image '/input/sub-003MND_ses_01_ses_03/source.nii.gz' does not exist.  See usage: '/opt/ants/bin/antsRegistrationSyNQuick.sh -h 1'
Warping target image to template for sub-003MND_ses_01_ses_03
Moving image '/input/sub-003MND_ses_01_ses_03/target.nii.gz' does not exist.  See usage: '/opt/ants/bin/antsRegistrationSyNQuick.sh -h 1'
Created input files for sub-003MND_ses_01_ses_04
Warping source image to template for sub-003MND_ses_01_ses_04
Moving image '/input/sub-003MND_ses_01_ses_04/source.nii.gz' does not exist.  See usage: '/opt/ants/bin/antsRegistrationSyNQuick.sh -h 1'
Warping target image to template for sub-003MND_ses_01_ses_04
Moving image '/input/sub-003MND_ses_01_ses_04/target.nii.gz' does not exist.  See usage: '/opt/ants/bin/antsRegistrationSyNQuick.sh -h 1'
Created input files for sub-003MND_ses_02_ses_03
Warping source image to template for sub-003MND_ses_02_ses_03
Moving image '/input/sub-003MND_ses_02_ses_03/source.nii.gz' does not exist.  See usage: '/opt/ants/bin/antsRegistrationSyNQuick.sh -h 1'
Warping target image to template for sub-003MND_ses_02_ses_03
Moving image '/input/sub-003MND_ses_02_ses_03/target.nii.gz' does not exist.  See usage: '/opt/ants/bin/antsRegistrationSyNQuick.sh -h 1'
Created input files for sub-003MND_ses_02_ses_04
Warping source image to template for sub-003MND_ses_02_ses_04
Moving image '/input/sub-003MND_ses_02_ses_04/source.nii.gz' does not exist.  See usage: '/opt/ants/bin/antsRegistrationSyNQuick.sh -h 1'
Warping target image to template for sub-003MND_ses_02_ses_04
Moving image '/input/sub-003MND_ses_02_ses_04/target.nii.gz' does not exist.  See usage: '/opt/ants/bin/antsRegistrationSyNQuick.sh -h 1'
Created input files for sub-003MND_ses_03_ses_04
Warping source image to template for sub-003MND_ses_03_ses_04
Moving image '/input/sub-003MND_ses_03_ses_04/source.nii.gz' does not exist.  See usage: '/opt/ants/bin/antsRegistrationSyNQuick.sh -h 1'
Warping target image to template for sub-003MND_ses_03_ses_04
Moving image '/input/sub-003MND_ses_03_ses_04/target.nii.gz' does not exist.  See usage: '/opt/ants/bin/antsRegistrationSyNQuick.sh -h 1'
Created input files for sub-003MND_ses_01_ses_02
Warping source image to template for sub-003MND_ses_01_ses_02
Moving image '/input/sub-003MND_ses_01_ses_02/source.nii.gz' does not exist.  See usage: '/opt/ants/bin/antsRegistrationSyNQuick.sh -h 1'
Warping target image to template for sub-003MND_ses_01_ses_02
Moving image '/input/sub-003MND_ses_01_ses_02/target.nii.gz' does not exist.  See usage: '/opt/ants/bin/antsRegistrationSyNQuick.sh -h 1'
Created input files for sub-003MND_ses_01_ses_03
Warping source image to template for sub-003MND_ses_01_ses_03
Moving image '/input/sub-003MND_ses_01_ses_03/source.nii.gz' does not exist.  See usage: '/opt/ants/bin/antsRegistrationSyNQuick.sh -h 1'
Warping target image to template for sub-003MND_ses_01_ses_03
Moving image '/input/sub-003MND_ses_01_ses_03/target.nii.gz' does not exist.  See usage: '/opt/ants/bin/antsRegistrationSyNQuick.sh -h 1'
Created input files for sub-003MND_ses_01_ses_04
Warping source image to template for sub-003MND_ses_01_ses_04
Moving image '/input/sub-003MND_ses_01_ses_04/source.nii.gz' does not exist.  See usage: '/opt/ants/bin/antsRegistrationSyNQuick.sh -h 1'
Warping target image to template for sub-003MND_ses_01_ses_04
Moving image '/input/sub-003MND_ses_01_ses_04/target.nii.gz' does not exist.  See usage: '/opt/ants/bin/antsRegistrationSyNQuick.sh -h 1'
Created input files for sub-003MND_ses_02_ses_03
Warping source image to template for sub-003MND_ses_02_ses_03
Moving image '/input/sub-003MND_ses_02_ses_03/source.nii.gz' does not exist.  See usage: '/opt/ants/bin/antsRegistrationSyNQuick.sh -h 1'
Warping target image to template for sub-003MND_ses_02_ses_03
Moving image '/input/sub-003MND_ses_02_ses_03/target.nii.gz' does not exist.  See usage: '/opt/ants/bin/antsRegistrationSyNQuick.sh -h 1'
Created input files for sub-003MND_ses_02_ses_04
Warping source image to template for sub-003MND_ses_02_ses_04
Moving image '/input/sub-003MND_ses_02_ses_04/source.nii.gz' does not exist.  See usage: '/opt/ants/bin/antsRegistrationSyNQuick.sh -h 1'
Warping target image to template for sub-003MND_ses_02_ses_04
Moving image '/input/sub-003MND_ses_02_ses_04/target.nii.gz' does not exist.  See usage: '/opt/ants/bin/antsRegistrationSyNQuick.sh -h 1'
Created input files for sub-003MND_ses_03_ses_04
Warping source image to template for sub-003MND_ses_03_ses_04
Moving image '/input/sub-003MND_ses_03_ses_04/source.nii.gz' does not exist.  See usage: '/opt/ants/bin/antsRegistrationSyNQuick.sh -h 1'
Warping target image to template for sub-003MND_ses_03_ses_04
Moving image '/input/sub-003MND_ses_03_ses_04/target.nii.gz' does not exist.  See usage: '/opt/ants/bin/antsRegistrationSyNQuick.sh -h 1'
Created input files for sub-003MND_ses_01_ses_02
Warping source image to template for sub-003MND_ses_01_ses_02
Moving image '/input/sub-003MND_ses_01_ses_02/source.nii.gz' does not exist.  See usage: '/opt/ants/bin/antsRegistrationSyNQuick.sh -h 1'
Warping target image to template for sub-003MND_ses_01_ses_02
Moving image '/input/sub-003MND_ses_01_ses_02/target.nii.gz' does not exist.  See usage: '/opt/ants/bin/antsRegistrationSyNQuick.sh -h 1'
Created input files for sub-003MND_ses_01_ses_03
Warping source image to template for sub-003MND_ses_01_ses_03
Moving image '/input/sub-003MND_ses_01_ses_03/source.nii.gz' does not exist.  See usage: '/opt/ants/bin/antsRegistrationSyNQuick.sh -h 1'
Warping target image to template for sub-003MND_ses_01_ses_03
Moving image '/input/sub-003MND_ses_01_ses_03/target.nii.gz' does not exist.  See usage: '/opt/ants/bin/antsRegistrationSyNQuick.sh -h 1'
Created input files for sub-003MND_ses_01_ses_04
Warping source image to template for sub-003MND_ses_01_ses_04
Moving image '/input/sub-003MND_ses_01_ses_04/source.nii.gz' does not exist.  See usage: '/opt/ants/bin/antsRegistrationSyNQuick.sh -h 1'
Warping target image to template for sub-003MND_ses_01_ses_04
Moving image '/input/sub-003MND_ses_01_ses_04/target.nii.gz' does not exist.  See usage: '/opt/ants/bin/antsRegistrationSyNQuick.sh -h 1'
Created input files for sub-003MND_ses_02_ses_03
Warping source image to template for sub-003MND_ses_02_ses_03
Moving image '/input/sub-003MND_ses_02_ses_03/source.nii.gz' does not exist.  See usage: '/opt/ants/bin/antsRegistrationSyNQuick.sh -h 1'
Warping target image to template for sub-003MND_ses_02_ses_03
Moving image '/input/sub-003MND_ses_02_ses_03/target.nii.gz' does not exist.  See usage: '/opt/ants/bin/antsRegistrationSyNQuick.sh -h 1'
Created input files for sub-003MND_ses_02_ses_04
Warping source image to template for sub-003MND_ses_02_ses_04
Moving image '/input/sub-003MND_ses_02_ses_04/source.nii.gz' does not exist.  See usage: '/opt/ants/bin/antsRegistrationSyNQuick.sh -h 1'
Warping target image to template for sub-003MND_ses_02_ses_04
Moving image '/input/sub-003MND_ses_02_ses_04/target.nii.gz' does not exist.  See usage: '/opt/ants/bin/antsRegistrationSyNQuick.sh -h 1'
Created input files for sub-003MND_ses_03_ses_04
Warping source image to template for sub-003MND_ses_03_ses_04
Moving image '/input/sub-003MND_ses_03_ses_04/source.nii.gz' does not exist.  See usage: '/opt/ants/bin/antsRegistrationSyNQuick.sh -h 1'
Warping target image to template for sub-003MND_ses_03_ses_04
Moving image '/input/sub-003MND_ses_03_ses_04/target.nii.gz' does not exist.  See usage: '/opt/ants/bin/antsRegistrationSyNQuick.sh -h 1'
Created input files for sub-004MND_ses_01_ses_02
Warping source image to template for sub-004MND_ses_01_ses_02
Moving image '/input/sub-004MND_ses_01_ses_02/source.nii.gz' does not exist.  See usage: '/opt/ants/bin/antsRegistrationSyNQuick.sh -h 1'
Warping target image to template for sub-004MND_ses_01_ses_02
Moving image '/input/sub-004MND_ses_01_ses_02/target.nii.gz' does not exist.  See usage: '/opt/ants/bin/antsRegistrationSyNQuick.sh -h 1'
Created input files for sub-004MND_ses_01_ses_02
Warping source image to template for sub-004MND_ses_01_ses_02
Moving image '/input/sub-004MND_ses_01_ses_02/source.nii.gz' does not exist.  See usage: '/opt/ants/bin/antsRegistrationSyNQuick.sh -h 1'
Warping target image to template for sub-004MND_ses_01_ses_02
Moving image '/input/sub-004MND_ses_01_ses_02/target.nii.gz' does not exist.  See usage: '/opt/ants/bin/antsRegistrationSyNQuick.sh -h 1'
Created input files for sub-005MND_ses_01_ses_04
Warping source image to template for sub-005MND_ses_01_ses_04
Moving image '/input/sub-005MND_ses_01_ses_04/source.nii.gz' does not exist.  See usage: '/opt/ants/bin/antsRegistrationSyNQuick.sh -h 1'
Warping target image to template for sub-005MND_ses_01_ses_04
Moving image '/input/sub-005MND_ses_01_ses_04/target.nii.gz' does not exist.  See usage: '/opt/ants/bin/antsRegistrationSyNQuick.sh -h 1'
Created input files for sub-005MND_ses_01_ses_05
Warping source image to template for sub-005MND_ses_01_ses_05
Moving image '/input/sub-005MND_ses_01_ses_05/source.nii.gz' does not exist.  See usage: '/opt/ants/bin/antsRegistrationSyNQuick.sh -h 1'
Warping target image to template for sub-005MND_ses_01_ses_05
Moving image '/input/sub-005MND_ses_01_ses_05/target.nii.gz' does not exist.  See usage: '/opt/ants/bin/antsRegistrationSyNQuick.sh -h 1'
Created input files for sub-005MND_ses_01_ses_06
Warping source image to template for sub-005MND_ses_01_ses_06
Moving image '/input/sub-005MND_ses_01_ses_06/source.nii.gz' does not exist.  See usage: '/opt/ants/bin/antsRegistrationSyNQuick.sh -h 1'
Warping target image to template for sub-005MND_ses_01_ses_06
Moving image '/input/sub-005MND_ses_01_ses_06/target.nii.gz' does not exist.  See usage: '/opt/ants/bin/antsRegistrationSyNQuick.sh -h 1'
Created input files for sub-005MND_ses_01_ses_07
Warping source image to template for sub-005MND_ses_01_ses_07
Moving image '/input/sub-005MND_ses_01_ses_07/source.nii.gz' does not exist.  See usage: '/opt/ants/bin/antsRegistrationSyNQuick.sh -h 1'
Warping target image to template for sub-005MND_ses_01_ses_07
Moving image '/input/sub-005MND_ses_01_ses_07/target.nii.gz' does not exist.  See usage: '/opt/ants/bin/antsRegistrationSyNQuick.sh -h 1'
Created input files for sub-005MND_ses_01_ses_08
Warping source image to template for sub-005MND_ses_01_ses_08
Moving image '/input/sub-005MND_ses_01_ses_08/source.nii.gz' does not exist.  See usage: '/opt/ants/bin/antsRegistrationSyNQuick.sh -h 1'
Warping target image to template for sub-005MND_ses_01_ses_08
Moving image '/input/sub-005MND_ses_01_ses_08/target.nii.gz' does not exist.  See usage: '/opt/ants/bin/antsRegistrationSyNQuick.sh -h 1'
Created input files for sub-005MND_ses_01_ses_09
Warping source image to template for sub-005MND_ses_01_ses_09
Moving image '/input/sub-005MND_ses_01_ses_09/source.nii.gz' does not exist.  See usage: '/opt/ants/bin/antsRegistrationSyNQuick.sh -h 1'
Warping target image to template for sub-005MND_ses_01_ses_09
Moving image '/input/sub-005MND_ses_01_ses_09/target.nii.gz' does not exist.  See usage: '/opt/ants/bin/antsRegistrationSyNQuick.sh -h 1'
Created input files for sub-005MND_ses_04_ses_05
Warping source image to template for sub-005MND_ses_04_ses_05
Moving image '/input/sub-005MND_ses_04_ses_05/source.nii.gz' does not exist.  See usage: '/opt/ants/bin/antsRegistrationSyNQuick.sh -h 1'
Warping target image to template for sub-005MND_ses_04_ses_05
Moving image '/input/sub-005MND_ses_04_ses_05/target.nii.gz' does not exist.  See usage: '/opt/ants/bin/antsRegistrationSyNQuick.sh -h 1'
Created input files for sub-005MND_ses_04_ses_06
Warping source image to template for sub-005MND_ses_04_ses_06
Moving image '/input/sub-005MND_ses_04_ses_06/source.nii.gz' does not exist.  See usage: '/opt/ants/bin/antsRegistrationSyNQuick.sh -h 1'
Warping target image to template for sub-005MND_ses_04_ses_06
Moving image '/input/sub-005MND_ses_04_ses_06/target.nii.gz' does not exist.  See usage: '/opt/ants/bin/antsRegistrationSyNQuick.sh -h 1'
Created input files for sub-005MND_ses_04_ses_07
Warping source image to template for sub-005MND_ses_04_ses_07
Moving image '/input/sub-005MND_ses_04_ses_07/source.nii.gz' does not exist.  See usage: '/opt/ants/bin/antsRegistrationSyNQuick.sh -h 1'
Warping target image to template for sub-005MND_ses_04_ses_07
Moving image '/input/sub-005MND_ses_04_ses_07/target.nii.gz' does not exist.  See usage: '/opt/ants/bin/antsRegistrationSyNQuick.sh -h 1'
Created input files for sub-005MND_ses_04_ses_08
Warping source image to template for sub-005MND_ses_04_ses_08
Moving image '/input/sub-005MND_ses_04_ses_08/source.nii.gz' does not exist.  See usage: '/opt/ants/bin/antsRegistrationSyNQuick.sh -h 1'
Warping target image to template for sub-005MND_ses_04_ses_08
Moving image '/input/sub-005MND_ses_04_ses_08/target.nii.gz' does not exist.  See usage: '/opt/ants/bin/antsRegistrationSyNQuick.sh -h 1'
Created input files for sub-005MND_ses_04_ses_09
Warping source image to template for sub-005MND_ses_04_ses_09
Moving image '/input/sub-005MND_ses_04_ses_09/source.nii.gz' does not exist.  See usage: '/opt/ants/bin/antsRegistrationSyNQuick.sh -h 1'
Warping target image to template for sub-005MND_ses_04_ses_09
Moving image '/input/sub-005MND_ses_04_ses_09/target.nii.gz' does not exist.  See usage: '/opt/ants/bin/antsRegistrationSyNQuick.sh -h 1'
Created input files for sub-005MND_ses_05_ses_06
Warping source image to template for sub-005MND_ses_05_ses_06
Moving image '/input/sub-005MND_ses_05_ses_06/source.nii.gz' does not exist.  See usage: '/opt/ants/bin/antsRegistrationSyNQuick.sh -h 1'
Warping target image to template for sub-005MND_ses_05_ses_06
Moving image '/input/sub-005MND_ses_05_ses_06/target.nii.gz' does not exist.  See usage: '/opt/ants/bin/antsRegistrationSyNQuick.sh -h 1'
Created input files for sub-005MND_ses_05_ses_07
Warping source image to template for sub-005MND_ses_05_ses_07
Moving image '/input/sub-005MND_ses_05_ses_07/source.nii.gz' does not exist.  See usage: '/opt/ants/bin/antsRegistrationSyNQuick.sh -h 1'
Warping target image to template for sub-005MND_ses_05_ses_07
Moving image '/input/sub-005MND_ses_05_ses_07/target.nii.gz' does not exist.  See usage: '/opt/ants/bin/antsRegistrationSyNQuick.sh -h 1'
Created input files for sub-005MND_ses_05_ses_08
Warping source image to template for sub-005MND_ses_05_ses_08
Moving image '/input/sub-005MND_ses_05_ses_08/source.nii.gz' does not exist.  See usage: '/opt/ants/bin/antsRegistrationSyNQuick.sh -h 1'
Warping target image to template for sub-005MND_ses_05_ses_08
Moving image '/input/sub-005MND_ses_05_ses_08/target.nii.gz' does not exist.  See usage: '/opt/ants/bin/antsRegistrationSyNQuick.sh -h 1'
Created input files for sub-005MND_ses_05_ses_09
Warping source image to template for sub-005MND_ses_05_ses_09
Moving image '/input/sub-005MND_ses_05_ses_09/source.nii.gz' does not exist.  See usage: '/opt/ants/bin/antsRegistrationSyNQuick.sh -h 1'
Warping target image to template for sub-005MND_ses_05_ses_09
Moving image '/input/sub-005MND_ses_05_ses_09/target.nii.gz' does not exist.  See usage: '/opt/ants/bin/antsRegistrationSyNQuick.sh -h 1'
Created input files for sub-005MND_ses_06_ses_07
Warping source image to template for sub-005MND_ses_06_ses_07
Moving image '/input/sub-005MND_ses_06_ses_07/source.nii.gz' does not exist.  See usage: '/opt/ants/bin/antsRegistrationSyNQuick.sh -h 1'
Warping target image to template for sub-005MND_ses_06_ses_07
Moving image '/input/sub-005MND_ses_06_ses_07/target.nii.gz' does not exist.  See usage: '/opt/ants/bin/antsRegistrationSyNQuick.sh -h 1'
Created input files for sub-005MND_ses_06_ses_08
Warping source image to template for sub-005MND_ses_06_ses_08
Moving image '/input/sub-005MND_ses_06_ses_08/source.nii.gz' does not exist.  See usage: '/opt/ants/bin/antsRegistrationSyNQuick.sh -h 1'
Warping target image to template for sub-005MND_ses_06_ses_08
Moving image '/input/sub-005MND_ses_06_ses_08/target.nii.gz' does not exist.  See usage: '/opt/ants/bin/antsRegistrationSyNQuick.sh -h 1'
Created input files for sub-005MND_ses_06_ses_09
Warping source image to template for sub-005MND_ses_06_ses_09
Moving image '/input/sub-005MND_ses_06_ses_09/source.nii.gz' does not exist.  See usage: '/opt/ants/bin/antsRegistrationSyNQuick.sh -h 1'
Warping target image to template for sub-005MND_ses_06_ses_09
Moving image '/input/sub-005MND_ses_06_ses_09/target.nii.gz' does not exist.  See usage: '/opt/ants/bin/antsRegistrationSyNQuick.sh -h 1'
Created input files for sub-005MND_ses_07_ses_08
Warping source image to template for sub-005MND_ses_07_ses_08
Moving image '/input/sub-005MND_ses_07_ses_08/source.nii.gz' does not exist.  See usage: '/opt/ants/bin/antsRegistrationSyNQuick.sh -h 1'
