Removing existing directory /home/groups/dlmrimnd/jacob/data/MND_input_images
Removing existing directory /home/groups/dlmrimnd/jacob/data/MND_warped_input
Starting the preprocessing pipeline and deformation field generation using ANTs
Converted /home/groups/dlmrimnd/akshit/MND_output_files/sub-002MND_ses-01/mri/brain.mgz to /home/groups/dlmrimnd/jacob/data/MND_input_images/sub-002MND_ses_01_ses_02/source.nii.gz
Converted /home/groups/dlmrimnd/akshit/MND_output_files/sub-002MND_ses-02/mri/brain.mgz to /home/groups/dlmrimnd/jacob/data/MND_input_images/sub-002MND_ses_01_ses_02/target.nii.gz
Created input files for sub-002MND_ses_01_ses_02
Warping source image to template for sub-002MND_ses_01_ses_02

--------------------------------------------------------------------------------------
 Mapping parameters
--------------------------------------------------------------------------------------
 ANTSPATH is /opt/ants/bin/

 Dimensionality:           3
 Output name prefix:       /output/sub-002MND_ses_01_ses_02/warped_source_
 Fixed images:             /data/brain_mni.nii.gz
 Moving images:            /input/sub-002MND_ses_01_ses_02/source.nii.gz
 Mask images:              
 Initial transforms:       
 Number of threads:        1
 Spline distance:          26
 SyN gradient step:        0.1
 Transform type:           r
 MI histogram bins:        32
 Precision:                d
 Use histogram matching:   0
 Repro                     0
======================================================================================
 antsRegistration call:
--------------------------------------------------------------------------------------
/opt/ants/bin//antsRegistration --verbose 1 --dimensionality 3 --float 0 --collapse-output-transforms 1 --output [ /output/sub-002MND_ses_01_ses_02/warped_source_,/output/sub-002MND_ses_01_ses_02/warped_source_Warped.nii.gz,/output/sub-002MND_ses_01_ses_02/warped_source_InverseWarped.nii.gz ] --interpolation Linear --use-histogram-matching 0 --winsorize-image-intensities [ 0.005,0.995 ] --initial-moving-transform [ /data/brain_mni.nii.gz,/input/sub-002MND_ses_01_ses_02/source.nii.gz,1 ] --transform Rigid[ 0.1 ] --metric MI[ /data/brain_mni.nii.gz,/input/sub-002MND_ses_01_ses_02/source.nii.gz,1,32,Regular,0.25 ] --convergence [ 1000x500x250x0,1e-6,10 ] --shrink-factors 8x4x2x1 --smoothing-sigmas 3x2x1x0vox
--------------------------------------------------------------------------------------
All_Command_lines_OK
Using double precision for computations.
=============================================================================
The composite transform comprises the following transforms (in order): 
  1. Center of mass alignment using fixed image: /data/brain_mni.nii.gz and moving image: /input/sub-002MND_ses_01_ses_02/source.nii.gz (type = Euler3DTransform)
=============================================================================
  number of levels = 4
  fixed image: /data/brain_mni.nii.gz
  moving image: /input/sub-002MND_ses_01_ses_02/source.nii.gz
Dimension = 3
Number of stages = 1
Use histogram matching = false
Winsorize image intensities = true
  Lower quantile = 0.005
  Upper quantile = 0.995


Stage 1 State
   Image metric = Mattes
     Fixed image = Image (0x55f2bccbd520)
  RTTI typeinfo:   itk::Image<double, 3u>
  Reference Count: 2
  Modified Time: 1663
  Debug: Off
  Object Name: 
  Observers: 
    none
  Source: (none)
  Source output name: (none)
  Release Data: Off
  Data Released: False
  Global Release Data: Off
  PipelineMTime: 0
  UpdateMTime: 1448
  RealTimeStamp: 0 seconds 
  LargestPossibleRegion: 
    Dimension: 3
    Index: [0, 0, 0]
    Size: [197, 233, 189]
  BufferedRegion: 
    Dimension: 3
    Index: [0, 0, 0]
    Size: [197, 233, 189]
  RequestedRegion: 
    Dimension: 3
    Index: [0, 0, 0]
    Size: [197, 233, 189]
  Spacing: [1, 1, 1]
  Origin: [98, 134, -72]
  Direction: 
-1 0 0
0 -1 0
0 0 1

  IndexToPointMatrix: 
-1 0 0
0 -1 0
0 0 1

  PointToIndexMatrix: 
-1 0 0
0 -1 0
0 0 1

  Inverse Direction: 
-1 0 0
0 -1 0
0 0 1

  PixelContainer: 
    ImportImageContainer (0x55f2bcd71290)
      RTTI typeinfo:   itk::ImportImageContainer<unsigned long, double>
      Reference Count: 1
      Modified Time: 1445
      Debug: Off
      Object Name: 
      Observers: 
        none
      Pointer: 0x7f65d3d36010
      Container manages memory: true
      Size: 8675289
      Capacity: 8675289

     Moving image = Image (0x55f2bccbf490)
  RTTI typeinfo:   itk::Image<double, 3u>
  Reference Count: 2
  Modified Time: 1664
  Debug: Off
  Object Name: 
  Observers: 
    none
  Source: (none)
  Source output name: (none)
  Release Data: Off
  Data Released: False
  Global Release Data: Off
  PipelineMTime: 0
  UpdateMTime: 1661
  RealTimeStamp: 0 seconds 
  LargestPossibleRegion: 
    Dimension: 3
    Index: [0, 0, 0]
    Size: [256, 256, 256]
  BufferedRegion: 
    Dimension: 3
    Index: [0, 0, 0]
    Size: [256, 256, 256]
  RequestedRegion: 
    Dimension: 3
    Index: [0, 0, 0]
    Size: [256, 256, 256]
  Spacing: [1, 1, 1]
  Origin: [-164.644, 107.421, 187.574]
  Direction: 
1 0 0
0 -0 -1
0 -1 0

  IndexToPointMatrix: 
1 0 0
0 0 -1
0 -1 0

  PointToIndexMatrix: 
1 0 0
0 0 -1
0 -1 0

  Inverse Direction: 
1 0 0
0 0 -1
0 -1 0

  PixelContainer: 
    ImportImageContainer (0x55f2bcdb1310)
      RTTI typeinfo:   itk::ImportImageContainer<unsigned long, double>
      Reference Count: 1
      Modified Time: 1658
      Debug: Off
      Object Name: 
      Observers: 
        none
      Pointer: 0x7f65cbd35010
      Container manages memory: true
      Size: 16777216
      Capacity: 16777216

     Weighting = 1
     Sampling strategy = regular
     Number of bins = 32
     Radius = 4
     Sampling percentage  = 0.25
   Transform = Rigid
     Gradient step = 0.1
     Update field sigma (voxel space) = 0
     Total field sigma (voxel space) = 0
     Update field time sigma = 0
     Total field time sigma  = 0
     Number of time indices = 0
     Number of time point samples = 0
Registration using 1 total stages.

Stage 0
  iterations = 1000x500x250x0
  convergence threshold = 1e-06
  convergence window size = 10
  number of levels = 4
  using the Mattes MI metric (number of bins = 32, weight = 1, use gradient filter = 0)
  preprocessing:  winsorizing the image intensities
  Shrink factors (level 1 out of 4): [8, 8, 8]
  Shrink factors (level 2 out of 4): [4, 4, 4]
  Shrink factors (level 3 out of 4): [2, 2, 2]
  Shrink factors (level 4 out of 4): [1, 1, 1]
  smoothing sigmas per level: [3, 2, 1, 0]
  regular sampling (percentage = 0.25)

*** Running Euler3DTransform registration ***

DIAGNOSTIC,Iteration,metricValue,convergenceValue,ITERATION_TIME_INDEX,SINCE_LAST
 2DIAGNOSTIC,     1, -3.760127176215e-01, 1.797693134862e+308, 3.7506e+00, 3.7506e+00, 
 2DIAGNOSTIC,     2, -3.768380667999e-01, 1.797693134862e+308, 3.7586e+00, 8.0161e-03, 
 2DIAGNOSTIC,     3, -3.791769258933e-01, 1.797693134862e+308, 3.7668e+00, 8.1751e-03, 
 2DIAGNOSTIC,     4, -3.844730397063e-01, 1.797693134862e+308, 3.7748e+00, 8.0440e-03, 
 2DIAGNOSTIC,     5, -3.861273523570e-01, 1.797693134862e+308, 3.7831e+00, 8.3001e-03, 
 2DIAGNOSTIC,     6, -3.893923641201e-01, 1.797693134862e+308, 3.7943e+00, 1.1149e-02, 
 2DIAGNOSTIC,     7, -3.913292721929e-01, 1.797693134862e+308, 3.8044e+00, 1.0094e-02, 
 2DIAGNOSTIC,     8, -3.914753967914e-01, 1.797693134862e+308, 3.8134e+00, 8.9619e-03, 
 2DIAGNOSTIC,     9, -3.919390582661e-01, 1.797693134862e+308, 3.8213e+00, 7.9529e-03, 
 2DIAGNOSTIC,    10, -3.923733583480e-01, 3.091052763611e-03, 3.8311e+00, 9.8312e-03, 
 2DIAGNOSTIC,    11, -3.930643078042e-01, 2.396593675924e-03, 3.8397e+00, 8.6031e-03, 
 2DIAGNOSTIC,    12, -3.958900034729e-01, 1.825842206801e-03, 3.8491e+00, 9.3551e-03, 
 2DIAGNOSTIC,    13, -4.128508063400e-01, 2.251438581447e-03, 3.8623e+00, 1.3209e-02, 
 2DIAGNOSTIC,    14, -4.155741337892e-01, 2.802304473838e-03, 3.8711e+00, 8.7631e-03, 
 2DIAGNOSTIC,    15, -4.237988714754e-01, 3.497011184176e-03, 3.8824e+00, 1.1359e-02, 
 2DIAGNOSTIC,    16, -4.254735982877e-01, 4.000782301604e-03, 3.8903e+00, 7.8681e-03, 
 2DIAGNOSTIC,    17, -4.299792967216e-01, 4.342460015287e-03, 3.8983e+00, 7.9629e-03, 
 2DIAGNOSTIC,    18, -4.331538799518e-01, 4.362488889644e-03, 3.9103e+00, 1.2000e-02, 
 2DIAGNOSTIC,    19, -4.383342752360e-01, 4.181527155910e-03, 3.9221e+00, 1.1890e-02, 
 2DIAGNOSTIC,    20, -4.388151205767e-01, 3.669136078024e-03, 3.9298e+00, 7.6251e-03, 
 2DIAGNOSTIC,    21, -4.391385338224e-01, 2.909605485343e-03, 3.9374e+00, 7.5979e-03, 
 2DIAGNOSTIC,    22, -4.394268673364e-01, 2.042488619977e-03, 3.9450e+00, 7.6191e-03, 
 2DIAGNOSTIC,    23, -4.398063112618e-01, 1.590250931168e-03, 3.9526e+00, 7.6048e-03, 
 2DIAGNOSTIC,    24, -4.401768950472e-01, 1.112419195926e-03, 3.9612e+00, 8.6050e-03, 
 2DIAGNOSTIC,    25, -4.404134145004e-01, 8.065853234307e-04, 3.9689e+00, 7.6730e-03, 
 2DIAGNOSTIC,    26, -4.410634769431e-01, 5.117897214062e-04, 3.9806e+00, 1.1766e-02, 
 2DIAGNOSTIC,    27, -4.413852106683e-01, 3.144699089949e-04, 3.9883e+00, 7.6270e-03, 
 2DIAGNOSTIC,    28, -4.415429943799e-01, 1.809034900006e-04, 3.9958e+00, 7.5779e-03, 
 2DIAGNOSTIC,    29, -4.417429447513e-01, 1.672225125174e-04, 4.0046e+00, 8.7211e-03, 
 2DIAGNOSTIC,    30, -4.422481844743e-01, 1.611689469430e-04, 4.0134e+00, 8.7879e-03, 
 2DIAGNOSTIC,    31, -4.425592262166e-01, 1.539250040544e-04, 4.0241e+00, 1.0748e-02, 
 2DIAGNOSTIC,    32, -4.426891732704e-01, 1.413796520552e-04, 4.0327e+00, 8.6279e-03, 
 2DIAGNOSTIC,    33, -4.429895565821e-01, 1.304835085074e-04, 4.0413e+00, 8.5969e-03, 
 2DIAGNOSTIC,    34, -4.430669273620e-01, 1.169022803989e-04, 4.0499e+00, 8.5721e-03, 
 2DIAGNOSTIC,    35, -4.430658400350e-01, 9.733033901422e-05, 4.0575e+00, 7.6089e-03, 
 2DIAGNOSTIC,    36, -4.431146795259e-01, 8.277232152843e-05, 4.0652e+00, 7.6518e-03, 
 2DIAGNOSTIC,    37, -4.432252402334e-01, 6.918090520707e-05, 4.0738e+00, 8.6720e-03, 
 2DIAGNOSTIC,    38, -4.433451108014e-01, 5.472105181909e-05, 4.0814e+00, 7.6201e-03, 
 2DIAGNOSTIC,    39, -4.436032464580e-01, 4.361083803706e-05, 4.0891e+00, 7.6189e-03, 
 2DIAGNOSTIC,    40, -4.438353965414e-01, 4.128995521028e-05, 4.0968e+00, 7.7400e-03, 
 2DIAGNOSTIC,    41, -4.451345144947e-01, 6.157783991084e-05, 4.1098e+00, 1.2991e-02, 
 2DIAGNOSTIC,    42, -4.454725835762e-01, 8.188459077090e-05, 4.1175e+00, 7.6871e-03, 
 2DIAGNOSTIC,    43, -4.457416232655e-01, 1.024086191338e-04, 4.1251e+00, 7.6590e-03, 
 2DIAGNOSTIC,    44, -4.459967596933e-01, 1.175223502681e-04, 4.1339e+00, 8.7278e-03, 
 2DIAGNOSTIC,    45, -4.464913871280e-01, 1.280084815616e-04, 4.1427e+00, 8.8019e-03, 
 2DIAGNOSTIC,    46, -4.468079424893e-01, 1.307430086317e-04, 4.1513e+00, 8.6470e-03, 
 2DIAGNOSTIC,    47, -4.468932752884e-01, 1.236005401185e-04, 4.1590e+00, 7.6671e-03, 
 2DIAGNOSTIC,    48, -4.469724595441e-01, 1.080415810756e-04, 4.1676e+00, 8.6601e-03, 
 2DIAGNOSTIC,    49, -4.470743820857e-01, 8.791550407804e-05, 4.1764e+00, 8.7109e-03, 
 2DIAGNOSTIC,    50, -4.470879499816e-01, 6.301514916016e-05, 4.1851e+00, 8.7490e-03, 
 2DIAGNOSTIC,    51, -4.472831509780e-01, 5.252909359961e-05, 4.1931e+00, 7.9741e-03, 
 2DIAGNOSTIC,    52, -4.476715952126e-01, 4.672416738425e-05, 4.2022e+00, 9.0940e-03, 
 2DIAGNOSTIC,    53, -4.551615604519e-01, 1.336950607788e-04, 4.2159e+00, 1.3746e-02, 
 2DIAGNOSTIC,    54, -4.589732564311e-01, 2.516576751448e-04, 4.2242e+00, 8.3091e-03, 
 2DIAGNOSTIC,    55, -4.619360643384e-01, 3.822375126092e-04, 4.2333e+00, 9.0549e-03, 
 2DIAGNOSTIC,    56, -4.624381118279e-01, 4.817690304333e-04, 4.2414e+00, 8.0879e-03, 
 2DIAGNOSTIC,    57, -4.632723306146e-01, 5.425398708353e-04, 4.2505e+00, 9.1000e-03, 
 2DIAGNOSTIC,    58, -4.722615242328e-01, 6.505079602652e-04, 4.2665e+00, 1.6051e-02, 
 2DIAGNOSTIC,    59, -4.740046294418e-01, 7.088677926923e-04, 4.2745e+00, 7.9949e-03, 
 2DIAGNOSTIC,    60, -4.743775194887e-01, 7.026879806510e-04, 4.2824e+00, 7.8702e-03, 
 2DIAGNOSTIC,    61, -4.748302848266e-01, 6.391912512413e-04, 4.2903e+00, 7.9191e-03, 
 2DIAGNOSTIC,    62, -4.752868121919e-01, 5.238872494494e-04, 4.2983e+00, 7.9529e-03, 
 2DIAGNOSTIC,    63, -4.775617502152e-01, 4.611218033271e-04, 4.3093e+00, 1.1041e-02, 
 2DIAGNOSTIC,    64, -4.782681050991e-01, 4.003998507664e-04, 4.3192e+00, 9.9449e-03, 
 2DIAGNOSTIC,    65, -4.784811261061e-01, 3.365119870702e-04, 4.3272e+00, 7.9908e-03, 
 2DIAGNOSTIC,    66, -4.788574433681e-01, 2.524703223074e-04, 4.3362e+00, 8.9149e-03, 
 2DIAGNOSTIC,    67, -4.793375276564e-01, 1.572877074649e-04, 4.3451e+00, 8.9259e-03, 
 2DIAGNOSTIC,    68, -4.796507191584e-01, 1.379484696570e-04, 4.3530e+00, 7.9200e-03, 
 2DIAGNOSTIC,    69, -4.797311839870e-01, 1.229517417428e-04, 4.3619e+00, 8.8758e-03, 
 2DIAGNOSTIC,    70, -4.798463973741e-01, 1.014292419734e-04, 4.3698e+00, 7.9660e-03, 
 2DIAGNOSTIC,    71, -4.805224426556e-01, 8.129068955946e-05, 4.3783e+00, 8.4469e-03, 
 2DIAGNOSTIC,    72, -4.843462973076e-01, 9.158575518217e-05, 4.3886e+00, 1.0288e-02, 
 2DIAGNOSTIC,    73, -4.861103491597e-01, 1.273743894503e-04, 4.4066e+00, 1.8062e-02, 
 2DIAGNOSTIC,    74, -4.860273056604e-01, 1.553745082131e-04, 4.4147e+00, 8.0111e-03, 
 2DIAGNOSTIC,    75, -4.865045237803e-01, 1.742282463209e-04, 4.4226e+00, 7.9200e-03, 
 2DIAGNOSTIC,    76, -4.878892221783e-01, 1.904636984260e-04, 4.4305e+00, 7.9200e-03, 
 2DIAGNOSTIC,    77, -4.891067542605e-01, 2.010726595326e-04, 4.4384e+00, 7.9091e-03, 
 2DIAGNOSTIC,    78, -4.901647603355e-01, 2.029123334913e-04, 4.4464e+00, 7.9570e-03, 
 2DIAGNOSTIC,    79, -4.919905639751e-01, 2.011190379576e-04, 4.4565e+00, 1.0139e-02, 
 2DIAGNOSTIC,    80, -4.938609923316e-01, 1.960224415334e-04, 4.4674e+00, 1.0864e-02, 
 2DIAGNOSTIC,    81, -4.938579162967e-01, 1.764364014773e-04, 4.4752e+00, 7.8890e-03, 
 2DIAGNOSTIC,    82, -4.942869101223e-01, 1.732246280069e-04, 4.4830e+00, 7.7891e-03, 
 2DIAGNOSTIC,    83, -4.946889379204e-01, 1.701512277017e-04, 4.4908e+00, 7.7910e-03, 
 2DIAGNOSTIC,    84, -4.948430607478e-01, 1.511199513554e-04, 4.4986e+00, 7.7949e-03, 
 2DIAGNOSTIC,    85, -4.951044603991e-01, 1.232508347951e-04, 4.5075e+00, 8.9130e-03, 
 2DIAGNOSTIC,    86, -4.952581940486e-01, 9.555826499061e-05, 4.5164e+00, 8.8398e-03, 
 2DIAGNOSTIC,    87, -4.954564143727e-01, 6.977319977607e-05, 4.5252e+00, 8.7948e-03, 
 2DIAGNOSTIC,    88, -4.955088032036e-01, 4.562588781783e-05, 4.5339e+00, 8.7662e-03, 
 2DIAGNOSTIC,    89, -4.956758748379e-01, 3.148805352258e-05, 4.5418e+00, 7.8421e-03, 
 2DIAGNOSTIC,    90, -4.960928784800e-01, 3.074283880974e-05, 4.5519e+00, 1.0138e-02, 
 2DIAGNOSTIC,    91, -4.966821398553e-01, 3.100942581483e-05, 4.5623e+00, 1.0375e-02, 
 2DIAGNOSTIC,    92, -4.967382038094e-01, 3.149726642827e-05, 4.5702e+00, 7.9310e-03, 
 2DIAGNOSTIC,    93, -4.969058335106e-01, 3.288873456015e-05, 4.5783e+00, 8.0910e-03, 
 2DIAGNOSTIC,    94, -4.983660351890e-01, 4.186731455407e-05, 4.5864e+00, 8.1000e-03, 
 2DIAGNOSTIC,    95, -4.997665885744e-01, 5.725886540976e-05, 4.5974e+00, 1.0992e-02, 
 2DIAGNOSTIC,    96, -5.000127940046e-01, 6.918377801174e-05, 4.6053e+00, 7.9041e-03, 
 2DIAGNOSTIC,    97, -5.005538703944e-01, 7.918765780452e-05, 4.6143e+00, 8.9729e-03, 
 2DIAGNOSTIC,    98, -5.015946142809e-01, 8.838314039475e-05, 4.6222e+00, 7.9629e-03, 
 2DIAGNOSTIC,    99, -5.016536983994e-01, 8.994646947205e-05, 4.6312e+00, 8.9171e-03, 
 2DIAGNOSTIC,   100, -5.018891327673e-01, 8.672644712466e-05, 4.6412e+00, 1.0063e-02, 
 2DIAGNOSTIC,   101, -5.021846026382e-01, 8.082079034552e-05, 4.6541e+00, 1.2860e-02, 
 2DIAGNOSTIC,   102, -5.021596616744e-01, 6.754936592823e-05, 4.6619e+00, 7.8611e-03, 
 2DIAGNOSTIC,   103, -5.023697398525e-01, 5.013914462354e-05, 4.6699e+00, 7.9439e-03, 
 2DIAGNOSTIC,   104, -5.025760256017e-01, 3.801418909473e-05, 4.6779e+00, 7.9720e-03, 
 2DIAGNOSTIC,   105, -5.026704032334e-01, 3.137200108396e-05, 4.6858e+00, 7.9091e-03, 
 2DIAGNOSTIC,   106, -5.028387926693e-01, 2.425995986264e-05, 4.6946e+00, 8.8761e-03, 
 2DIAGNOSTIC,   107, -5.029316497437e-01, 1.848882482682e-05, 4.7035e+00, 8.8542e-03, 
 2DIAGNOSTIC,   108, -5.029979482969e-01, 1.743340687073e-05, 4.7124e+00, 8.8818e-03, 
 2DIAGNOSTIC,   109, -5.030498624044e-01, 1.533628759593e-05, 4.7213e+00, 8.8689e-03, 
 2DIAGNOSTIC,   110, -5.031528050079e-01, 1.368427386672e-05, 4.7321e+00, 1.0849e-02, 
 2DIAGNOSTIC,   111, -5.031408474906e-01, 1.235649825519e-05, 4.7400e+00, 7.8611e-03, 
 2DIAGNOSTIC,   112, -5.031668311397e-01, 9.882667179054e-06, 4.7478e+00, 7.8220e-03, 
 2DIAGNOSTIC,   113, -5.031830393140e-01, 7.747261458078e-06, 4.7557e+00, 7.8702e-03, 
 2DIAGNOSTIC,   114, -5.031978496237e-01, 6.120358301102e-06, 4.7635e+00, 7.8509e-03, 
 2DIAGNOSTIC,   115, -5.032825579973e-01, 4.895573104223e-06, 4.7724e+00, 8.8890e-03, 
 2DIAGNOSTIC,   116, -5.032846857378e-01, 4.134781310101e-06, 4.7823e+00, 9.9149e-03, 
 2DIAGNOSTIC,   117, -5.033965307686e-01, 4.097003239986e-06, 4.7912e+00, 8.9059e-03, 
 2DIAGNOSTIC,   118, -5.034338687206e-01, 4.216717429740e-06, 4.7991e+00, 7.8931e-03, 
 2DIAGNOSTIC,   119, -5.035223493600e-01, 4.662096122250e-06, 4.8071e+00, 7.9651e-03, 
 2DIAGNOSTIC,   120, -5.040596346464e-01, 7.941011374081e-06, 4.8171e+00, 1.0015e-02, 
 2DIAGNOSTIC,   121, -5.048490892212e-01, 1.427919590331e-05, 4.8261e+00, 9.0339e-03, 
 2DIAGNOSTIC,   122, -5.057795162185e-01, 2.386647900299e-05, 4.8392e+00, 1.3099e-02, 
 2DIAGNOSTIC,   123, -5.058713339865e-01, 3.148953100486e-05, 4.8472e+00, 7.9310e-03, 
 2DIAGNOSTIC,   124, -5.061756430261e-01, 3.761017019045e-05, 4.8551e+00, 7.9689e-03, 
 2DIAGNOSTIC,   125, -5.064534802963e-01, 4.176117017075e-05, 4.8631e+00, 7.9730e-03, 
 2DIAGNOSTIC,   126, -5.069437516211e-01, 4.409085347966e-05, 4.8721e+00, 9.0039e-03, 
 2DIAGNOSTIC,   127, -5.073625919805e-01, 4.460247065221e-05, 4.8841e+00, 1.2046e-02, 
 2DIAGNOSTIC,   128, -5.074447231409e-01, 4.141798385251e-05, 4.8931e+00, 8.9390e-03, 
 2DIAGNOSTIC,   129, -5.075931295791e-01, 3.547781156898e-05, 4.9010e+00, 7.9651e-03, 
 2DIAGNOSTIC,   130, -5.083243398674e-01, 3.209334481303e-05, 4.9090e+00, 7.9899e-03, 
 2DIAGNOSTIC,   131, -5.086405231134e-01, 3.058118235429e-05, 4.9171e+00, 8.0760e-03, 
 2DIAGNOSTIC,   132, -5.088190576157e-01, 3.125148748530e-05, 4.9251e+00, 7.9501e-03, 
 2DIAGNOSTIC,   133, -5.089532263769e-01, 2.998055856891e-05, 4.9340e+00, 8.9431e-03, 
 2DIAGNOSTIC,   134, -5.090260907121e-01, 2.756703750823e-05, 4.9595e+00, 2.5461e-02, 
 2DIAGNOSTIC,   135, -5.090260700510e-01, 2.370399920800e-05, 4.9674e+00, 7.9579e-03, 
 2DIAGNOSTIC,   136, -5.090261171286e-01, 1.974893028834e-05, 4.9753e+00, 7.9031e-03, 
 2DIAGNOSTIC,   137, -5.090261967186e-01, 1.585162969164e-05, 4.9832e+00, 7.9041e-03, 
 2DIAGNOSTIC,   138, -5.090263312406e-01, 1.089109623898e-05, 4.9911e+00, 7.8869e-03, 
 2DIAGNOSTIC,   139, -5.090265584890e-01, 5.552526352145e-06, 4.9990e+00, 7.8750e-03, 
 2DIAGNOSTIC,   140, -5.090269422380e-01, 2.919779561758e-06, 5.0069e+00, 7.8959e-03, 
 2DIAGNOSTIC,   141, -5.090275896732e-01, 1.415842862782e-06, 5.0148e+00, 7.8759e-03, 
DIAGNOSTIC,Iteration,metricValue,convergenceValue,ITERATION_TIME_INDEX,SINCE_LAST
 2DIAGNOSTIC,     1, -3.787275929859e-01, 1.797693134862e+308, 8.8824e+00, 3.8676e+00, 
 2DIAGNOSTIC,     2, -3.791692082974e-01, 1.797693134862e+308, 8.9838e+00, 1.0144e-01, 
 2DIAGNOSTIC,     3, -3.795543254688e-01, 1.797693134862e+308, 9.0853e+00, 1.0147e-01, 
 2DIAGNOSTIC,     4, -3.803504556016e-01, 1.797693134862e+308, 9.1867e+00, 1.0144e-01, 
 2DIAGNOSTIC,     5, -3.817273901917e-01, 1.797693134862e+308, 9.2877e+00, 1.0100e-01, 
 2DIAGNOSTIC,     6, -3.825490152462e-01, 1.797693134862e+308, 9.3886e+00, 1.0089e-01, 
 2DIAGNOSTIC,     7, -3.849966766428e-01, 1.797693134862e+308, 9.5053e+00, 1.1673e-01, 
 2DIAGNOSTIC,     8, -3.870371428417e-01, 1.797693134862e+308, 9.6374e+00, 1.3205e-01, 
 2DIAGNOSTIC,     9, -3.882311851444e-01, 1.797693134862e+308, 9.7375e+00, 1.0008e-01, 
 2DIAGNOSTIC,    10, -3.914970599219e-01, 2.097002481135e-03, 9.8391e+00, 1.0161e-01, 
 2DIAGNOSTIC,    11, -3.967339190221e-01, 2.449185954112e-03, 9.9566e+00, 1.1748e-01, 
 2DIAGNOSTIC,    12, -3.971377746720e-01, 2.566425370873e-03, 1.0073e+01, 1.1678e-01, 
 2DIAGNOSTIC,    13, -3.985064162317e-01, 2.536291482723e-03, 1.0176e+01, 1.0219e-01, 
 2DIAGNOSTIC,    14, -4.005461405538e-01, 2.429722485016e-03, 1.0292e+01, 1.1641e-01, 
 2DIAGNOSTIC,    15, -4.008296913116e-01, 2.193892869856e-03, 1.0408e+01, 1.1582e-01, 
 2DIAGNOSTIC,    16, -4.018314080867e-01, 1.866647110540e-03, 1.0555e+01, 1.4715e-01, 
 2DIAGNOSTIC,    17, -4.019750857141e-01, 1.518135018468e-03, 1.0658e+01, 1.0262e-01, 
 2DIAGNOSTIC,    18, -4.029963812375e-01, 1.196036962989e-03, 1.0759e+01, 1.0168e-01, 
 2DIAGNOSTIC,    19, -4.036248930707e-01, 8.650414833250e-04, 1.0860e+01, 1.0058e-01, 
 2DIAGNOSTIC,    20, -4.045361660858e-01, 6.341741947673e-04, 1.0976e+01, 1.1608e-01, 
 2DIAGNOSTIC,    21, -4.050190091649e-01, 5.648121096795e-04, 1.1077e+01, 1.0119e-01, 
 2DIAGNOSTIC,    22, -4.063612384388e-01, 5.062848866390e-04, 1.1180e+01, 1.0265e-01, 
 2DIAGNOSTIC,    23, -4.080405697082e-01, 4.989594856044e-04, 1.1342e+01, 1.6267e-01, 
 2DIAGNOSTIC,    24, -4.085242093216e-01, 5.203314628289e-04, 1.1444e+01, 1.0188e-01, 
 2DIAGNOSTIC,    25, -4.086955142290e-01, 5.043028274107e-04, 1.1561e+01, 1.1664e-01, 
 2DIAGNOSTIC,    26, -4.088995450569e-01, 4.764341728993e-04, 1.1677e+01, 1.1657e-01, 
 2DIAGNOSTIC,    27, -4.091500008811e-01, 4.155651306597e-04, 1.1826e+01, 1.4817e-01, 
 2DIAGNOSTIC,    28, -4.093603006965e-01, 3.507256202744e-04, 1.1927e+01, 1.0091e-01, 
 2DIAGNOSTIC,    29, -4.099043078275e-01, 2.861168584907e-04, 1.2027e+01, 1.0078e-01, 
 2DIAGNOSTIC,    30, -4.102549274793e-01, 2.294604170983e-04, 1.2128e+01, 1.0104e-01, 
 2DIAGNOSTIC,    31, -4.107794638490e-01, 1.778206802294e-04, 1.2263e+01, 1.3442e-01, 
 2DIAGNOSTIC,    32, -4.111984259379e-01, 1.509814164686e-04, 1.2427e+01, 1.6375e-01, 
 2DIAGNOSTIC,    33, -4.112180661706e-01, 1.479783261881e-04, 1.2528e+01, 1.0140e-01, 
 2DIAGNOSTIC,    34, -4.113689329188e-01, 1.445725093240e-04, 1.2631e+01, 1.0265e-01, 
 2DIAGNOSTIC,    35, -4.115220797883e-01, 1.341925304681e-04, 1.2734e+01, 1.0339e-01, 
 2DIAGNOSTIC,    36, -4.116274789913e-01, 1.176600793031e-04, 1.2851e+01, 1.1670e-01, 
 2DIAGNOSTIC,    37, -4.117414750241e-01, 9.790910501941e-05, 1.2985e+01, 1.3456e-01, 
 2DIAGNOSTIC,    38, -4.117680136481e-01, 7.432679021053e-05, 1.3101e+01, 1.1627e-01, 
 2DIAGNOSTIC,    39, -4.117835268237e-01, 5.520517182464e-05, 1.3202e+01, 1.0044e-01, 
 2DIAGNOSTIC,    40, -4.118128193052e-01, 3.841120575185e-05, 1.3303e+01, 1.0073e-01, 
 2DIAGNOSTIC,    41, -4.118316131680e-01, 2.804507557613e-05, 1.3404e+01, 1.0124e-01, 
 2DIAGNOSTIC,    42, -4.118609465600e-01, 2.316312213074e-05, 1.3550e+01, 1.4657e-01, 
 2DIAGNOSTIC,    43, -4.118642755764e-01, 1.672412136588e-05, 1.3930e+01, 3.7934e-01, 
 2DIAGNOSTIC,    44, -4.118642755706e-01, 1.146482371515e-05, 1.4309e+01, 3.7896e-01, 
 2DIAGNOSTIC,    45, -4.118642755706e-01, 7.803644982051e-06, 1.4424e+01, 1.1506e-01, 
 2DIAGNOSTIC,    46, -4.118642755706e-01, 5.197549614745e-06, 1.4554e+01, 1.3059e-01, 
 2DIAGNOSTIC,    47, -4.118642755706e-01, 3.977143836775e-06, 1.4670e+01, 1.1515e-01, 
 2DIAGNOSTIC,    48, -4.118642755706e-01, 2.885042539667e-06, 1.4785e+01, 1.1521e-01, 
 2DIAGNOSTIC,    49, -4.118642755706e-01, 1.848206876841e-06, 1.4900e+01, 1.1519e-01, 
 2DIAGNOSTIC,    50, -4.118642755706e-01, 1.151319522892e-06, 1.5015e+01, 1.1527e-01, 
DIAGNOSTIC,Iteration,metricValue,convergenceValue,ITERATION_TIME_INDEX,SINCE_LAST
 2DIAGNOSTIC,     1, -3.624495040832e-01, 1.797693134862e+308, 1.9464e+01, 4.4485e+00, 
 2DIAGNOSTIC,     2, -3.624818489067e-01, 1.797693134862e+308, 2.0128e+01, 6.6455e-01, 
 2DIAGNOSTIC,     3, -3.625174462206e-01, 1.797693134862e+308, 2.0703e+01, 5.7488e-01, 
 2DIAGNOSTIC,     4, -3.625298583596e-01, 1.797693134862e+308, 2.1385e+01, 6.8184e-01, 
 2DIAGNOSTIC,     5, -3.625509610710e-01, 1.797693134862e+308, 2.1960e+01, 5.7471e-01, 
 2DIAGNOSTIC,     6, -3.626246636880e-01, 1.797693134862e+308, 2.2535e+01, 5.7485e-01, 
 2DIAGNOSTIC,     7, -3.627545443088e-01, 1.797693134862e+308, 2.3737e+01, 1.2023e+00, 
 2DIAGNOSTIC,     8, -3.627534487573e-01, 1.797693134862e+308, 2.4404e+01, 6.6729e-01, 
 2DIAGNOSTIC,     9, -3.627535770242e-01, 1.797693134862e+308, 2.5338e+01, 9.3418e-01, 
 2DIAGNOSTIC,    10, -3.627534240329e-01, 6.776954113306e-05, 2.6094e+01, 7.5556e-01, 
 2DIAGNOSTIC,    11, -3.627535503274e-01, 5.639515494582e-05, 2.6761e+01, 6.6700e-01, 
 2DIAGNOSTIC,    12, -3.627532029301e-01, 4.401424991515e-05, 2.7338e+01, 5.7706e-01, 
 2DIAGNOSTIC,    13, -3.627529220214e-01, 3.197166210175e-05, 2.7914e+01, 5.7595e-01, 
 2DIAGNOSTIC,    14, -3.627532142341e-01, 1.981442982149e-05, 2.8490e+01, 5.7616e-01, 
 2DIAGNOSTIC,    15, -3.627532596548e-01, 8.751658063202e-06, 2.9156e+01, 6.6560e-01, 
 2DIAGNOSTIC,    16, -3.627518578213e-01, 1.822151427036e-06, 2.9732e+01, 5.7608e-01, 
 2DIAGNOSTIC,    17, -3.627524789646e-01, 1.742961301537e-06, 3.0576e+01, 8.4467e-01, 
 2DIAGNOSTIC,    18, -3.627526610636e-01, 1.643273901224e-06, 3.1243e+01, 6.6683e-01, 
 2DIAGNOSTIC,    19, -3.627523408155e-01, 1.556678656769e-06, 3.1821e+01, 5.7722e-01, 
 2DIAGNOSTIC,    20, -3.627516504198e-01, 1.457142074154e-06, 3.2397e+01, 5.7698e-01, 
 2DIAGNOSTIC,    21, -3.627524612173e-01, 1.416418803968e-06, 3.3064e+01, 6.6667e-01, 
 2DIAGNOSTIC,    22, -3.627518379413e-01, 1.352953000557e-06, 3.3675e+01, 6.1068e-01, 
 2DIAGNOSTIC,    23, -3.627527291035e-01, 1.323883910935e-06, 3.4341e+01, 6.6574e-01, 
 2DIAGNOSTIC,    24, -3.627529998583e-01, 1.320514029998e-06, 3.5007e+01, 6.6673e-01, 
 2DIAGNOSTIC,    25, -3.627528847628e-01, 1.317379799963e-06, 3.5674e+01, 6.6684e-01, 
 2DIAGNOSTIC,    26, -3.627533387582e-01, 1.281451032786e-06, 3.6342e+01, 6.6736e-01, 
 2DIAGNOSTIC,    27, -3.627529469396e-01, 1.248633974604e-06, 3.6919e+01, 5.7770e-01, 
 2DIAGNOSTIC,    28, -3.627550543130e-01, 1.276021637742e-06, 3.7498e+01, 5.7835e-01, 
 2DIAGNOSTIC,    29, -3.627565708022e-01, 1.319404523997e-06, 3.8162e+01, 6.6470e-01, 
 2DIAGNOSTIC,    30, -3.627573019913e-01, 1.338852880867e-06, 3.8739e+01, 5.7651e-01, 
 2DIAGNOSTIC,    31, -3.627577175530e-01, 1.363183852202e-06, 3.9404e+01, 6.6515e-01, 
 2DIAGNOSTIC,    32, -3.627600720418e-01, 1.396320141171e-06, 4.0069e+01, 6.6483e-01, 
 2DIAGNOSTIC,    33, -3.627602568431e-01, 1.412670651173e-06, 4.0644e+01, 5.7534e-01, 
 2DIAGNOSTIC,    34, -3.627619302261e-01, 1.430179338482e-06, 4.1219e+01, 5.7536e-01, 
 2DIAGNOSTIC,    35, -3.627704918578e-01, 1.588561347944e-06, 4.1885e+01, 6.6559e-01, 
 2DIAGNOSTIC,    36, -3.627736020869e-01, 1.747196104684e-06, 4.2549e+01, 6.6433e-01, 
 2DIAGNOSTIC,    37, -3.627749591273e-01, 1.834866183582e-06, 4.3125e+01, 5.7546e-01, 
 2DIAGNOSTIC,    38, -3.627792548312e-01, 1.958983688665e-06, 4.3700e+01, 5.7508e-01, 
 2DIAGNOSTIC,    39, -3.628299996866e-01, 3.017853704532e-06, 4.4542e+01, 8.4222e-01, 
 2DIAGNOSTIC,    40, -3.628545164234e-01, 4.278521595211e-06, 4.5302e+01, 7.6023e-01, 
 2DIAGNOSTIC,    41, -3.628545295579e-01, 5.150658416678e-06, 4.5878e+01, 5.7552e-01, 
 2DIAGNOSTIC,    42, -3.628768895566e-01, 6.047440630440e-06, 4.6541e+01, 6.6333e-01, 
 2DIAGNOSTIC,    43, -3.628822044840e-01, 6.489983405272e-06, 4.7205e+01, 6.6354e-01, 
 2DIAGNOSTIC,    44, -3.628875229700e-01, 6.468867528978e-06, 4.7780e+01, 5.7517e-01, 
 2DIAGNOSTIC,    45, -3.629326614945e-01, 6.828345709965e-06, 4.8355e+01, 5.7493e-01, 
 2DIAGNOSTIC,    46, -3.629619295182e-01, 7.129802935830e-06, 4.9285e+01, 9.3035e-01, 
 2DIAGNOSTIC,    47, -3.629646129638e-01, 6.874200929843e-06, 4.9949e+01, 6.6392e-01, 
 2DIAGNOSTIC,    48, -3.629688168239e-01, 6.168874726036e-06, 5.0524e+01, 5.7465e-01, 
 2DIAGNOSTIC,    49, -3.629810960405e-01, 5.968820089720e-06, 5.1099e+01, 5.7490e-01, 
 2DIAGNOSTIC,    50, -3.630201667771e-01, 6.250779217471e-06, 5.2030e+01, 9.3097e-01, 
 2DIAGNOSTIC,    51, -3.630192208659e-01, 5.937249595189e-06, 5.2791e+01, 7.6174e-01, 
 2DIAGNOSTIC,    52, -3.630188049583e-01, 5.474387416046e-06, 5.3464e+01, 6.7241e-01, 
 2DIAGNOSTIC,    53, -3.630187215374e-01, 4.660095656379e-06, 5.4128e+01, 6.6428e-01, 
 2DIAGNOSTIC,    54, -3.630181698246e-01, 3.536754668524e-06, 5.4703e+01, 5.7534e-01, 
 2DIAGNOSTIC,    55, -3.630190961600e-01, 2.806976212927e-06, 5.5281e+01, 5.7734e-01, 
 2DIAGNOSTIC,    56, -3.630209153657e-01, 2.324238944224e-06, 5.5861e+01, 5.7989e-01, 
 2DIAGNOSTIC,    57, -3.630257704214e-01, 1.801919505651e-06, 5.6444e+01, 5.8347e-01, 
 2DIAGNOSTIC,    58, -3.630306217084e-01, 1.300477638900e-06, 5.7030e+01, 5.8612e-01, 
 2DIAGNOSTIC,    59, -3.630422968419e-01, 1.046098047425e-06, 5.7615e+01, 5.8448e-01, 
 2DIAGNOSTIC,    60, -3.630634614464e-01, 1.535333753050e-06, 5.8757e+01, 1.1423e+00, 
 2DIAGNOSTIC,    61, -3.630619309740e-01, 1.874442928151e-06, 5.9425e+01, 6.6810e-01, 
 2DIAGNOSTIC,    62, -3.630621505923e-01, 2.074916558448e-06, 6.0089e+01, 6.6418e-01, 
 2DIAGNOSTIC,    63, -3.630620454528e-01, 2.119258621293e-06, 6.0843e+01, 7.5338e-01, 
 2DIAGNOSTIC,    64, -3.630626459869e-01, 2.004472334827e-06, 6.1507e+01, 6.6465e-01, 
 2DIAGNOSTIC,    65, -3.630614416970e-01, 1.740811926877e-06, 6.2172e+01, 6.6490e-01, 
 2DIAGNOSTIC,    66, -3.630621207786e-01, 1.395401252872e-06, 6.2748e+01, 5.7558e-01, 
 2DIAGNOSTIC,    67, -3.630629344042e-01, 1.042397652841e-06, 6.3413e+01, 6.6475e-01, 
DIAGNOSTIC,Iteration,metricValue,convergenceValue,ITERATION_TIME_INDEX,SINCE_LAST
 2DIAGNOSTIC,     1, -3.360141778578e-01, 1.797693134862e+308, 6.7881e+01, 4.4687e+00, 
  Elapsed time (stage 0): 6.8588e+01


Total elapsed time: 6.8589e+01
 Registration finished. The antsRegistration call was:
--------------------------------------------------------------------------------------
/opt/ants/bin//antsRegistration --verbose 1 --dimensionality 3 --float 0 --collapse-output-transforms 1 --output [ /output/sub-002MND_ses_01_ses_02/warped_source_,/output/sub-002MND_ses_01_ses_02/warped_source_Warped.nii.gz,/output/sub-002MND_ses_01_ses_02/warped_source_InverseWarped.nii.gz ] --interpolation Linear --use-histogram-matching 0 --winsorize-image-intensities [ 0.005,0.995 ] --initial-moving-transform [ /data/brain_mni.nii.gz,/input/sub-002MND_ses_01_ses_02/source.nii.gz,1 ] --transform Rigid[ 0.1 ] --metric MI[ /data/brain_mni.nii.gz,/input/sub-002MND_ses_01_ses_02/source.nii.gz,1,32,Regular,0.25 ] --convergence [ 1000x500x250x0,1e-6,10 ] --shrink-factors 8x4x2x1 --smoothing-sigmas 3x2x1x0vox
--------------------------------------------------------------------------------------
Moving image resampled into fixed space: /output/sub-002MND_ses_01_ses_02/warped_source_Warped.nii.gz
Fixed image resampled into moving space: /output/sub-002MND_ses_01_ses_02/warped_source_InverseWarped.nii.gz
--------------------------------------------------------------------------------------
Warping target image to template for sub-002MND_ses_01_ses_02

--------------------------------------------------------------------------------------
 Mapping parameters
--------------------------------------------------------------------------------------
 ANTSPATH is /opt/ants/bin/

 Dimensionality:           3
 Output name prefix:       /output/sub-002MND_ses_01_ses_02/warped_target_
 Fixed images:             /data/brain_mni.nii.gz
 Moving images:            /input/sub-002MND_ses_01_ses_02/target.nii.gz
 Mask images:              
 Initial transforms:       
 Number of threads:        1
 Spline distance:          26
 SyN gradient step:        0.1
 Transform type:           r
 MI histogram bins:        32
 Precision:                d
 Use histogram matching:   0
 Repro                     0
======================================================================================
 antsRegistration call:
--------------------------------------------------------------------------------------
/opt/ants/bin//antsRegistration --verbose 1 --dimensionality 3 --float 0 --collapse-output-transforms 1 --output [ /output/sub-002MND_ses_01_ses_02/warped_target_,/output/sub-002MND_ses_01_ses_02/warped_target_Warped.nii.gz,/output/sub-002MND_ses_01_ses_02/warped_target_InverseWarped.nii.gz ] --interpolation Linear --use-histogram-matching 0 --winsorize-image-intensities [ 0.005,0.995 ] --initial-moving-transform [ /data/brain_mni.nii.gz,/input/sub-002MND_ses_01_ses_02/target.nii.gz,1 ] --transform Rigid[ 0.1 ] --metric MI[ /data/brain_mni.nii.gz,/input/sub-002MND_ses_01_ses_02/target.nii.gz,1,32,Regular,0.25 ] --convergence [ 1000x500x250x0,1e-6,10 ] --shrink-factors 8x4x2x1 --smoothing-sigmas 3x2x1x0vox
--------------------------------------------------------------------------------------
All_Command_lines_OK
Using double precision for computations.
=============================================================================
The composite transform comprises the following transforms (in order): 
  1. Center of mass alignment using fixed image: /data/brain_mni.nii.gz and moving image: /input/sub-002MND_ses_01_ses_02/target.nii.gz (type = Euler3DTransform)
=============================================================================
  number of levels = 4
  fixed image: /data/brain_mni.nii.gz
  moving image: /input/sub-002MND_ses_01_ses_02/target.nii.gz
Dimension = 3
Number of stages = 1
Use histogram matching = false
Winsorize image intensities = true
  Lower quantile = 0.005
  Upper quantile = 0.995


Stage 1 State
   Image metric = Mattes
     Fixed image = Image (0x55ee3daae520)
  RTTI typeinfo:   itk::Image<double, 3u>
  Reference Count: 2
  Modified Time: 1663
  Debug: Off
  Object Name: 
  Observers: 
    none
  Source: (none)
  Source output name: (none)
  Release Data: Off
  Data Released: False
  Global Release Data: Off
  PipelineMTime: 0
  UpdateMTime: 1448
  RealTimeStamp: 0 seconds 
  LargestPossibleRegion: 
    Dimension: 3
    Index: [0, 0, 0]
    Size: [197, 233, 189]
  BufferedRegion: 
    Dimension: 3
    Index: [0, 0, 0]
    Size: [197, 233, 189]
  RequestedRegion: 
    Dimension: 3
    Index: [0, 0, 0]
    Size: [197, 233, 189]
  Spacing: [1, 1, 1]
  Origin: [98, 134, -72]
  Direction: 
-1 0 0
0 -1 0
0 0 1

  IndexToPointMatrix: 
-1 0 0
0 -1 0
0 0 1

  PointToIndexMatrix: 
-1 0 0
0 -1 0
0 0 1

  Inverse Direction: 
-1 0 0
0 -1 0
0 0 1

  PixelContainer: 
    ImportImageContainer (0x55ee3db62290)
      RTTI typeinfo:   itk::ImportImageContainer<unsigned long, double>
      Reference Count: 1
      Modified Time: 1445
      Debug: Off
      Object Name: 
      Observers: 
        none
      Pointer: 0x7f60760e6010
      Container manages memory: true
      Size: 8675289
      Capacity: 8675289

     Moving image = Image (0x55ee3dab0490)
  RTTI typeinfo:   itk::Image<double, 3u>
  Reference Count: 2
  Modified Time: 1664
  Debug: Off
  Object Name: 
  Observers: 
    none
  Source: (none)
  Source output name: (none)
  Release Data: Off
  Data Released: False
  Global Release Data: Off
  PipelineMTime: 0
  UpdateMTime: 1661
  RealTimeStamp: 0 seconds 
  LargestPossibleRegion: 
    Dimension: 3
    Index: [0, 0, 0]
    Size: [256, 256, 256]
  BufferedRegion: 
    Dimension: 3
    Index: [0, 0, 0]
    Size: [256, 256, 256]
  RequestedRegion: 
    Dimension: 3
    Index: [0, 0, 0]
    Size: [256, 256, 256]
  Spacing: [1, 1, 1]
  Origin: [-157.041, 103.957, 122.562]
  Direction: 
1 0 0
0 -0 -1
0 -1 0

  IndexToPointMatrix: 
1 0 0
0 0 -1
0 -1 0

  PointToIndexMatrix: 
1 0 0
0 0 -1
0 -1 0

  Inverse Direction: 
1 0 0
0 0 -1
0 -1 0

  PixelContainer: 
    ImportImageContainer (0x55ee3dba2310)
      RTTI typeinfo:   itk::ImportImageContainer<unsigned long, double>
      Reference Count: 1
      Modified Time: 1658
      Debug: Off
      Object Name: 
      Observers: 
        none
      Pointer: 0x7f606e0e5010
      Container manages memory: true
      Size: 16777216
      Capacity: 16777216

     Weighting = 1
     Sampling strategy = regular
     Number of bins = 32
     Radius = 4
     Sampling percentage  = 0.25
   Transform = Rigid
     Gradient step = 0.1
     Update field sigma (voxel space) = 0
     Total field sigma (voxel space) = 0
     Update field time sigma = 0
     Total field time sigma  = 0
     Number of time indices = 0
     Number of time point samples = 0
Registration using 1 total stages.

Stage 0
  iterations = 1000x500x250x0
  convergence threshold = 1e-06
  convergence window size = 10
  number of levels = 4
  using the Mattes MI metric (number of bins = 32, weight = 1, use gradient filter = 0)
  preprocessing:  winsorizing the image intensities
  Shrink factors (level 1 out of 4): [8, 8, 8]
  Shrink factors (level 2 out of 4): [4, 4, 4]
  Shrink factors (level 3 out of 4): [2, 2, 2]
  Shrink factors (level 4 out of 4): [1, 1, 1]
  smoothing sigmas per level: [3, 2, 1, 0]
  regular sampling (percentage = 0.25)

*** Running Euler3DTransform registration ***

DIAGNOSTIC,Iteration,metricValue,convergenceValue,ITERATION_TIME_INDEX,SINCE_LAST
 2DIAGNOSTIC,     1, -3.589285018577e-01, 1.797693134862e+308, 3.7423e+00, 3.7423e+00, 
 2DIAGNOSTIC,     2, -3.601196584834e-01, 1.797693134862e+308, 3.7505e+00, 8.2400e-03, 
 2DIAGNOSTIC,     3, -3.622499563242e-01, 1.797693134862e+308, 3.7588e+00, 8.2979e-03, 
 2DIAGNOSTIC,     4, -3.650115114009e-01, 1.797693134862e+308, 3.7673e+00, 8.5340e-03, 
 2DIAGNOSTIC,     5, -3.669736103073e-01, 1.797693134862e+308, 3.7759e+00, 8.6119e-03, 
 2DIAGNOSTIC,     6, -3.673194023716e-01, 1.797693134862e+308, 3.7868e+00, 1.0821e-02, 
 2DIAGNOSTIC,     7, -3.761273695466e-01, 1.797693134862e+308, 3.7976e+00, 1.0870e-02, 
 2DIAGNOSTIC,     8, -3.814961435023e-01, 1.797693134862e+308, 3.8063e+00, 8.6310e-03, 
 2DIAGNOSTIC,     9, -3.867084794828e-01, 1.797693134862e+308, 3.8170e+00, 1.0775e-02, 
 2DIAGNOSTIC,    10, -3.940783774323e-01, 5.898043713973e-03, 3.8286e+00, 1.1550e-02, 
 2DIAGNOSTIC,    11, -3.961462353946e-01, 6.032253101894e-03, 3.8404e+00, 1.1799e-02, 
 2DIAGNOSTIC,    12, -3.968002987259e-01, 5.717115873541e-03, 3.8489e+00, 8.5301e-03, 
 2DIAGNOSTIC,    13, -3.974749224938e-01, 5.096987040278e-03, 3.8588e+00, 9.9101e-03, 
 2DIAGNOSTIC,    14, -3.992049007784e-01, 4.346704553505e-03, 3.8820e+00, 2.3201e-02, 
 2DIAGNOSTIC,    15, -3.992380987413e-01, 3.405557012814e-03, 3.8914e+00, 9.4049e-03, 
 2DIAGNOSTIC,    16, -3.992492258038e-01, 2.286553114914e-03, 3.8998e+00, 8.3580e-03, 
 2DIAGNOSTIC,    17, -3.992324446976e-01, 1.480727173118e-03, 3.9081e+00, 8.3392e-03, 
 2DIAGNOSTIC,    18, -3.992638619709e-01, 8.521435058790e-04, 3.9164e+00, 8.2989e-03, 
 2DIAGNOSTIC,    19, -3.993160398081e-01, 4.103560560522e-04, 3.9248e+00, 8.3361e-03, 
 2DIAGNOSTIC,    20, -3.994017327818e-01, 2.496974419139e-04, 3.9332e+00, 8.4240e-03, 
 2DIAGNOSTIC,    21, -3.995407750388e-01, 1.597669086757e-04, 3.9415e+00, 8.3151e-03, 
 2DIAGNOSTIC,    22, -3.996841235210e-01, 9.019308811875e-05, 3.9499e+00, 8.3702e-03, 
 2DIAGNOSTIC,    23, -3.999199779405e-01, 4.602284718475e-05, 3.9582e+00, 8.3189e-03, 
 2DIAGNOSTIC,    24, -4.002986395012e-01, 6.573157653934e-05, 3.9665e+00, 8.3332e-03, 
 2DIAGNOSTIC,    25, -4.005779393392e-01, 8.669853819490e-05, 3.9759e+00, 9.3629e-03, 
 2DIAGNOSTIC,    26, -4.006545768828e-01, 1.004194231475e-04, 3.9852e+00, 9.3269e-03, 
 2DIAGNOSTIC,    27, -4.006765030130e-01, 1.040289095788e-04, 3.9936e+00, 8.3389e-03, 
 2DIAGNOSTIC,    28, -4.008511133838e-01, 1.030712328199e-04, 4.0019e+00, 8.3830e-03, 
 2DIAGNOSTIC,    29, -4.013431307904e-01, 1.059827696518e-04, 4.0126e+00, 1.0689e-02, 
 2DIAGNOSTIC,    30, -4.016599300136e-01, 1.081568904815e-04, 4.0251e+00, 1.2433e-02, 
 2DIAGNOSTIC,    31, -4.016118846699e-01, 1.022487517737e-04, 4.0334e+00, 8.2989e-03, 
 2DIAGNOSTIC,    32, -4.016368806638e-01, 9.128639643467e-05, 4.0417e+00, 8.3370e-03, 
 2DIAGNOSTIC,    33, -4.016675641656e-01, 7.815705521759e-05, 4.0510e+00, 9.3009e-03, 
 2DIAGNOSTIC,    34, -4.016834939913e-01, 6.653186305203e-05, 4.0593e+00, 8.3199e-03, 
 2DIAGNOSTIC,    35, -4.016707485601e-01, 5.476428025594e-05, 4.0687e+00, 9.3439e-03, 
 2DIAGNOSTIC,    36, -4.016521082336e-01, 3.992080038359e-05, 4.0770e+00, 8.3621e-03, 
 2DIAGNOSTIC,    37, -4.016776319402e-01, 2.324107717347e-05, 4.0854e+00, 8.3530e-03, 
 2DIAGNOSTIC,    38, -4.017486916911e-01, 9.763822752865e-06, 4.0937e+00, 8.3702e-03, 
 2DIAGNOSTIC,    39, -4.017888476745e-01, 5.798837384569e-06, 4.1021e+00, 8.3101e-03, 
 2DIAGNOSTIC,    40, -4.018782869993e-01, 8.950376315566e-06, 4.1134e+00, 1.1393e-02, 
 2DIAGNOSTIC,    41, -4.019480708940e-01, 1.153868946368e-05, 4.1248e+00, 1.1361e-02, 
 2DIAGNOSTIC,    42, -4.019861949673e-01, 1.402999054122e-05, 4.1331e+00, 8.2841e-03, 
 2DIAGNOSTIC,    43, -4.019562086347e-01, 1.512950291409e-05, 4.1414e+00, 8.3399e-03, 
 2DIAGNOSTIC,    44, -4.019602812982e-01, 1.516090143861e-05, 4.1497e+00, 8.3182e-03, 
 2DIAGNOSTIC,    45, -4.019628639931e-01, 1.365275346259e-05, 4.1590e+00, 9.2590e-03, 
 2DIAGNOSTIC,    46, -4.019651320752e-01, 1.069622123720e-05, 4.1683e+00, 9.2731e-03, 
 2DIAGNOSTIC,    47, -4.019298823721e-01, 6.749617668719e-06, 4.1786e+00, 1.0327e-02, 
 2DIAGNOSTIC,    48, -4.019310779302e-01, 3.511792399817e-06, 4.1869e+00, 8.3089e-03, 
DIAGNOSTIC,Iteration,metricValue,convergenceValue,ITERATION_TIME_INDEX,SINCE_LAST
 2DIAGNOSTIC,     1, -2.909504384423e-01, 1.797693134862e+308, 8.0325e+00, 3.8456e+00, 
 2DIAGNOSTIC,     2, -2.911368838046e-01, 1.797693134862e+308, 8.1371e+00, 1.0461e-01, 
 2DIAGNOSTIC,     3, -2.917167559732e-01, 1.797693134862e+308, 8.2417e+00, 1.0453e-01, 
 2DIAGNOSTIC,     4, -2.921730850306e-01, 1.797693134862e+308, 8.3778e+00, 1.3618e-01, 
 2DIAGNOSTIC,     5, -2.925566442888e-01, 1.797693134862e+308, 8.4824e+00, 1.0453e-01, 
 2DIAGNOSTIC,     6, -2.929265366013e-01, 1.797693134862e+308, 8.5867e+00, 1.0430e-01, 
 2DIAGNOSTIC,     7, -2.950467768500e-01, 1.797693134862e+308, 8.6909e+00, 1.0425e-01, 
 2DIAGNOSTIC,     8, -2.960221867943e-01, 1.797693134862e+308, 8.7951e+00, 1.0415e-01, 
 2DIAGNOSTIC,     9, -2.974038105963e-01, 1.797693134862e+308, 8.8989e+00, 1.0378e-01, 
 2DIAGNOSTIC,    10, -3.032632939738e-01, 2.148163995577e-03, 9.0189e+00, 1.2009e-01, 
 2DIAGNOSTIC,    11, -3.045627655402e-01, 2.554082615297e-03, 9.1235e+00, 1.0452e-01, 
 2DIAGNOSTIC,    12, -3.069349125701e-01, 2.865854761708e-03, 9.2591e+00, 1.3566e-01, 
 2DIAGNOSTIC,    13, -3.113804005210e-01, 3.237214935415e-03, 9.3940e+00, 1.3491e-01, 
 2DIAGNOSTIC,    14, -3.118046793150e-01, 3.313277178155e-03, 9.4969e+00, 1.0286e-01, 
 2DIAGNOSTIC,    15, -3.185675364506e-01, 3.524598589502e-03, 9.5989e+00, 1.0199e-01, 
 2DIAGNOSTIC,    16, -3.293123944458e-01, 4.021742975220e-03, 9.7165e+00, 1.1763e-01, 
 2DIAGNOSTIC,    17, -3.394264790910e-01, 4.741663702140e-03, 9.8186e+00, 1.0212e-01, 
 2DIAGNOSTIC,    18, -3.451588055685e-01, 5.274325259063e-03, 9.9210e+00, 1.0237e-01, 
 2DIAGNOSTIC,    19, -3.570008815814e-01, 5.887324639244e-03, 1.0053e+01, 1.3230e-01, 
 2DIAGNOSTIC,    20, -3.654628318223e-01, 6.523388718571e-03, 1.0170e+01, 1.1641e-01, 
 2DIAGNOSTIC,    21, -3.764755563549e-01, 6.993930273297e-03, 1.0285e+01, 1.1569e-01, 
 2DIAGNOSTIC,    22, -4.028334770760e-01, 7.894933394958e-03, 1.0416e+01, 1.3088e-01, 
 2DIAGNOSTIC,    23, -4.102082201629e-01, 8.396589976456e-03, 1.0520e+01, 1.0395e-01, 
 2DIAGNOSTIC,    24, -4.105361816817e-01, 8.099356701432e-03, 1.0744e+01, 2.2411e-01, 
 2DIAGNOSTIC,    25, -4.105494576340e-01, 7.319174990821e-03, 1.0845e+01, 1.0032e-01, 
 2DIAGNOSTIC,    26, -4.106764623671e-01, 6.280905180678e-03, 1.0945e+01, 1.0036e-01, 
 2DIAGNOSTIC,    27, -4.107982241005e-01, 5.058780972053e-03, 1.1045e+01, 1.0036e-01, 
 2DIAGNOSTIC,    28, -4.108906761928e-01, 3.635522716973e-03, 1.1146e+01, 1.0047e-01, 
 2DIAGNOSTIC,    29, -4.110004562069e-01, 2.341684538746e-03, 1.1246e+01, 1.0018e-01, 
 2DIAGNOSTIC,    30, -4.111542841817e-01, 1.172429096124e-03, 1.1346e+01, 1.0020e-01, 
 2DIAGNOSTIC,    31, -4.113372589618e-01, 2.622447446019e-04, 1.1447e+01, 1.0034e-01, 
 2DIAGNOSTIC,    32, -4.123704771669e-01, 8.942149072962e-05, 1.1562e+01, 1.1572e-01, 
 2DIAGNOSTIC,    33, -4.134293241872e-01, 1.275843217619e-04, 1.1709e+01, 1.4665e-01, 
 2DIAGNOSTIC,    34, -4.135039672081e-01, 1.603963409107e-04, 1.1825e+01, 1.1572e-01, 
 2DIAGNOSTIC,    35, -4.135177312891e-01, 1.771052266347e-04, 1.1956e+01, 1.3116e-01, 
 2DIAGNOSTIC,    36, -4.135545639814e-01, 1.799284608808e-04, 1.2056e+01, 1.0041e-01, 
 2DIAGNOSTIC,    37, -4.136433310827e-01, 1.697159749895e-04, 1.2173e+01, 1.1630e-01, 
 2DIAGNOSTIC,    38, -4.136462025333e-01, 1.456508807806e-04, 1.2288e+01, 1.1584e-01, 
 2DIAGNOSTIC,    39, -4.136441982904e-01, 1.116787734785e-04, 1.2389e+01, 1.0018e-01, 
 2DIAGNOSTIC,    40, -4.136433461946e-01, 7.264532862897e-05, 1.2504e+01, 1.1584e-01, 
 2DIAGNOSTIC,    41, -4.136456441552e-01, 3.219557084989e-05, 1.2605e+01, 1.0032e-01, 
 2DIAGNOSTIC,    42, -4.136435275332e-01, 9.589091026461e-06, 1.2705e+01, 1.0012e-01, 
 2DIAGNOSTIC,    43, -4.136427703396e-01, 6.503992050776e-06, 1.2805e+01, 1.0005e-01, 
 2DIAGNOSTIC,    44, -4.136489734461e-01, 4.493773936090e-06, 1.2920e+01, 1.1553e-01, 
 2DIAGNOSTIC,    45, -4.136542711697e-01, 2.559660363687e-06, 1.3021e+01, 1.0024e-01, 
 2DIAGNOSTIC,    46, -4.136576450143e-01, 1.182974785876e-06, 1.3121e+01, 1.0024e-01, 
 2DIAGNOSTIC,    47, -4.136609897788e-01, 1.343993893024e-06, 1.3237e+01, 1.1565e-01, 
 2DIAGNOSTIC,    48, -4.136791043604e-01, 1.779688942046e-06, 1.3337e+01, 1.0017e-01, 
 2DIAGNOSTIC,    49, -4.138700614725e-01, 5.046184849485e-06, 1.3456e+01, 1.1970e-01, 
 2DIAGNOSTIC,    50, -4.140698611014e-01, 1.071595116637e-05, 1.3557e+01, 1.0012e-01, 
 2DIAGNOSTIC,    51, -4.141182539128e-01, 1.589405883706e-05, 1.3672e+01, 1.1556e-01, 
 2DIAGNOSTIC,    52, -4.144796369593e-01, 2.472099301675e-05, 1.3803e+01, 1.3095e-01, 
 2DIAGNOSTIC,    53, -4.147006438499e-01, 3.392650902291e-05, 1.3919e+01, 1.1550e-01, 
 2DIAGNOSTIC,    54, -4.152569824283e-01, 4.739693181022e-05, 1.4053e+01, 1.3480e-01, 
 2DIAGNOSTIC,    55, -4.154369986225e-01, 5.823920038039e-05, 1.4154e+01, 1.0030e-01, 
 2DIAGNOSTIC,    56, -4.156843244246e-01, 6.658727132010e-05, 1.4285e+01, 1.3096e-01, 
 2DIAGNOSTIC,    57, -4.156786975641e-01, 6.828271512949e-05, 1.4385e+01, 9.9969e-02, 
 2DIAGNOSTIC,    58, -4.156789623639e-01, 6.361525313574e-05, 1.4485e+01, 1.0006e-01, 
 2DIAGNOSTIC,    59, -4.157196514148e-01, 5.594595626690e-05, 1.4600e+01, 1.1577e-01, 
 2DIAGNOSTIC,    60, -4.157654316592e-01, 4.630471007123e-05, 1.4763e+01, 1.6280e-01, 
 2DIAGNOSTIC,    61, -4.157629481439e-01, 3.312954782727e-05, 1.4864e+01, 1.0042e-01, 
 2DIAGNOSTIC,    62, -4.157641565311e-01, 2.171206084428e-05, 1.4980e+01, 1.1592e-01, 
 2DIAGNOSTIC,    63, -4.157667945770e-01, 1.120062054315e-05, 1.5081e+01, 1.0145e-01, 
 2DIAGNOSTIC,    64, -4.157758537845e-01, 6.576437552391e-06, 1.5181e+01, 1.0026e-01, 
 2DIAGNOSTIC,    65, -4.158419761054e-01, 4.252960709990e-06, 1.5281e+01, 1.0021e-01, 
 2DIAGNOSTIC,    66, -4.158497826655e-01, 4.512258913795e-06, 1.5382e+01, 1.0006e-01, 
 2DIAGNOSTIC,    67, -4.159799683847e-01, 5.781923277146e-06, 1.5513e+01, 1.3116e-01, 
 2DIAGNOSTIC,    68, -4.163161776129e-01, 1.013947235650e-05, 1.5675e+01, 1.6205e-01, 
 2DIAGNOSTIC,    69, -4.163777746572e-01, 1.442743079224e-05, 1.5775e+01, 9.9978e-02, 
 2DIAGNOSTIC,    70, -4.164301605045e-01, 1.831477823160e-05, 1.5890e+01, 1.1552e-01, 
 2DIAGNOSTIC,    71, -4.164934004076e-01, 2.104098552669e-05, 1.5990e+01, 1.0010e-01, 
 2DIAGNOSTIC,    72, -4.165290008059e-01, 2.205607227845e-05, 1.6121e+01, 1.3112e-01, 
 2DIAGNOSTIC,    73, -4.165437957274e-01, 2.108598774410e-05, 1.6299e+01, 1.7733e-01, 
 2DIAGNOSTIC,    74, -4.165512318513e-01, 1.831002379202e-05, 1.6399e+01, 1.0008e-01, 
 2DIAGNOSTIC,    75, -4.165581829788e-01, 1.466958384264e-05, 1.6499e+01, 1.0014e-01, 
 2DIAGNOSTIC,    76, -4.165775965668e-01, 1.002581513732e-05, 1.6599e+01, 1.0002e-01, 
 2DIAGNOSTIC,    77, -4.165962016773e-01, 5.919076082458e-06, 1.6699e+01, 1.0017e-01, 
 2DIAGNOSTIC,    78, -4.166120083644e-01, 4.702372716282e-06, 1.6800e+01, 1.0032e-01, 
 2DIAGNOSTIC,    79, -4.166247273200e-01, 3.794386874940e-06, 1.6900e+01, 1.0006e-01, 
 2DIAGNOSTIC,    80, -4.166341601783e-01, 3.141005871883e-06, 1.7000e+01, 1.0010e-01, 
 2DIAGNOSTIC,    81, -4.166780990369e-01, 3.202062156944e-06, 1.7115e+01, 1.1566e-01, 
 2DIAGNOSTIC,    82, -4.166908067701e-01, 3.409455796084e-06, 1.7277e+01, 1.6180e-01, 
 2DIAGNOSTIC,    83, -4.166975013723e-01, 3.512634358242e-06, 1.7377e+01, 1.0025e-01, 
 2DIAGNOSTIC,    84, -4.166982768724e-01, 3.391087309413e-06, 1.7478e+01, 1.0036e-01, 
 2DIAGNOSTIC,    85, -4.166970274603e-01, 3.031563778995e-06, 1.7578e+01, 1.0012e-01, 
 2DIAGNOSTIC,    86, -4.167112066327e-01, 2.704549810701e-06, 1.7678e+01, 1.0022e-01, 
 2DIAGNOSTIC,    87, -4.167154070713e-01, 2.345257616181e-06, 1.7794e+01, 1.1552e-01, 
 2DIAGNOSTIC,    88, -4.167369642019e-01, 2.117391866226e-06, 1.8002e+01, 2.0828e-01, 
 2DIAGNOSTIC,    89, -4.167408441444e-01, 1.863995109319e-06, 1.8102e+01, 1.0037e-01, 
 2DIAGNOSTIC,    90, -4.167354422107e-01, 1.499201941351e-06, 1.8218e+01, 1.1553e-01, 
 2DIAGNOSTIC,    91, -4.167358064250e-01, 1.388054675313e-06, 1.8380e+01, 1.6184e-01, 
 2DIAGNOSTIC,    92, -4.167358117859e-01, 1.278168301436e-06, 1.8495e+01, 1.1563e-01, 
 2DIAGNOSTIC,    93, -4.167358125071e-01, 1.132734698315e-06, 1.8657e+01, 1.6213e-01, 
DIAGNOSTIC,Iteration,metricValue,convergenceValue,ITERATION_TIME_INDEX,SINCE_LAST
 2DIAGNOSTIC,     1, -3.662684770478e-01, 1.797693134862e+308, 2.3126e+01, 4.4682e+00, 
 2DIAGNOSTIC,     2, -3.663241788178e-01, 1.797693134862e+308, 2.3728e+01, 6.0229e-01, 
 2DIAGNOSTIC,     3, -3.663898833416e-01, 1.797693134862e+308, 2.4331e+01, 6.0341e-01, 
 2DIAGNOSTIC,     4, -3.664602596444e-01, 1.797693134862e+308, 2.4934e+01, 6.0297e-01, 
 2DIAGNOSTIC,     5, -3.665796516598e-01, 1.797693134862e+308, 2.5914e+01, 9.8019e-01, 
 2DIAGNOSTIC,     6, -3.666683374859e-01, 1.797693134862e+308, 2.6521e+01, 6.0620e-01, 
 2DIAGNOSTIC,     7, -3.667118393305e-01, 1.797693134862e+308, 2.7133e+01, 6.1195e-01, 
 2DIAGNOSTIC,     8, -3.667955238754e-01, 1.797693134862e+308, 2.7837e+01, 7.0439e-01, 
 2DIAGNOSTIC,     9, -3.669660807978e-01, 1.797693134862e+308, 2.8536e+01, 6.9869e-01, 
 2DIAGNOSTIC,    10, -3.670055770801e-01, 1.361136682326e-04, 2.9140e+01, 6.0448e-01, 
 2DIAGNOSTIC,    11, -3.670502445757e-01, 1.245937930229e-04, 2.9846e+01, 7.0543e-01, 
 2DIAGNOSTIC,    12, -3.670661547537e-01, 1.088069994811e-04, 3.1128e+01, 1.2827e+00, 
 2DIAGNOSTIC,    13, -3.670682518104e-01, 8.987214245883e-05, 3.1839e+01, 7.1085e-01, 
 2DIAGNOSTIC,    14, -3.670676936991e-01, 6.934106376906e-05, 3.2651e+01, 8.1184e-01, 
 2DIAGNOSTIC,    15, -3.670672480365e-01, 5.147759713092e-05, 3.3373e+01, 7.2166e-01, 
 2DIAGNOSTIC,    16, -3.670671770826e-01, 3.569316401350e-05, 3.4072e+01, 6.9966e-01, 
 2DIAGNOSTIC,    17, -3.670664169092e-01, 2.060541717414e-05, 3.4772e+01, 6.9944e-01, 
 2DIAGNOSTIC,    18, -3.670671209918e-01, 8.935093709660e-06, 3.5471e+01, 6.9939e-01, 
 2DIAGNOSTIC,    19, -3.670683729698e-01, 4.821139707352e-06, 3.6170e+01, 6.9931e-01, 
 2DIAGNOSTIC,    20, -3.670688252421e-01, 2.332001420240e-06, 3.7248e+01, 1.0772e+00, 
 2DIAGNOSTIC,    21, -3.670690565221e-01, 1.651953670787e-06, 3.7853e+01, 6.0568e-01, 
 2DIAGNOSTIC,    22, -3.670685017347e-01, 1.560196061207e-06, 3.8647e+01, 7.9390e-01, 
 2DIAGNOSTIC,    23, -3.670682013537e-01, 1.527054181411e-06, 3.9253e+01, 6.0559e-01, 
 2DIAGNOSTIC,    24, -3.670675423107e-01, 1.443305655768e-06, 3.9859e+01, 6.0654e-01, 
 2DIAGNOSTIC,    25, -3.670670634710e-01, 1.326525481050e-06, 4.0560e+01, 7.0060e-01, 
 2DIAGNOSTIC,    26, -3.670667740121e-01, 1.204395084622e-06, 4.1260e+01, 7.0010e-01, 
 2DIAGNOSTIC,    27, -3.670667134070e-01, 1.069722874926e-06, 4.1959e+01, 6.9901e-01, 
DIAGNOSTIC,Iteration,metricValue,convergenceValue,ITERATION_TIME_INDEX,SINCE_LAST
 2DIAGNOSTIC,     1, -3.388857378048e-01, 1.797693134862e+308, 4.6563e+01, 4.6039e+00, 
  Elapsed time (stage 0): 4.7270e+01


Total elapsed time: 4.7271e+01
 Registration finished. The antsRegistration call was:
--------------------------------------------------------------------------------------
/opt/ants/bin//antsRegistration --verbose 1 --dimensionality 3 --float 0 --collapse-output-transforms 1 --output [ /output/sub-002MND_ses_01_ses_02/warped_target_,/output/sub-002MND_ses_01_ses_02/warped_target_Warped.nii.gz,/output/sub-002MND_ses_01_ses_02/warped_target_InverseWarped.nii.gz ] --interpolation Linear --use-histogram-matching 0 --winsorize-image-intensities [ 0.005,0.995 ] --initial-moving-transform [ /data/brain_mni.nii.gz,/input/sub-002MND_ses_01_ses_02/target.nii.gz,1 ] --transform Rigid[ 0.1 ] --metric MI[ /data/brain_mni.nii.gz,/input/sub-002MND_ses_01_ses_02/target.nii.gz,1,32,Regular,0.25 ] --convergence [ 1000x500x250x0,1e-6,10 ] --shrink-factors 8x4x2x1 --smoothing-sigmas 3x2x1x0vox
--------------------------------------------------------------------------------------
Moving image resampled into fixed space: /output/sub-002MND_ses_01_ses_02/warped_target_Warped.nii.gz
Fixed image resampled into moving space: /output/sub-002MND_ses_01_ses_02/warped_target_InverseWarped.nii.gz
--------------------------------------------------------------------------------------
Converted /home/groups/dlmrimnd/akshit/MND_output_files/sub-002MND_ses-01/mri/brain.mgz to /home/groups/dlmrimnd/jacob/data/MND_input_images/sub-002MND_ses_01_ses_02/source.nii.gz
Converted /home/groups/dlmrimnd/akshit/MND_output_files/sub-002MND_ses-02/mri/brain.mgz to /home/groups/dlmrimnd/jacob/data/MND_input_images/sub-002MND_ses_01_ses_02/target.nii.gz
Created input files for sub-002MND_ses_01_ses_02
Warping source image to template for sub-002MND_ses_01_ses_02

--------------------------------------------------------------------------------------
 Mapping parameters
--------------------------------------------------------------------------------------
 ANTSPATH is /opt/ants/bin/

 Dimensionality:           3
 Output name prefix:       /output/sub-002MND_ses_01_ses_02/warped_source_
 Fixed images:             /data/brain_mni.nii.gz
 Moving images:            /input/sub-002MND_ses_01_ses_02/source.nii.gz
 Mask images:              
 Initial transforms:       
 Number of threads:        1
 Spline distance:          26
 SyN gradient step:        0.1
 Transform type:           r
 MI histogram bins:        32
 Precision:                d
 Use histogram matching:   0
 Repro                     0
======================================================================================
 antsRegistration call:
--------------------------------------------------------------------------------------
/opt/ants/bin//antsRegistration --verbose 1 --dimensionality 3 --float 0 --collapse-output-transforms 1 --output [ /output/sub-002MND_ses_01_ses_02/warped_source_,/output/sub-002MND_ses_01_ses_02/warped_source_Warped.nii.gz,/output/sub-002MND_ses_01_ses_02/warped_source_InverseWarped.nii.gz ] --interpolation Linear --use-histogram-matching 0 --winsorize-image-intensities [ 0.005,0.995 ] --initial-moving-transform [ /data/brain_mni.nii.gz,/input/sub-002MND_ses_01_ses_02/source.nii.gz,1 ] --transform Rigid[ 0.1 ] --metric MI[ /data/brain_mni.nii.gz,/input/sub-002MND_ses_01_ses_02/source.nii.gz,1,32,Regular,0.25 ] --convergence [ 1000x500x250x0,1e-6,10 ] --shrink-factors 8x4x2x1 --smoothing-sigmas 3x2x1x0vox
--------------------------------------------------------------------------------------
All_Command_lines_OK
Using double precision for computations.
=============================================================================
The composite transform comprises the following transforms (in order): 
  1. Center of mass alignment using fixed image: /data/brain_mni.nii.gz and moving image: /input/sub-002MND_ses_01_ses_02/source.nii.gz (type = Euler3DTransform)
=============================================================================
  number of levels = 4
  fixed image: /data/brain_mni.nii.gz
  moving image: /input/sub-002MND_ses_01_ses_02/source.nii.gz
Dimension = 3
Number of stages = 1
Use histogram matching = false
Winsorize image intensities = true
  Lower quantile = 0.005
  Upper quantile = 0.995


Stage 1 State
   Image metric = Mattes
     Fixed image = Image (0x560b86d01520)
  RTTI typeinfo:   itk::Image<double, 3u>
  Reference Count: 2
  Modified Time: 1663
  Debug: Off
  Object Name: 
  Observers: 
    none
  Source: (none)
  Source output name: (none)
  Release Data: Off
  Data Released: False
  Global Release Data: Off
  PipelineMTime: 0
  UpdateMTime: 1448
  RealTimeStamp: 0 seconds 
  LargestPossibleRegion: 
    Dimension: 3
    Index: [0, 0, 0]
    Size: [197, 233, 189]
  BufferedRegion: 
    Dimension: 3
    Index: [0, 0, 0]
    Size: [197, 233, 189]
  RequestedRegion: 
    Dimension: 3
    Index: [0, 0, 0]
    Size: [197, 233, 189]
  Spacing: [1, 1, 1]
  Origin: [98, 134, -72]
  Direction: 
-1 0 0
0 -1 0
0 0 1

  IndexToPointMatrix: 
-1 0 0
0 -1 0
0 0 1

  PointToIndexMatrix: 
-1 0 0
0 -1 0
0 0 1

  Inverse Direction: 
-1 0 0
0 -1 0
0 0 1

  PixelContainer: 
    ImportImageContainer (0x560b86db5290)
      RTTI typeinfo:   itk::ImportImageContainer<unsigned long, double>
      Reference Count: 1
      Modified Time: 1445
      Debug: Off
      Object Name: 
      Observers: 
        none
      Pointer: 0x7f9248480010
      Container manages memory: true
      Size: 8675289
      Capacity: 8675289

     Moving image = Image (0x560b86d03490)
  RTTI typeinfo:   itk::Image<double, 3u>
  Reference Count: 2
  Modified Time: 1664
  Debug: Off
  Object Name: 
  Observers: 
    none
  Source: (none)
  Source output name: (none)
  Release Data: Off
  Data Released: False
  Global Release Data: Off
  PipelineMTime: 0
  UpdateMTime: 1661
  RealTimeStamp: 0 seconds 
  LargestPossibleRegion: 
    Dimension: 3
    Index: [0, 0, 0]
    Size: [256, 256, 256]
  BufferedRegion: 
    Dimension: 3
    Index: [0, 0, 0]
    Size: [256, 256, 256]
  RequestedRegion: 
    Dimension: 3
    Index: [0, 0, 0]
    Size: [256, 256, 256]
  Spacing: [1, 1, 1]
  Origin: [-164.644, 107.421, 187.574]
  Direction: 
1 0 0
0 -0 -1
0 -1 0

  IndexToPointMatrix: 
1 0 0
0 0 -1
0 -1 0

  PointToIndexMatrix: 
1 0 0
0 0 -1
0 -1 0

  Inverse Direction: 
1 0 0
0 0 -1
0 -1 0

  PixelContainer: 
    ImportImageContainer (0x560b86df5310)
      RTTI typeinfo:   itk::ImportImageContainer<unsigned long, double>
      Reference Count: 1
      Modified Time: 1658
      Debug: Off
      Object Name: 
      Observers: 
        none
      Pointer: 0x7f924047f010
      Container manages memory: true
      Size: 16777216
      Capacity: 16777216

     Weighting = 1
     Sampling strategy = regular
     Number of bins = 32
     Radius = 4
     Sampling percentage  = 0.25
   Transform = Rigid
     Gradient step = 0.1
     Update field sigma (voxel space) = 0
     Total field sigma (voxel space) = 0
     Update field time sigma = 0
     Total field time sigma  = 0
     Number of time indices = 0
     Number of time point samples = 0
Registration using 1 total stages.

Stage 0
  iterations = 1000x500x250x0
  convergence threshold = 1e-06
  convergence window size = 10
  number of levels = 4
  using the Mattes MI metric (number of bins = 32, weight = 1, use gradient filter = 0)
  preprocessing:  winsorizing the image intensities
  Shrink factors (level 1 out of 4): [8, 8, 8]
  Shrink factors (level 2 out of 4): [4, 4, 4]
  Shrink factors (level 3 out of 4): [2, 2, 2]
  Shrink factors (level 4 out of 4): [1, 1, 1]
  smoothing sigmas per level: [3, 2, 1, 0]
  regular sampling (percentage = 0.25)

*** Running Euler3DTransform registration ***

DIAGNOSTIC,Iteration,metricValue,convergenceValue,ITERATION_TIME_INDEX,SINCE_LAST
 2DIAGNOSTIC,     1, -3.860046982579e-01, 1.797693134862e+308, 3.7416e+00, 3.7416e+00, 
 2DIAGNOSTIC,     2, -3.875701538251e-01, 1.797693134862e+308, 3.7496e+00, 7.9720e-03, 
 2DIAGNOSTIC,     3, -3.893469790307e-01, 1.797693134862e+308, 3.7575e+00, 7.9389e-03, 
 2DIAGNOSTIC,     4, -3.899775393463e-01, 1.797693134862e+308, 3.7656e+00, 8.0838e-03, 
 2DIAGNOSTIC,     5, -3.904398462745e-01, 1.797693134862e+308, 3.7736e+00, 8.0049e-03, 
 2DIAGNOSTIC,     6, -3.957824551806e-01, 1.797693134862e+308, 3.7831e+00, 9.5091e-03, 
 2DIAGNOSTIC,     7, -4.076677097033e-01, 1.797693134862e+308, 3.7929e+00, 9.8031e-03, 
 2DIAGNOSTIC,     8, -4.154089101187e-01, 1.797693134862e+308, 3.8014e+00, 8.5030e-03, 
 2DIAGNOSTIC,     9, -4.269020416816e-01, 1.797693134862e+308, 3.8122e+00, 1.0744e-02, 
 2DIAGNOSTIC,    10, -4.349967717916e-01, 7.828027430709e-03, 3.8250e+00, 1.2852e-02, 
 2DIAGNOSTIC,    11, -4.363659873953e-01, 8.172880431320e-03, 3.8373e+00, 1.2224e-02, 
 2DIAGNOSTIC,    12, -4.377111041441e-01, 7.892797364109e-03, 3.8455e+00, 8.2822e-03, 
 2DIAGNOSTIC,    13, -4.390635993473e-01, 7.113279737869e-03, 3.8538e+00, 8.2431e-03, 
 2DIAGNOSTIC,    14, -4.392663609587e-01, 5.849976693036e-03, 3.8630e+00, 9.2170e-03, 
 2DIAGNOSTIC,    15, -4.393621856866e-01, 4.257471619201e-03, 3.8712e+00, 8.2240e-03, 
 2DIAGNOSTIC,    16, -4.396008206467e-01, 2.720594791287e-03, 3.8818e+00, 1.0585e-02, 
 2DIAGNOSTIC,    17, -4.406318862854e-01, 1.642416446946e-03, 3.8910e+00, 9.2101e-03, 
 2DIAGNOSTIC,    18, -4.412617084388e-01, 8.448978926230e-04, 3.9026e+00, 1.1612e-02, 
 2DIAGNOSTIC,    19, -4.416161480765e-01, 4.724221968015e-04, 3.9118e+00, 9.2051e-03, 
 2DIAGNOSTIC,    20, -4.421007244348e-01, 3.852732890628e-04, 3.9200e+00, 8.1680e-03, 
 2DIAGNOSTIC,    21, -4.423156153991e-01, 3.211046785455e-04, 3.9291e+00, 9.1290e-03, 
 2DIAGNOSTIC,    22, -4.424342980368e-01, 2.764446416322e-04, 3.9373e+00, 8.1739e-03, 
 2DIAGNOSTIC,    23, -4.425856245047e-01, 2.537289215618e-04, 3.9455e+00, 8.1379e-03, 
 2DIAGNOSTIC,    24, -4.428312786871e-01, 2.220863616381e-04, 3.9577e+00, 1.2264e-02, 
 2DIAGNOSTIC,    25, -4.430445534050e-01, 1.807080229094e-04, 3.9659e+00, 8.1360e-03, 
 2DIAGNOSTIC,    26, -4.432210742084e-01, 1.358601683899e-04, 3.9751e+00, 9.1958e-03, 
 2DIAGNOSTIC,    27, -4.438143719998e-01, 1.216791079275e-04, 3.9839e+00, 8.8608e-03, 
 2DIAGNOSTIC,    28, -4.464074568722e-01, 1.733363944324e-04, 3.9935e+00, 9.5730e-03, 
 2DIAGNOSTIC,    29, -4.469828657509e-01, 2.245127903226e-04, 4.0028e+00, 9.3479e-03, 
 2DIAGNOSTIC,    30, -4.474192290469e-01, 2.717587086188e-04, 4.0130e+00, 1.0190e-02, 
 2DIAGNOSTIC,    31, -4.474032586440e-01, 2.951995274442e-04, 4.0213e+00, 8.2300e-03, 
 2DIAGNOSTIC,    32, -4.473667304926e-01, 2.909117825094e-04, 4.0304e+00, 9.1329e-03, 
 2DIAGNOSTIC,    33, -4.473720310211e-01, 2.617309961230e-04, 4.0385e+00, 8.1182e-03, 
 2DIAGNOSTIC,    34, -4.473382534222e-01, 2.134026588216e-04, 4.0466e+00, 8.1398e-03, 
 2DIAGNOSTIC,    35, -4.473264177204e-01, 1.522319989258e-04, 4.0550e+00, 8.3210e-03, 
 2DIAGNOSTIC,    36, -4.473968502180e-01, 8.513311676449e-05, 4.0644e+00, 9.4340e-03, 
 2DIAGNOSTIC,    37, -4.474055016030e-01, 2.336927267671e-05, 4.0748e+00, 1.0421e-02, 
 2DIAGNOSTIC,    38, -4.474367244581e-01, 8.004343716464e-06, 4.0841e+00, 9.2471e-03, 
 2DIAGNOSTIC,    39, -4.476205895994e-01, 5.343217154334e-06, 4.0944e+00, 1.0355e-02, 
 2DIAGNOSTIC,    40, -4.476254431506e-01, 9.548893237205e-06, 4.1029e+00, 8.4550e-03, 
 2DIAGNOSTIC,    41, -4.500853388425e-01, 5.179011869277e-05, 4.1112e+00, 8.3439e-03, 
 2DIAGNOSTIC,    42, -4.510297391213e-01, 1.001563902343e-04, 4.1205e+00, 9.2790e-03, 
 2DIAGNOSTIC,    43, -4.521564523487e-01, 1.539599597272e-04, 4.1358e+00, 1.5256e-02, 
 2DIAGNOSTIC,    44, -4.521641394239e-01, 1.904610920256e-04, 4.1439e+00, 8.1222e-03, 
 2DIAGNOSTIC,    45, -4.522212224234e-01, 2.080557060995e-04, 4.1520e+00, 8.0829e-03, 
 2DIAGNOSTIC,    46, -4.522778601040e-01, 2.064796915903e-04, 4.1600e+00, 8.0779e-03, 
 2DIAGNOSTIC,    47, -4.522709095430e-01, 1.849145570072e-04, 4.1681e+00, 8.1091e-03, 
 2DIAGNOSTIC,    48, -4.523017198148e-01, 1.476837196607e-04, 4.1763e+00, 8.1210e-03, 
 2DIAGNOSTIC,    49, -4.523594751306e-01, 1.016950585401e-04, 4.1864e+00, 1.0126e-02, 
 2DIAGNOSTIC,    50, -4.524060851069e-01, 4.803799276643e-05, 4.1945e+00, 8.1279e-03, 
 2DIAGNOSTIC,    51, -4.523831079772e-01, 2.287705641749e-05, 4.2036e+00, 9.1250e-03, 
 2DIAGNOSTIC,    52, -4.524078742959e-01, 8.320480861194e-06, 4.2118e+00, 8.1658e-03, 
 2DIAGNOSTIC,    53, -4.524702296496e-01, 8.157994015219e-06, 4.2200e+00, 8.1742e-03, 
 2DIAGNOSTIC,    54, -4.526220961361e-01, 9.144161405000e-06, 4.2302e+00, 1.0171e-02, 
 2DIAGNOSTIC,    55, -4.527154025715e-01, 1.098357034096e-05, 4.2403e+00, 1.0157e-02, 
 2DIAGNOSTIC,    56, -4.526118379343e-01, 1.123616894326e-05, 4.2484e+00, 8.0910e-03, 
 2DIAGNOSTIC,    57, -4.526690717815e-01, 1.110236148753e-05, 4.2565e+00, 8.1091e-03, 
 2DIAGNOSTIC,    58, -4.530401445318e-01, 1.439413595275e-05, 4.2647e+00, 8.1871e-03, 
 2DIAGNOSTIC,    59, -4.533071941851e-01, 1.962664514239e-05, 4.2731e+00, 8.4479e-03, 
 2DIAGNOSTIC,    60, -4.545978651964e-01, 3.722756953343e-05, 4.2825e+00, 9.3789e-03, 
 2DIAGNOSTIC,    61, -4.553287059135e-01, 5.794547936209e-05, 4.2950e+00, 1.2433e-02, 
 2DIAGNOSTIC,    62, -4.554707603819e-01, 7.417244160656e-05, 4.3041e+00, 9.1839e-03, 
 2DIAGNOSTIC,    63, -4.555517823088e-01, 8.438675722061e-05, 4.3122e+00, 8.0972e-03, 
 2DIAGNOSTIC,    64, -4.556698076111e-01, 8.889472621173e-05, 4.3213e+00, 9.1069e-03, 
 2DIAGNOSTIC,    65, -4.558762131668e-01, 8.756536170786e-05, 4.3295e+00, 8.1809e-03, 
 2DIAGNOSTIC,    66, -4.562956403256e-01, 8.084325992313e-05, 4.3399e+00, 1.0328e-02, 
 2DIAGNOSTIC,    67, -4.569114831082e-01, 7.306294487387e-05, 4.3580e+00, 1.8155e-02, 
 2DIAGNOSTIC,    68, -4.569538632793e-01, 6.251967980429e-05, 4.3661e+00, 8.1301e-03, 
 2DIAGNOSTIC,    69, -4.569643941039e-01, 4.875439638424e-05, 4.3742e+00, 8.0500e-03, 
 2DIAGNOSTIC,    70, -4.569820691069e-01, 4.263770113495e-05, 4.3823e+00, 8.1031e-03, 
 2DIAGNOSTIC,    71, -4.570114161387e-01, 3.941441146588e-05, 4.3904e+00, 8.0769e-03, 
 2DIAGNOSTIC,    72, -4.570598272956e-01, 3.413696658987e-05, 4.3985e+00, 8.1489e-03, 
 2DIAGNOSTIC,    73, -4.571400468106e-01, 2.719755894064e-05, 4.4076e+00, 9.0280e-03, 
 2DIAGNOSTIC,    74, -4.572085090217e-01, 1.955441247308e-05, 4.4157e+00, 8.1282e-03, 
 2DIAGNOSTIC,    75, -4.573979005669e-01, 1.362376571540e-05, 4.4238e+00, 8.0819e-03, 
 2DIAGNOSTIC,    76, -4.576757703293e-01, 1.228691955323e-05, 4.4319e+00, 8.1170e-03, 
 2DIAGNOSTIC,    77, -4.579005572702e-01, 1.678344837430e-05, 4.4400e+00, 8.0950e-03, 
 2DIAGNOSTIC,    78, -4.580106363988e-01, 2.082270801326e-05, 4.4481e+00, 8.0941e-03, 
 2DIAGNOSTIC,    79, -4.582291691051e-01, 2.466404973343e-05, 4.4582e+00, 1.0087e-02, 
 2DIAGNOSTIC,    80, -4.582787881789e-01, 2.656569987888e-05, 4.4682e+00, 1.0079e-02, 
 2DIAGNOSTIC,    81, -4.583566757734e-01, 2.671996934519e-05, 4.4763e+00, 8.1041e-03, 
 2DIAGNOSTIC,    82, -4.584041807404e-01, 2.506350736629e-05, 4.4854e+00, 9.0721e-03, 
 2DIAGNOSTIC,    83, -4.584347922264e-01, 2.193260185896e-05, 4.4955e+00, 1.0118e-02, 
 2DIAGNOSTIC,    84, -4.584380039923e-01, 1.732981256181e-05, 4.5046e+00, 9.1090e-03, 
 2DIAGNOSTIC,    85, -4.584637695995e-01, 1.278605855333e-05, 4.5128e+00, 8.1210e-03, 
 2DIAGNOSTIC,    86, -4.584699083769e-01, 9.236254082253e-06, 4.5209e+00, 8.1151e-03, 
 2DIAGNOSTIC,    87, -4.584813375968e-01, 6.642515828867e-06, 4.5290e+00, 8.0969e-03, 
 2DIAGNOSTIC,    88, -4.584932831307e-01, 4.352843680630e-06, 4.5402e+00, 1.1199e-02, 
 2DIAGNOSTIC,    89, -4.584998804775e-01, 3.344475437367e-06, 4.5493e+00, 9.1319e-03, 
 2DIAGNOSTIC,    90, -4.585020785874e-01, 2.427964733093e-06, 4.5585e+00, 9.1989e-03, 
 2DIAGNOSTIC,    91, -4.585081276639e-01, 1.913790794316e-06, 4.5666e+00, 8.1081e-03, 
 2DIAGNOSTIC,    92, -4.585865794087e-01, 2.128389442200e-06, 4.5757e+00, 9.1290e-03, 
 2DIAGNOSTIC,    93, -4.585423689163e-01, 2.059306558281e-06, 4.5838e+00, 8.0700e-03, 
 2DIAGNOSTIC,    94, -4.585927728638e-01, 2.201108162882e-06, 4.5929e+00, 9.0580e-03, 
 2DIAGNOSTIC,    95, -4.585961214445e-01, 2.351497678276e-06, 4.6010e+00, 8.1570e-03, 
 2DIAGNOSTIC,    96, -4.586036774971e-01, 2.390638885663e-06, 4.6121e+00, 1.1087e-02, 
 2DIAGNOSTIC,    97, -4.586045106546e-01, 2.305992349487e-06, 4.6202e+00, 8.0740e-03, 
 2DIAGNOSTIC,    98, -4.586071664803e-01, 2.129381634814e-06, 4.6283e+00, 8.0850e-03, 
 2DIAGNOSTIC,    99, -4.586155130307e-01, 1.882758065770e-06, 4.6364e+00, 8.1658e-03, 
 2DIAGNOSTIC,   100, -4.586331138289e-01, 1.614104205610e-06, 4.6446e+00, 8.1501e-03, 
 2DIAGNOSTIC,   101, -4.587599789199e-01, 2.047325449620e-06, 4.6529e+00, 8.2901e-03, 
 2DIAGNOSTIC,   102, -4.604273016232e-01, 1.317359718164e-05, 4.6676e+00, 1.4729e-02, 
 2DIAGNOSTIC,   103, -4.605007291330e-01, 2.272166386081e-05, 4.6758e+00, 8.1670e-03, 
 2DIAGNOSTIC,   104, -4.605306204724e-01, 3.052254265105e-05, 4.6860e+00, 1.0248e-02, 
 2DIAGNOSTIC,   105, -4.605508355672e-01, 3.554584408450e-05, 4.6952e+00, 9.1820e-03, 
 2DIAGNOSTIC,   106, -4.605715745779e-01, 3.718397949717e-05, 4.7043e+00, 9.1140e-03, 
 2DIAGNOSTIC,   107, -4.606324165383e-01, 3.541551512100e-05, 4.7134e+00, 9.0530e-03, 
 2DIAGNOSTIC,   108, -4.606867776682e-01, 3.057449829392e-05, 4.7234e+00, 1.0077e-02, 
 2DIAGNOSTIC,   109, -4.606868907739e-01, 2.309739062206e-05, 4.7315e+00, 8.1048e-03, 
 2DIAGNOSTIC,   110, -4.606869720393e-01, 1.376113427418e-05, 4.7396e+00, 8.0440e-03, 
 2DIAGNOSTIC,   111, -4.606872281569e-01, 3.755099278970e-06, 4.7506e+00, 1.1029e-02, 
 2DIAGNOSTIC,   112, -4.606873642571e-01, 3.018798996134e-06, 4.7715e+00, 2.0886e-02, 
 2DIAGNOSTIC,   113, -4.606873645659e-01, 2.435389113422e-06, 4.7796e+00, 8.0929e-03, 
 2DIAGNOSTIC,   114, -4.606873647428e-01, 1.823137762464e-06, 4.7877e+00, 8.0671e-03, 
 2DIAGNOSTIC,   115, -4.606873650425e-01, 1.189849905591e-06, 4.7957e+00, 8.0590e-03, 
DIAGNOSTIC,Iteration,metricValue,convergenceValue,ITERATION_TIME_INDEX,SINCE_LAST
 2DIAGNOSTIC,     1, -3.357872596506e-01, 1.797693134862e+308, 8.6338e+00, 3.8381e+00, 
 2DIAGNOSTIC,     2, -3.361242994641e-01, 1.797693134862e+308, 8.7370e+00, 1.0320e-01, 
 2DIAGNOSTIC,     3, -3.368012793869e-01, 1.797693134862e+308, 8.8401e+00, 1.0307e-01, 
 2DIAGNOSTIC,     4, -3.369876662057e-01, 1.797693134862e+308, 8.9429e+00, 1.0280e-01, 
 2DIAGNOSTIC,     5, -3.372678159413e-01, 1.797693134862e+308, 9.0458e+00, 1.0292e-01, 
 2DIAGNOSTIC,     6, -3.398006577392e-01, 1.797693134862e+308, 9.1485e+00, 1.0270e-01, 
 2DIAGNOSTIC,     7, -3.433108928916e-01, 1.797693134862e+308, 9.2510e+00, 1.0247e-01, 
 2DIAGNOSTIC,     8, -3.452995755780e-01, 1.797693134862e+308, 9.3841e+00, 1.3311e-01, 
 2DIAGNOSTIC,     9, -3.467132550909e-01, 1.797693134862e+308, 9.4850e+00, 1.0088e-01, 
 2DIAGNOSTIC,    10, -3.521182421543e-01, 2.913316967804e-03, 9.5849e+00, 9.9941e-02, 
 2DIAGNOSTIC,    11, -3.948864407633e-01, 6.224620767872e-03, 9.7152e+00, 1.3032e-01, 
 2DIAGNOSTIC,    12, -4.110377615186e-01, 9.358830732038e-03, 9.8463e+00, 1.3101e-01, 
 2DIAGNOSTIC,    13, -4.117966421681e-01, 1.119660539106e-02, 9.9615e+00, 1.1522e-01, 
 2DIAGNOSTIC,    14, -4.122606751372e-01, 1.181481806460e-02, 1.0108e+01, 1.4659e-01, 
 2DIAGNOSTIC,    15, -4.122651872583e-01, 1.128650503171e-02, 1.0208e+01, 9.9664e-02, 
 2DIAGNOSTIC,    16, -4.122992014996e-01, 9.890014070827e-03, 1.0307e+01, 9.9735e-02, 
 2DIAGNOSTIC,    17, -4.123810528697e-01, 7.918603665442e-03, 1.0423e+01, 1.1539e-01, 
 2DIAGNOSTIC,    18, -4.124232994074e-01, 5.577289147662e-03, 1.0538e+01, 1.1518e-01, 
 2DIAGNOSTIC,    19, -4.124442815411e-01, 3.076185626694e-03, 1.0638e+01, 9.9699e-02, 
 2DIAGNOSTIC,    20, -4.125254358334e-01, 7.343282642142e-04, 1.0768e+01, 1.3063e-01, 
 2DIAGNOSTIC,    21, -4.125438362440e-01, 8.623044519097e-05, 1.0884e+01, 1.1538e-01, 
 2DIAGNOSTIC,    22, -4.125426085910e-01, 4.419899705529e-05, 1.0983e+01, 9.9681e-02, 
 2DIAGNOSTIC,    23, -4.125445705648e-01, 2.646722549658e-05, 1.1099e+01, 1.1530e-01, 
 2DIAGNOSTIC,    24, -4.125590768678e-01, 2.287147940117e-05, 1.1199e+01, 9.9881e-02, 
 2DIAGNOSTIC,    25, -4.125754334474e-01, 1.816155244948e-05, 1.1298e+01, 9.9773e-02, 
 2DIAGNOSTIC,    26, -4.126048892932e-01, 1.400432277005e-05, 1.1398e+01, 9.9768e-02, 
 2DIAGNOSTIC,    27, -4.126486662140e-01, 1.241428758585e-05, 1.1513e+01, 1.1528e-01, 
 2DIAGNOSTIC,    28, -4.127126561661e-01, 1.268697363512e-05, 1.1706e+01, 1.9276e-01, 
 2DIAGNOSTIC,    29, -4.127209973516e-01, 1.251827124401e-05, 1.1821e+01, 1.1513e-01, 
 2DIAGNOSTIC,    30, -4.127193120683e-01, 1.323820638810e-05, 1.1937e+01, 1.1531e-01, 
 2DIAGNOSTIC,    31, -4.127203613498e-01, 1.324143452271e-05, 1.2052e+01, 1.1535e-01, 
 2DIAGNOSTIC,    32, -4.127208751020e-01, 1.206473749787e-05, 1.2152e+01, 9.9574e-02, 
 2DIAGNOSTIC,    33, -4.127237311407e-01, 1.000417407011e-05, 1.2252e+01, 9.9973e-02, 
 2DIAGNOSTIC,    34, -4.127489093641e-01, 8.072109982396e-06, 1.2351e+01, 9.9736e-02, 
 2DIAGNOSTIC,    35, -4.128137422210e-01, 7.268894232700e-06, 1.2451e+01, 9.9607e-02, 
 2DIAGNOSTIC,    36, -4.129435869194e-01, 9.082724117197e-06, 1.2612e+01, 1.6161e-01, 
 2DIAGNOSTIC,    37, -4.129614342277e-01, 1.113976100366e-05, 1.2712e+01, 9.9755e-02, 
 2DIAGNOSTIC,    38, -4.129592302710e-01, 1.331744491498e-05, 1.2812e+01, 9.9653e-02, 
 2DIAGNOSTIC,    39, -4.129742227400e-01, 1.465890143273e-05, 1.2912e+01, 9.9998e-02, 
 2DIAGNOSTIC,    40, -4.129749910838e-01, 1.456595426185e-05, 1.3027e+01, 1.1521e-01, 
 2DIAGNOSTIC,    41, -4.130054983198e-01, 1.368871981750e-05, 1.3173e+01, 1.4621e-01, 
 2DIAGNOSTIC,    42, -4.130152769533e-01, 1.180112628038e-05, 1.3289e+01, 1.1525e-01, 
 2DIAGNOSTIC,    43, -4.130159803468e-01, 9.050557356161e-06, 1.3419e+01, 1.3069e-01, 
 2DIAGNOSTIC,    44, -4.130163548840e-01, 6.062368673166e-06, 1.3798e+01, 3.7905e-01, 
 2DIAGNOSTIC,    45, -4.130163548817e-01, 3.681646158452e-06, 1.4177e+01, 3.7886e-01, 
 2DIAGNOSTIC,    46, -4.130163548817e-01, 3.136582273695e-06, 1.4292e+01, 1.1533e-01, 
 2DIAGNOSTIC,    47, -4.130163548817e-01, 2.656027591169e-06, 1.4408e+01, 1.1521e-01, 
 2DIAGNOSTIC,    48, -4.130163548817e-01, 1.977045990798e-06, 1.4523e+01, 1.1504e-01, 
 2DIAGNOSTIC,    49, -4.130163548817e-01, 1.429414749933e-06, 1.4638e+01, 1.1554e-01, 
DIAGNOSTIC,Iteration,metricValue,convergenceValue,ITERATION_TIME_INDEX,SINCE_LAST
 2DIAGNOSTIC,     1, -3.631315984206e-01, 1.797693134862e+308, 1.9083e+01, 4.4452e+00, 
 2DIAGNOSTIC,     2, -3.632734299159e-01, 1.797693134862e+308, 1.9659e+01, 5.7588e-01, 
 2DIAGNOSTIC,     3, -3.633688035532e-01, 1.797693134862e+308, 2.0235e+01, 5.7572e-01, 
 2DIAGNOSTIC,     4, -3.634944041832e-01, 1.797693134862e+308, 2.0902e+01, 6.6717e-01, 
 2DIAGNOSTIC,     5, -3.635295227838e-01, 1.797693134862e+308, 2.1573e+01, 6.7124e-01, 
 2DIAGNOSTIC,     6, -3.635272671133e-01, 1.797693134862e+308, 2.2690e+01, 1.1166e+00, 
 2DIAGNOSTIC,     7, -3.635273351387e-01, 1.797693134862e+308, 2.3356e+01, 6.6581e-01, 
 2DIAGNOSTIC,     8, -3.635269309596e-01, 1.797693134862e+308, 2.4025e+01, 6.6886e-01, 
 2DIAGNOSTIC,     9, -3.635265120720e-01, 1.797693134862e+308, 2.4607e+01, 5.8251e-01, 
 2DIAGNOSTIC,    10, -3.635261061745e-01, 6.117635194121e-05, 2.5284e+01, 6.7716e-01, 
 2DIAGNOSTIC,    11, -3.635257186504e-01, 3.211313252852e-05, 2.5871e+01, 5.8696e-01, 
 2DIAGNOSTIC,    12, -3.635262798367e-01, 1.451184216085e-05, 2.6546e+01, 6.7487e-01, 
 2DIAGNOSTIC,    13, -3.635258918637e-01, 4.066875329126e-06, 2.7135e+01, 5.8843e-01, 
 2DIAGNOSTIC,    14, -3.635268754410e-01, 1.980805790822e-06, 2.7717e+01, 5.8198e-01, 
 2DIAGNOSTIC,    15, -3.635265377668e-01, 2.015001050043e-06, 2.8293e+01, 5.7596e-01, 
 2DIAGNOSTIC,    16, -3.635289733163e-01, 2.063789917253e-06, 2.8956e+01, 6.6299e-01, 
 2DIAGNOSTIC,    17, -3.635331548486e-01, 2.292390606326e-06, 2.9530e+01, 5.7414e-01, 
 2DIAGNOSTIC,    18, -3.635453319328e-01, 2.963989025745e-06, 3.0104e+01, 5.7385e-01, 
 2DIAGNOSTIC,    19, -3.636038367893e-01, 5.833725067038e-06, 3.1210e+01, 1.1062e+00, 
 2DIAGNOSTIC,    20, -3.636027063611e-01, 7.913023327005e-06, 3.2227e+01, 1.0172e+00, 
 2DIAGNOSTIC,    21, -3.636032079634e-01, 9.242119438320e-06, 3.2890e+01, 6.6286e-01, 
 2DIAGNOSTIC,    22, -3.636030980946e-01, 9.773999101667e-06, 3.3553e+01, 6.6267e-01, 
 2DIAGNOSTIC,    23, -3.636023933374e-01, 9.428250414611e-06, 3.4216e+01, 6.6365e-01, 
 2DIAGNOSTIC,    24, -3.636020662519e-01, 8.349475861619e-06, 3.4790e+01, 5.7359e-01, 
 2DIAGNOSTIC,    25, -3.636018379689e-01, 6.679015502470e-06, 3.5366e+01, 5.7605e-01, 
 2DIAGNOSTIC,    26, -3.636022179082e-01, 4.742390318335e-06, 3.6029e+01, 6.6311e-01, 
 2DIAGNOSTIC,    27, -3.636022777476e-01, 2.749946343611e-06, 3.6692e+01, 6.6259e-01, 
 2DIAGNOSTIC,    28, -3.636012641314e-01, 1.016679111274e-06, 3.7354e+01, 6.6213e-01, 
