Exception caught during reference file reading 

itk::ImageFileReaderException (0x55b27aef5a00)
Location: "unknown" 
File: /ants/build/staging/include/ITK-5.3/itkImageFileReader.hxx
Line: 132
Description:  Could not create IO object for reading file /template
  Tried to create one of the following:
    BMPImageIO
    BioRadImageIO
    Bruker2dseqImageIO
    GDCMImageIO
    GE4ImageIO
    GE5ImageIO
    GiplImageIO
    HDF5ImageIO
    JPEGImageIO
    JPEG2000ImageIO
    LSMImageIO
    MGHImageIO
    MINCImageIO
    MRCImageIO
    MetaImageIO
    NiftiImageIO
    NrrdImageIO
    PNGImageIO
    StimulateImageIO
    TIFFImageIO
    VTKImageIO
  You probably failed to set a file suffix, or
    set the suffix to an unsupported type.


 file /template
Exception Object caught: 

itk::ExceptionObject (0x55b27aef5a00)
Location: "unknown" 
File: /ants/build/staging/include/ITK-5.3/itkCenteredTransformInitializer.hxx
Line: 31
Description: ITK ERROR: CenteredTransformInitializer(0x55b27aed3dd0): Fixed Image has not been set


Exception caught during reference file reading 

itk::ImageFileReaderException (0x558513e8ca00)
Location: "unknown" 
File: /ants/build/staging/include/ITK-5.3/itkImageFileReader.hxx
Line: 132
Description:  Could not create IO object for reading file /template
  Tried to create one of the following:
    BMPImageIO
    BioRadImageIO
    Bruker2dseqImageIO
    GDCMImageIO
    GE4ImageIO
    GE5ImageIO
    GiplImageIO
    HDF5ImageIO
    JPEGImageIO
    JPEG2000ImageIO
    LSMImageIO
    MGHImageIO
    MINCImageIO
    MRCImageIO
    MetaImageIO
    NiftiImageIO
    NrrdImageIO
    PNGImageIO
    StimulateImageIO
    TIFFImageIO
    VTKImageIO
  You probably failed to set a file suffix, or
    set the suffix to an unsupported type.


 file /template
Exception Object caught: 

itk::ExceptionObject (0x558513e8ca00)
Location: "unknown" 
File: /ants/build/staging/include/ITK-5.3/itkCenteredTransformInitializer.hxx
Line: 31
Description: ITK ERROR: CenteredTransformInitializer(0x558513e6add0): Fixed Image has not been set


Exception caught during reference file reading 

itk::ImageFileReaderException (0x565452008a00)
Location: "unknown" 
File: /ants/build/staging/include/ITK-5.3/itkImageFileReader.hxx
Line: 132
Description:  Could not create IO object for reading file /template
  Tried to create one of the following:
    BMPImageIO
    BioRadImageIO
    Bruker2dseqImageIO
    GDCMImageIO
    GE4ImageIO
    GE5ImageIO
    GiplImageIO
    HDF5ImageIO
    JPEGImageIO
    JPEG2000ImageIO
    LSMImageIO
    MGHImageIO
    MINCImageIO
    MRCImageIO
    MetaImageIO
    NiftiImageIO
    NrrdImageIO
    PNGImageIO
    StimulateImageIO
    TIFFImageIO
    VTKImageIO
  You probably failed to set a file suffix, or
    set the suffix to an unsupported type.


 file /template
Exception Object caught: 

itk::ExceptionObject (0x565452008a00)
Location: "unknown" 
File: /ants/build/staging/include/ITK-5.3/itkCenteredTransformInitializer.hxx
Line: 31
Description: ITK ERROR: CenteredTransformInitializer(0x565451fe6dd0): Fixed Image has not been set


Exception caught during reference file reading 

itk::ImageFileReaderException (0x5608c0c21a00)
Location: "unknown" 
File: /ants/build/staging/include/ITK-5.3/itkImageFileReader.hxx
Line: 132
Description:  Could not create IO object for reading file /template
  Tried to create one of the following:
    BMPImageIO
    BioRadImageIO
    Bruker2dseqImageIO
    GDCMImageIO
    GE4ImageIO
    GE5ImageIO
    GiplImageIO
    HDF5ImageIO
    JPEGImageIO
    JPEG2000ImageIO
    LSMImageIO
    MGHImageIO
    MINCImageIO
    MRCImageIO
    MetaImageIO
    NiftiImageIO
    NrrdImageIO
    PNGImageIO
    StimulateImageIO
    TIFFImageIO
    VTKImageIO
  You probably failed to set a file suffix, or
    set the suffix to an unsupported type.


 file /template
Exception Object caught: 

itk::ExceptionObject (0x5608c0c21a00)
Location: "unknown" 
File: /ants/build/staging/include/ITK-5.3/itkCenteredTransformInitializer.hxx
Line: 31
Description: ITK ERROR: CenteredTransformInitializer(0x5608c0bffdd0): Fixed Image has not been set


Exception caught during reference file reading 

itk::ImageFileReaderException (0x560575256a00)
Location: "unknown" 
File: /ants/build/staging/include/ITK-5.3/itkImageFileReader.hxx
Line: 132
Description:  Could not create IO object for reading file /template
  Tried to create one of the following:
    BMPImageIO
    BioRadImageIO
    Bruker2dseqImageIO
    GDCMImageIO
    GE4ImageIO
    GE5ImageIO
    GiplImageIO
    HDF5ImageIO
    JPEGImageIO
    JPEG2000ImageIO
    LSMImageIO
    MGHImageIO
    MINCImageIO
    MRCImageIO
    MetaImageIO
    NiftiImageIO
    NrrdImageIO
    PNGImageIO
    StimulateImageIO
    TIFFImageIO
    VTKImageIO
  You probably failed to set a file suffix, or
    set the suffix to an unsupported type.


 file /template
Exception Object caught: 

itk::ExceptionObject (0x560575256a00)
Location: "unknown" 
File: /ants/build/staging/include/ITK-5.3/itkCenteredTransformInitializer.hxx
Line: 31
Description: ITK ERROR: CenteredTransformInitializer(0x560575234dd0): Fixed Image has not been set


Exception caught during reference file reading 

itk::ImageFileReaderException (0x55fe289d3a00)
Location: "unknown" 
File: /ants/build/staging/include/ITK-5.3/itkImageFileReader.hxx
Line: 132
Description:  Could not create IO object for reading file /template
  Tried to create one of the following:
    BMPImageIO
    BioRadImageIO
    Bruker2dseqImageIO
    GDCMImageIO
    GE4ImageIO
    GE5ImageIO
    GiplImageIO
    HDF5ImageIO
    JPEGImageIO
    JPEG2000ImageIO
    LSMImageIO
    MGHImageIO
    MINCImageIO
    MRCImageIO
    MetaImageIO
    NiftiImageIO
    NrrdImageIO
    PNGImageIO
    StimulateImageIO
    TIFFImageIO
    VTKImageIO
  You probably failed to set a file suffix, or
    set the suffix to an unsupported type.


 file /template
Exception Object caught: 

itk::ExceptionObject (0x55fe289d3a00)
Location: "unknown" 
File: /ants/build/staging/include/ITK-5.3/itkCenteredTransformInitializer.hxx
Line: 31
Description: ITK ERROR: CenteredTransformInitializer(0x55fe289b1dd0): Fixed Image has not been set


Exception caught during reference file reading 

itk::ImageFileReaderException (0x55a495a12a00)
Location: "unknown" 
File: /ants/build/staging/include/ITK-5.3/itkImageFileReader.hxx
Line: 132
Description:  Could not create IO object for reading file /template
  Tried to create one of the following:
    BMPImageIO
    BioRadImageIO
    Bruker2dseqImageIO
    GDCMImageIO
    GE4ImageIO
    GE5ImageIO
    GiplImageIO
    HDF5ImageIO
    JPEGImageIO
    JPEG2000ImageIO
    LSMImageIO
    MGHImageIO
    MINCImageIO
    MRCImageIO
    MetaImageIO
    NiftiImageIO
    NrrdImageIO
    PNGImageIO
    StimulateImageIO
    TIFFImageIO
    VTKImageIO
  You probably failed to set a file suffix, or
    set the suffix to an unsupported type.


 file /template
Exception Object caught: 

itk::ExceptionObject (0x55a495a12a00)
Location: "unknown" 
File: /ants/build/staging/include/ITK-5.3/itkCenteredTransformInitializer.hxx
Line: 31
Description: ITK ERROR: CenteredTransformInitializer(0x55a4959f0dd0): Fixed Image has not been set


Exception caught during reference file reading 

itk::ImageFileReaderException (0x55d7bc088a00)
Location: "unknown" 
File: /ants/build/staging/include/ITK-5.3/itkImageFileReader.hxx
Line: 132
Description:  Could not create IO object for reading file /template
  Tried to create one of the following:
    BMPImageIO
    BioRadImageIO
    Bruker2dseqImageIO
    GDCMImageIO
    GE4ImageIO
    GE5ImageIO
    GiplImageIO
    HDF5ImageIO
    JPEGImageIO
    JPEG2000ImageIO
    LSMImageIO
    MGHImageIO
    MINCImageIO
    MRCImageIO
    MetaImageIO
    NiftiImageIO
    NrrdImageIO
    PNGImageIO
    StimulateImageIO
    TIFFImageIO
    VTKImageIO
  You probably failed to set a file suffix, or
    set the suffix to an unsupported type.


 file /template
Exception Object caught: 

itk::ExceptionObject (0x55d7bc088a00)
Location: "unknown" 
File: /ants/build/staging/include/ITK-5.3/itkCenteredTransformInitializer.hxx
Line: 31
Description: ITK ERROR: CenteredTransformInitializer(0x55d7bc066dd0): Fixed Image has not been set


Exception caught during reference file reading 

itk::ImageFileReaderException (0x55973ed67a00)
Location: "unknown" 
File: /ants/build/staging/include/ITK-5.3/itkImageFileReader.hxx
Line: 132
Description:  Could not create IO object for reading file /template
  Tried to create one of the following:
    BMPImageIO
    BioRadImageIO
    Bruker2dseqImageIO
    GDCMImageIO
    GE4ImageIO
    GE5ImageIO
    GiplImageIO
    HDF5ImageIO
    JPEGImageIO
    JPEG2000ImageIO
    LSMImageIO
    MGHImageIO
    MINCImageIO
    MRCImageIO
    MetaImageIO
    NiftiImageIO
    NrrdImageIO
    PNGImageIO
    StimulateImageIO
    TIFFImageIO
    VTKImageIO
  You probably failed to set a file suffix, or
    set the suffix to an unsupported type.


 file /template
Exception Object caught: 

itk::ExceptionObject (0x55973ed67a00)
Location: "unknown" 
File: /ants/build/staging/include/ITK-5.3/itkCenteredTransformInitializer.hxx
Line: 31
Description: ITK ERROR: CenteredTransformInitializer(0x55973ed45dd0): Fixed Image has not been set


Exception caught during reference file reading 

itk::ImageFileReaderException (0x563663e08a00)
Location: "unknown" 
File: /ants/build/staging/include/ITK-5.3/itkImageFileReader.hxx
Line: 132
Description:  Could not create IO object for reading file /template
  Tried to create one of the following:
    BMPImageIO
    BioRadImageIO
    Bruker2dseqImageIO
    GDCMImageIO
    GE4ImageIO
    GE5ImageIO
    GiplImageIO
    HDF5ImageIO
    JPEGImageIO
    JPEG2000ImageIO
    LSMImageIO
    MGHImageIO
    MINCImageIO
    MRCImageIO
    MetaImageIO
    NiftiImageIO
    NrrdImageIO
    PNGImageIO
    StimulateImageIO
    TIFFImageIO
    VTKImageIO
  You probably failed to set a file suffix, or
    set the suffix to an unsupported type.


 file /template
Exception Object caught: 

itk::ExceptionObject (0x563663e08a00)
Location: "unknown" 
File: /ants/build/staging/include/ITK-5.3/itkCenteredTransformInitializer.hxx
Line: 31
Description: ITK ERROR: CenteredTransformInitializer(0x563663de6dd0): Fixed Image has not been set


Exception caught during reference file reading 

itk::ImageFileReaderException (0x559f4935ea00)
Location: "unknown" 
File: /ants/build/staging/include/ITK-5.3/itkImageFileReader.hxx
Line: 132
Description:  Could not create IO object for reading file /template
  Tried to create one of the following:
    BMPImageIO
    BioRadImageIO
    Bruker2dseqImageIO
    GDCMImageIO
    GE4ImageIO
    GE5ImageIO
    GiplImageIO
    HDF5ImageIO
    JPEGImageIO
    JPEG2000ImageIO
    LSMImageIO
    MGHImageIO
    MINCImageIO
    MRCImageIO
    MetaImageIO
    NiftiImageIO
    NrrdImageIO
    PNGImageIO
    StimulateImageIO
    TIFFImageIO
    VTKImageIO
  You probably failed to set a file suffix, or
    set the suffix to an unsupported type.


 file /template
Exception Object caught: 

itk::ExceptionObject (0x559f4935ea00)
Location: "unknown" 
File: /ants/build/staging/include/ITK-5.3/itkCenteredTransformInitializer.hxx
Line: 31
Description: ITK ERROR: CenteredTransformInitializer(0x559f4933cdd0): Fixed Image has not been set


Exception caught during reference file reading 

itk::ImageFileReaderException (0x55c7ff7d2a00)
Location: "unknown" 
File: /ants/build/staging/include/ITK-5.3/itkImageFileReader.hxx
Line: 132
Description:  Could not create IO object for reading file /template
  Tried to create one of the following:
    BMPImageIO
    BioRadImageIO
    Bruker2dseqImageIO
    GDCMImageIO
    GE4ImageIO
    GE5ImageIO
    GiplImageIO
    HDF5ImageIO
    JPEGImageIO
    JPEG2000ImageIO
    LSMImageIO
    MGHImageIO
    MINCImageIO
    MRCImageIO
    MetaImageIO
    NiftiImageIO
    NrrdImageIO
    PNGImageIO
    StimulateImageIO
    TIFFImageIO
    VTKImageIO
  You probably failed to set a file suffix, or
    set the suffix to an unsupported type.


 file /template
Exception Object caught: 

itk::ExceptionObject (0x55c7ff7d2a00)
Location: "unknown" 
File: /ants/build/staging/include/ITK-5.3/itkCenteredTransformInitializer.hxx
Line: 31
Description: ITK ERROR: CenteredTransformInitializer(0x55c7ff7b0dd0): Fixed Image has not been set


Exception caught during reference file reading 

itk::ImageFileReaderException (0x557b1f30da00)
Location: "unknown" 
File: /ants/build/staging/include/ITK-5.3/itkImageFileReader.hxx
Line: 132
Description:  Could not create IO object for reading file /template
  Tried to create one of the following:
    BMPImageIO
    BioRadImageIO
    Bruker2dseqImageIO
    GDCMImageIO
    GE4ImageIO
    GE5ImageIO
    GiplImageIO
    HDF5ImageIO
    JPEGImageIO
    JPEG2000ImageIO
    LSMImageIO
    MGHImageIO
    MINCImageIO
    MRCImageIO
    MetaImageIO
    NiftiImageIO
    NrrdImageIO
    PNGImageIO
    StimulateImageIO
    TIFFImageIO
    VTKImageIO
  You probably failed to set a file suffix, or
    set the suffix to an unsupported type.


 file /template
Exception Object caught: 

itk::ExceptionObject (0x557b1f30da00)
Location: "unknown" 
File: /ants/build/staging/include/ITK-5.3/itkCenteredTransformInitializer.hxx
Line: 31
Description: ITK ERROR: CenteredTransformInitializer(0x557b1f2ebdd0): Fixed Image has not been set


Exception caught during reference file reading 

itk::ImageFileReaderException (0x561ea0b6aa00)
Location: "unknown" 
File: /ants/build/staging/include/ITK-5.3/itkImageFileReader.hxx
Line: 132
Description:  Could not create IO object for reading file /template
  Tried to create one of the following:
    BMPImageIO
    BioRadImageIO
    Bruker2dseqImageIO
    GDCMImageIO
    GE4ImageIO
    GE5ImageIO
    GiplImageIO
    HDF5ImageIO
    JPEGImageIO
    JPEG2000ImageIO
    LSMImageIO
    MGHImageIO
    MINCImageIO
    MRCImageIO
    MetaImageIO
    NiftiImageIO
    NrrdImageIO
    PNGImageIO
    StimulateImageIO
    TIFFImageIO
    VTKImageIO
  You probably failed to set a file suffix, or
    set the suffix to an unsupported type.


 file /template
Exception Object caught: 

itk::ExceptionObject (0x561ea0b6aa00)
Location: "unknown" 
File: /ants/build/staging/include/ITK-5.3/itkCenteredTransformInitializer.hxx
Line: 31
Description: ITK ERROR: CenteredTransformInitializer(0x561ea0b48dd0): Fixed Image has not been set


Exception caught during reference file reading 

itk::ImageFileReaderException (0x55cc3d5f4a00)
Location: "unknown" 
File: /ants/build/staging/include/ITK-5.3/itkImageFileReader.hxx
Line: 132
Description:  Could not create IO object for reading file /template
  Tried to create one of the following:
    BMPImageIO
    BioRadImageIO
    Bruker2dseqImageIO
    GDCMImageIO
    GE4ImageIO
    GE5ImageIO
    GiplImageIO
    HDF5ImageIO
    JPEGImageIO
    JPEG2000ImageIO
    LSMImageIO
    MGHImageIO
    MINCImageIO
    MRCImageIO
    MetaImageIO
    NiftiImageIO
    NrrdImageIO
    PNGImageIO
    StimulateImageIO
    TIFFImageIO
    VTKImageIO
  You probably failed to set a file suffix, or
    set the suffix to an unsupported type.


 file /template
Exception Object caught: 

itk::ExceptionObject (0x55cc3d5f4a00)
Location: "unknown" 
File: /ants/build/staging/include/ITK-5.3/itkCenteredTransformInitializer.hxx
Line: 31
Description: ITK ERROR: CenteredTransformInitializer(0x55cc3d5d2dd0): Fixed Image has not been set


Exception caught during reference file reading 

itk::ImageFileReaderException (0x5625cce7da00)
Location: "unknown" 
File: /ants/build/staging/include/ITK-5.3/itkImageFileReader.hxx
Line: 132
Description:  Could not create IO object for reading file /template
  Tried to create one of the following:
    BMPImageIO
    BioRadImageIO
    Bruker2dseqImageIO
    GDCMImageIO
    GE4ImageIO
    GE5ImageIO
    GiplImageIO
    HDF5ImageIO
    JPEGImageIO
    JPEG2000ImageIO
    LSMImageIO
    MGHImageIO
    MINCImageIO
    MRCImageIO
    MetaImageIO
    NiftiImageIO
    NrrdImageIO
    PNGImageIO
    StimulateImageIO
    TIFFImageIO
    VTKImageIO
  You probably failed to set a file suffix, or
    set the suffix to an unsupported type.


 file /template
Exception Object caught: 

itk::ExceptionObject (0x5625cce7da00)
Location: "unknown" 
File: /ants/build/staging/include/ITK-5.3/itkCenteredTransformInitializer.hxx
Line: 31
Description: ITK ERROR: CenteredTransformInitializer(0x5625cce5bdd0): Fixed Image has not been set


Exception caught during reference file reading 

itk::ImageFileReaderException (0x5634812aaa00)
Location: "unknown" 
File: /ants/build/staging/include/ITK-5.3/itkImageFileReader.hxx
Line: 132
Description:  Could not create IO object for reading file /template
  Tried to create one of the following:
    BMPImageIO
    BioRadImageIO
    Bruker2dseqImageIO
    GDCMImageIO
    GE4ImageIO
    GE5ImageIO
    GiplImageIO
    HDF5ImageIO
    JPEGImageIO
    JPEG2000ImageIO
    LSMImageIO
    MGHImageIO
    MINCImageIO
    MRCImageIO
    MetaImageIO
    NiftiImageIO
    NrrdImageIO
    PNGImageIO
    StimulateImageIO
    TIFFImageIO
    VTKImageIO
  You probably failed to set a file suffix, or
    set the suffix to an unsupported type.


 file /template
Exception Object caught: 

itk::ExceptionObject (0x5634812aaa00)
Location: "unknown" 
File: /ants/build/staging/include/ITK-5.3/itkCenteredTransformInitializer.hxx
Line: 31
Description: ITK ERROR: CenteredTransformInitializer(0x563481288dd0): Fixed Image has not been set


Exception caught during reference file reading 

itk::ImageFileReaderException (0x5645531d3a00)
Location: "unknown" 
File: /ants/build/staging/include/ITK-5.3/itkImageFileReader.hxx
Line: 132
Description:  Could not create IO object for reading file /template
  Tried to create one of the following:
    BMPImageIO
    BioRadImageIO
    Bruker2dseqImageIO
    GDCMImageIO
    GE4ImageIO
    GE5ImageIO
    GiplImageIO
    HDF5ImageIO
    JPEGImageIO
    JPEG2000ImageIO
    LSMImageIO
    MGHImageIO
    MINCImageIO
    MRCImageIO
    MetaImageIO
    NiftiImageIO
    NrrdImageIO
    PNGImageIO
    StimulateImageIO
    TIFFImageIO
    VTKImageIO
  You probably failed to set a file suffix, or
    set the suffix to an unsupported type.


 file /template
Exception Object caught: 

itk::ExceptionObject (0x5645531d3a00)
Location: "unknown" 
File: /ants/build/staging/include/ITK-5.3/itkCenteredTransformInitializer.hxx
Line: 31
Description: ITK ERROR: CenteredTransformInitializer(0x5645531b1dd0): Fixed Image has not been set


Exception caught during reference file reading 

itk::ImageFileReaderException (0x55eb03483a00)
Location: "unknown" 
File: /ants/build/staging/include/ITK-5.3/itkImageFileReader.hxx
Line: 132
Description:  Could not create IO object for reading file /template
  Tried to create one of the following:
    BMPImageIO
    BioRadImageIO
    Bruker2dseqImageIO
    GDCMImageIO
    GE4ImageIO
    GE5ImageIO
    GiplImageIO
    HDF5ImageIO
    JPEGImageIO
    JPEG2000ImageIO
    LSMImageIO
    MGHImageIO
    MINCImageIO
    MRCImageIO
    MetaImageIO
    NiftiImageIO
    NrrdImageIO
    PNGImageIO
    StimulateImageIO
    TIFFImageIO
    VTKImageIO
  You probably failed to set a file suffix, or
    set the suffix to an unsupported type.


 file /template
Exception Object caught: 

itk::ExceptionObject (0x55eb03483a00)
Location: "unknown" 
File: /ants/build/staging/include/ITK-5.3/itkCenteredTransformInitializer.hxx
Line: 31
Description: ITK ERROR: CenteredTransformInitializer(0x55eb03461dd0): Fixed Image has not been set


Exception caught during reference file reading 

itk::ImageFileReaderException (0x55b3b3d2fa00)
Location: "unknown" 
File: /ants/build/staging/include/ITK-5.3/itkImageFileReader.hxx
Line: 132
Description:  Could not create IO object for reading file /template
  Tried to create one of the following:
    BMPImageIO
    BioRadImageIO
    Bruker2dseqImageIO
    GDCMImageIO
    GE4ImageIO
    GE5ImageIO
    GiplImageIO
    HDF5ImageIO
    JPEGImageIO
    JPEG2000ImageIO
    LSMImageIO
    MGHImageIO
    MINCImageIO
    MRCImageIO
    MetaImageIO
    NiftiImageIO
    NrrdImageIO
    PNGImageIO
    StimulateImageIO
    TIFFImageIO
    VTKImageIO
  You probably failed to set a file suffix, or
    set the suffix to an unsupported type.


 file /template
Exception Object caught: 

itk::ExceptionObject (0x55b3b3d2fa00)
Location: "unknown" 
File: /ants/build/staging/include/ITK-5.3/itkCenteredTransformInitializer.hxx
Line: 31
Description: ITK ERROR: CenteredTransformInitializer(0x55b3b3d0ddd0): Fixed Image has not been set


Exception caught during reference file reading 

itk::ImageFileReaderException (0x558502247a00)
Location: "unknown" 
File: /ants/build/staging/include/ITK-5.3/itkImageFileReader.hxx
Line: 132
Description:  Could not create IO object for reading file /template
  Tried to create one of the following:
    BMPImageIO
    BioRadImageIO
    Bruker2dseqImageIO
    GDCMImageIO
    GE4ImageIO
    GE5ImageIO
    GiplImageIO
    HDF5ImageIO
    JPEGImageIO
    JPEG2000ImageIO
    LSMImageIO
    MGHImageIO
    MINCImageIO
    MRCImageIO
    MetaImageIO
    NiftiImageIO
    NrrdImageIO
    PNGImageIO
    StimulateImageIO
    TIFFImageIO
    VTKImageIO
  You probably failed to set a file suffix, or
    set the suffix to an unsupported type.


 file /template
Exception Object caught: 

itk::ExceptionObject (0x558502247a00)
Location: "unknown" 
File: /ants/build/staging/include/ITK-5.3/itkCenteredTransformInitializer.hxx
Line: 31
Description: ITK ERROR: CenteredTransformInitializer(0x558502225dd0): Fixed Image has not been set


Exception caught during reference file reading 

itk::ImageFileReaderException (0x55e658b99a00)
Location: "unknown" 
File: /ants/build/staging/include/ITK-5.3/itkImageFileReader.hxx
Line: 132
Description:  Could not create IO object for reading file /template
  Tried to create one of the following:
    BMPImageIO
    BioRadImageIO
    Bruker2dseqImageIO
    GDCMImageIO
    GE4ImageIO
    GE5ImageIO
    GiplImageIO
    HDF5ImageIO
    JPEGImageIO
    JPEG2000ImageIO
    LSMImageIO
    MGHImageIO
    MINCImageIO
    MRCImageIO
    MetaImageIO
    NiftiImageIO
    NrrdImageIO
    PNGImageIO
    StimulateImageIO
    TIFFImageIO
    VTKImageIO
  You probably failed to set a file suffix, or
    set the suffix to an unsupported type.


 file /template
Exception Object caught: 

itk::ExceptionObject (0x55e658b99a00)
Location: "unknown" 
File: /ants/build/staging/include/ITK-5.3/itkCenteredTransformInitializer.hxx
Line: 31
Description: ITK ERROR: CenteredTransformInitializer(0x55e658b77dd0): Fixed Image has not been set


Exception caught during reference file reading 

itk::ImageFileReaderException (0x55b561c5fa00)
Location: "unknown" 
File: /ants/build/staging/include/ITK-5.3/itkImageFileReader.hxx
Line: 132
Description:  Could not create IO object for reading file /template
  Tried to create one of the following:
    BMPImageIO
    BioRadImageIO
    Bruker2dseqImageIO
    GDCMImageIO
    GE4ImageIO
    GE5ImageIO
    GiplImageIO
    HDF5ImageIO
    JPEGImageIO
    JPEG2000ImageIO
    LSMImageIO
    MGHImageIO
    MINCImageIO
    MRCImageIO
    MetaImageIO
    NiftiImageIO
    NrrdImageIO
    PNGImageIO
    StimulateImageIO
    TIFFImageIO
    VTKImageIO
  You probably failed to set a file suffix, or
    set the suffix to an unsupported type.


 file /template
Exception Object caught: 

itk::ExceptionObject (0x55b561c5fa00)
Location: "unknown" 
File: /ants/build/staging/include/ITK-5.3/itkCenteredTransformInitializer.hxx
Line: 31
Description: ITK ERROR: CenteredTransformInitializer(0x55b561c3ddd0): Fixed Image has not been set


Exception caught during reference file reading 

itk::ImageFileReaderException (0x556602d0da00)
Location: "unknown" 
File: /ants/build/staging/include/ITK-5.3/itkImageFileReader.hxx
Line: 132
Description:  Could not create IO object for reading file /template
  Tried to create one of the following:
    BMPImageIO
    BioRadImageIO
    Bruker2dseqImageIO
    GDCMImageIO
    GE4ImageIO
    GE5ImageIO
    GiplImageIO
    HDF5ImageIO
    JPEGImageIO
    JPEG2000ImageIO
    LSMImageIO
    MGHImageIO
    MINCImageIO
    MRCImageIO
    MetaImageIO
    NiftiImageIO
    NrrdImageIO
    PNGImageIO
    StimulateImageIO
    TIFFImageIO
    VTKImageIO
  You probably failed to set a file suffix, or
    set the suffix to an unsupported type.


 file /template
Exception Object caught: 

itk::ExceptionObject (0x556602d0da00)
Location: "unknown" 
File: /ants/build/staging/include/ITK-5.3/itkCenteredTransformInitializer.hxx
Line: 31
Description: ITK ERROR: CenteredTransformInitializer(0x556602cebdd0): Fixed Image has not been set


Exception caught during reference file reading 

itk::ImageFileReaderException (0x557bf63b1a00)
Location: "unknown" 
File: /ants/build/staging/include/ITK-5.3/itkImageFileReader.hxx
Line: 132
Description:  Could not create IO object for reading file /template
  Tried to create one of the following:
    BMPImageIO
    BioRadImageIO
    Bruker2dseqImageIO
    GDCMImageIO
    GE4ImageIO
    GE5ImageIO
    GiplImageIO
    HDF5ImageIO
    JPEGImageIO
    JPEG2000ImageIO
    LSMImageIO
    MGHImageIO
    MINCImageIO
    MRCImageIO
    MetaImageIO
    NiftiImageIO
    NrrdImageIO
    PNGImageIO
    StimulateImageIO
    TIFFImageIO
    VTKImageIO
  You probably failed to set a file suffix, or
    set the suffix to an unsupported type.


 file /template
Exception Object caught: 

itk::ExceptionObject (0x557bf63b1a00)
Location: "unknown" 
File: /ants/build/staging/include/ITK-5.3/itkCenteredTransformInitializer.hxx
Line: 31
Description: ITK ERROR: CenteredTransformInitializer(0x557bf638fdd0): Fixed Image has not been set


Exception caught during reference file reading 

itk::ImageFileReaderException (0x56213a8eea00)
Location: "unknown" 
File: /ants/build/staging/include/ITK-5.3/itkImageFileReader.hxx
Line: 132
Description:  Could not create IO object for reading file /template
  Tried to create one of the following:
    BMPImageIO
    BioRadImageIO
    Bruker2dseqImageIO
    GDCMImageIO
    GE4ImageIO
    GE5ImageIO
    GiplImageIO
    HDF5ImageIO
    JPEGImageIO
    JPEG2000ImageIO
    LSMImageIO
    MGHImageIO
    MINCImageIO
    MRCImageIO
    MetaImageIO
    NiftiImageIO
    NrrdImageIO
    PNGImageIO
    StimulateImageIO
    TIFFImageIO
    VTKImageIO
  You probably failed to set a file suffix, or
    set the suffix to an unsupported type.


 file /template
Exception Object caught: 

itk::ExceptionObject (0x56213a8eea00)
Location: "unknown" 
File: /ants/build/staging/include/ITK-5.3/itkCenteredTransformInitializer.hxx
Line: 31
Description: ITK ERROR: CenteredTransformInitializer(0x56213a8ccdd0): Fixed Image has not been set


Exception caught during reference file reading 

itk::ImageFileReaderException (0x55c9600bea00)
Location: "unknown" 
File: /ants/build/staging/include/ITK-5.3/itkImageFileReader.hxx
Line: 132
Description:  Could not create IO object for reading file /template
  Tried to create one of the following:
    BMPImageIO
    BioRadImageIO
    Bruker2dseqImageIO
    GDCMImageIO
    GE4ImageIO
    GE5ImageIO
    GiplImageIO
    HDF5ImageIO
    JPEGImageIO
    JPEG2000ImageIO
    LSMImageIO
    MGHImageIO
    MINCImageIO
    MRCImageIO
    MetaImageIO
    NiftiImageIO
    NrrdImageIO
    PNGImageIO
    StimulateImageIO
    TIFFImageIO
    VTKImageIO
  You probably failed to set a file suffix, or
    set the suffix to an unsupported type.


 file /template
Exception Object caught: 

itk::ExceptionObject (0x55c9600bea00)
Location: "unknown" 
File: /ants/build/staging/include/ITK-5.3/itkCenteredTransformInitializer.hxx
Line: 31
Description: ITK ERROR: CenteredTransformInitializer(0x55c96009cdd0): Fixed Image has not been set


Exception caught during reference file reading 

itk::ImageFileReaderException (0x55e66f24fa00)
Location: "unknown" 
File: /ants/build/staging/include/ITK-5.3/itkImageFileReader.hxx
Line: 132
Description:  Could not create IO object for reading file /template
  Tried to create one of the following:
    BMPImageIO
    BioRadImageIO
    Bruker2dseqImageIO
    GDCMImageIO
    GE4ImageIO
    GE5ImageIO
    GiplImageIO
    HDF5ImageIO
    JPEGImageIO
    JPEG2000ImageIO
    LSMImageIO
    MGHImageIO
    MINCImageIO
    MRCImageIO
    MetaImageIO
    NiftiImageIO
    NrrdImageIO
    PNGImageIO
    StimulateImageIO
    TIFFImageIO
    VTKImageIO
  You probably failed to set a file suffix, or
    set the suffix to an unsupported type.


 file /template
Exception Object caught: 

itk::ExceptionObject (0x55e66f24fa00)
Location: "unknown" 
File: /ants/build/staging/include/ITK-5.3/itkCenteredTransformInitializer.hxx
Line: 31
Description: ITK ERROR: CenteredTransformInitializer(0x55e66f22ddd0): Fixed Image has not been set


Exception caught during reference file reading 

itk::ImageFileReaderException (0x5603549e1a00)
Location: "unknown" 
File: /ants/build/staging/include/ITK-5.3/itkImageFileReader.hxx
Line: 132
Description:  Could not create IO object for reading file /template
  Tried to create one of the following:
    BMPImageIO
    BioRadImageIO
    Bruker2dseqImageIO
    GDCMImageIO
    GE4ImageIO
    GE5ImageIO
    GiplImageIO
    HDF5ImageIO
    JPEGImageIO
    JPEG2000ImageIO
    LSMImageIO
    MGHImageIO
    MINCImageIO
    MRCImageIO
    MetaImageIO
    NiftiImageIO
    NrrdImageIO
    PNGImageIO
    StimulateImageIO
    TIFFImageIO
    VTKImageIO
  You probably failed to set a file suffix, or
    set the suffix to an unsupported type.


 file /template
Exception Object caught: 

itk::ExceptionObject (0x5603549e1a00)
Location: "unknown" 
File: /ants/build/staging/include/ITK-5.3/itkCenteredTransformInitializer.hxx
Line: 31
Description: ITK ERROR: CenteredTransformInitializer(0x5603549bfdd0): Fixed Image has not been set


Exception caught during reference file reading 

itk::ImageFileReaderException (0x55b23904ea00)
Location: "unknown" 
File: /ants/build/staging/include/ITK-5.3/itkImageFileReader.hxx
Line: 132
Description:  Could not create IO object for reading file /template
  Tried to create one of the following:
    BMPImageIO
    BioRadImageIO
    Bruker2dseqImageIO
    GDCMImageIO
    GE4ImageIO
    GE5ImageIO
    GiplImageIO
    HDF5ImageIO
    JPEGImageIO
    JPEG2000ImageIO
    LSMImageIO
    MGHImageIO
    MINCImageIO
    MRCImageIO
    MetaImageIO
    NiftiImageIO
    NrrdImageIO
    PNGImageIO
    StimulateImageIO
    TIFFImageIO
    VTKImageIO
  You probably failed to set a file suffix, or
    set the suffix to an unsupported type.


 file /template
Exception Object caught: 

itk::ExceptionObject (0x55b23904ea00)
Location: "unknown" 
File: /ants/build/staging/include/ITK-5.3/itkCenteredTransformInitializer.hxx
Line: 31
Description: ITK ERROR: CenteredTransformInitializer(0x55b23902cdd0): Fixed Image has not been set


Exception caught during reference file reading 

itk::ImageFileReaderException (0x560b174d5a00)
Location: "unknown" 
File: /ants/build/staging/include/ITK-5.3/itkImageFileReader.hxx
Line: 132
Description:  Could not create IO object for reading file /template
  Tried to create one of the following:
    BMPImageIO
    BioRadImageIO
    Bruker2dseqImageIO
    GDCMImageIO
    GE4ImageIO
    GE5ImageIO
    GiplImageIO
    HDF5ImageIO
    JPEGImageIO
    JPEG2000ImageIO
    LSMImageIO
    MGHImageIO
    MINCImageIO
    MRCImageIO
    MetaImageIO
    NiftiImageIO
    NrrdImageIO
    PNGImageIO
    StimulateImageIO
    TIFFImageIO
    VTKImageIO
  You probably failed to set a file suffix, or
    set the suffix to an unsupported type.


 file /template
Exception Object caught: 

itk::ExceptionObject (0x560b174d5a00)
Location: "unknown" 
File: /ants/build/staging/include/ITK-5.3/itkCenteredTransformInitializer.hxx
Line: 31
Description: ITK ERROR: CenteredTransformInitializer(0x560b174b3dd0): Fixed Image has not been set


Exception caught during reference file reading 

itk::ImageFileReaderException (0x5636b0d9da00)
Location: "unknown" 
File: /ants/build/staging/include/ITK-5.3/itkImageFileReader.hxx
Line: 132
Description:  Could not create IO object for reading file /template
  Tried to create one of the following:
    BMPImageIO
    BioRadImageIO
    Bruker2dseqImageIO
    GDCMImageIO
    GE4ImageIO
    GE5ImageIO
    GiplImageIO
    HDF5ImageIO
    JPEGImageIO
    JPEG2000ImageIO
    LSMImageIO
    MGHImageIO
    MINCImageIO
    MRCImageIO
    MetaImageIO
    NiftiImageIO
    NrrdImageIO
    PNGImageIO
    StimulateImageIO
    TIFFImageIO
    VTKImageIO
  You probably failed to set a file suffix, or
    set the suffix to an unsupported type.


 file /template
Exception Object caught: 

itk::ExceptionObject (0x5636b0d9da00)
Location: "unknown" 
File: /ants/build/staging/include/ITK-5.3/itkCenteredTransformInitializer.hxx
Line: 31
Description: ITK ERROR: CenteredTransformInitializer(0x5636b0d7bdd0): Fixed Image has not been set


Exception caught during reference file reading 

itk::ImageFileReaderException (0x560dc1341a00)
Location: "unknown" 
File: /ants/build/staging/include/ITK-5.3/itkImageFileReader.hxx
Line: 132
Description:  Could not create IO object for reading file /template
  Tried to create one of the following:
    BMPImageIO
    BioRadImageIO
    Bruker2dseqImageIO
    GDCMImageIO
    GE4ImageIO
    GE5ImageIO
    GiplImageIO
    HDF5ImageIO
    JPEGImageIO
    JPEG2000ImageIO
    LSMImageIO
    MGHImageIO
    MINCImageIO
    MRCImageIO
    MetaImageIO
    NiftiImageIO
    NrrdImageIO
    PNGImageIO
    StimulateImageIO
    TIFFImageIO
    VTKImageIO
  You probably failed to set a file suffix, or
    set the suffix to an unsupported type.


 file /template
Exception Object caught: 

itk::ExceptionObject (0x560dc1341a00)
Location: "unknown" 
File: /ants/build/staging/include/ITK-5.3/itkCenteredTransformInitializer.hxx
Line: 31
Description: ITK ERROR: CenteredTransformInitializer(0x560dc131fdd0): Fixed Image has not been set


Exception caught during reference file reading 

itk::ImageFileReaderException (0x55abaaf57a00)
Location: "unknown" 
File: /ants/build/staging/include/ITK-5.3/itkImageFileReader.hxx
Line: 132
Description:  Could not create IO object for reading file /template
  Tried to create one of the following:
    BMPImageIO
    BioRadImageIO
    Bruker2dseqImageIO
    GDCMImageIO
    GE4ImageIO
    GE5ImageIO
    GiplImageIO
    HDF5ImageIO
    JPEGImageIO
    JPEG2000ImageIO
    LSMImageIO
    MGHImageIO
    MINCImageIO
    MRCImageIO
    MetaImageIO
    NiftiImageIO
    NrrdImageIO
    PNGImageIO
    StimulateImageIO
    TIFFImageIO
    VTKImageIO
  You probably failed to set a file suffix, or
    set the suffix to an unsupported type.


 file /template
Exception Object caught: 

itk::ExceptionObject (0x55abaaf57a00)
Location: "unknown" 
File: /ants/build/staging/include/ITK-5.3/itkCenteredTransformInitializer.hxx
Line: 31
Description: ITK ERROR: CenteredTransformInitializer(0x55abaaf35dd0): Fixed Image has not been set


Exception caught during reference file reading 

itk::ImageFileReaderException (0x558e1943ba00)
Location: "unknown" 
File: /ants/build/staging/include/ITK-5.3/itkImageFileReader.hxx
Line: 132
Description:  Could not create IO object for reading file /template
  Tried to create one of the following:
    BMPImageIO
    BioRadImageIO
    Bruker2dseqImageIO
    GDCMImageIO
    GE4ImageIO
    GE5ImageIO
    GiplImageIO
    HDF5ImageIO
    JPEGImageIO
    JPEG2000ImageIO
    LSMImageIO
    MGHImageIO
    MINCImageIO
    MRCImageIO
    MetaImageIO
    NiftiImageIO
    NrrdImageIO
    PNGImageIO
    StimulateImageIO
    TIFFImageIO
    VTKImageIO
  You probably failed to set a file suffix, or
    set the suffix to an unsupported type.


 file /template
Exception Object caught: 

itk::ExceptionObject (0x558e1943ba00)
Location: "unknown" 
File: /ants/build/staging/include/ITK-5.3/itkCenteredTransformInitializer.hxx
Line: 31
Description: ITK ERROR: CenteredTransformInitializer(0x558e19419dd0): Fixed Image has not been set


Exception caught during reference file reading 

itk::ImageFileReaderException (0x5568578d5a00)
Location: "unknown" 
File: /ants/build/staging/include/ITK-5.3/itkImageFileReader.hxx
Line: 132
Description:  Could not create IO object for reading file /template
  Tried to create one of the following:
    BMPImageIO
    BioRadImageIO
    Bruker2dseqImageIO
    GDCMImageIO
    GE4ImageIO
    GE5ImageIO
    GiplImageIO
    HDF5ImageIO
    JPEGImageIO
    JPEG2000ImageIO
    LSMImageIO
    MGHImageIO
    MINCImageIO
    MRCImageIO
    MetaImageIO
    NiftiImageIO
    NrrdImageIO
    PNGImageIO
    StimulateImageIO
    TIFFImageIO
    VTKImageIO
  You probably failed to set a file suffix, or
    set the suffix to an unsupported type.


 file /template
Exception Object caught: 

itk::ExceptionObject (0x5568578d5a00)
Location: "unknown" 
File: /ants/build/staging/include/ITK-5.3/itkCenteredTransformInitializer.hxx
Line: 31
Description: ITK ERROR: CenteredTransformInitializer(0x5568578b3dd0): Fixed Image has not been set


Exception caught during reference file reading 

itk::ImageFileReaderException (0x55c964982a00)
Location: "unknown" 
File: /ants/build/staging/include/ITK-5.3/itkImageFileReader.hxx
Line: 132
Description:  Could not create IO object for reading file /template
  Tried to create one of the following:
    BMPImageIO
    BioRadImageIO
    Bruker2dseqImageIO
    GDCMImageIO
    GE4ImageIO
    GE5ImageIO
    GiplImageIO
    HDF5ImageIO
    JPEGImageIO
    JPEG2000ImageIO
    LSMImageIO
    MGHImageIO
    MINCImageIO
    MRCImageIO
    MetaImageIO
    NiftiImageIO
    NrrdImageIO
    PNGImageIO
    StimulateImageIO
    TIFFImageIO
    VTKImageIO
  You probably failed to set a file suffix, or
    set the suffix to an unsupported type.


 file /template
Exception Object caught: 

itk::ExceptionObject (0x55c964982a00)
Location: "unknown" 
File: /ants/build/staging/include/ITK-5.3/itkCenteredTransformInitializer.hxx
Line: 31
Description: ITK ERROR: CenteredTransformInitializer(0x55c964960dd0): Fixed Image has not been set


Exception caught during reference file reading 

itk::ImageFileReaderException (0x55729d308a00)
Location: "unknown" 
File: /ants/build/staging/include/ITK-5.3/itkImageFileReader.hxx
Line: 132
Description:  Could not create IO object for reading file /template
  Tried to create one of the following:
    BMPImageIO
    BioRadImageIO
    Bruker2dseqImageIO
    GDCMImageIO
    GE4ImageIO
    GE5ImageIO
    GiplImageIO
    HDF5ImageIO
    JPEGImageIO
    JPEG2000ImageIO
    LSMImageIO
    MGHImageIO
    MINCImageIO
    MRCImageIO
    MetaImageIO
    NiftiImageIO
    NrrdImageIO
    PNGImageIO
    StimulateImageIO
    TIFFImageIO
    VTKImageIO
  You probably failed to set a file suffix, or
    set the suffix to an unsupported type.


 file /template
Exception Object caught: 

itk::ExceptionObject (0x55729d308a00)
Location: "unknown" 
File: /ants/build/staging/include/ITK-5.3/itkCenteredTransformInitializer.hxx
Line: 31
Description: ITK ERROR: CenteredTransformInitializer(0x55729d2e6dd0): Fixed Image has not been set


Exception caught during reference file reading 

itk::ImageFileReaderException (0x5602160aea00)
Location: "unknown" 
File: /ants/build/staging/include/ITK-5.3/itkImageFileReader.hxx
Line: 132
Description:  Could not create IO object for reading file /template
  Tried to create one of the following:
    BMPImageIO
    BioRadImageIO
    Bruker2dseqImageIO
    GDCMImageIO
    GE4ImageIO
    GE5ImageIO
    GiplImageIO
    HDF5ImageIO
    JPEGImageIO
    JPEG2000ImageIO
    LSMImageIO
    MGHImageIO
    MINCImageIO
    MRCImageIO
    MetaImageIO
    NiftiImageIO
    NrrdImageIO
    PNGImageIO
    StimulateImageIO
    TIFFImageIO
    VTKImageIO
  You probably failed to set a file suffix, or
    set the suffix to an unsupported type.


 file /template
Exception Object caught: 

itk::ExceptionObject (0x5602160aea00)
Location: "unknown" 
File: /ants/build/staging/include/ITK-5.3/itkCenteredTransformInitializer.hxx
Line: 31
Description: ITK ERROR: CenteredTransformInitializer(0x56021608cdd0): Fixed Image has not been set


Exception caught during reference file reading 

itk::ImageFileReaderException (0x55fe2713fa00)
Location: "unknown" 
File: /ants/build/staging/include/ITK-5.3/itkImageFileReader.hxx
Line: 132
Description:  Could not create IO object for reading file /template
  Tried to create one of the following:
    BMPImageIO
    BioRadImageIO
    Bruker2dseqImageIO
    GDCMImageIO
    GE4ImageIO
    GE5ImageIO
    GiplImageIO
    HDF5ImageIO
    JPEGImageIO
    JPEG2000ImageIO
    LSMImageIO
    MGHImageIO
    MINCImageIO
    MRCImageIO
    MetaImageIO
    NiftiImageIO
    NrrdImageIO
    PNGImageIO
    StimulateImageIO
    TIFFImageIO
    VTKImageIO
  You probably failed to set a file suffix, or
    set the suffix to an unsupported type.


 file /template
Exception Object caught: 

itk::ExceptionObject (0x55fe2713fa00)
Location: "unknown" 
File: /ants/build/staging/include/ITK-5.3/itkCenteredTransformInitializer.hxx
Line: 31
Description: ITK ERROR: CenteredTransformInitializer(0x55fe2711ddd0): Fixed Image has not been set


Exception caught during reference file reading 

itk::ImageFileReaderException (0x5635c5071a00)
Location: "unknown" 
File: /ants/build/staging/include/ITK-5.3/itkImageFileReader.hxx
Line: 132
Description:  Could not create IO object for reading file /template
  Tried to create one of the following:
    BMPImageIO
    BioRadImageIO
    Bruker2dseqImageIO
    GDCMImageIO
    GE4ImageIO
    GE5ImageIO
    GiplImageIO
    HDF5ImageIO
    JPEGImageIO
    JPEG2000ImageIO
    LSMImageIO
    MGHImageIO
    MINCImageIO
    MRCImageIO
    MetaImageIO
    NiftiImageIO
    NrrdImageIO
    PNGImageIO
    StimulateImageIO
    TIFFImageIO
    VTKImageIO
  You probably failed to set a file suffix, or
    set the suffix to an unsupported type.


 file /template
Exception Object caught: 

itk::ExceptionObject (0x5635c5071a00)
Location: "unknown" 
File: /ants/build/staging/include/ITK-5.3/itkCenteredTransformInitializer.hxx
Line: 31
Description: ITK ERROR: CenteredTransformInitializer(0x5635c504fdd0): Fixed Image has not been set


Exception caught during reference file reading 

itk::ImageFileReaderException (0x5604cd841a00)
Location: "unknown" 
File: /ants/build/staging/include/ITK-5.3/itkImageFileReader.hxx
Line: 132
Description:  Could not create IO object for reading file /template
  Tried to create one of the following:
    BMPImageIO
    BioRadImageIO
    Bruker2dseqImageIO
    GDCMImageIO
    GE4ImageIO
    GE5ImageIO
    GiplImageIO
    HDF5ImageIO
    JPEGImageIO
    JPEG2000ImageIO
    LSMImageIO
    MGHImageIO
    MINCImageIO
    MRCImageIO
    MetaImageIO
    NiftiImageIO
    NrrdImageIO
    PNGImageIO
    StimulateImageIO
    TIFFImageIO
    VTKImageIO
  You probably failed to set a file suffix, or
    set the suffix to an unsupported type.


 file /template
Exception Object caught: 

itk::ExceptionObject (0x5604cd841a00)
Location: "unknown" 
File: /ants/build/staging/include/ITK-5.3/itkCenteredTransformInitializer.hxx
Line: 31
Description: ITK ERROR: CenteredTransformInitializer(0x5604cd81fdd0): Fixed Image has not been set


Exception caught during reference file reading 

itk::ImageFileReaderException (0x55d43e2c5a00)
Location: "unknown" 
File: /ants/build/staging/include/ITK-5.3/itkImageFileReader.hxx
Line: 132
Description:  Could not create IO object for reading file /template
  Tried to create one of the following:
    BMPImageIO
    BioRadImageIO
    Bruker2dseqImageIO
    GDCMImageIO
    GE4ImageIO
    GE5ImageIO
    GiplImageIO
    HDF5ImageIO
    JPEGImageIO
    JPEG2000ImageIO
    LSMImageIO
    MGHImageIO
    MINCImageIO
    MRCImageIO
    MetaImageIO
    NiftiImageIO
    NrrdImageIO
    PNGImageIO
    StimulateImageIO
    TIFFImageIO
    VTKImageIO
  You probably failed to set a file suffix, or
    set the suffix to an unsupported type.


 file /template
Exception Object caught: 

itk::ExceptionObject (0x55d43e2c5a00)
Location: "unknown" 
File: /ants/build/staging/include/ITK-5.3/itkCenteredTransformInitializer.hxx
Line: 31
Description: ITK ERROR: CenteredTransformInitializer(0x55d43e2a3dd0): Fixed Image has not been set


Exception caught during reference file reading 

itk::ImageFileReaderException (0x55991c2eda00)
Location: "unknown" 
File: /ants/build/staging/include/ITK-5.3/itkImageFileReader.hxx
Line: 132
Description:  Could not create IO object for reading file /template
  Tried to create one of the following:
    BMPImageIO
    BioRadImageIO
    Bruker2dseqImageIO
    GDCMImageIO
    GE4ImageIO
    GE5ImageIO
    GiplImageIO
    HDF5ImageIO
    JPEGImageIO
    JPEG2000ImageIO
    LSMImageIO
    MGHImageIO
    MINCImageIO
    MRCImageIO
    MetaImageIO
    NiftiImageIO
    NrrdImageIO
    PNGImageIO
    StimulateImageIO
    TIFFImageIO
    VTKImageIO
  You probably failed to set a file suffix, or
    set the suffix to an unsupported type.


 file /template
Exception Object caught: 

itk::ExceptionObject (0x55991c2eda00)
Location: "unknown" 
File: /ants/build/staging/include/ITK-5.3/itkCenteredTransformInitializer.hxx
Line: 31
Description: ITK ERROR: CenteredTransformInitializer(0x55991c2cbdd0): Fixed Image has not been set


Exception caught during reference file reading 

itk::ImageFileReaderException (0x564a91340a00)
Location: "unknown" 
File: /ants/build/staging/include/ITK-5.3/itkImageFileReader.hxx
Line: 132
Description:  Could not create IO object for reading file /template
  Tried to create one of the following:
    BMPImageIO
    BioRadImageIO
    Bruker2dseqImageIO
    GDCMImageIO
    GE4ImageIO
    GE5ImageIO
    GiplImageIO
    HDF5ImageIO
    JPEGImageIO
    JPEG2000ImageIO
    LSMImageIO
    MGHImageIO
    MINCImageIO
    MRCImageIO
    MetaImageIO
    NiftiImageIO
    NrrdImageIO
    PNGImageIO
    StimulateImageIO
    TIFFImageIO
    VTKImageIO
  You probably failed to set a file suffix, or
    set the suffix to an unsupported type.


 file /template
Exception Object caught: 

itk::ExceptionObject (0x564a91340a00)
Location: "unknown" 
File: /ants/build/staging/include/ITK-5.3/itkCenteredTransformInitializer.hxx
Line: 31
Description: ITK ERROR: CenteredTransformInitializer(0x564a9131edd0): Fixed Image has not been set


Exception caught during reference file reading 

itk::ImageFileReaderException (0x561f952d6a00)
Location: "unknown" 
File: /ants/build/staging/include/ITK-5.3/itkImageFileReader.hxx
Line: 132
Description:  Could not create IO object for reading file /template
  Tried to create one of the following:
    BMPImageIO
    BioRadImageIO
    Bruker2dseqImageIO
    GDCMImageIO
    GE4ImageIO
    GE5ImageIO
    GiplImageIO
    HDF5ImageIO
    JPEGImageIO
    JPEG2000ImageIO
    LSMImageIO
    MGHImageIO
    MINCImageIO
    MRCImageIO
    MetaImageIO
    NiftiImageIO
    NrrdImageIO
    PNGImageIO
    StimulateImageIO
    TIFFImageIO
    VTKImageIO
  You probably failed to set a file suffix, or
    set the suffix to an unsupported type.


 file /template
Exception Object caught: 

itk::ExceptionObject (0x561f952d6a00)
Location: "unknown" 
File: /ants/build/staging/include/ITK-5.3/itkCenteredTransformInitializer.hxx
Line: 31
Description: ITK ERROR: CenteredTransformInitializer(0x561f952b4dd0): Fixed Image has not been set


Exception caught during reference file reading 

itk::ImageFileReaderException (0x558ee3a7da00)
Location: "unknown" 
File: /ants/build/staging/include/ITK-5.3/itkImageFileReader.hxx
Line: 132
Description:  Could not create IO object for reading file /template
  Tried to create one of the following:
    BMPImageIO
    BioRadImageIO
    Bruker2dseqImageIO
    GDCMImageIO
    GE4ImageIO
    GE5ImageIO
    GiplImageIO
    HDF5ImageIO
    JPEGImageIO
    JPEG2000ImageIO
    LSMImageIO
    MGHImageIO
    MINCImageIO
    MRCImageIO
    MetaImageIO
    NiftiImageIO
    NrrdImageIO
    PNGImageIO
    StimulateImageIO
    TIFFImageIO
    VTKImageIO
  You probably failed to set a file suffix, or
    set the suffix to an unsupported type.


 file /template
Exception Object caught: 

itk::ExceptionObject (0x558ee3a7da00)
Location: "unknown" 
File: /ants/build/staging/include/ITK-5.3/itkCenteredTransformInitializer.hxx
Line: 31
Description: ITK ERROR: CenteredTransformInitializer(0x558ee3a5bdd0): Fixed Image has not been set


Exception caught during reference file reading 

itk::ImageFileReaderException (0x558d6f194a00)
Location: "unknown" 
File: /ants/build/staging/include/ITK-5.3/itkImageFileReader.hxx
Line: 132
Description:  Could not create IO object for reading file /template
  Tried to create one of the following:
    BMPImageIO
    BioRadImageIO
    Bruker2dseqImageIO
    GDCMImageIO
    GE4ImageIO
    GE5ImageIO
    GiplImageIO
    HDF5ImageIO
    JPEGImageIO
    JPEG2000ImageIO
    LSMImageIO
    MGHImageIO
    MINCImageIO
    MRCImageIO
    MetaImageIO
    NiftiImageIO
    NrrdImageIO
    PNGImageIO
    StimulateImageIO
    TIFFImageIO
    VTKImageIO
  You probably failed to set a file suffix, or
    set the suffix to an unsupported type.


 file /template
Exception Object caught: 

itk::ExceptionObject (0x558d6f194a00)
Location: "unknown" 
File: /ants/build/staging/include/ITK-5.3/itkCenteredTransformInitializer.hxx
Line: 31
Description: ITK ERROR: CenteredTransformInitializer(0x558d6f172dd0): Fixed Image has not been set


Exception caught during reference file reading 

itk::ImageFileReaderException (0x55984105ea00)
Location: "unknown" 
File: /ants/build/staging/include/ITK-5.3/itkImageFileReader.hxx
Line: 132
Description:  Could not create IO object for reading file /template
  Tried to create one of the following:
    BMPImageIO
    BioRadImageIO
    Bruker2dseqImageIO
    GDCMImageIO
    GE4ImageIO
    GE5ImageIO
    GiplImageIO
    HDF5ImageIO
    JPEGImageIO
    JPEG2000ImageIO
    LSMImageIO
    MGHImageIO
    MINCImageIO
    MRCImageIO
    MetaImageIO
    NiftiImageIO
    NrrdImageIO
    PNGImageIO
    StimulateImageIO
    TIFFImageIO
    VTKImageIO
  You probably failed to set a file suffix, or
    set the suffix to an unsupported type.


 file /template
Exception Object caught: 

itk::ExceptionObject (0x55984105ea00)
Location: "unknown" 
File: /ants/build/staging/include/ITK-5.3/itkCenteredTransformInitializer.hxx
Line: 31
Description: ITK ERROR: CenteredTransformInitializer(0x55984103cdd0): Fixed Image has not been set


Exception caught during reference file reading 

itk::ImageFileReaderException (0x5596e4cf8a00)
Location: "unknown" 
File: /ants/build/staging/include/ITK-5.3/itkImageFileReader.hxx
Line: 132
Description:  Could not create IO object for reading file /template
  Tried to create one of the following:
    BMPImageIO
    BioRadImageIO
    Bruker2dseqImageIO
    GDCMImageIO
    GE4ImageIO
    GE5ImageIO
    GiplImageIO
    HDF5ImageIO
    JPEGImageIO
    JPEG2000ImageIO
    LSMImageIO
    MGHImageIO
    MINCImageIO
    MRCImageIO
    MetaImageIO
    NiftiImageIO
    NrrdImageIO
    PNGImageIO
    StimulateImageIO
    TIFFImageIO
    VTKImageIO
  You probably failed to set a file suffix, or
    set the suffix to an unsupported type.


 file /template
Exception Object caught: 

itk::ExceptionObject (0x5596e4cf8a00)
Location: "unknown" 
File: /ants/build/staging/include/ITK-5.3/itkCenteredTransformInitializer.hxx
Line: 31
Description: ITK ERROR: CenteredTransformInitializer(0x5596e4cd6dd0): Fixed Image has not been set


Exception caught during reference file reading 

itk::ImageFileReaderException (0x558bf3730a00)
Location: "unknown" 
File: /ants/build/staging/include/ITK-5.3/itkImageFileReader.hxx
Line: 132
Description:  Could not create IO object for reading file /template
  Tried to create one of the following:
    BMPImageIO
    BioRadImageIO
    Bruker2dseqImageIO
    GDCMImageIO
    GE4ImageIO
    GE5ImageIO
    GiplImageIO
    HDF5ImageIO
    JPEGImageIO
    JPEG2000ImageIO
    LSMImageIO
    MGHImageIO
    MINCImageIO
    MRCImageIO
    MetaImageIO
    NiftiImageIO
    NrrdImageIO
    PNGImageIO
    StimulateImageIO
    TIFFImageIO
    VTKImageIO
  You probably failed to set a file suffix, or
    set the suffix to an unsupported type.


 file /template
Exception Object caught: 

itk::ExceptionObject (0x558bf3730a00)
Location: "unknown" 
File: /ants/build/staging/include/ITK-5.3/itkCenteredTransformInitializer.hxx
Line: 31
Description: ITK ERROR: CenteredTransformInitializer(0x558bf370edd0): Fixed Image has not been set


Exception caught during reference file reading 

itk::ImageFileReaderException (0x55733b2bca00)
Location: "unknown" 
File: /ants/build/staging/include/ITK-5.3/itkImageFileReader.hxx
Line: 132
Description:  Could not create IO object for reading file /template
  Tried to create one of the following:
    BMPImageIO
    BioRadImageIO
    Bruker2dseqImageIO
    GDCMImageIO
    GE4ImageIO
    GE5ImageIO
    GiplImageIO
    HDF5ImageIO
    JPEGImageIO
    JPEG2000ImageIO
    LSMImageIO
    MGHImageIO
    MINCImageIO
    MRCImageIO
    MetaImageIO
    NiftiImageIO
    NrrdImageIO
    PNGImageIO
    StimulateImageIO
    TIFFImageIO
    VTKImageIO
  You probably failed to set a file suffix, or
    set the suffix to an unsupported type.


 file /template
Exception Object caught: 

itk::ExceptionObject (0x55733b2bca00)
Location: "unknown" 
File: /ants/build/staging/include/ITK-5.3/itkCenteredTransformInitializer.hxx
Line: 31
Description: ITK ERROR: CenteredTransformInitializer(0x55733b29add0): Fixed Image has not been set


Exception caught during reference file reading 

itk::ImageFileReaderException (0x55932ce9ea00)
Location: "unknown" 
File: /ants/build/staging/include/ITK-5.3/itkImageFileReader.hxx
Line: 132
Description:  Could not create IO object for reading file /template
  Tried to create one of the following:
    BMPImageIO
    BioRadImageIO
    Bruker2dseqImageIO
    GDCMImageIO
    GE4ImageIO
    GE5ImageIO
    GiplImageIO
    HDF5ImageIO
    JPEGImageIO
    JPEG2000ImageIO
    LSMImageIO
    MGHImageIO
    MINCImageIO
    MRCImageIO
    MetaImageIO
    NiftiImageIO
    NrrdImageIO
    PNGImageIO
    StimulateImageIO
    TIFFImageIO
    VTKImageIO
  You probably failed to set a file suffix, or
    set the suffix to an unsupported type.


 file /template
Exception Object caught: 

itk::ExceptionObject (0x55932ce9ea00)
Location: "unknown" 
File: /ants/build/staging/include/ITK-5.3/itkCenteredTransformInitializer.hxx
Line: 31
Description: ITK ERROR: CenteredTransformInitializer(0x55932ce7cdd0): Fixed Image has not been set


Exception caught during reference file reading 

itk::ImageFileReaderException (0x559aa2af3a00)
Location: "unknown" 
File: /ants/build/staging/include/ITK-5.3/itkImageFileReader.hxx
Line: 132
Description:  Could not create IO object for reading file /template
  Tried to create one of the following:
    BMPImageIO
    BioRadImageIO
    Bruker2dseqImageIO
    GDCMImageIO
    GE4ImageIO
    GE5ImageIO
    GiplImageIO
    HDF5ImageIO
    JPEGImageIO
    JPEG2000ImageIO
    LSMImageIO
    MGHImageIO
    MINCImageIO
    MRCImageIO
    MetaImageIO
    NiftiImageIO
    NrrdImageIO
    PNGImageIO
    StimulateImageIO
    TIFFImageIO
    VTKImageIO
  You probably failed to set a file suffix, or
    set the suffix to an unsupported type.


 file /template
Exception Object caught: 

itk::ExceptionObject (0x559aa2af3a00)
Location: "unknown" 
File: /ants/build/staging/include/ITK-5.3/itkCenteredTransformInitializer.hxx
Line: 31
Description: ITK ERROR: CenteredTransformInitializer(0x559aa2ad1dd0): Fixed Image has not been set


Exception caught during reference file reading 

itk::ImageFileReaderException (0x562f3a25ca00)
Location: "unknown" 
File: /ants/build/staging/include/ITK-5.3/itkImageFileReader.hxx
Line: 132
Description:  Could not create IO object for reading file /template
  Tried to create one of the following:
    BMPImageIO
    BioRadImageIO
    Bruker2dseqImageIO
    GDCMImageIO
    GE4ImageIO
    GE5ImageIO
    GiplImageIO
    HDF5ImageIO
    JPEGImageIO
    JPEG2000ImageIO
    LSMImageIO
    MGHImageIO
    MINCImageIO
    MRCImageIO
    MetaImageIO
    NiftiImageIO
    NrrdImageIO
    PNGImageIO
    StimulateImageIO
    TIFFImageIO
    VTKImageIO
  You probably failed to set a file suffix, or
    set the suffix to an unsupported type.


 file /template
Exception Object caught: 

itk::ExceptionObject (0x562f3a25ca00)
Location: "unknown" 
File: /ants/build/staging/include/ITK-5.3/itkCenteredTransformInitializer.hxx
Line: 31
Description: ITK ERROR: CenteredTransformInitializer(0x562f3a23add0): Fixed Image has not been set


Exception caught during reference file reading 

itk::ImageFileReaderException (0x558713e93a00)
Location: "unknown" 
File: /ants/build/staging/include/ITK-5.3/itkImageFileReader.hxx
Line: 132
Description:  Could not create IO object for reading file /template
  Tried to create one of the following:
    BMPImageIO
    BioRadImageIO
    Bruker2dseqImageIO
    GDCMImageIO
    GE4ImageIO
    GE5ImageIO
    GiplImageIO
    HDF5ImageIO
    JPEGImageIO
    JPEG2000ImageIO
    LSMImageIO
    MGHImageIO
    MINCImageIO
    MRCImageIO
    MetaImageIO
    NiftiImageIO
    NrrdImageIO
    PNGImageIO
    StimulateImageIO
    TIFFImageIO
    VTKImageIO
  You probably failed to set a file suffix, or
    set the suffix to an unsupported type.


 file /template
Exception Object caught: 

itk::ExceptionObject (0x558713e93a00)
Location: "unknown" 
File: /ants/build/staging/include/ITK-5.3/itkCenteredTransformInitializer.hxx
Line: 31
Description: ITK ERROR: CenteredTransformInitializer(0x558713e71dd0): Fixed Image has not been set


Exception caught during reference file reading 

itk::ImageFileReaderException (0x55e23d0a8a00)
Location: "unknown" 
File: /ants/build/staging/include/ITK-5.3/itkImageFileReader.hxx
Line: 132
Description:  Could not create IO object for reading file /template
  Tried to create one of the following:
    BMPImageIO
    BioRadImageIO
    Bruker2dseqImageIO
    GDCMImageIO
    GE4ImageIO
    GE5ImageIO
    GiplImageIO
    HDF5ImageIO
    JPEGImageIO
    JPEG2000ImageIO
    LSMImageIO
    MGHImageIO
    MINCImageIO
    MRCImageIO
    MetaImageIO
    NiftiImageIO
    NrrdImageIO
    PNGImageIO
    StimulateImageIO
    TIFFImageIO
    VTKImageIO
  You probably failed to set a file suffix, or
    set the suffix to an unsupported type.


 file /template
Exception Object caught: 

itk::ExceptionObject (0x55e23d0a8a00)
Location: "unknown" 
File: /ants/build/staging/include/ITK-5.3/itkCenteredTransformInitializer.hxx
Line: 31
Description: ITK ERROR: CenteredTransformInitializer(0x55e23d086dd0): Fixed Image has not been set


Exception caught during reference file reading 

itk::ImageFileReaderException (0x55eca6438a00)
Location: "unknown" 
File: /ants/build/staging/include/ITK-5.3/itkImageFileReader.hxx
Line: 132
Description:  Could not create IO object for reading file /template
  Tried to create one of the following:
    BMPImageIO
    BioRadImageIO
    Bruker2dseqImageIO
    GDCMImageIO
    GE4ImageIO
    GE5ImageIO
    GiplImageIO
    HDF5ImageIO
    JPEGImageIO
    JPEG2000ImageIO
    LSMImageIO
    MGHImageIO
    MINCImageIO
    MRCImageIO
    MetaImageIO
    NiftiImageIO
    NrrdImageIO
    PNGImageIO
    StimulateImageIO
    TIFFImageIO
    VTKImageIO
  You probably failed to set a file suffix, or
    set the suffix to an unsupported type.


 file /template
Exception Object caught: 

itk::ExceptionObject (0x55eca6438a00)
Location: "unknown" 
File: /ants/build/staging/include/ITK-5.3/itkCenteredTransformInitializer.hxx
Line: 31
Description: ITK ERROR: CenteredTransformInitializer(0x55eca6416dd0): Fixed Image has not been set


Exception caught during reference file reading 

itk::ImageFileReaderException (0x559659108a00)
Location: "unknown" 
File: /ants/build/staging/include/ITK-5.3/itkImageFileReader.hxx
Line: 132
Description:  Could not create IO object for reading file /template
  Tried to create one of the following:
    BMPImageIO
    BioRadImageIO
    Bruker2dseqImageIO
    GDCMImageIO
    GE4ImageIO
    GE5ImageIO
    GiplImageIO
    HDF5ImageIO
    JPEGImageIO
    JPEG2000ImageIO
    LSMImageIO
    MGHImageIO
    MINCImageIO
    MRCImageIO
    MetaImageIO
    NiftiImageIO
    NrrdImageIO
    PNGImageIO
    StimulateImageIO
    TIFFImageIO
    VTKImageIO
  You probably failed to set a file suffix, or
    set the suffix to an unsupported type.


 file /template
Exception Object caught: 

itk::ExceptionObject (0x559659108a00)
Location: "unknown" 
File: /ants/build/staging/include/ITK-5.3/itkCenteredTransformInitializer.hxx
Line: 31
Description: ITK ERROR: CenteredTransformInitializer(0x5596590e6dd0): Fixed Image has not been set


Exception caught during reference file reading 

itk::ImageFileReaderException (0x5557ac1e1a00)
Location: "unknown" 
File: /ants/build/staging/include/ITK-5.3/itkImageFileReader.hxx
Line: 132
Description:  Could not create IO object for reading file /template
  Tried to create one of the following:
    BMPImageIO
    BioRadImageIO
    Bruker2dseqImageIO
    GDCMImageIO
    GE4ImageIO
    GE5ImageIO
    GiplImageIO
    HDF5ImageIO
    JPEGImageIO
    JPEG2000ImageIO
    LSMImageIO
    MGHImageIO
    MINCImageIO
    MRCImageIO
    MetaImageIO
    NiftiImageIO
    NrrdImageIO
    PNGImageIO
    StimulateImageIO
    TIFFImageIO
    VTKImageIO
  You probably failed to set a file suffix, or
    set the suffix to an unsupported type.


 file /template
Exception Object caught: 

itk::ExceptionObject (0x5557ac1e1a00)
Location: "unknown" 
File: /ants/build/staging/include/ITK-5.3/itkCenteredTransformInitializer.hxx
Line: 31
Description: ITK ERROR: CenteredTransformInitializer(0x5557ac1bfdd0): Fixed Image has not been set


Exception caught during reference file reading 

itk::ImageFileReaderException (0x55a8ef27fa00)
Location: "unknown" 
File: /ants/build/staging/include/ITK-5.3/itkImageFileReader.hxx
Line: 132
Description:  Could not create IO object for reading file /template
  Tried to create one of the following:
    BMPImageIO
    BioRadImageIO
    Bruker2dseqImageIO
    GDCMImageIO
    GE4ImageIO
    GE5ImageIO
    GiplImageIO
    HDF5ImageIO
    JPEGImageIO
    JPEG2000ImageIO
    LSMImageIO
    MGHImageIO
    MINCImageIO
    MRCImageIO
    MetaImageIO
    NiftiImageIO
    NrrdImageIO
    PNGImageIO
    StimulateImageIO
    TIFFImageIO
    VTKImageIO
  You probably failed to set a file suffix, or
    set the suffix to an unsupported type.


 file /template
Exception Object caught: 

itk::ExceptionObject (0x55a8ef27fa00)
Location: "unknown" 
File: /ants/build/staging/include/ITK-5.3/itkCenteredTransformInitializer.hxx
Line: 31
Description: ITK ERROR: CenteredTransformInitializer(0x55a8ef25ddd0): Fixed Image has not been set


Exception caught during reference file reading 

itk::ImageFileReaderException (0x563b9d41ea00)
Location: "unknown" 
File: /ants/build/staging/include/ITK-5.3/itkImageFileReader.hxx
Line: 132
Description:  Could not create IO object for reading file /template
  Tried to create one of the following:
    BMPImageIO
    BioRadImageIO
    Bruker2dseqImageIO
    GDCMImageIO
    GE4ImageIO
    GE5ImageIO
    GiplImageIO
    HDF5ImageIO
    JPEGImageIO
    JPEG2000ImageIO
    LSMImageIO
    MGHImageIO
    MINCImageIO
    MRCImageIO
    MetaImageIO
    NiftiImageIO
    NrrdImageIO
    PNGImageIO
    StimulateImageIO
    TIFFImageIO
    VTKImageIO
  You probably failed to set a file suffix, or
    set the suffix to an unsupported type.


 file /template
Exception Object caught: 

itk::ExceptionObject (0x563b9d41ea00)
Location: "unknown" 
File: /ants/build/staging/include/ITK-5.3/itkCenteredTransformInitializer.hxx
Line: 31
Description: ITK ERROR: CenteredTransformInitializer(0x563b9d3fcdd0): Fixed Image has not been set


Exception caught during reference file reading 

itk::ImageFileReaderException (0x5641602aea00)
Location: "unknown" 
File: /ants/build/staging/include/ITK-5.3/itkImageFileReader.hxx
Line: 132
Description:  Could not create IO object for reading file /template
  Tried to create one of the following:
    BMPImageIO
    BioRadImageIO
    Bruker2dseqImageIO
    GDCMImageIO
    GE4ImageIO
    GE5ImageIO
    GiplImageIO
    HDF5ImageIO
    JPEGImageIO
    JPEG2000ImageIO
    LSMImageIO
    MGHImageIO
    MINCImageIO
    MRCImageIO
    MetaImageIO
    NiftiImageIO
    NrrdImageIO
    PNGImageIO
    StimulateImageIO
    TIFFImageIO
    VTKImageIO
  You probably failed to set a file suffix, or
    set the suffix to an unsupported type.


 file /template
Exception Object caught: 

itk::ExceptionObject (0x5641602aea00)
Location: "unknown" 
File: /ants/build/staging/include/ITK-5.3/itkCenteredTransformInitializer.hxx
Line: 31
Description: ITK ERROR: CenteredTransformInitializer(0x56416028cdd0): Fixed Image has not been set


Exception caught during reference file reading 

itk::ImageFileReaderException (0x55878e644a00)
Location: "unknown" 
File: /ants/build/staging/include/ITK-5.3/itkImageFileReader.hxx
Line: 132
Description:  Could not create IO object for reading file /template
  Tried to create one of the following:
    BMPImageIO
    BioRadImageIO
    Bruker2dseqImageIO
    GDCMImageIO
    GE4ImageIO
    GE5ImageIO
    GiplImageIO
    HDF5ImageIO
    JPEGImageIO
    JPEG2000ImageIO
    LSMImageIO
    MGHImageIO
    MINCImageIO
    MRCImageIO
    MetaImageIO
    NiftiImageIO
    NrrdImageIO
    PNGImageIO
    StimulateImageIO
    TIFFImageIO
    VTKImageIO
  You probably failed to set a file suffix, or
    set the suffix to an unsupported type.


 file /template
Exception Object caught: 

itk::ExceptionObject (0x55878e644a00)
Location: "unknown" 
File: /ants/build/staging/include/ITK-5.3/itkCenteredTransformInitializer.hxx
Line: 31
Description: ITK ERROR: CenteredTransformInitializer(0x55878e622dd0): Fixed Image has not been set


Exception caught during reference file reading 

itk::ImageFileReaderException (0x5601067f3a00)
Location: "unknown" 
File: /ants/build/staging/include/ITK-5.3/itkImageFileReader.hxx
Line: 132
Description:  Could not create IO object for reading file /template
  Tried to create one of the following:
    BMPImageIO
    BioRadImageIO
    Bruker2dseqImageIO
    GDCMImageIO
    GE4ImageIO
    GE5ImageIO
    GiplImageIO
    HDF5ImageIO
    JPEGImageIO
    JPEG2000ImageIO
    LSMImageIO
    MGHImageIO
    MINCImageIO
    MRCImageIO
    MetaImageIO
    NiftiImageIO
    NrrdImageIO
    PNGImageIO
    StimulateImageIO
    TIFFImageIO
    VTKImageIO
  You probably failed to set a file suffix, or
    set the suffix to an unsupported type.


 file /template
Exception Object caught: 

itk::ExceptionObject (0x5601067f3a00)
Location: "unknown" 
File: /ants/build/staging/include/ITK-5.3/itkCenteredTransformInitializer.hxx
Line: 31
Description: ITK ERROR: CenteredTransformInitializer(0x5601067d1dd0): Fixed Image has not been set


Exception caught during reference file reading 

itk::ImageFileReaderException (0x55dbad84ca00)
Location: "unknown" 
File: /ants/build/staging/include/ITK-5.3/itkImageFileReader.hxx
Line: 132
Description:  Could not create IO object for reading file /template
  Tried to create one of the following:
    BMPImageIO
    BioRadImageIO
    Bruker2dseqImageIO
    GDCMImageIO
    GE4ImageIO
    GE5ImageIO
    GiplImageIO
    HDF5ImageIO
    JPEGImageIO
    JPEG2000ImageIO
    LSMImageIO
    MGHImageIO
    MINCImageIO
    MRCImageIO
    MetaImageIO
    NiftiImageIO
    NrrdImageIO
    PNGImageIO
    StimulateImageIO
    TIFFImageIO
    VTKImageIO
  You probably failed to set a file suffix, or
    set the suffix to an unsupported type.


 file /template
Exception Object caught: 

itk::ExceptionObject (0x55dbad84ca00)
Location: "unknown" 
File: /ants/build/staging/include/ITK-5.3/itkCenteredTransformInitializer.hxx
Line: 31
Description: ITK ERROR: CenteredTransformInitializer(0x55dbad82add0): Fixed Image has not been set


Exception caught during reference file reading 

itk::ImageFileReaderException (0x55b6d3f00a00)
Location: "unknown" 
File: /ants/build/staging/include/ITK-5.3/itkImageFileReader.hxx
Line: 132
Description:  Could not create IO object for reading file /template
  Tried to create one of the following:
    BMPImageIO
    BioRadImageIO
    Bruker2dseqImageIO
    GDCMImageIO
    GE4ImageIO
    GE5ImageIO
    GiplImageIO
    HDF5ImageIO
    JPEGImageIO
    JPEG2000ImageIO
    LSMImageIO
    MGHImageIO
    MINCImageIO
    MRCImageIO
    MetaImageIO
    NiftiImageIO
    NrrdImageIO
    PNGImageIO
    StimulateImageIO
    TIFFImageIO
    VTKImageIO
  You probably failed to set a file suffix, or
    set the suffix to an unsupported type.


 file /template
Exception Object caught: 

itk::ExceptionObject (0x55b6d3f00a00)
Location: "unknown" 
File: /ants/build/staging/include/ITK-5.3/itkCenteredTransformInitializer.hxx
Line: 31
Description: ITK ERROR: CenteredTransformInitializer(0x55b6d3ededd0): Fixed Image has not been set


Exception caught during reference file reading 

itk::ImageFileReaderException (0x561c3a6d0a00)
Location: "unknown" 
File: /ants/build/staging/include/ITK-5.3/itkImageFileReader.hxx
Line: 132
Description:  Could not create IO object for reading file /template
  Tried to create one of the following:
    BMPImageIO
    BioRadImageIO
    Bruker2dseqImageIO
    GDCMImageIO
    GE4ImageIO
    GE5ImageIO
    GiplImageIO
    HDF5ImageIO
    JPEGImageIO
    JPEG2000ImageIO
    LSMImageIO
    MGHImageIO
    MINCImageIO
    MRCImageIO
    MetaImageIO
    NiftiImageIO
    NrrdImageIO
    PNGImageIO
    StimulateImageIO
    TIFFImageIO
    VTKImageIO
  You probably failed to set a file suffix, or
    set the suffix to an unsupported type.


 file /template
Exception Object caught: 

itk::ExceptionObject (0x561c3a6d0a00)
Location: "unknown" 
File: /ants/build/staging/include/ITK-5.3/itkCenteredTransformInitializer.hxx
Line: 31
Description: ITK ERROR: CenteredTransformInitializer(0x561c3a6aedd0): Fixed Image has not been set


Exception caught during reference file reading 

itk::ImageFileReaderException (0x55ad4e61ca00)
Location: "unknown" 
File: /ants/build/staging/include/ITK-5.3/itkImageFileReader.hxx
Line: 132
Description:  Could not create IO object for reading file /template
  Tried to create one of the following:
    BMPImageIO
    BioRadImageIO
    Bruker2dseqImageIO
    GDCMImageIO
    GE4ImageIO
    GE5ImageIO
    GiplImageIO
    HDF5ImageIO
    JPEGImageIO
    JPEG2000ImageIO
    LSMImageIO
    MGHImageIO
    MINCImageIO
    MRCImageIO
    MetaImageIO
    NiftiImageIO
    NrrdImageIO
    PNGImageIO
    StimulateImageIO
    TIFFImageIO
    VTKImageIO
  You probably failed to set a file suffix, or
    set the suffix to an unsupported type.


 file /template
Exception Object caught: 

itk::ExceptionObject (0x55ad4e61ca00)
Location: "unknown" 
File: /ants/build/staging/include/ITK-5.3/itkCenteredTransformInitializer.hxx
Line: 31
Description: ITK ERROR: CenteredTransformInitializer(0x55ad4e5fadd0): Fixed Image has not been set


Exception caught during reference file reading 

itk::ImageFileReaderException (0x5652f24cea00)
Location: "unknown" 
File: /ants/build/staging/include/ITK-5.3/itkImageFileReader.hxx
Line: 132
Description:  Could not create IO object for reading file /template
  Tried to create one of the following:
    BMPImageIO
    BioRadImageIO
    Bruker2dseqImageIO
    GDCMImageIO
    GE4ImageIO
    GE5ImageIO
    GiplImageIO
    HDF5ImageIO
    JPEGImageIO
    JPEG2000ImageIO
    LSMImageIO
    MGHImageIO
    MINCImageIO
    MRCImageIO
    MetaImageIO
    NiftiImageIO
    NrrdImageIO
    PNGImageIO
    StimulateImageIO
    TIFFImageIO
    VTKImageIO
  You probably failed to set a file suffix, or
    set the suffix to an unsupported type.


 file /template
Exception Object caught: 

itk::ExceptionObject (0x5652f24cea00)
Location: "unknown" 
File: /ants/build/staging/include/ITK-5.3/itkCenteredTransformInitializer.hxx
Line: 31
Description: ITK ERROR: CenteredTransformInitializer(0x5652f24acdd0): Fixed Image has not been set


Exception caught during reference file reading 

itk::ImageFileReaderException (0x55b013e37a00)
Location: "unknown" 
File: /ants/build/staging/include/ITK-5.3/itkImageFileReader.hxx
Line: 132
Description:  Could not create IO object for reading file /template
  Tried to create one of the following:
    BMPImageIO
    BioRadImageIO
    Bruker2dseqImageIO
    GDCMImageIO
    GE4ImageIO
    GE5ImageIO
    GiplImageIO
    HDF5ImageIO
    JPEGImageIO
    JPEG2000ImageIO
    LSMImageIO
    MGHImageIO
    MINCImageIO
    MRCImageIO
    MetaImageIO
    NiftiImageIO
    NrrdImageIO
    PNGImageIO
    StimulateImageIO
    TIFFImageIO
    VTKImageIO
  You probably failed to set a file suffix, or
    set the suffix to an unsupported type.


 file /template
Exception Object caught: 

itk::ExceptionObject (0x55b013e37a00)
Location: "unknown" 
File: /ants/build/staging/include/ITK-5.3/itkCenteredTransformInitializer.hxx
Line: 31
Description: ITK ERROR: CenteredTransformInitializer(0x55b013e15dd0): Fixed Image has not been set


Exception caught during reference file reading 

itk::ImageFileReaderException (0x56450c600a00)
Location: "unknown" 
File: /ants/build/staging/include/ITK-5.3/itkImageFileReader.hxx
Line: 132
Description:  Could not create IO object for reading file /template
  Tried to create one of the following:
    BMPImageIO
    BioRadImageIO
    Bruker2dseqImageIO
    GDCMImageIO
    GE4ImageIO
    GE5ImageIO
    GiplImageIO
    HDF5ImageIO
    JPEGImageIO
    JPEG2000ImageIO
    LSMImageIO
    MGHImageIO
    MINCImageIO
    MRCImageIO
    MetaImageIO
    NiftiImageIO
    NrrdImageIO
    PNGImageIO
    StimulateImageIO
    TIFFImageIO
    VTKImageIO
  You probably failed to set a file suffix, or
    set the suffix to an unsupported type.


 file /template
Exception Object caught: 

itk::ExceptionObject (0x56450c600a00)
Location: "unknown" 
File: /ants/build/staging/include/ITK-5.3/itkCenteredTransformInitializer.hxx
Line: 31
Description: ITK ERROR: CenteredTransformInitializer(0x56450c5dedd0): Fixed Image has not been set


Traceback (most recent call last):
  File "/home/groups/dlmrimnd/jacob/projects/Segis-Net/scripts/full_image_preprocessing/convert_mgz_to_nii.py", line 17, in <module>
    convert_mgz_to_nii(input_mgz, output_nii)
  File "/home/groups/dlmrimnd/jacob/projects/Segis-Net/scripts/full_image_preprocessing/convert_mgz_to_nii.py", line 9, in convert_mgz_to_nii
    nib.save(mgz_image, output_nii_path)
  File "/home/groups/dlmrimnd/jacob/miniconda3/lib/python3.12/site-packages/nibabel/loadsave.py", line 204, in save
    converted.to_filename(filename, **kwargs)
  File "/home/groups/dlmrimnd/jacob/miniconda3/lib/python3.12/site-packages/nibabel/filebasedimages.py", line 307, in to_filename
    self.to_file_map(**kwargs)
  File "/home/groups/dlmrimnd/jacob/miniconda3/lib/python3.12/site-packages/nibabel/nifti1.py", line 2217, in to_file_map
    super().to_file_map(file_map, dtype)
  File "/home/groups/dlmrimnd/jacob/miniconda3/lib/python3.12/site-packages/nibabel/analyze.py", line 1037, in to_file_map
    hdrf = hdr_fh.get_prepare_fileobj(mode='wb')
           ^^^^^^^^^^^^^^^^^^^^^^^^^^^^^^^^^^^^^
  File "/home/groups/dlmrimnd/jacob/miniconda3/lib/python3.12/site-packages/nibabel/fileholders.py", line 74, in get_prepare_fileobj
    obj = ImageOpener(self.filename, *args, **kwargs)
          ^^^^^^^^^^^^^^^^^^^^^^^^^^^^^^^^^^^^^^^^^^^
  File "/home/groups/dlmrimnd/jacob/miniconda3/lib/python3.12/site-packages/nibabel/openers.py", line 182, in __init__
    self.fobj = opener(fileish, *args, **kwargs)
                ^^^^^^^^^^^^^^^^^^^^^^^^^^^^^^^^
  File "/home/groups/dlmrimnd/jacob/miniconda3/lib/python3.12/site-packages/nibabel/openers.py", line 91, in _gzip_open
    gzip_file = DeterministicGzipFile(filename, mode, compresslevel, mtime=mtime)
                ^^^^^^^^^^^^^^^^^^^^^^^^^^^^^^^^^^^^^^^^^^^^^^^^^^^^^^^^^^^^^^^^^
  File "/home/groups/dlmrimnd/jacob/miniconda3/lib/python3.12/site-packages/nibabel/openers.py", line 72, in __init__
    fileobj = self.myfileobj = ty.cast(io.FileIO, open(filename, modestr))
                                                  ^^^^^^^^^^^^^^^^^^^^^^^
FileNotFoundError: [Errno 2] No such file or directory: '/home/groups/dlmrimnd/jacob/data/MND_input_images/sub-005MND_ses_01_ses_06/target.nii.gz'
Exception caught during reference file reading 

itk::ImageFileReaderException (0x559efe18ea00)
Location: "unknown" 
File: /ants/build/staging/include/ITK-5.3/itkImageFileReader.hxx
Line: 132
Description:  Could not create IO object for reading file /template
  Tried to create one of the following:
    BMPImageIO
    BioRadImageIO
    Bruker2dseqImageIO
    GDCMImageIO
    GE4ImageIO
    GE5ImageIO
    GiplImageIO
    HDF5ImageIO
    JPEGImageIO
    JPEG2000ImageIO
    LSMImageIO
    MGHImageIO
    MINCImageIO
    MRCImageIO
    MetaImageIO
    NiftiImageIO
    NrrdImageIO
    PNGImageIO
    StimulateImageIO
    TIFFImageIO
    VTKImageIO
  You probably failed to set a file suffix, or
    set the suffix to an unsupported type.


 file /template
Exception Object caught: 

itk::ExceptionObject (0x559efe18ea00)
Location: "unknown" 
File: /ants/build/staging/include/ITK-5.3/itkCenteredTransformInitializer.hxx
Line: 31
Description: ITK ERROR: CenteredTransformInitializer(0x559efe16cdd0): Fixed Image has not been set


slurmstepd: error: *** JOB 185292 ON vcpu-0 CANCELLED AT 2024-09-17T11:44:37 ***
Exception caught during reference file reading 

itk::ImageFileReaderException (0x557431fe9a00)
Location: "unknown" 
File: /ants/build/staging/include/ITK-5.3/itkImageFileReader.hxx
Line: 132
Description:  Could not create IO object for reading file /template
  Tried to create one of the following:
    BMPImageIO
    BioRadImageIO
    Bruker2dseqImageIO
    GDCMImageIO
    GE4ImageIO
    GE5ImageIO
    GiplImageIO
    HDF5ImageIO
    JPEGImageIO
    JPEG2000ImageIO
    LSMImageIO
    MGHImageIO
    MINCImageIO
    MRCImageIO
    MetaImageIO
    NiftiImageIO
    NrrdImageIO
    PNGImageIO
    StimulateImageIO
    TIFFImageIO
    VTKImageIO
  You probably failed to set a file suffix, or
    set the suffix to an unsupported type.


 file /template
Exception Object caught: 

itk::ExceptionObject (0x557431fe9a00)
Location: "unknown" 
File: /ants/build/staging/include/ITK-5.3/itkCenteredTransformInitializer.hxx
Line: 31
Description: ITK ERROR: CenteredTransformInitializer(0x557431fc7dd0): Fixed Image has not been set


