Exception caught during reference file reading 

itk::ImageFileReaderException (0x5584a405c850)
Location: "unknown" 
File: /ants/build/staging/include/ITK-5.3/itkImageFileReader.hxx
Line: 132
Description:  Could not create IO object for reading file /template
  Tried to create one of the following:
    BMPImageIO
    BioRadImageIO
    Bruker2dseqImageIO
    GDCMImageIO
    GE4ImageIO
    GE5ImageIO
    GiplImageIO
    HDF5ImageIO
    JPEGImageIO
    JPEG2000ImageIO
    LSMImageIO
    MGHImageIO
    MINCImageIO
    MRCImageIO
    MetaImageIO
    NiftiImageIO
    NrrdImageIO
    PNGImageIO
    StimulateImageIO
    TIFFImageIO
    VTKImageIO
  You probably failed to set a file suffix, or
    set the suffix to an unsupported type.


 file /template
Exception Object caught: 

itk::ExceptionObject (0x5584a405c850)
Location: "unknown" 
File: /ants/build/staging/include/ITK-5.3/itkCenteredTransformInitializer.hxx
Line: 31
Description: ITK ERROR: CenteredTransformInitializer(0x5584a405c010): Fixed Image has not been set


Exception caught during reference file reading 

itk::ImageFileReaderException (0x5587158a0850)
Location: "unknown" 
File: /ants/build/staging/include/ITK-5.3/itkImageFileReader.hxx
Line: 132
Description:  Could not create IO object for reading file /template
  Tried to create one of the following:
    BMPImageIO
    BioRadImageIO
    Bruker2dseqImageIO
    GDCMImageIO
    GE4ImageIO
    GE5ImageIO
    GiplImageIO
    HDF5ImageIO
    JPEGImageIO
    JPEG2000ImageIO
    LSMImageIO
    MGHImageIO
    MINCImageIO
    MRCImageIO
    MetaImageIO
    NiftiImageIO
    NrrdImageIO
    PNGImageIO
    StimulateImageIO
    TIFFImageIO
    VTKImageIO
  You probably failed to set a file suffix, or
    set the suffix to an unsupported type.


 file /template
Exception Object caught: 

itk::ExceptionObject (0x5587158a0850)
Location: "unknown" 
File: /ants/build/staging/include/ITK-5.3/itkCenteredTransformInitializer.hxx
Line: 31
Description: ITK ERROR: CenteredTransformInitializer(0x5587158a0010): Fixed Image has not been set


Exception caught during reference file reading 

itk::ImageFileReaderException (0x55919a531850)
Location: "unknown" 
File: /ants/build/staging/include/ITK-5.3/itkImageFileReader.hxx
Line: 132
Description:  Could not create IO object for reading file /template
  Tried to create one of the following:
    BMPImageIO
    BioRadImageIO
    Bruker2dseqImageIO
    GDCMImageIO
    GE4ImageIO
    GE5ImageIO
    GiplImageIO
    HDF5ImageIO
    JPEGImageIO
    JPEG2000ImageIO
    LSMImageIO
    MGHImageIO
    MINCImageIO
    MRCImageIO
    MetaImageIO
    NiftiImageIO
    NrrdImageIO
    PNGImageIO
    StimulateImageIO
    TIFFImageIO
    VTKImageIO
  You probably failed to set a file suffix, or
    set the suffix to an unsupported type.


 file /template
Exception Object caught: 

itk::ExceptionObject (0x55919a531850)
Location: "unknown" 
File: /ants/build/staging/include/ITK-5.3/itkCenteredTransformInitializer.hxx
Line: 31
Description: ITK ERROR: CenteredTransformInitializer(0x55919a531010): Fixed Image has not been set


Exception caught during reference file reading 

itk::ImageFileReaderException (0x55c0d3c3a850)
Location: "unknown" 
File: /ants/build/staging/include/ITK-5.3/itkImageFileReader.hxx
Line: 132
Description:  Could not create IO object for reading file /template
  Tried to create one of the following:
    BMPImageIO
    BioRadImageIO
    Bruker2dseqImageIO
    GDCMImageIO
    GE4ImageIO
    GE5ImageIO
    GiplImageIO
    HDF5ImageIO
    JPEGImageIO
    JPEG2000ImageIO
    LSMImageIO
    MGHImageIO
    MINCImageIO
    MRCImageIO
    MetaImageIO
    NiftiImageIO
    NrrdImageIO
    PNGImageIO
    StimulateImageIO
    TIFFImageIO
    VTKImageIO
  You probably failed to set a file suffix, or
    set the suffix to an unsupported type.


 file /template
Exception Object caught: 

itk::ExceptionObject (0x55c0d3c3a850)
Location: "unknown" 
File: /ants/build/staging/include/ITK-5.3/itkCenteredTransformInitializer.hxx
Line: 31
Description: ITK ERROR: CenteredTransformInitializer(0x55c0d3c3a010): Fixed Image has not been set


Exception caught during reference file reading 

itk::ImageFileReaderException (0x563193c06760)
Location: "unknown" 
File: /ants/build/staging/include/ITK-5.3/itkImageFileReader.hxx
Line: 132
Description:  Could not create IO object for reading file /template
  Tried to create one of the following:
    BMPImageIO
    BioRadImageIO
    Bruker2dseqImageIO
    GDCMImageIO
    GE4ImageIO
    GE5ImageIO
    GiplImageIO
    HDF5ImageIO
    JPEGImageIO
    JPEG2000ImageIO
    LSMImageIO
    MGHImageIO
    MINCImageIO
    MRCImageIO
    MetaImageIO
    NiftiImageIO
    NrrdImageIO
    PNGImageIO
    StimulateImageIO
    TIFFImageIO
    VTKImageIO
  You probably failed to set a file suffix, or
    set the suffix to an unsupported type.


 file /template
Exception Object caught: 

itk::ExceptionObject (0x563193c06760)
Location: "unknown" 
File: /ants/build/staging/include/ITK-5.3/itkCenteredTransformInitializer.hxx
Line: 31
Description: ITK ERROR: CenteredTransformInitializer(0x563193c05f20): Fixed Image has not been set


Exception caught during reference file reading 

itk::ImageFileReaderException (0x55a87fbcc760)
Location: "unknown" 
File: /ants/build/staging/include/ITK-5.3/itkImageFileReader.hxx
Line: 132
Description:  Could not create IO object for reading file /template
  Tried to create one of the following:
    BMPImageIO
    BioRadImageIO
    Bruker2dseqImageIO
    GDCMImageIO
    GE4ImageIO
    GE5ImageIO
    GiplImageIO
    HDF5ImageIO
    JPEGImageIO
    JPEG2000ImageIO
    LSMImageIO
    MGHImageIO
    MINCImageIO
    MRCImageIO
    MetaImageIO
    NiftiImageIO
    NrrdImageIO
    PNGImageIO
    StimulateImageIO
    TIFFImageIO
    VTKImageIO
  You probably failed to set a file suffix, or
    set the suffix to an unsupported type.


 file /template
Exception Object caught: 

itk::ExceptionObject (0x55a87fbcc760)
Location: "unknown" 
File: /ants/build/staging/include/ITK-5.3/itkCenteredTransformInitializer.hxx
Line: 31
Description: ITK ERROR: CenteredTransformInitializer(0x55a87fbcbf20): Fixed Image has not been set


Exception caught during reference file reading 

itk::ImageFileReaderException (0x55ddca1de760)
Location: "unknown" 
File: /ants/build/staging/include/ITK-5.3/itkImageFileReader.hxx
Line: 132
Description:  Could not create IO object for reading file /template
  Tried to create one of the following:
    BMPImageIO
    BioRadImageIO
    Bruker2dseqImageIO
    GDCMImageIO
    GE4ImageIO
    GE5ImageIO
    GiplImageIO
    HDF5ImageIO
    JPEGImageIO
    JPEG2000ImageIO
    LSMImageIO
    MGHImageIO
    MINCImageIO
    MRCImageIO
    MetaImageIO
    NiftiImageIO
    NrrdImageIO
    PNGImageIO
    StimulateImageIO
    TIFFImageIO
    VTKImageIO
  You probably failed to set a file suffix, or
    set the suffix to an unsupported type.


 file /template
Exception Object caught: 

itk::ExceptionObject (0x55ddca1de760)
Location: "unknown" 
File: /ants/build/staging/include/ITK-5.3/itkCenteredTransformInitializer.hxx
Line: 31
Description: ITK ERROR: CenteredTransformInitializer(0x55ddca1ddf20): Fixed Image has not been set


Exception caught during reference file reading 

itk::ImageFileReaderException (0x563d1c1d8760)
Location: "unknown" 
File: /ants/build/staging/include/ITK-5.3/itkImageFileReader.hxx
Line: 132
Description:  Could not create IO object for reading file /template
  Tried to create one of the following:
    BMPImageIO
    BioRadImageIO
    Bruker2dseqImageIO
    GDCMImageIO
    GE4ImageIO
    GE5ImageIO
    GiplImageIO
    HDF5ImageIO
    JPEGImageIO
    JPEG2000ImageIO
    LSMImageIO
    MGHImageIO
    MINCImageIO
    MRCImageIO
    MetaImageIO
    NiftiImageIO
    NrrdImageIO
    PNGImageIO
    StimulateImageIO
    TIFFImageIO
    VTKImageIO
  You probably failed to set a file suffix, or
    set the suffix to an unsupported type.


 file /template
Exception Object caught: 

itk::ExceptionObject (0x563d1c1d8760)
Location: "unknown" 
File: /ants/build/staging/include/ITK-5.3/itkCenteredTransformInitializer.hxx
Line: 31
Description: ITK ERROR: CenteredTransformInitializer(0x563d1c1d7f20): Fixed Image has not been set


Exception caught during reference file reading 

itk::ImageFileReaderException (0x5561020d7760)
Location: "unknown" 
File: /ants/build/staging/include/ITK-5.3/itkImageFileReader.hxx
Line: 132
Description:  Could not create IO object for reading file /template
  Tried to create one of the following:
    BMPImageIO
    BioRadImageIO
    Bruker2dseqImageIO
    GDCMImageIO
    GE4ImageIO
    GE5ImageIO
    GiplImageIO
    HDF5ImageIO
    JPEGImageIO
    JPEG2000ImageIO
    LSMImageIO
    MGHImageIO
    MINCImageIO
    MRCImageIO
    MetaImageIO
    NiftiImageIO
    NrrdImageIO
    PNGImageIO
    StimulateImageIO
    TIFFImageIO
    VTKImageIO
  You probably failed to set a file suffix, or
    set the suffix to an unsupported type.


 file /template
Exception Object caught: 

itk::ExceptionObject (0x5561020d7760)
Location: "unknown" 
File: /ants/build/staging/include/ITK-5.3/itkCenteredTransformInitializer.hxx
Line: 31
Description: ITK ERROR: CenteredTransformInitializer(0x5561020d6f20): Fixed Image has not been set


Exception caught during reference file reading 

itk::ImageFileReaderException (0x55947d8eb760)
Location: "unknown" 
File: /ants/build/staging/include/ITK-5.3/itkImageFileReader.hxx
Line: 132
Description:  Could not create IO object for reading file /template
  Tried to create one of the following:
    BMPImageIO
    BioRadImageIO
    Bruker2dseqImageIO
    GDCMImageIO
    GE4ImageIO
    GE5ImageIO
    GiplImageIO
    HDF5ImageIO
    JPEGImageIO
    JPEG2000ImageIO
    LSMImageIO
    MGHImageIO
    MINCImageIO
    MRCImageIO
    MetaImageIO
    NiftiImageIO
    NrrdImageIO
    PNGImageIO
    StimulateImageIO
    TIFFImageIO
    VTKImageIO
  You probably failed to set a file suffix, or
    set the suffix to an unsupported type.


 file /template
Exception Object caught: 

itk::ExceptionObject (0x55947d8eb760)
Location: "unknown" 
File: /ants/build/staging/include/ITK-5.3/itkCenteredTransformInitializer.hxx
Line: 31
Description: ITK ERROR: CenteredTransformInitializer(0x55947d8eaf20): Fixed Image has not been set


Exception caught during reference file reading 

itk::ImageFileReaderException (0x55f894978760)
Location: "unknown" 
File: /ants/build/staging/include/ITK-5.3/itkImageFileReader.hxx
Line: 132
Description:  Could not create IO object for reading file /template
  Tried to create one of the following:
    BMPImageIO
    BioRadImageIO
    Bruker2dseqImageIO
    GDCMImageIO
    GE4ImageIO
    GE5ImageIO
    GiplImageIO
    HDF5ImageIO
    JPEGImageIO
    JPEG2000ImageIO
    LSMImageIO
    MGHImageIO
    MINCImageIO
    MRCImageIO
    MetaImageIO
    NiftiImageIO
    NrrdImageIO
    PNGImageIO
    StimulateImageIO
    TIFFImageIO
    VTKImageIO
  You probably failed to set a file suffix, or
    set the suffix to an unsupported type.


 file /template
Exception Object caught: 

itk::ExceptionObject (0x55f894978760)
Location: "unknown" 
File: /ants/build/staging/include/ITK-5.3/itkCenteredTransformInitializer.hxx
Line: 31
Description: ITK ERROR: CenteredTransformInitializer(0x55f894977f20): Fixed Image has not been set


Exception caught during reference file reading 

itk::ImageFileReaderException (0x561578318760)
Location: "unknown" 
File: /ants/build/staging/include/ITK-5.3/itkImageFileReader.hxx
Line: 132
Description:  Could not create IO object for reading file /template
  Tried to create one of the following:
    BMPImageIO
    BioRadImageIO
    Bruker2dseqImageIO
    GDCMImageIO
    GE4ImageIO
    GE5ImageIO
    GiplImageIO
    HDF5ImageIO
    JPEGImageIO
    JPEG2000ImageIO
    LSMImageIO
    MGHImageIO
    MINCImageIO
    MRCImageIO
    MetaImageIO
    NiftiImageIO
    NrrdImageIO
    PNGImageIO
    StimulateImageIO
    TIFFImageIO
    VTKImageIO
  You probably failed to set a file suffix, or
    set the suffix to an unsupported type.


 file /template
Exception Object caught: 

itk::ExceptionObject (0x561578318760)
Location: "unknown" 
File: /ants/build/staging/include/ITK-5.3/itkCenteredTransformInitializer.hxx
Line: 31
Description: ITK ERROR: CenteredTransformInitializer(0x561578317f20): Fixed Image has not been set


Exception caught during reference file reading 

itk::ImageFileReaderException (0x555efaac3760)
Location: "unknown" 
File: /ants/build/staging/include/ITK-5.3/itkImageFileReader.hxx
Line: 132
Description:  Could not create IO object for reading file /template
  Tried to create one of the following:
    BMPImageIO
    BioRadImageIO
    Bruker2dseqImageIO
    GDCMImageIO
    GE4ImageIO
    GE5ImageIO
    GiplImageIO
    HDF5ImageIO
    JPEGImageIO
    JPEG2000ImageIO
    LSMImageIO
    MGHImageIO
    MINCImageIO
    MRCImageIO
    MetaImageIO
    NiftiImageIO
    NrrdImageIO
    PNGImageIO
    StimulateImageIO
    TIFFImageIO
    VTKImageIO
  You probably failed to set a file suffix, or
    set the suffix to an unsupported type.


 file /template
Exception Object caught: 

itk::ExceptionObject (0x555efaac3760)
Location: "unknown" 
File: /ants/build/staging/include/ITK-5.3/itkCenteredTransformInitializer.hxx
Line: 31
Description: ITK ERROR: CenteredTransformInitializer(0x555efaac2f20): Fixed Image has not been set


Exception caught during reference file reading 

itk::ImageFileReaderException (0x555b6d220760)
Location: "unknown" 
File: /ants/build/staging/include/ITK-5.3/itkImageFileReader.hxx
Line: 132
Description:  Could not create IO object for reading file /template
  Tried to create one of the following:
    BMPImageIO
    BioRadImageIO
    Bruker2dseqImageIO
    GDCMImageIO
    GE4ImageIO
    GE5ImageIO
    GiplImageIO
    HDF5ImageIO
    JPEGImageIO
    JPEG2000ImageIO
    LSMImageIO
    MGHImageIO
    MINCImageIO
    MRCImageIO
    MetaImageIO
    NiftiImageIO
    NrrdImageIO
    PNGImageIO
    StimulateImageIO
    TIFFImageIO
    VTKImageIO
  You probably failed to set a file suffix, or
    set the suffix to an unsupported type.


 file /template
Exception Object caught: 

itk::ExceptionObject (0x555b6d220760)
Location: "unknown" 
File: /ants/build/staging/include/ITK-5.3/itkCenteredTransformInitializer.hxx
Line: 31
Description: ITK ERROR: CenteredTransformInitializer(0x555b6d21ff20): Fixed Image has not been set


slurmstepd: error: *** JOB 185279 ON vcpu-0 CANCELLED AT 2024-09-17T11:32:01 ***
Exception caught during reference file reading 

itk::ImageFileReaderException (0x55958316f760)
Location: "unknown" 
File: /ants/build/staging/include/ITK-5.3/itkImageFileReader.hxx
Line: 132
Description:  Could not create IO object for reading file /template
  Tried to create one of the following:
    BMPImageIO
    BioRadImageIO
    Bruker2dseqImageIO
    GDCMImageIO
    GE4ImageIO
    GE5ImageIO
    GiplImageIO
    HDF5ImageIO
    JPEGImageIO
    JPEG2000ImageIO
    LSMImageIO
    MGHImageIO
    MINCImageIO
    MRCImageIO
    MetaImageIO
    NiftiImageIO
    NrrdImageIO
    PNGImageIO
    StimulateImageIO
    TIFFImageIO
    VTKImageIO
  You probably failed to set a file suffix, or
    set the suffix to an unsupported type.


 file /template
Exception Object caught: 

itk::ExceptionObject (0x55958316f760)
Location: "unknown" 
File: /ants/build/staging/include/ITK-5.3/itkCenteredTransformInitializer.hxx
Line: 31
Description: ITK ERROR: CenteredTransformInitializer(0x55958316ef20): Fixed Image has not been set


