Construct model
src_segm shape: (?, 256, 256, 256, 3)
y shape: (?, 256, 256, 256, 1)
nonr_def shape: (?, 256, 256, 256, 3)
all_def shape: (?, 256, 256, 256, 3)
tgt_segm shape: (?, 256, 256, 256, 3)
__________________________________________________________________________________________________
Layer (type)                    Output Shape         Param #     Connected to                     
==================================================================================================
input_1 (InputLayer)            (None, 256, 256, 256 0                                            
__________________________________________________________________________________________________
input_2 (InputLayer)            (None, 256, 256, 256 0                                            
__________________________________________________________________________________________________
input_4 (InputLayer)            (None, 256, 256, 256 0                                            
__________________________________________________________________________________________________
model_2 (Model)                 [(None, 256, 256, 25 4707067     input_1[0][0]                    
                                                                 input_2[0][0]                    
                                                                 input_4[0][0]                    
__________________________________________________________________________________________________
input_3 (InputLayer)            (None, 256, 256, 256 0                                            
__________________________________________________________________________________________________
model_1 (Model)                 (None, 256, 256, 256 5889325     input_3[0][0]                    
__________________________________________________________________________________________________
nonr_def (Lambda)               (None, 256, 256, 256 0           model_2[1][1]                    
__________________________________________________________________________________________________
srcSegm (Lambda)                (None, 256, 256, 256 0           model_1[1][0]                    
__________________________________________________________________________________________________
add_2 (Add)                     (None, 256, 256, 256 0           nonr_def[0][0]                   
                                                                 input_4[0][0]                    
__________________________________________________________________________________________________
warpedSrc (Lambda)              (None, 256, 256, 256 0           model_2[1][0]                    
__________________________________________________________________________________________________
movedSegm (SpatialTransformer)  [(None, 256, 256, 25 0           srcSegm[0][0]                    
                                                                 add_2[0][0]                      
==================================================================================================
Total params: 10,596,392
Trainable params: 10,590,532
Non-trainable params: 5,860
__________________________________________________________________________________________________
train a new model!
train with 1 GPU
Epoch 1/300
affine min: 0.0, max: 255.0
affine min: 0.0, max: 255.0
