Construct model
src_segm shape: (?, 112, 208, 112, 3)
y shape: (?, 112, 208, 112, 1)
nonr_def shape: (?, 112, 208, 112, 3)
all_def shape: (?, 112, 208, 112, 3)
tgt_segm shape: (?, 112, 208, 112, 3)
__________________________________________________________________________________________________
Layer (type)                    Output Shape         Param #     Connected to                     
==================================================================================================
input_1 (InputLayer)            (None, 112, 208, 112 0                                            
__________________________________________________________________________________________________
input_2 (InputLayer)            (None, 112, 208, 112 0                                            
__________________________________________________________________________________________________
input_4 (InputLayer)            (None, 112, 208, 112 0                                            
__________________________________________________________________________________________________
model_2 (Model)                 [(None, 112, 208, 11 4707067     input_1[0][0]                    
                                                                 input_2[0][0]                    
                                                                 input_4[0][0]                    
__________________________________________________________________________________________________
input_3 (InputLayer)            (None, 112, 208, 112 0                                            
__________________________________________________________________________________________________
model_1 (Model)                 (None, 112, 208, 112 5889325     input_3[0][0]                    
__________________________________________________________________________________________________
nonr_def (Lambda)               (None, 112, 208, 112 0           model_2[1][1]                    
__________________________________________________________________________________________________
srcSegm (Lambda)                (None, 112, 208, 112 0           model_1[1][0]                    
__________________________________________________________________________________________________
add_2 (Add)                     (None, 112, 208, 112 0           nonr_def[0][0]                   
                                                                 input_4[0][0]                    
__________________________________________________________________________________________________
warpedSrc (Lambda)              (None, 112, 208, 112 0           model_2[1][0]                    
__________________________________________________________________________________________________
movedSegm (SpatialTransformer)  [(None, 112, 208, 11 0           srcSegm[0][0]                    
                                                                 add_2[0][0]                      
==================================================================================================
Total params: 10,596,392
Trainable params: 10,590,532
Non-trainable params: 5,860
__________________________________________________________________________________________________
train a new model!
train with 1 GPU
Epoch 1/300
/home/groups/dlmrimnd/jacob/data_temp/input_images/sub-941S6499_ses-01_ses-02/target.nii.gz
affine min: 0.0, max: 207.0
/home/groups/dlmrimnd/jacob/data_temp/input_images/sub-114S6487_ses-01_ses-02/target.nii.gz
affine min: 0.0, max: 201.4793243408203
/home/groups/dlmrimnd/jacob/data_temp/input_images/sub-114S6524_ses-01_ses-02/target.nii.gz
affine min: 0.0, max: 207.0
/home/groups/dlmrimnd/jacob/data_temp/input_images/sub-141S6008_ses-02_ses-04/target.nii.gz
affine min: 0.0, max: 191.64419555664062
/home/groups/dlmrimnd/jacob/data_temp/input_images/sub-100S6349_ses-01_ses-02/target.nii.gz
affine min: 0.0, max: 207.0
/home/groups/dlmrimnd/jacob/data_temp/input_images/sub-168S6320_ses-01_ses-02/target.nii.gz
affine min: 0.0, max: 111.0
/home/groups/dlmrimnd/jacob/data_temp/input_images/sub-014S6199_ses-01_ses-02/target.nii.gz
affine min: 0.0, max: 143.56390380859375
/home/groups/dlmrimnd/jacob/data_temp/input_images/sub-941S6454_ses-01_ses-02/target.nii.gz
affine min: 0.0, max: 207.0
/home/groups/dlmrimnd/jacob/data_temp/input_images/sub-135S6359_ses-01_ses-02/target.nii.gz
affine min: 0.0, max: 111.0
/home/groups/dlmrimnd/jacob/data_temp/input_images/sub-037S6204_ses-01_ses-02/target.nii.gz
affine min: 0.0, max: 111.0
/home/groups/dlmrimnd/jacob/data_temp/input_images/sub-114S6429_ses-01_ses-02/target.nii.gz
affine min: 0.0, max: 118.01679992675781
