2024-10-08 12:56:16.847292: I tensorflow/core/platform/cpu_feature_guard.cc:137] Your CPU supports instructions that this TensorFlow binary was not compiled to use: SSE4.1 SSE4.2 AVX AVX2 FMA
Using TensorFlow backend.
/home/groups/dlmrimnd/jacob/miniconda3/envs/segisnet_env/lib/python3.6/site-packages/tensorflow/python/framework/dtypes.py:469: FutureWarning: Passing (type, 1) or '1type' as a synonym of type is deprecated; in a future version of numpy, it will be understood as (type, (1,)) / '(1,)type'.
  _np_qint8 = np.dtype([("qint8", np.int8, 1)])
/home/groups/dlmrimnd/jacob/miniconda3/envs/segisnet_env/lib/python3.6/site-packages/tensorflow/python/framework/dtypes.py:470: FutureWarning: Passing (type, 1) or '1type' as a synonym of type is deprecated; in a future version of numpy, it will be understood as (type, (1,)) / '(1,)type'.
  _np_quint8 = np.dtype([("quint8", np.uint8, 1)])
/home/groups/dlmrimnd/jacob/miniconda3/envs/segisnet_env/lib/python3.6/site-packages/tensorflow/python/framework/dtypes.py:471: FutureWarning: Passing (type, 1) or '1type' as a synonym of type is deprecated; in a future version of numpy, it will be understood as (type, (1,)) / '(1,)type'.
  _np_qint16 = np.dtype([("qint16", np.int16, 1)])
/home/groups/dlmrimnd/jacob/miniconda3/envs/segisnet_env/lib/python3.6/site-packages/tensorflow/python/framework/dtypes.py:472: FutureWarning: Passing (type, 1) or '1type' as a synonym of type is deprecated; in a future version of numpy, it will be understood as (type, (1,)) / '(1,)type'.
  _np_quint16 = np.dtype([("quint16", np.uint16, 1)])
/home/groups/dlmrimnd/jacob/miniconda3/envs/segisnet_env/lib/python3.6/site-packages/tensorflow/python/framework/dtypes.py:473: FutureWarning: Passing (type, 1) or '1type' as a synonym of type is deprecated; in a future version of numpy, it will be understood as (type, (1,)) / '(1,)type'.
  _np_qint32 = np.dtype([("qint32", np.int32, 1)])
/home/groups/dlmrimnd/jacob/miniconda3/envs/segisnet_env/lib/python3.6/site-packages/tensorflow/python/framework/dtypes.py:476: FutureWarning: Passing (type, 1) or '1type' as a synonym of type is deprecated; in a future version of numpy, it will be understood as (type, (1,)) / '(1,)type'.
  np_resource = np.dtype([("resource", np.ubyte, 1)])
/home/groups/dlmrimnd/jacob/miniconda3/envs/segisnet_env/lib/python3.6/importlib/_bootstrap.py:219: RuntimeWarning: compiletime version 3.5 of module 'tensorflow.python.framework.fast_tensor_util' does not match runtime version 3.6
  return f(*args, **kwds)
/home/groups/dlmrimnd/jacob/miniconda3/envs/segisnet_env/lib/python3.6/site-packages/nilearn/__init__.py:69: FutureWarning: Python 3.6 support is deprecated and will be removed in release 0.10 of Nilearn. Consider switching to Python 3.8 or 3.9.
  _python_deprecation_warnings()
Traceback (most recent call last):
  File "/home/groups/dlmrimnd/jacob/projects/Segis-Net/code/Segis-Net/segment_MND.py", line 79, in <module>
    predicted_segmentation = model.predict(inputs)
  File "/home/groups/dlmrimnd/jacob/miniconda3/envs/segisnet_env/lib/python3.6/site-packages/keras/engine/training.py", line 1152, in predict
    x, _, _ = self._standardize_user_data(x)
  File "/home/groups/dlmrimnd/jacob/miniconda3/envs/segisnet_env/lib/python3.6/site-packages/keras/engine/training.py", line 754, in _standardize_user_data
    exception_prefix='input')
  File "/home/groups/dlmrimnd/jacob/miniconda3/envs/segisnet_env/lib/python3.6/site-packages/keras/engine/training_utils.py", line 126, in standardize_input_data
    'with shape ' + str(data_shape))
ValueError: Error when checking input: expected affine_input to have 5 dimensions, but got array with shape (1, 176, 80, 96, 1, 3, 1)
