Using TensorFlow backend.
/home/groups/dlmrimnd/jacob/miniconda3/envs/segisnet_env/lib/python3.6/importlib/_bootstrap.py:219: RuntimeWarning: compiletime version 3.5 of module 'tensorflow.python.framework.fast_tensor_util' does not match runtime version 3.6
  return f(*args, **kwds)
/home/groups/dlmrimnd/jacob/miniconda3/envs/segisnet_env/lib/python3.6/site-packages/keras/callbacks.py:999: UserWarning: `epsilon` argument is deprecated and will be removed, use `min_delta` instead.
  warnings.warn('`epsilon` argument is deprecated and '
Traceback (most recent call last):
  File "/home/groups/dlmrimnd/jacob/projects/Segis-Net/code/Segis-Net/Train_SegisNet.py", line 210, in <module>
    initial_epoch=initial_epoch)
  File "/home/groups/dlmrimnd/jacob/miniconda3/envs/segisnet_env/lib/python3.6/site-packages/keras/legacy/interfaces.py", line 91, in wrapper
    return func(*args, **kwargs)
  File "/home/groups/dlmrimnd/jacob/miniconda3/envs/segisnet_env/lib/python3.6/site-packages/keras/engine/training.py", line 1426, in fit_generator
    initial_epoch=initial_epoch)
  File "/home/groups/dlmrimnd/jacob/miniconda3/envs/segisnet_env/lib/python3.6/site-packages/keras/engine/training_generator.py", line 191, in fit_generator
    class_weight=class_weight)
  File "/home/groups/dlmrimnd/jacob/miniconda3/envs/segisnet_env/lib/python3.6/site-packages/keras/engine/training.py", line 1214, in train_on_batch
    class_weight=class_weight)
  File "/home/groups/dlmrimnd/jacob/miniconda3/envs/segisnet_env/lib/python3.6/site-packages/keras/engine/training.py", line 754, in _standardize_user_data
    exception_prefix='input')
  File "/home/groups/dlmrimnd/jacob/miniconda3/envs/segisnet_env/lib/python3.6/site-packages/keras/engine/training_utils.py", line 126, in standardize_input_data
    'with shape ' + str(data_shape))
ValueError: Error when checking input: expected input_1 to have 5 dimensions, but got array with shape (1, 144, 96, 112)
