Construct model
src_segm shape: (?, 144, 96, 112, 3)
y shape: (?, 144, 96, 112, 1)
nonr_def shape: (?, 144, 96, 112, 3)
tgt_segm shape: (?, 144, 96, 112, 3)
__________________________________________________________________________________________________
Layer (type)                    Output Shape         Param #     Connected to                     
==================================================================================================
input_1 (InputLayer)            (None, 144, 96, 112, 0                                            
__________________________________________________________________________________________________
input_2 (InputLayer)            (None, 144, 96, 112, 0                                            
__________________________________________________________________________________________________
input_4 (InputLayer)            (None, 144, 96, 112, 0                                            
__________________________________________________________________________________________________
input_3 (InputLayer)            (None, 144, 96, 112, 0                                            
__________________________________________________________________________________________________
model_2 (Model)                 [(None, 144, 96, 112 4707067     input_1[0][0]                    
                                                                 input_2[0][0]                    
                                                                 input_4[0][0]                    
__________________________________________________________________________________________________
model_1 (Model)                 (None, 144, 96, 112, 5889325     input_3[0][0]                    
__________________________________________________________________________________________________
srcSegm (Lambda)                (None, 144, 96, 112, 0           model_1[1][0]                    
__________________________________________________________________________________________________
nonr_def (Lambda)               (None, 144, 96, 112, 0           model_2[1][1]                    
__________________________________________________________________________________________________
warpedSrc (Lambda)              (None, 144, 96, 112, 0           model_2[1][0]                    
__________________________________________________________________________________________________
movedSegm (SpatialTransformer)  [(None, 144, 96, 112 0           srcSegm[0][0]                    
                                                                 nonr_def[0][0]                   
==================================================================================================
Total params: 10,596,392
Trainable params: 10,590,532
Non-trainable params: 5,860
__________________________________________________________________________________________________
train a new model!
train with 1 GPU
Epoch 1/1
affine min: 0.0, max: 123.61847686767578
tensor shape: (144, 96, 112, 1)
segm1 shape: (144, 96, 112, 1)
segm2 shape: (144, 96, 112, 1)
tgt_img shape: (144, 96, 112, 1)
src_img shape: (144, 96, 112, 1)
aff_def shape: (144, 96, 112, 1)
affine min: 0.0, max: 119.0069808959961
tensor shape: (144, 96, 112, 1)
segm1 shape: (144, 96, 112, 1)
segm2 shape: (144, 96, 112, 1)
tgt_img shape: (144, 96, 112, 1)
src_img shape: (144, 96, 112, 1)
aff_def shape: (144, 96, 112, 1)
affine min: 0.0, max: 123.64976501464844
tensor shape: (144, 96, 112, 1)
segm1 shape: (144, 96, 112, 1)
segm2 shape: (144, 96, 112, 1)
tgt_img shape: (144, 96, 112, 1)
src_img shape: (144, 96, 112, 1)
aff_def shape: (144, 96, 112, 1)
affine min: 0.0, max: 118.32209777832031
tensor shape: (144, 96, 112, 1)
segm1 shape: (144, 96, 112, 1)
segm2 shape: (144, 96, 112, 1)
tgt_img shape: (144, 96, 112, 1)
src_img shape: (144, 96, 112, 1)
aff_def shape: (144, 96, 112, 1)
affine min: 0.0, max: 123.65695190429688
tensor shape: (144, 96, 112, 1)
segm1 shape: (144, 96, 112, 1)
segm2 shape: (144, 96, 112, 1)
tgt_img shape: (144, 96, 112, 1)
src_img shape: (144, 96, 112, 1)
aff_def shape: (144, 96, 112, 1)
affine min: 0.0, max: 148.77102661132812
tensor shape: (144, 96, 112, 1)
segm1 shape: (144, 96, 112, 1)
segm2 shape: (144, 96, 112, 1)
tgt_img shape: (144, 96, 112, 1)
src_img shape: (144, 96, 112, 1)
aff_def shape: (144, 96, 112, 1)
affine min: 0.0, max: 132.42428588867188
tensor shape: (144, 96, 112, 1)
segm1 shape: (144, 96, 112, 1)
segm2 shape: (144, 96, 112, 1)
tgt_img shape: (144, 96, 112, 1)
src_img shape: (144, 96, 112, 1)
aff_def shape: (144, 96, 112, 1)
affine min: 0.0, max: 122.23265075683594
tensor shape: (144, 96, 112, 1)
segm1 shape: (144, 96, 112, 1)
segm2 shape: (144, 96, 112, 1)
tgt_img shape: (144, 96, 112, 1)
src_img shape: (144, 96, 112, 1)
aff_def shape: (144, 96, 112, 1)
affine min: 0.0, max: 121.73023986816406
tensor shape: (144, 96, 112, 1)
segm1 shape: (144, 96, 112, 1)
segm2 shape: (144, 96, 112, 1)
tgt_img shape: (144, 96, 112, 1)
src_img shape: (144, 96, 112, 1)
aff_def shape: (144, 96, 112, 1)
affine min: 0.0, max: 133.1759033203125
tensor shape: (144, 96, 112, 1)
segm1 shape: (144, 96, 112, 1)
segm2 shape: (144, 96, 112, 1)
tgt_img shape: (144, 96, 112, 1)
src_img shape: (144, 96, 112, 1)
aff_def shape: (144, 96, 112, 1)
affine min: 0.0, max: 118.16696166992188
tensor shape: (144, 96, 112, 1)
segm1 shape: (144, 96, 112, 1)
segm2 shape: (144, 96, 112, 1)
tgt_img shape: (144, 96, 112, 1)
src_img shape: (144, 96, 112, 1)
aff_def shape: (144, 96, 112, 1)

 1/68 [..............................] - ETA: 5:18:17 - loss: 1987.5861 - warpedSrc_loss: 397.5408 - movedSegm_loss: -0.0393 - srcSegm_loss: -0.0392 - nonr_def_loss: 4.3210e-09 - warpedSrc_MeanSquaredError: 397.5408 - movedSegm_sigmoid_sftDC: 0.0399 - srcSegm_sigmoid_DC: 0.0399 - nonr_def_mean_absolute_error: 6.8569e-05affine min: 0.0, max: 121.92542266845703
tensor shape: (144, 96, 112, 1)
segm1 shape: (144, 96, 112, 1)
segm2 shape: (144, 96, 112, 1)
tgt_img shape: (144, 96, 112, 1)
src_img shape: (144, 96, 112, 1)
aff_def shape: (144, 96, 112, 1)

 2/68 [..............................] - ETA: 5:06:50 - loss: 1207.9358 - warpedSrc_loss: 241.6131 - movedSegm_loss: -0.0433 - srcSegm_loss: -0.0432 - nonr_def_loss: 2.8942e-05 - warpedSrc_MeanSquaredError: 241.6131 - movedSegm_sigmoid_sftDC: 0.0456 - srcSegm_sigmoid_DC: 0.0456 - nonr_def_mean_absolute_error: 0.0120    affine min: 0.0, max: 124.52397918701172
tensor shape: (144, 96, 112, 1)
segm1 shape: (144, 96, 112, 1)
segm2 shape: (144, 96, 112, 1)
tgt_img shape: (144, 96, 112, 1)
src_img shape: (144, 96, 112, 1)
aff_def shape: (144, 96, 112, 1)

 3/68 [>.............................] - ETA: 5:00:20 - loss: 974.8093 - warpedSrc_loss: 194.9907 - movedSegm_loss: -0.0483 - srcSegm_loss: -0.0477 - nonr_def_loss: 6.2369e-05 - warpedSrc_MeanSquaredError: 194.9907 - movedSegm_sigmoid_sftDC: 0.0536 - srcSegm_sigmoid_DC: 0.0531 - nonr_def_mean_absolute_error: 0.0193 affine min: 0.0, max: 124.5113296508789
tensor shape: (144, 96, 112, 1)
segm1 shape: (144, 96, 112, 1)
segm2 shape: (144, 96, 112, 1)
tgt_img shape: (144, 96, 112, 1)
src_img shape: (144, 96, 112, 1)
aff_def shape: (144, 96, 112, 1)

 4/68 [>.............................] - ETA: 4:54:57 - loss: 850.5788 - warpedSrc_loss: 170.1461 - movedSegm_loss: -0.0509 - srcSegm_loss: -0.0501 - nonr_def_loss: 1.1245e-04 - warpedSrc_MeanSquaredError: 170.1461 - movedSegm_sigmoid_sftDC: 0.0596 - srcSegm_sigmoid_DC: 0.0588 - nonr_def_mean_absolute_error: 0.0255affine min: 0.0, max: 121.48980712890625
tensor shape: (144, 96, 112, 1)
segm1 shape: (144, 96, 112, 1)
segm2 shape: (144, 96, 112, 1)
tgt_img shape: (144, 96, 112, 1)
src_img shape: (144, 96, 112, 1)
aff_def shape: (144, 96, 112, 1)

 5/68 [=>............................] - ETA: 4:50:01 - loss: 726.6184 - warpedSrc_loss: 145.3571 - movedSegm_loss: -0.0561 - srcSegm_loss: -0.0552 - nonr_def_loss: 1.8944e-04 - warpedSrc_MeanSquaredError: 145.3571 - movedSegm_sigmoid_sftDC: 0.0688 - srcSegm_sigmoid_DC: 0.0678 - nonr_def_mean_absolute_error: 0.0316affine min: 0.0, max: 119.89848327636719
tensor shape: (144, 96, 112, 1)
segm1 shape: (144, 96, 112, 1)
segm2 shape: (144, 96, 112, 1)
tgt_img shape: (144, 96, 112, 1)
src_img shape: (144, 96, 112, 1)
aff_def shape: (144, 96, 112, 1)

 6/68 [=>............................] - ETA: 4:45:15 - loss: 622.5653 - warpedSrc_loss: 124.5482 - movedSegm_loss: -0.0589 - srcSegm_loss: -0.0581 - nonr_def_loss: 2.7500e-04 - warpedSrc_MeanSquaredError: 124.5482 - movedSegm_sigmoid_sftDC: 0.0754 - srcSegm_sigmoid_DC: 0.0743 - nonr_def_mean_absolute_error: 0.0382affine min: 0.0, max: 119.85924530029297
tensor shape: (144, 96, 112, 1)
segm1 shape: (144, 96, 112, 1)
segm2 shape: (144, 96, 112, 1)
tgt_img shape: (144, 96, 112, 1)
src_img shape: (144, 96, 112, 1)
aff_def shape: (144, 96, 112, 1)

 7/68 [==>...........................] - ETA: 4:40:30 - loss: 626.4984 - warpedSrc_loss: 125.3374 - movedSegm_loss: -0.0634 - srcSegm_loss: -0.0622 - nonr_def_loss: 3.2468e-04 - warpedSrc_MeanSquaredError: 125.3374 - movedSegm_sigmoid_sftDC: 0.0859 - srcSegm_sigmoid_DC: 0.0840 - nonr_def_mean_absolute_error: 0.0444affine min: 0.0, max: 123.013427734375
tensor shape: (144, 96, 112, 1)
segm1 shape: (144, 96, 112, 1)
segm2 shape: (144, 96, 112, 1)
tgt_img shape: (144, 96, 112, 1)
src_img shape: (144, 96, 112, 1)
aff_def shape: (144, 96, 112, 1)

 8/68 [==>...........................] - ETA: 4:35:37 - loss: 579.7056 - warpedSrc_loss: 115.9800 - movedSegm_loss: -0.0650 - srcSegm_loss: -0.0646 - nonr_def_loss: 3.8149e-04 - warpedSrc_MeanSquaredError: 115.9800 - movedSegm_sigmoid_sftDC: 0.0926 - srcSegm_sigmoid_DC: 0.0917 - nonr_def_mean_absolute_error: 0.0505affine min: 0.0, max: 123.69461822509766
tensor shape: (144, 96, 112, 1)
segm1 shape: (144, 96, 112, 1)
segm2 shape: (144, 96, 112, 1)
tgt_img shape: (144, 96, 112, 1)
src_img shape: (144, 96, 112, 1)
aff_def shape: (144, 96, 112, 1)

 9/68 [==>...........................] - ETA: 4:30:38 - loss: 544.8665 - warpedSrc_loss: 109.0147 - movedSegm_loss: -0.0693 - srcSegm_loss: -0.0686 - nonr_def_loss: 4.3281e-04 - warpedSrc_MeanSquaredError: 109.0147 - movedSegm_sigmoid_sftDC: 0.1047 - srcSegm_sigmoid_DC: 0.1031 - nonr_def_mean_absolute_error: 0.0564affine min: 0.0, max: 121.42423248291016
tensor shape: (144, 96, 112, 1)
segm1 shape: (144, 96, 112, 1)
segm2 shape: (144, 96, 112, 1)
tgt_img shape: (144, 96, 112, 1)
src_img shape: (144, 96, 112, 1)
aff_def shape: (144, 96, 112, 1)

10/68 [===>..........................] - ETA: 4:25:33 - loss: 685.6573 - warpedSrc_loss: 137.1734 - movedSegm_loss: -0.0703 - srcSegm_loss: -0.0696 - nonr_def_loss: 4.6332e-04 - warpedSrc_MeanSquaredError: 137.1734 - movedSegm_sigmoid_sftDC: 0.1108 - srcSegm_sigmoid_DC: 0.1091 - nonr_def_mean_absolute_error: 0.0613affine min: 0.0, max: 120.45677947998047
tensor shape: (144, 96, 112, 1)
segm1 shape: (144, 96, 112, 1)
segm2 shape: (144, 96, 112, 1)
tgt_img shape: (144, 96, 112, 1)
src_img shape: (144, 96, 112, 1)
aff_def shape: (144, 96, 112, 1)

11/68 [===>..........................] - ETA: 4:20:35 - loss: 652.8637 - warpedSrc_loss: 130.6161 - movedSegm_loss: -0.0721 - srcSegm_loss: -0.0723 - nonr_def_loss: 4.9739e-04 - warpedSrc_MeanSquaredError: 130.6161 - movedSegm_sigmoid_sftDC: 0.1182 - srcSegm_sigmoid_DC: 0.1181 - nonr_def_mean_absolute_error: 0.0661affine min: 0.0, max: 125.7037124633789
tensor shape: (144, 96, 112, 1)
segm1 shape: (144, 96, 112, 1)
segm2 shape: (144, 96, 112, 1)
tgt_img shape: (144, 96, 112, 1)
src_img shape: (144, 96, 112, 1)
aff_def shape: (144, 96, 112, 1)

12/68 [====>.........................] - ETA: 4:15:42 - loss: 611.0800 - warpedSrc_loss: 122.2604 - movedSegm_loss: -0.0738 - srcSegm_loss: -0.0741 - nonr_def_loss: 5.2340e-04 - warpedSrc_MeanSquaredError: 122.2604 - movedSegm_sigmoid_sftDC: 0.1251 - srcSegm_sigmoid_DC: 0.1251 - nonr_def_mean_absolute_error: 0.0707affine min: 0.0, max: 204.67489624023438
tensor shape: (144, 96, 112, 1)
segm1 shape: (144, 96, 112, 1)
segm2 shape: (144, 96, 112, 1)
tgt_img shape: (144, 96, 112, 1)
src_img shape: (144, 96, 112, 1)
aff_def shape: (144, 96, 112, 1)

13/68 [====>.........................] - ETA: 4:10:54 - loss: 589.5587 - warpedSrc_loss: 117.9566 - movedSegm_loss: -0.0747 - srcSegm_loss: -0.0748 - nonr_def_loss: 5.4509e-04 - warpedSrc_MeanSquaredError: 117.9566 - movedSegm_sigmoid_sftDC: 0.1305 - srcSegm_sigmoid_DC: 0.1302 - nonr_def_mean_absolute_error: 0.0744affine min: 0.0, max: 122.0002670288086
tensor shape: (144, 96, 112, 1)
segm1 shape: (144, 96, 112, 1)
segm2 shape: (144, 96, 112, 1)
tgt_img shape: (144, 96, 112, 1)
src_img shape: (144, 96, 112, 1)
aff_def shape: (144, 96, 112, 1)

14/68 [=====>........................] - ETA: 4:06:07 - loss: 580.8053 - warpedSrc_loss: 116.2060 - movedSegm_loss: -0.0748 - srcSegm_loss: -0.0751 - nonr_def_loss: 5.5905e-04 - warpedSrc_MeanSquaredError: 116.2060 - movedSegm_sigmoid_sftDC: 0.1343 - srcSegm_sigmoid_DC: 0.1344 - nonr_def_mean_absolute_error: 0.0779affine min: 0.0, max: 122.51763916015625
tensor shape: (144, 96, 112, 1)
segm1 shape: (144, 96, 112, 1)
segm2 shape: (144, 96, 112, 1)
tgt_img shape: (144, 96, 112, 1)
src_img shape: (144, 96, 112, 1)
aff_def shape: (144, 96, 112, 1)

15/68 [=====>........................] - ETA: 4:01:23 - loss: 547.8210 - warpedSrc_loss: 109.6101 - movedSegm_loss: -0.0765 - srcSegm_loss: -0.0766 - nonr_def_loss: 5.6913e-04 - warpedSrc_MeanSquaredError: 109.6101 - movedSegm_sigmoid_sftDC: 0.1410 - srcSegm_sigmoid_DC: 0.1409 - nonr_def_mean_absolute_error: 0.0812affine min: 0.0, max: 119.44468688964844
tensor shape: (144, 96, 112, 1)
segm1 shape: (144, 96, 112, 1)
segm2 shape: (144, 96, 112, 1)
tgt_img shape: (144, 96, 112, 1)
src_img shape: (144, 96, 112, 1)
aff_def shape: (144, 96, 112, 1)

16/68 [======>.......................] - ETA: 3:56:39 - loss: 520.7550 - warpedSrc_loss: 104.1981 - movedSegm_loss: -0.0783 - srcSegm_loss: -0.0785 - nonr_def_loss: 5.7432e-04 - warpedSrc_MeanSquaredError: 104.1981 - movedSegm_sigmoid_sftDC: 0.1478 - srcSegm_sigmoid_DC: 0.1477 - nonr_def_mean_absolute_error: 0.0841affine min: 0.0, max: 120.14934539794922
tensor shape: (144, 96, 112, 1)
segm1 shape: (144, 96, 112, 1)
segm2 shape: (144, 96, 112, 1)
tgt_img shape: (144, 96, 112, 1)
src_img shape: (144, 96, 112, 1)
aff_def shape: (144, 96, 112, 1)

17/68 [======>.......................] - ETA: 3:51:57 - loss: 596.4912 - warpedSrc_loss: 119.3454 - movedSegm_loss: -0.0788 - srcSegm_loss: -0.0784 - nonr_def_loss: 5.7351e-04 - warpedSrc_MeanSquaredError: 119.3454 - movedSegm_sigmoid_sftDC: 0.1520 - srcSegm_sigmoid_DC: 0.1506 - nonr_def_mean_absolute_error: 0.0862affine min: 0.0, max: 124.32431030273438
tensor shape: (144, 96, 112, 1)
segm1 shape: (144, 96, 112, 1)
segm2 shape: (144, 96, 112, 1)
tgt_img shape: (144, 96, 112, 1)
src_img shape: (144, 96, 112, 1)
aff_def shape: (144, 96, 112, 1)

18/68 [======>.......................] - ETA: 3:47:17 - loss: 606.5593 - warpedSrc_loss: 121.3591 - movedSegm_loss: -0.0790 - srcSegm_loss: -0.0786 - nonr_def_loss: 5.7166e-04 - warpedSrc_MeanSquaredError: 121.3591 - movedSegm_sigmoid_sftDC: 0.1547 - srcSegm_sigmoid_DC: 0.1534 - nonr_def_mean_absolute_error: 0.0881affine min: 0.0, max: 124.49322509765625
tensor shape: (144, 96, 112, 1)
segm1 shape: (144, 96, 112, 1)
segm2 shape: (144, 96, 112, 1)
tgt_img shape: (144, 96, 112, 1)
src_img shape: (144, 96, 112, 1)
aff_def shape: (144, 96, 112, 1)

19/68 [=======>......................] - ETA: 3:42:38 - loss: 627.9323 - warpedSrc_loss: 125.6337 - movedSegm_loss: -0.0791 - srcSegm_loss: -0.0785 - nonr_def_loss: 5.7222e-04 - warpedSrc_MeanSquaredError: 125.6337 - movedSegm_sigmoid_sftDC: 0.1570 - srcSegm_sigmoid_DC: 0.1555 - nonr_def_mean_absolute_error: 0.0898affine min: 0.0, max: 130.68252563476562
tensor shape: (144, 96, 112, 1)
segm1 shape: (144, 96, 112, 1)
segm2 shape: (144, 96, 112, 1)
tgt_img shape: (144, 96, 112, 1)
src_img shape: (144, 96, 112, 1)
aff_def shape: (144, 96, 112, 1)

20/68 [=======>......................] - ETA: 3:38:00 - loss: 602.0482 - warpedSrc_loss: 120.4572 - movedSegm_loss: -0.0795 - srcSegm_loss: -0.0789 - nonr_def_loss: 5.7710e-04 - warpedSrc_MeanSquaredError: 120.4572 - movedSegm_sigmoid_sftDC: 0.1595 - srcSegm_sigmoid_DC: 0.1580 - nonr_def_mean_absolute_error: 0.0917affine min: 0.0, max: 121.83629608154297
tensor shape: (144, 96, 112, 1)
segm1 shape: (144, 96, 112, 1)
segm2 shape: (144, 96, 112, 1)
tgt_img shape: (144, 96, 112, 1)
src_img shape: (144, 96, 112, 1)
aff_def shape: (144, 96, 112, 1)

21/68 [========>.....................] - ETA: 3:33:22 - loss: 670.4245 - warpedSrc_loss: 134.1326 - movedSegm_loss: -0.0798 - srcSegm_loss: -0.0792 - nonr_def_loss: 5.8467e-04 - warpedSrc_MeanSquaredError: 134.1326 - movedSegm_sigmoid_sftDC: 0.1615 - srcSegm_sigmoid_DC: 0.1600 - nonr_def_mean_absolute_error: 0.0937affine min: 0.0, max: 118.56330871582031
tensor shape: (144, 96, 112, 1)
segm1 shape: (144, 96, 112, 1)
segm2 shape: (144, 96, 112, 1)
tgt_img shape: (144, 96, 112, 1)
src_img shape: (144, 96, 112, 1)
aff_def shape: (144, 96, 112, 1)

22/68 [========>.....................] - ETA: 3:28:45 - loss: 645.3443 - warpedSrc_loss: 129.1170 - movedSegm_loss: -0.0805 - srcSegm_loss: -0.0799 - nonr_def_loss: 5.9794e-04 - warpedSrc_MeanSquaredError: 129.1170 - movedSegm_sigmoid_sftDC: 0.1637 - srcSegm_sigmoid_DC: 0.1624 - nonr_def_mean_absolute_error: 0.0959affine min: 0.0, max: 126.56449890136719
tensor shape: (144, 96, 112, 1)
segm1 shape: (144, 96, 112, 1)
segm2 shape: (144, 96, 112, 1)
tgt_img shape: (144, 96, 112, 1)
src_img shape: (144, 96, 112, 1)
aff_def shape: (144, 96, 112, 1)

23/68 [=========>....................] - ETA: 3:24:09 - loss: 631.3665 - warpedSrc_loss: 126.3219 - movedSegm_loss: -0.0813 - srcSegm_loss: -0.0807 - nonr_def_loss: 6.1427e-04 - warpedSrc_MeanSquaredError: 126.3219 - movedSegm_sigmoid_sftDC: 0.1663 - srcSegm_sigmoid_DC: 0.1648 - nonr_def_mean_absolute_error: 0.0982affine min: 0.0, max: 118.56726837158203
tensor shape: (144, 96, 112, 1)
segm1 shape: (144, 96, 112, 1)
segm2 shape: (144, 96, 112, 1)
tgt_img shape: (144, 96, 112, 1)
src_img shape: (144, 96, 112, 1)
aff_def shape: (144, 96, 112, 1)

24/68 [=========>....................] - ETA: 3:19:33 - loss: 611.5583 - warpedSrc_loss: 122.3606 - movedSegm_loss: -0.0819 - srcSegm_loss: -0.0813 - nonr_def_loss: 6.2629e-04 - warpedSrc_MeanSquaredError: 122.3606 - movedSegm_sigmoid_sftDC: 0.1682 - srcSegm_sigmoid_DC: 0.1668 - nonr_def_mean_absolute_error: 0.1004affine min: 0.0, max: 165.52626037597656
tensor shape: (144, 96, 112, 1)
segm1 shape: (144, 96, 112, 1)
segm2 shape: (144, 96, 112, 1)
tgt_img shape: (144, 96, 112, 1)
src_img shape: (144, 96, 112, 1)
aff_def shape: (144, 96, 112, 1)

25/68 [==========>...................] - ETA: 3:14:58 - loss: 605.1299 - warpedSrc_loss: 121.0752 - movedSegm_loss: -0.0823 - srcSegm_loss: -0.0817 - nonr_def_loss: 6.3603e-04 - warpedSrc_MeanSquaredError: 121.0752 - movedSegm_sigmoid_sftDC: 0.1698 - srcSegm_sigmoid_DC: 0.1684 - nonr_def_mean_absolute_error: 0.1025affine min: 0.0, max: 119.12646484375
tensor shape: (144, 96, 112, 1)
segm1 shape: (144, 96, 112, 1)
segm2 shape: (144, 96, 112, 1)
tgt_img shape: (144, 96, 112, 1)
src_img shape: (144, 96, 112, 1)
aff_def shape: (144, 96, 112, 1)

26/68 [==========>...................] - ETA: 3:10:23 - loss: 586.9905 - warpedSrc_loss: 117.4478 - movedSegm_loss: -0.0831 - srcSegm_loss: -0.0827 - nonr_def_loss: 6.4529e-04 - warpedSrc_MeanSquaredError: 117.4478 - movedSegm_sigmoid_sftDC: 0.1723 - srcSegm_sigmoid_DC: 0.1713 - nonr_def_mean_absolute_error: 0.1045affine min: 0.0, max: 126.35047912597656
tensor shape: (144, 96, 112, 1)
segm1 shape: (144, 96, 112, 1)
segm2 shape: (144, 96, 112, 1)
tgt_img shape: (144, 96, 112, 1)
src_img shape: (144, 96, 112, 1)
aff_def shape: (144, 96, 112, 1)

27/68 [==========>...................] - ETA: 3:05:49 - loss: 608.7870 - warpedSrc_loss: 121.8076 - movedSegm_loss: -0.0838 - srcSegm_loss: -0.0834 - nonr_def_loss: 6.5289e-04 - warpedSrc_MeanSquaredError: 121.8076 - movedSegm_sigmoid_sftDC: 0.1751 - srcSegm_sigmoid_DC: 0.1740 - nonr_def_mean_absolute_error: 0.1066affine min: 0.0, max: 122.41776275634766
tensor shape: (144, 96, 112, 1)
segm1 shape: (144, 96, 112, 1)
segm2 shape: (144, 96, 112, 1)
tgt_img shape: (144, 96, 112, 1)
src_img shape: (144, 96, 112, 1)
aff_def shape: (144, 96, 112, 1)

28/68 [===========>..................] - ETA: 3:01:15 - loss: 597.2339 - warpedSrc_loss: 119.4972 - movedSegm_loss: -0.0842 - srcSegm_loss: -0.0838 - nonr_def_loss: 6.6204e-04 - warpedSrc_MeanSquaredError: 119.4972 - movedSegm_sigmoid_sftDC: 0.1771 - srcSegm_sigmoid_DC: 0.1762 - nonr_def_mean_absolute_error: 0.1088affine min: 0.0, max: 129.3429718017578
tensor shape: (144, 96, 112, 1)
segm1 shape: (144, 96, 112, 1)
segm2 shape: (144, 96, 112, 1)
tgt_img shape: (144, 96, 112, 1)
src_img shape: (144, 96, 112, 1)
aff_def shape: (144, 96, 112, 1)

29/68 [===========>..................] - ETA: 2:56:41 - loss: 608.2073 - warpedSrc_loss: 121.6921 - movedSegm_loss: -0.0847 - srcSegm_loss: -0.0842 - nonr_def_loss: 6.7383e-04 - warpedSrc_MeanSquaredError: 121.6921 - movedSegm_sigmoid_sftDC: 0.1799 - srcSegm_sigmoid_DC: 0.1787 - nonr_def_mean_absolute_error: 0.1112affine min: 0.0, max: 124.34178161621094
tensor shape: (144, 96, 112, 1)
segm1 shape: (144, 96, 112, 1)
segm2 shape: (144, 96, 112, 1)
tgt_img shape: (144, 96, 112, 1)
src_img shape: (144, 96, 112, 1)
aff_def shape: (144, 96, 112, 1)

30/68 [============>.................] - ETA: 2:52:07 - loss: 610.7178 - warpedSrc_loss: 122.1945 - movedSegm_loss: -0.0851 - srcSegm_loss: -0.0846 - nonr_def_loss: 6.8595e-04 - warpedSrc_MeanSquaredError: 122.1945 - movedSegm_sigmoid_sftDC: 0.1824 - srcSegm_sigmoid_DC: 0.1814 - nonr_def_mean_absolute_error: 0.1135affine min: 0.0, max: 164.810546875
tensor shape: (144, 96, 112, 1)
segm1 shape: (144, 96, 112, 1)
segm2 shape: (144, 96, 112, 1)
tgt_img shape: (144, 96, 112, 1)
src_img shape: (144, 96, 112, 1)
aff_def shape: (144, 96, 112, 1)

31/68 [============>.................] - ETA: 2:47:33 - loss: 596.2061 - warpedSrc_loss: 119.2925 - movedSegm_loss: -0.0856 - srcSegm_loss: -0.0853 - nonr_def_loss: 6.9869e-04 - warpedSrc_MeanSquaredError: 119.2925 - movedSegm_sigmoid_sftDC: 0.1857 - srcSegm_sigmoid_DC: 0.1848 - nonr_def_mean_absolute_error: 0.1159affine min: 0.0, max: 120.93348693847656
tensor shape: (144, 96, 112, 1)
segm1 shape: (144, 96, 112, 1)
segm2 shape: (144, 96, 112, 1)
tgt_img shape: (144, 96, 112, 1)
src_img shape: (144, 96, 112, 1)
aff_def shape: (144, 96, 112, 1)

32/68 [=============>................] - ETA: 2:43:00 - loss: 582.2136 - warpedSrc_loss: 116.4943 - movedSegm_loss: -0.0862 - srcSegm_loss: -0.0857 - nonr_def_loss: 7.1225e-04 - warpedSrc_MeanSquaredError: 116.4943 - movedSegm_sigmoid_sftDC: 0.1891 - srcSegm_sigmoid_DC: 0.1877 - nonr_def_mean_absolute_error: 0.1180affine min: 0.0, max: 181.0196075439453
tensor shape: (144, 96, 112, 1)
segm1 shape: (144, 96, 112, 1)
segm2 shape: (144, 96, 112, 1)
tgt_img shape: (144, 96, 112, 1)
src_img shape: (144, 96, 112, 1)
aff_def shape: (144, 96, 112, 1)

33/68 [=============>................] - ETA: 2:38:26 - loss: 572.4388 - warpedSrc_loss: 114.5394 - movedSegm_loss: -0.0862 - srcSegm_loss: -0.0859 - nonr_def_loss: 7.2668e-04 - warpedSrc_MeanSquaredError: 114.5394 - movedSegm_sigmoid_sftDC: 0.1912 - srcSegm_sigmoid_DC: 0.1902 - nonr_def_mean_absolute_error: 0.1199affine min: 0.0, max: 158.89744567871094
tensor shape: (144, 96, 112, 1)
segm1 shape: (144, 96, 112, 1)
segm2 shape: (144, 96, 112, 1)
tgt_img shape: (144, 96, 112, 1)
src_img shape: (144, 96, 112, 1)
aff_def shape: (144, 96, 112, 1)

34/68 [==============>...............] - ETA: 2:33:53 - loss: 560.5375 - warpedSrc_loss: 112.1589 - movedSegm_loss: -0.0859 - srcSegm_loss: -0.0854 - nonr_def_loss: 7.4204e-04 - warpedSrc_MeanSquaredError: 112.1589 - movedSegm_sigmoid_sftDC: 0.1924 - srcSegm_sigmoid_DC: 0.1910 - nonr_def_mean_absolute_error: 0.1215affine min: 0.0, max: 127.63117980957031
tensor shape: (144, 96, 112, 1)
segm1 shape: (144, 96, 112, 1)
segm2 shape: (144, 96, 112, 1)
tgt_img shape: (144, 96, 112, 1)
src_img shape: (144, 96, 112, 1)
aff_def shape: (144, 96, 112, 1)

35/68 [==============>...............] - ETA: 2:29:20 - loss: 573.9489 - warpedSrc_loss: 114.8411 - movedSegm_loss: -0.0856 - srcSegm_loss: -0.0854 - nonr_def_loss: 7.5829e-04 - warpedSrc_MeanSquaredError: 114.8411 - movedSegm_sigmoid_sftDC: 0.1934 - srcSegm_sigmoid_DC: 0.1926 - nonr_def_mean_absolute_error: 0.1232affine min: 0.0, max: 121.27332305908203
tensor shape: (144, 96, 112, 1)
segm1 shape: (144, 96, 112, 1)
segm2 shape: (144, 96, 112, 1)
tgt_img shape: (144, 96, 112, 1)
src_img shape: (144, 96, 112, 1)
aff_def shape: (144, 96, 112, 1)

36/68 [==============>...............] - ETA: 2:24:47 - loss: 586.4389 - warpedSrc_loss: 117.3394 - movedSegm_loss: -0.0862 - srcSegm_loss: -0.0859 - nonr_def_loss: 7.7354e-04 - warpedSrc_MeanSquaredError: 117.3394 - movedSegm_sigmoid_sftDC: 0.1965 - srcSegm_sigmoid_DC: 0.1957 - nonr_def_mean_absolute_error: 0.1250affine min: 0.0, max: 123.88999938964844
tensor shape: (144, 96, 112, 1)
segm1 shape: (144, 96, 112, 1)
segm2 shape: (144, 96, 112, 1)
tgt_img shape: (144, 96, 112, 1)
src_img shape: (144, 96, 112, 1)
aff_def shape: (144, 96, 112, 1)

37/68 [===============>..............] - ETA: 2:20:16 - loss: 573.0501 - warpedSrc_loss: 114.6619 - movedSegm_loss: -0.0865 - srcSegm_loss: -0.0864 - nonr_def_loss: 7.9121e-04 - warpedSrc_MeanSquaredError: 114.6619 - movedSegm_sigmoid_sftDC: 0.1985 - srcSegm_sigmoid_DC: 0.1982 - nonr_def_mean_absolute_error: 0.1266affine min: 0.0, max: 119.9021987915039
tensor shape: (144, 96, 112, 1)
segm1 shape: (144, 96, 112, 1)
segm2 shape: (144, 96, 112, 1)
tgt_img shape: (144, 96, 112, 1)
src_img shape: (144, 96, 112, 1)
aff_def shape: (144, 96, 112, 1)

38/68 [===============>..............] - ETA: 2:15:44 - loss: 560.9329 - warpedSrc_loss: 112.2387 - movedSegm_loss: -0.0870 - srcSegm_loss: -0.0867 - nonr_def_loss: 8.0789e-04 - warpedSrc_MeanSquaredError: 112.2387 - movedSegm_sigmoid_sftDC: 0.2011 - srcSegm_sigmoid_DC: 0.2001 - nonr_def_mean_absolute_error: 0.1282affine min: 0.0, max: 128.2387237548828
tensor shape: (144, 96, 112, 1)
segm1 shape: (144, 96, 112, 1)
segm2 shape: (144, 96, 112, 1)
tgt_img shape: (144, 96, 112, 1)
src_img shape: (144, 96, 112, 1)
aff_def shape: (144, 96, 112, 1)

39/68 [================>.............] - ETA: 2:11:13 - loss: 551.8514 - warpedSrc_loss: 110.4223 - movedSegm_loss: -0.0868 - srcSegm_loss: -0.0865 - nonr_def_loss: 8.2341e-04 - warpedSrc_MeanSquaredError: 110.4223 - movedSegm_sigmoid_sftDC: 0.2018 - srcSegm_sigmoid_DC: 0.2008 - nonr_def_mean_absolute_error: 0.1296affine min: 0.0, max: 136.92347717285156
tensor shape: (144, 96, 112, 1)
segm1 shape: (144, 96, 112, 1)
segm2 shape: (144, 96, 112, 1)
tgt_img shape: (144, 96, 112, 1)
src_img shape: (144, 96, 112, 1)
aff_def shape: (144, 96, 112, 1)

40/68 [================>.............] - ETA: 2:06:41 - loss: 540.5027 - warpedSrc_loss: 108.1526 - movedSegm_loss: -0.0869 - srcSegm_loss: -0.0867 - nonr_def_loss: 8.3880e-04 - warpedSrc_MeanSquaredError: 108.1526 - movedSegm_sigmoid_sftDC: 0.2030 - srcSegm_sigmoid_DC: 0.2023 - nonr_def_mean_absolute_error: 0.1311affine min: 0.0, max: 125.55381774902344
tensor shape: (144, 96, 112, 1)
segm1 shape: (144, 96, 112, 1)
segm2 shape: (144, 96, 112, 1)
tgt_img shape: (144, 96, 112, 1)
src_img shape: (144, 96, 112, 1)
aff_def shape: (144, 96, 112, 1)

41/68 [=================>............] - ETA: 2:02:08 - loss: 531.6033 - warpedSrc_loss: 106.3728 - movedSegm_loss: -0.0870 - srcSegm_loss: -0.0868 - nonr_def_loss: 8.5234e-04 - warpedSrc_MeanSquaredError: 106.3728 - movedSegm_sigmoid_sftDC: 0.2041 - srcSegm_sigmoid_DC: 0.2034 - nonr_def_mean_absolute_error: 0.1326affine min: 0.0, max: 121.64763641357422
tensor shape: (144, 96, 112, 1)
segm1 shape: (144, 96, 112, 1)
segm2 shape: (144, 96, 112, 1)
tgt_img shape: (144, 96, 112, 1)
src_img shape: (144, 96, 112, 1)
aff_def shape: (144, 96, 112, 1)

42/68 [=================>............] - ETA: 1:57:36 - loss: 524.6008 - warpedSrc_loss: 104.9724 - movedSegm_loss: -0.0871 - srcSegm_loss: -0.0869 - nonr_def_loss: 8.6423e-04 - warpedSrc_MeanSquaredError: 104.9724 - movedSegm_sigmoid_sftDC: 0.2048 - srcSegm_sigmoid_DC: 0.2042 - nonr_def_mean_absolute_error: 0.1339affine min: 0.0, max: 168.5893096923828
tensor shape: (144, 96, 112, 1)
segm1 shape: (144, 96, 112, 1)
segm2 shape: (144, 96, 112, 1)
tgt_img shape: (144, 96, 112, 1)
src_img shape: (144, 96, 112, 1)
aff_def shape: (144, 96, 112, 1)

43/68 [=================>............] - ETA: 1:53:03 - loss: 526.6728 - warpedSrc_loss: 105.3869 - movedSegm_loss: -0.0873 - srcSegm_loss: -0.0871 - nonr_def_loss: 8.7630e-04 - warpedSrc_MeanSquaredError: 105.3869 - movedSegm_sigmoid_sftDC: 0.2056 - srcSegm_sigmoid_DC: 0.2050 - nonr_def_mean_absolute_error: 0.1350affine min: 0.0, max: 140.1510772705078
tensor shape: (144, 96, 112, 1)
segm1 shape: (144, 96, 112, 1)
segm2 shape: (144, 96, 112, 1)
tgt_img shape: (144, 96, 112, 1)
src_img shape: (144, 96, 112, 1)
aff_def shape: (144, 96, 112, 1)

44/68 [==================>...........] - ETA: 1:48:31 - loss: 522.1882 - warpedSrc_loss: 104.4900 - movedSegm_loss: -0.0874 - srcSegm_loss: -0.0872 - nonr_def_loss: 8.8747e-04 - warpedSrc_MeanSquaredError: 104.4900 - movedSegm_sigmoid_sftDC: 0.2064 - srcSegm_sigmoid_DC: 0.2057 - nonr_def_mean_absolute_error: 0.1359affine min: 0.0, max: 156.8499755859375
tensor shape: (144, 96, 112, 1)
segm1 shape: (144, 96, 112, 1)
segm2 shape: (144, 96, 112, 1)
tgt_img shape: (144, 96, 112, 1)
src_img shape: (144, 96, 112, 1)
aff_def shape: (144, 96, 112, 1)

45/68 [==================>...........] - ETA: 1:43:59 - loss: 517.9103 - warpedSrc_loss: 103.6345 - movedSegm_loss: -0.0875 - srcSegm_loss: -0.0873 - nonr_def_loss: 8.9827e-04 - warpedSrc_MeanSquaredError: 103.6345 - movedSegm_sigmoid_sftDC: 0.2072 - srcSegm_sigmoid_DC: 0.2065 - nonr_def_mean_absolute_error: 0.1367affine min: 0.0, max: 122.56172180175781
tensor shape: (144, 96, 112, 1)
segm1 shape: (144, 96, 112, 1)
segm2 shape: (144, 96, 112, 1)
tgt_img shape: (144, 96, 112, 1)
src_img shape: (144, 96, 112, 1)
aff_def shape: (144, 96, 112, 1)

46/68 [===================>..........] - ETA: 1:39:27 - loss: 527.7891 - warpedSrc_loss: 105.6103 - movedSegm_loss: -0.0876 - srcSegm_loss: -0.0874 - nonr_def_loss: 9.1024e-04 - warpedSrc_MeanSquaredError: 105.6103 - movedSegm_sigmoid_sftDC: 0.2077 - srcSegm_sigmoid_DC: 0.2071 - nonr_def_mean_absolute_error: 0.1375affine min: 0.0, max: 129.3511962890625
tensor shape: (144, 96, 112, 1)
segm1 shape: (144, 96, 112, 1)
segm2 shape: (144, 96, 112, 1)
tgt_img shape: (144, 96, 112, 1)
src_img shape: (144, 96, 112, 1)
aff_def shape: (144, 96, 112, 1)

47/68 [===================>..........] - ETA: 1:34:55 - loss: 532.7846 - warpedSrc_loss: 106.6095 - movedSegm_loss: -0.0877 - srcSegm_loss: -0.0875 - nonr_def_loss: 9.2379e-04 - warpedSrc_MeanSquaredError: 106.6095 - movedSegm_sigmoid_sftDC: 0.2085 - srcSegm_sigmoid_DC: 0.2079 - nonr_def_mean_absolute_error: 0.1382affine min: 0.0, max: 125.25275421142578
tensor shape: (144, 96, 112, 1)
segm1 shape: (144, 96, 112, 1)
segm2 shape: (144, 96, 112, 1)
tgt_img shape: (144, 96, 112, 1)
src_img shape: (144, 96, 112, 1)
aff_def shape: (144, 96, 112, 1)

48/68 [====================>.........] - ETA: 1:30:23 - loss: 555.7013 - warpedSrc_loss: 111.1929 - movedSegm_loss: -0.0878 - srcSegm_loss: -0.0876 - nonr_def_loss: 9.3792e-04 - warpedSrc_MeanSquaredError: 111.1929 - movedSegm_sigmoid_sftDC: 0.2092 - srcSegm_sigmoid_DC: 0.2087 - nonr_def_mean_absolute_error: 0.1389affine min: 0.0, max: 120.29960632324219
tensor shape: (144, 96, 112, 1)
segm1 shape: (144, 96, 112, 1)
segm2 shape: (144, 96, 112, 1)
tgt_img shape: (144, 96, 112, 1)
src_img shape: (144, 96, 112, 1)
aff_def shape: (144, 96, 112, 1)

49/68 [====================>.........] - ETA: 1:25:52 - loss: 545.8393 - warpedSrc_loss: 109.2207 - movedSegm_loss: -0.0881 - srcSegm_loss: -0.0879 - nonr_def_loss: 9.5934e-04 - warpedSrc_MeanSquaredError: 109.2207 - movedSegm_sigmoid_sftDC: 0.2105 - srcSegm_sigmoid_DC: 0.2100 - nonr_def_mean_absolute_error: 0.1397affine min: 0.0, max: 122.51236724853516
tensor shape: (144, 96, 112, 1)
segm1 shape: (144, 96, 112, 1)
segm2 shape: (144, 96, 112, 1)
tgt_img shape: (144, 96, 112, 1)
src_img shape: (144, 96, 112, 1)
aff_def shape: (144, 96, 112, 1)

50/68 [=====================>........] - ETA: 1:21:20 - loss: 542.5536 - warpedSrc_loss: 108.5637 - movedSegm_loss: -0.0885 - srcSegm_loss: -0.0882 - nonr_def_loss: 9.8259e-04 - warpedSrc_MeanSquaredError: 108.5637 - movedSegm_sigmoid_sftDC: 0.2118 - srcSegm_sigmoid_DC: 0.2110 - nonr_def_mean_absolute_error: 0.1405affine min: 0.0, max: 159.38388061523438
tensor shape: (144, 96, 112, 1)
segm1 shape: (144, 96, 112, 1)
segm2 shape: (144, 96, 112, 1)
tgt_img shape: (144, 96, 112, 1)
src_img shape: (144, 96, 112, 1)
aff_def shape: (144, 96, 112, 1)

51/68 [=====================>........] - ETA: 1:16:48 - loss: 536.5283 - warpedSrc_loss: 107.3588 - movedSegm_loss: -0.0887 - srcSegm_loss: -0.0884 - nonr_def_loss: 0.0010 - warpedSrc_MeanSquaredError: 107.3588 - movedSegm_sigmoid_sftDC: 0.2128 - srcSegm_sigmoid_DC: 0.2118 - nonr_def_mean_absolute_error: 0.1413    affine min: 0.0, max: 116.22254943847656
tensor shape: (144, 96, 112, 1)
segm1 shape: (144, 96, 112, 1)
segm2 shape: (144, 96, 112, 1)
tgt_img shape: (144, 96, 112, 1)
src_img shape: (144, 96, 112, 1)
aff_def shape: (144, 96, 112, 1)

52/68 [=====================>........] - ETA: 1:12:17 - loss: 528.5592 - warpedSrc_loss: 105.7652 - movedSegm_loss: -0.0891 - srcSegm_loss: -0.0887 - nonr_def_loss: 0.0010 - warpedSrc_MeanSquaredError: 105.7652 - movedSegm_sigmoid_sftDC: 0.2142 - srcSegm_sigmoid_DC: 0.2131 - nonr_def_mean_absolute_error: 0.1421affine min: 0.0, max: 168.98609924316406
tensor shape: (144, 96, 112, 1)
segm1 shape: (144, 96, 112, 1)
segm2 shape: (144, 96, 112, 1)
tgt_img shape: (144, 96, 112, 1)
src_img shape: (144, 96, 112, 1)
aff_def shape: (144, 96, 112, 1)

53/68 [======================>.......] - ETA: 1:07:45 - loss: 525.7172 - warpedSrc_loss: 105.1968 - movedSegm_loss: -0.0891 - srcSegm_loss: -0.0887 - nonr_def_loss: 0.0011 - warpedSrc_MeanSquaredError: 105.1968 - movedSegm_sigmoid_sftDC: 0.2151 - srcSegm_sigmoid_DC: 0.2140 - nonr_def_mean_absolute_error: 0.1428affine min: 0.0, max: 120.91606903076172
tensor shape: (144, 96, 112, 1)
segm1 shape: (144, 96, 112, 1)
segm2 shape: (144, 96, 112, 1)
tgt_img shape: (144, 96, 112, 1)
src_img shape: (144, 96, 112, 1)
aff_def shape: (144, 96, 112, 1)

54/68 [======================>.......] - ETA: 1:03:14 - loss: 519.8310 - warpedSrc_loss: 104.0198 - movedSegm_loss: -0.0897 - srcSegm_loss: -0.0892 - nonr_def_loss: 0.0011 - warpedSrc_MeanSquaredError: 104.0198 - movedSegm_sigmoid_sftDC: 0.2173 - srcSegm_sigmoid_DC: 0.2159 - nonr_def_mean_absolute_error: 0.1435affine min: 0.0, max: 127.43836975097656
tensor shape: (144, 96, 112, 1)
segm1 shape: (144, 96, 112, 1)
segm2 shape: (144, 96, 112, 1)
tgt_img shape: (144, 96, 112, 1)
src_img shape: (144, 96, 112, 1)
aff_def shape: (144, 96, 112, 1)

55/68 [=======================>......] - ETA: 58:43 - loss: 532.7637 - warpedSrc_loss: 106.6063 - movedSegm_loss: -0.0895 - srcSegm_loss: -0.0890 - nonr_def_loss: 0.0011 - warpedSrc_MeanSquaredError: 106.6063 - movedSegm_sigmoid_sftDC: 0.2178 - srcSegm_sigmoid_DC: 0.2161 - nonr_def_mean_absolute_error: 0.1440  affine min: 0.0, max: 125.74767303466797
tensor shape: (144, 96, 112, 1)
segm1 shape: (144, 96, 112, 1)
segm2 shape: (144, 96, 112, 1)
tgt_img shape: (144, 96, 112, 1)
src_img shape: (144, 96, 112, 1)
aff_def shape: (144, 96, 112, 1)

56/68 [=======================>......] - ETA: 54:11 - loss: 526.4296 - warpedSrc_loss: 105.3395 - movedSegm_loss: -0.0896 - srcSegm_loss: -0.0890 - nonr_def_loss: 0.0012 - warpedSrc_MeanSquaredError: 105.3395 - movedSegm_sigmoid_sftDC: 0.2190 - srcSegm_sigmoid_DC: 0.2172 - nonr_def_mean_absolute_error: 0.1446affine min: 0.0, max: 116.26301574707031
tensor shape: (144, 96, 112, 1)
segm1 shape: (144, 96, 112, 1)
segm2 shape: (144, 96, 112, 1)
tgt_img shape: (144, 96, 112, 1)
src_img shape: (144, 96, 112, 1)
aff_def shape: (144, 96, 112, 1)

57/68 [========================>.....] - ETA: 49:41 - loss: 523.6518 - warpedSrc_loss: 104.7841 - movedSegm_loss: -0.0898 - srcSegm_loss: -0.0893 - nonr_def_loss: 0.0012 - warpedSrc_MeanSquaredError: 104.7841 - movedSegm_sigmoid_sftDC: 0.2201 - srcSegm_sigmoid_DC: 0.2185 - nonr_def_mean_absolute_error: 0.1450affine min: 0.0, max: 120.59247589111328
tensor shape: (144, 96, 112, 1)
segm1 shape: (144, 96, 112, 1)
segm2 shape: (144, 96, 112, 1)
tgt_img shape: (144, 96, 112, 1)
src_img shape: (144, 96, 112, 1)
aff_def shape: (144, 96, 112, 1)

58/68 [========================>.....] - ETA: 45:10 - loss: 516.6897 - warpedSrc_loss: 103.3918 - movedSegm_loss: -0.0900 - srcSegm_loss: -0.0896 - nonr_def_loss: 0.0012 - warpedSrc_MeanSquaredError: 103.3918 - movedSegm_sigmoid_sftDC: 0.2214 - srcSegm_sigmoid_DC: 0.2201 - nonr_def_mean_absolute_error: 0.1454affine min: 0.0, max: 204.67489624023438
tensor shape: (144, 96, 112, 1)
segm1 shape: (144, 96, 112, 1)
segm2 shape: (144, 96, 112, 1)
tgt_img shape: (144, 96, 112, 1)
src_img shape: (144, 96, 112, 1)
aff_def shape: (144, 96, 112, 1)

59/68 [=========================>....] - ETA: 40:40 - loss: 510.6042 - warpedSrc_loss: 102.1747 - movedSegm_loss: -0.0900 - srcSegm_loss: -0.0896 - nonr_def_loss: 0.0013 - warpedSrc_MeanSquaredError: 102.1747 - movedSegm_sigmoid_sftDC: 0.2225 - srcSegm_sigmoid_DC: 0.2210 - nonr_def_mean_absolute_error: 0.1455affine min: 0.0, max: 127.63117980957031
tensor shape: (144, 96, 112, 1)
segm1 shape: (144, 96, 112, 1)
segm2 shape: (144, 96, 112, 1)
tgt_img shape: (144, 96, 112, 1)
src_img shape: (144, 96, 112, 1)
aff_def shape: (144, 96, 112, 1)

60/68 [=========================>....] - ETA: 36:09 - loss: 504.2954 - warpedSrc_loss: 100.9131 - movedSegm_loss: -0.0904 - srcSegm_loss: -0.0899 - nonr_def_loss: 0.0013 - warpedSrc_MeanSquaredError: 100.9131 - movedSegm_sigmoid_sftDC: 0.2241 - srcSegm_sigmoid_DC: 0.2224 - nonr_def_mean_absolute_error: 0.1458affine min: 0.0, max: 122.0002670288086
tensor shape: (144, 96, 112, 1)
segm1 shape: (144, 96, 112, 1)
segm2 shape: (144, 96, 112, 1)
tgt_img shape: (144, 96, 112, 1)
src_img shape: (144, 96, 112, 1)
aff_def shape: (144, 96, 112, 1)

61/68 [=========================>....] - ETA: 31:38 - loss: 499.2170 - warpedSrc_loss: 99.8976 - movedSegm_loss: -0.0906 - srcSegm_loss: -0.0900 - nonr_def_loss: 0.0014 - warpedSrc_MeanSquaredError: 99.8976 - movedSegm_sigmoid_sftDC: 0.2256 - srcSegm_sigmoid_DC: 0.2236 - nonr_def_mean_absolute_error: 0.1461  affine min: 0.0, max: 159.38388061523438
tensor shape: (144, 96, 112, 1)
segm1 shape: (144, 96, 112, 1)
segm2 shape: (144, 96, 112, 1)
tgt_img shape: (144, 96, 112, 1)
src_img shape: (144, 96, 112, 1)
aff_def shape: (144, 96, 112, 1)

62/68 [==========================>...] - ETA: 27:07 - loss: 495.0518 - warpedSrc_loss: 99.0647 - movedSegm_loss: -0.0908 - srcSegm_loss: -0.0902 - nonr_def_loss: 0.0014 - warpedSrc_MeanSquaredError: 99.0647 - movedSegm_sigmoid_sftDC: 0.2268 - srcSegm_sigmoid_DC: 0.2248 - nonr_def_mean_absolute_error: 0.1463affine min: 0.0, max: 121.73023986816406
tensor shape: (144, 96, 112, 1)
segm1 shape: (144, 96, 112, 1)
segm2 shape: (144, 96, 112, 1)
tgt_img shape: (144, 96, 112, 1)
src_img shape: (144, 96, 112, 1)
aff_def shape: (144, 96, 112, 1)

63/68 [==========================>...] - ETA: 22:36 - loss: 489.7855 - warpedSrc_loss: 98.0115 - movedSegm_loss: -0.0910 - srcSegm_loss: -0.0904 - nonr_def_loss: 0.0014 - warpedSrc_MeanSquaredError: 98.0115 - movedSegm_sigmoid_sftDC: 0.2280 - srcSegm_sigmoid_DC: 0.2258 - nonr_def_mean_absolute_error: 0.1465affine min: 0.0, max: 120.93348693847656
tensor shape: (144, 96, 112, 1)
segm1 shape: (144, 96, 112, 1)
segm2 shape: (144, 96, 112, 1)
tgt_img shape: (144, 96, 112, 1)
src_img shape: (144, 96, 112, 1)
aff_def shape: (144, 96, 112, 1)

64/68 [===========================>..] - ETA: 18:05 - loss: 484.2122 - warpedSrc_loss: 96.8970 - movedSegm_loss: -0.0913 - srcSegm_loss: -0.0906 - nonr_def_loss: 0.0014 - warpedSrc_MeanSquaredError: 96.8970 - movedSegm_sigmoid_sftDC: 0.2294 - srcSegm_sigmoid_DC: 0.2273 - nonr_def_mean_absolute_error: 0.1468affine min: 0.0, max: 129.3511962890625
tensor shape: (144, 96, 112, 1)
segm1 shape: (144, 96, 112, 1)
segm2 shape: (144, 96, 112, 1)
tgt_img shape: (144, 96, 112, 1)
src_img shape: (144, 96, 112, 1)
aff_def shape: (144, 96, 112, 1)

65/68 [===========================>..] - ETA: 13:34 - loss: 478.4777 - warpedSrc_loss: 95.7501 - movedSegm_loss: -0.0913 - srcSegm_loss: -0.0907 - nonr_def_loss: 0.0014 - warpedSrc_MeanSquaredError: 95.7501 - movedSegm_sigmoid_sftDC: 0.2302 - srcSegm_sigmoid_DC: 0.2280 - nonr_def_mean_absolute_error: 0.1470affine min: 0.0, max: 119.0069808959961
tensor shape: (144, 96, 112, 1)
segm1 shape: (144, 96, 112, 1)
segm2 shape: (144, 96, 112, 1)
tgt_img shape: (144, 96, 112, 1)
src_img shape: (144, 96, 112, 1)
aff_def shape: (144, 96, 112, 1)

66/68 [============================>.] - ETA: 9:02 - loss: 472.4217 - warpedSrc_loss: 94.5391 - movedSegm_loss: -0.0916 - srcSegm_loss: -0.0909 - nonr_def_loss: 0.0014 - warpedSrc_MeanSquaredError: 94.5391 - movedSegm_sigmoid_sftDC: 0.2317 - srcSegm_sigmoid_DC: 0.2294 - nonr_def_mean_absolute_error: 0.1470 affine min: 0.0, max: 126.35047912597656
tensor shape: (144, 96, 112, 1)
segm1 shape: (144, 96, 112, 1)
segm2 shape: (144, 96, 112, 1)
tgt_img shape: (144, 96, 112, 1)
src_img shape: (144, 96, 112, 1)
aff_def shape: (144, 96, 112, 1)

67/68 [============================>.] - ETA: 4:31 - loss: 471.1679 - warpedSrc_loss: 94.2882 - movedSegm_loss: -0.0914 - srcSegm_loss: -0.0908 - nonr_def_loss: 0.0014 - warpedSrc_MeanSquaredError: 94.2882 - movedSegm_sigmoid_sftDC: 0.2323 - srcSegm_sigmoid_DC: 0.2301 - nonr_def_mean_absolute_error: 0.1471affine min: 0.0, max: 129.3429718017578
tensor shape: (144, 96, 112, 1)
segm1 shape: (144, 96, 112, 1)
segm2 shape: (144, 96, 112, 1)
tgt_img shape: (144, 96, 112, 1)
src_img shape: (144, 96, 112, 1)
aff_def shape: (144, 96, 112, 1)
affine min: 0.0, max: 135.5797882080078
tensor shape: (144, 96, 112, 1)
segm1 shape: (144, 96, 112, 1)
segm2 shape: (144, 96, 112, 1)
tgt_img shape: (144, 96, 112, 1)
src_img shape: (144, 96, 112, 1)
aff_def shape: (144, 96, 112, 1)
affine min: 0.0, max: 126.07027435302734
tensor shape: (144, 96, 112, 1)
segm1 shape: (144, 96, 112, 1)
segm2 shape: (144, 96, 112, 1)
tgt_img shape: (144, 96, 112, 1)
src_img shape: (144, 96, 112, 1)
aff_def shape: (144, 96, 112, 1)
affine min: 0.0, max: 124.10376739501953
tensor shape: (144, 96, 112, 1)
segm1 shape: (144, 96, 112, 1)
segm2 shape: (144, 96, 112, 1)
tgt_img shape: (144, 96, 112, 1)
src_img shape: (144, 96, 112, 1)
aff_def shape: (144, 96, 112, 1)
affine min: 0.0, max: 125.22093200683594
tensor shape: (144, 96, 112, 1)
segm1 shape: (144, 96, 112, 1)
segm2 shape: (144, 96, 112, 1)
tgt_img shape: (144, 96, 112, 1)
src_img shape: (144, 96, 112, 1)
aff_def shape: (144, 96, 112, 1)
affine min: 0.0, max: 120.02018737792969
tensor shape: (144, 96, 112, 1)
segm1 shape: (144, 96, 112, 1)
segm2 shape: (144, 96, 112, 1)
tgt_img shape: (144, 96, 112, 1)
src_img shape: (144, 96, 112, 1)
aff_def shape: (144, 96, 112, 1)
affine min: 0.0, max: 118.83921813964844
tensor shape: (144, 96, 112, 1)
segm1 shape: (144, 96, 112, 1)
segm2 shape: (144, 96, 112, 1)
tgt_img shape: (144, 96, 112, 1)
src_img shape: (144, 96, 112, 1)
aff_def shape: (144, 96, 112, 1)
affine min: 0.0, max: 164.03323364257812
tensor shape: (144, 96, 112, 1)
segm1 shape: (144, 96, 112, 1)
segm2 shape: (144, 96, 112, 1)
tgt_img shape: (144, 96, 112, 1)
src_img shape: (144, 96, 112, 1)
aff_def shape: (144, 96, 112, 1)
affine min: 0.0, max: 175.48756408691406
tensor shape: (144, 96, 112, 1)
segm1 shape: (144, 96, 112, 1)
segm2 shape: (144, 96, 112, 1)
tgt_img shape: (144, 96, 112, 1)
src_img shape: (144, 96, 112, 1)
aff_def shape: (144, 96, 112, 1)
affine min: 0.0, max: 119.16797637939453
tensor shape: (144, 96, 112, 1)
segm1 shape: (144, 96, 112, 1)
segm2 shape: (144, 96, 112, 1)
tgt_img shape: (144, 96, 112, 1)
src_img shape: (144, 96, 112, 1)
aff_def shape: (144, 96, 112, 1)
affine min: 0.0, max: 149.23187255859375
tensor shape: (144, 96, 112, 1)
segm1 shape: (144, 96, 112, 1)
segm2 shape: (144, 96, 112, 1)
tgt_img shape: (144, 96, 112, 1)
src_img shape: (144, 96, 112, 1)
aff_def shape: (144, 96, 112, 1)
affine min: 0.0, max: 124.52091979980469
tensor shape: (144, 96, 112, 1)
segm1 shape: (144, 96, 112, 1)
segm2 shape: (144, 96, 112, 1)
tgt_img shape: (144, 96, 112, 1)
src_img shape: (144, 96, 112, 1)
aff_def shape: (144, 96, 112, 1)
affine min: 0.0, max: 122.82344055175781
tensor shape: (144, 96, 112, 1)
segm1 shape: (144, 96, 112, 1)
segm2 shape: (144, 96, 112, 1)
tgt_img shape: (144, 96, 112, 1)
src_img shape: (144, 96, 112, 1)
aff_def shape: (144, 96, 112, 1)
affine min: 0.0, max: 120.64175415039062
tensor shape: (144, 96, 112, 1)
segm1 shape: (144, 96, 112, 1)
segm2 shape: (144, 96, 112, 1)
tgt_img shape: (144, 96, 112, 1)
src_img shape: (144, 96, 112, 1)
aff_def shape: (144, 96, 112, 1)
affine min: 0.0, max: 123.50216674804688
tensor shape: (144, 96, 112, 1)
segm1 shape: (144, 96, 112, 1)
segm2 shape: (144, 96, 112, 1)
tgt_img shape: (144, 96, 112, 1)
src_img shape: (144, 96, 112, 1)
aff_def shape: (144, 96, 112, 1)
affine min: 0.0, max: 119.50218200683594
tensor shape: (144, 96, 112, 1)
segm1 shape: (144, 96, 112, 1)
segm2 shape: (144, 96, 112, 1)
tgt_img shape: (144, 96, 112, 1)
src_img shape: (144, 96, 112, 1)
aff_def shape: (144, 96, 112, 1)
affine min: 0.0, max: 171.51455688476562
tensor shape: (144, 96, 112, 1)
segm1 shape: (144, 96, 112, 1)
segm2 shape: (144, 96, 112, 1)
tgt_img shape: (144, 96, 112, 1)
src_img shape: (144, 96, 112, 1)
aff_def shape: (144, 96, 112, 1)
affine min: 0.0, max: 118.83921813964844
tensor shape: (144, 96, 112, 1)
segm1 shape: (144, 96, 112, 1)
segm2 shape: (144, 96, 112, 1)
tgt_img shape: (144, 96, 112, 1)
src_img shape: (144, 96, 112, 1)
aff_def shape: (144, 96, 112, 1)
affine min: 0.0, max: 120.02018737792969
tensor shape: (144, 96, 112, 1)
segm1 shape: (144, 96, 112, 1)
segm2 shape: (144, 96, 112, 1)
tgt_img shape: (144, 96, 112, 1)
src_img shape: (144, 96, 112, 1)
aff_def shape: (144, 96, 112, 1)
affine min: 0.0, max: 171.51455688476562
tensor shape: (144, 96, 112, 1)
segm1 shape: (144, 96, 112, 1)
segm2 shape: (144, 96, 112, 1)
tgt_img shape: (144, 96, 112, 1)
src_img shape: (144, 96, 112, 1)
aff_def shape: (144, 96, 112, 1)
affine min: 0.0, max: 149.23187255859375
tensor shape: (144, 96, 112, 1)
segm1 shape: (144, 96, 112, 1)
segm2 shape: (144, 96, 112, 1)
tgt_img shape: (144, 96, 112, 1)
src_img shape: (144, 96, 112, 1)
aff_def shape: (144, 96, 112, 1)
affine min: 0.0, max: 119.50218200683594
tensor shape: (144, 96, 112, 1)
segm1 shape: (144, 96, 112, 1)
segm2 shape: (144, 96, 112, 1)
tgt_img shape: (144, 96, 112, 1)
src_img shape: (144, 96, 112, 1)
aff_def shape: (144, 96, 112, 1)
affine min: 0.0, max: 125.22093200683594
tensor shape: (144, 96, 112, 1)
segm1 shape: (144, 96, 112, 1)
segm2 shape: (144, 96, 112, 1)
tgt_img shape: (144, 96, 112, 1)
src_img shape: (144, 96, 112, 1)
aff_def shape: (144, 96, 112, 1)
affine min: 0.0, max: 175.48756408691406
tensor shape: (144, 96, 112, 1)
segm1 shape: (144, 96, 112, 1)
segm2 shape: (144, 96, 112, 1)
tgt_img shape: (144, 96, 112, 1)
src_img shape: (144, 96, 112, 1)
aff_def shape: (144, 96, 112, 1)
affine min: 0.0, max: 135.5797882080078
tensor shape: (144, 96, 112, 1)
segm1 shape: (144, 96, 112, 1)
segm2 shape: (144, 96, 112, 1)
tgt_img shape: (144, 96, 112, 1)
src_img shape: (144, 96, 112, 1)
aff_def shape: (144, 96, 112, 1)
affine min: 0.0, max: 126.07027435302734
tensor shape: (144, 96, 112, 1)
segm1 shape: (144, 96, 112, 1)
segm2 shape: (144, 96, 112, 1)
tgt_img shape: (144, 96, 112, 1)
src_img shape: (144, 96, 112, 1)
aff_def shape: (144, 96, 112, 1)
affine min: 0.0, max: 124.52091979980469
tensor shape: (144, 96, 112, 1)
segm1 shape: (144, 96, 112, 1)
segm2 shape: (144, 96, 112, 1)
tgt_img shape: (144, 96, 112, 1)
src_img shape: (144, 96, 112, 1)
aff_def shape: (144, 96, 112, 1)

68/68 [==============================] - 19911s 293s/step - loss: 469.6183 - warpedSrc_loss: 93.9783 - movedSegm_loss: -0.0914 - srcSegm_loss: -0.0908 - nonr_def_loss: 0.0014 - warpedSrc_MeanSquaredError: 93.9783 - movedSegm_sigmoid_sftDC: 0.2334 - srcSegm_sigmoid_DC: 0.2312 - nonr_def_mean_absolute_error: 0.1471 - val_loss: 351.7823 - val_warpedSrc_loss: 70.4137 - val_movedSegm_loss: -0.0961 - val_srcSegm_loss: -0.0947 - val_nonr_def_loss: 0.0017 - val_warpedSrc_MeanSquaredError: 70.4137 - val_movedSegm_sigmoid_sftDC: 0.3597 - val_srcSegm_sigmoid_DC: 0.3532 - val_nonr_def_mean_absolute_error: 0.1683

Epoch 00001: val_srcSegm_sigmoid_DC improved from -inf to 0.35321, saving model to /home/groups/dlmrimnd/jacob/data/results/accWeights.01-351.78.hdf5

Epoch 00001: val_movedSegm_sigmoid_sftDC improved from -inf to 0.35974, saving model to /home/groups/dlmrimnd/jacob/data/results/consWeights.01-351.78.hdf5

Epoch 00001: saving model to /home/groups/dlmrimnd/jacob/data/results/model_weight_out.h5
lr:  0.0005
loss weight lamda used:  9.0
