Construct model
src_segm shape: (?, 144, 96, 112, 3)
y shape: (?, 144, 96, 112, 1)
nonr_def shape: (?, 144, 96, 112, 3)
all_def shape: (?, 144, 96, 112, 3)
tgt_segm shape: (?, 144, 96, 112, 3)
__________________________________________________________________________________________________
Layer (type)                    Output Shape         Param #     Connected to                     
==================================================================================================
input_1 (InputLayer)            (None, 144, 96, 112, 0                                            
__________________________________________________________________________________________________
input_2 (InputLayer)            (None, 144, 96, 112, 0                                            
__________________________________________________________________________________________________
input_4 (InputLayer)            (None, 144, 96, 112, 0                                            
__________________________________________________________________________________________________
model_2 (Model)                 [(None, 144, 96, 112 4707067     input_1[0][0]                    
                                                                 input_2[0][0]                    
                                                                 input_4[0][0]                    
__________________________________________________________________________________________________
input_3 (InputLayer)            (None, 144, 96, 112, 0                                            
__________________________________________________________________________________________________
model_1 (Model)                 (None, 144, 96, 112, 5889325     input_3[0][0]                    
__________________________________________________________________________________________________
nonr_def (Lambda)               (None, 144, 96, 112, 0           model_2[1][1]                    
__________________________________________________________________________________________________
srcSegm (Lambda)                (None, 144, 96, 112, 0           model_1[1][0]                    
__________________________________________________________________________________________________
add_2 (Add)                     (None, 144, 96, 112, 0           nonr_def[0][0]                   
                                                                 input_4[0][0]                    
__________________________________________________________________________________________________
warpedSrc (Lambda)              (None, 144, 96, 112, 0           model_2[1][0]                    
__________________________________________________________________________________________________
movedSegm (SpatialTransformer)  [(None, 144, 96, 112 0           srcSegm[0][0]                    
                                                                 add_2[0][0]                      
==================================================================================================
Total params: 10,596,392
Trainable params: 10,590,532
Non-trainable params: 5,860
__________________________________________________________________________________________________
train a new model!
train with 1 GPU
Epoch 1/300
affine min: 0.0, max: 143.0
tensor shape: (144, 96, 112, 1)
segm1 shape: (144, 96, 112, 1)
segm2 shape: (144, 96, 112, 1)
tgt_img shape: (144, 96, 112, 1)
src_img shape: (144, 96, 112, 1)
aff_def shape: (144, 96, 112, 3)
affine min: 0.0, max: 143.0
tensor shape: (144, 96, 112, 1)
segm1 shape: (144, 96, 112, 1)
segm2 shape: (144, 96, 112, 1)
tgt_img shape: (144, 96, 112, 1)
src_img shape: (144, 96, 112, 1)
aff_def shape: (144, 96, 112, 3)
affine min: 0.0, max: 129.31471252441406
tensor shape: (144, 96, 112, 1)
segm1 shape: (144, 96, 112, 1)
segm2 shape: (144, 96, 112, 1)
tgt_img shape: (144, 96, 112, 1)
src_img shape: (144, 96, 112, 1)
aff_def shape: (144, 96, 112, 3)
affine min: 0.0, max: 143.0
tensor shape: (144, 96, 112, 1)
segm1 shape: (144, 96, 112, 1)
segm2 shape: (144, 96, 112, 1)
tgt_img shape: (144, 96, 112, 1)
src_img shape: (144, 96, 112, 1)
aff_def shape: (144, 96, 112, 3)
affine min: 0.0, max: 143.0
tensor shape: (144, 96, 112, 1)
segm1 shape: (144, 96, 112, 1)
segm2 shape: (144, 96, 112, 1)
tgt_img shape: (144, 96, 112, 1)
src_img shape: (144, 96, 112, 1)
aff_def shape: (144, 96, 112, 3)
affine min: 0.0, max: 131.11241149902344
tensor shape: (144, 96, 112, 1)
segm1 shape: (144, 96, 112, 1)
segm2 shape: (144, 96, 112, 1)
tgt_img shape: (144, 96, 112, 1)
src_img shape: (144, 96, 112, 1)
aff_def shape: (144, 96, 112, 3)
affine min: 0.0, max: 122.69024658203125
tensor shape: (144, 96, 112, 1)
segm1 shape: (144, 96, 112, 1)
segm2 shape: (144, 96, 112, 1)
tgt_img shape: (144, 96, 112, 1)
src_img shape: (144, 96, 112, 1)
aff_def shape: (144, 96, 112, 3)
affine min: 0.0, max: 132.4456787109375
tensor shape: (144, 96, 112, 1)
segm1 shape: (144, 96, 112, 1)
segm2 shape: (144, 96, 112, 1)
tgt_img shape: (144, 96, 112, 1)
src_img shape: (144, 96, 112, 1)
aff_def shape: (144, 96, 112, 3)
affine min: 0.0, max: 142.50657653808594
tensor shape: (144, 96, 112, 1)
segm1 shape: (144, 96, 112, 1)
segm2 shape: (144, 96, 112, 1)
tgt_img shape: (144, 96, 112, 1)
src_img shape: (144, 96, 112, 1)
aff_def shape: (144, 96, 112, 3)
affine min: 0.0, max: 131.3814697265625
tensor shape: (144, 96, 112, 1)
segm1 shape: (144, 96, 112, 1)
segm2 shape: (144, 96, 112, 1)
tgt_img shape: (144, 96, 112, 1)
src_img shape: (144, 96, 112, 1)
aff_def shape: (144, 96, 112, 3)
affine min: 0.0, max: 143.0
tensor shape: (144, 96, 112, 1)
segm1 shape: (144, 96, 112, 1)
segm2 shape: (144, 96, 112, 1)
tgt_img shape: (144, 96, 112, 1)
src_img shape: (144, 96, 112, 1)
aff_def shape: (144, 96, 112, 3)
