Construct model
__________________________________________________________________________________________________
Layer (type)                    Output Shape         Param #     Connected to                     
==================================================================================================
input_1 (InputLayer)            (None, 176, 80, 96,  0                                            
__________________________________________________________________________________________________
input_2 (InputLayer)            (None, 176, 80, 96,  0                                            
__________________________________________________________________________________________________
input_4 (InputLayer)            (None, 176, 80, 96,  0                                            
__________________________________________________________________________________________________
input_3 (InputLayer)            (None, 176, 80, 96,  0                                            
__________________________________________________________________________________________________
model_2 (Model)                 [(None, 176, 80, 96, 4707067     input_1[0][0]                    
                                                                 input_2[0][0]                    
                                                                 input_4[0][0]                    
__________________________________________________________________________________________________
model_1 (Model)                 (None, 176, 80, 96,  5888449     input_3[0][0]                    
__________________________________________________________________________________________________
srcSegm (Lambda)                (None, 176, 80, 96,  0           model_1[1][0]                    
__________________________________________________________________________________________________
nonr_def (Lambda)               (None, 176, 80, 96,  0           model_2[1][1]                    
__________________________________________________________________________________________________
warpedSrc (Lambda)              (None, 176, 80, 96,  0           model_2[1][0]                    
__________________________________________________________________________________________________
movedSegm (SpatialTransformer)  [(None, 176, 80, 96, 0           srcSegm[0][0]                    
                                                                 nonr_def[0][0]                   
==================================================================================================
Total params: 10,595,516
Trainable params: 10,589,660
Non-trainable params: 5,856
__________________________________________________________________________________________________
train a new model!
train with 1 GPU
Epoch 1/35

 1/69 [..............................] - ETA: 8:31:25 - loss: 2.2967 - warpedSrc_loss: 0.4721 - movedSegm_loss: -0.0233 - srcSegm_loss: -0.0194 - nonr_def_loss: 3.9565e-09 - warpedSrc_MeanSquaredError: 0.4721 - movedSegm_sigmoid_sftDC: 0.0201 - srcSegm_sigmoid_DC: 0.0175 - nonr_def_mean_absolute_error: 7.7862e-05
 2/69 [..............................] - ETA: 8:15:45 - loss: 1.1627 - warpedSrc_loss: 0.2590 - movedSegm_loss: -0.0451 - srcSegm_loss: -0.0432 - nonr_def_loss: 2.2060e-05 - warpedSrc_MeanSquaredError: 0.2590 - movedSegm_sigmoid_sftDC: 0.0511 - srcSegm_sigmoid_DC: 0.0499 - nonr_def_mean_absolute_error: 0.0107    
 3/69 [>.............................] - ETA: 8:05:18 - loss: 0.7016 - warpedSrc_loss: 0.1771 - movedSegm_loss: -0.0615 - srcSegm_loss: -0.0611 - nonr_def_loss: 4.6145e-05 - warpedSrc_MeanSquaredError: 0.1771 - movedSegm_sigmoid_sftDC: 0.0745 - srcSegm_sigmoid_DC: 0.0747 - nonr_def_mean_absolute_error: 0.0203
 4/69 [>.............................] - ETA: 7:56:30 - loss: 0.8905 - warpedSrc_loss: 0.2196 - movedSegm_loss: -0.0715 - srcSegm_loss: -0.0668 - nonr_def_loss: 7.3457e-05 - warpedSrc_MeanSquaredError: 0.2196 - movedSegm_sigmoid_sftDC: 0.0921 - srcSegm_sigmoid_DC: 0.0856 - nonr_def_mean_absolute_error: 0.0301
 5/69 [=>............................] - ETA: 7:48:21 - loss: 0.7935 - warpedSrc_loss: 0.2042 - movedSegm_loss: -0.0778 - srcSegm_loss: -0.0738 - nonr_def_loss: 9.8822e-05 - warpedSrc_MeanSquaredError: 0.2042 - movedSegm_sigmoid_sftDC: 0.1054 - srcSegm_sigmoid_DC: 0.0996 - nonr_def_mean_absolute_error: 0.0415
 6/69 [=>............................] - ETA: 7:40:30 - loss: 0.8898 - warpedSrc_loss: 0.2253 - movedSegm_loss: -0.0807 - srcSegm_loss: -0.0772 - nonr_def_loss: 1.4714e-04 - warpedSrc_MeanSquaredError: 0.2253 - movedSegm_sigmoid_sftDC: 0.1141 - srcSegm_sigmoid_DC: 0.1080 - nonr_def_mean_absolute_error: 0.0537
 7/69 [==>...........................] - ETA: 7:32:49 - loss: 0.7264 - warpedSrc_loss: 0.1958 - movedSegm_loss: -0.0859 - srcSegm_loss: -0.0824 - nonr_def_loss: 2.0992e-04 - warpedSrc_MeanSquaredError: 0.1958 - movedSegm_sigmoid_sftDC: 0.1275 - srcSegm_sigmoid_DC: 0.1211 - nonr_def_mean_absolute_error: 0.0675
 8/69 [==>...........................] - ETA: 7:25:13 - loss: 0.6374 - warpedSrc_loss: 0.1800 - movedSegm_loss: -0.0893 - srcSegm_loss: -0.0859 - nonr_def_loss: 2.8196e-04 - warpedSrc_MeanSquaredError: 0.1800 - movedSegm_sigmoid_sftDC: 0.1356 - srcSegm_sigmoid_DC: 0.1291 - nonr_def_mean_absolute_error: 0.0806
 9/69 [==>...........................] - ETA: 7:17:39 - loss: 0.7332 - warpedSrc_loss: 0.2006 - movedSegm_loss: -0.0923 - srcSegm_loss: -0.0876 - nonr_def_loss: 3.7096e-04 - warpedSrc_MeanSquaredError: 0.2006 - movedSegm_sigmoid_sftDC: 0.1412 - srcSegm_sigmoid_DC: 0.1324 - nonr_def_mean_absolute_error: 0.0931