Construct model
__________________________________________________________________________________________________
Layer (type)                    Output Shape         Param #     Connected to                     
==================================================================================================
input_1 (InputLayer)            (None, 176, 80, 96,  0                                            
__________________________________________________________________________________________________
input_2 (InputLayer)            (None, 176, 80, 96,  0                                            
__________________________________________________________________________________________________
input_4 (InputLayer)            (None, 176, 80, 96,  0                                            
__________________________________________________________________________________________________
input_3 (InputLayer)            (None, 176, 80, 96,  0                                            
__________________________________________________________________________________________________
model_2 (Model)                 [(None, 176, 80, 96, 4707067     input_1[0][0]                    
                                                                 input_2[0][0]                    
                                                                 input_4[0][0]                    
__________________________________________________________________________________________________
model_1 (Model)                 (None, 176, 80, 96,  5888449     input_3[0][0]                    
__________________________________________________________________________________________________
srcSegm (Lambda)                (None, 176, 80, 96,  0           model_1[1][0]                    
__________________________________________________________________________________________________
nonr_def (Lambda)               (None, 176, 80, 96,  0           model_2[1][1]                    
__________________________________________________________________________________________________
warpedSrc (Lambda)              (None, 176, 80, 96,  0           model_2[1][0]                    
__________________________________________________________________________________________________
movedSegm (SpatialTransformer)  [(None, 176, 80, 96, 0           srcSegm[0][0]                    
                                                                 nonr_def[0][0]                   
==================================================================================================
Total params: 10,595,516
Trainable params: 10,589,660
Non-trainable params: 5,856
__________________________________________________________________________________________________
Load pretrained model from disk!
train with 1 GPU
Epoch 16/30

  1/138 [..............................] - ETA: 8:33:43 - loss: -0.8620 - warpedSrc_loss: 0.1052 - movedSegm_loss: -0.4495 - srcSegm_loss: -0.4765 - nonr_def_loss: 0.1756 - warpedSrc_MeanSquaredError: 0.1052 - movedSegm_sigmoid_sftDC: 0.5385 - srcSegm_sigmoid_DC: 0.5940 - nonr_def_mean_absolute_error: 1.4618
  2/138 [..............................] - ETA: 8:21:11 - loss: -0.9940 - warpedSrc_loss: 0.0727 - movedSegm_loss: -0.4474 - srcSegm_loss: -0.4585 - nonr_def_loss: 0.2317 - warpedSrc_MeanSquaredError: 0.0727 - movedSegm_sigmoid_sftDC: 0.5300 - srcSegm_sigmoid_DC: 0.5544 - nonr_def_mean_absolute_error: 1.4431
  3/138 [..............................] - ETA: 8:14:36 - loss: -1.2294 - warpedSrc_loss: 0.0536 - movedSegm_loss: -0.5040 - srcSegm_loss: -0.4949 - nonr_def_loss: 0.2192 - warpedSrc_MeanSquaredError: 0.0536 - movedSegm_sigmoid_sftDC: 0.5886 - srcSegm_sigmoid_DC: 0.5900 - nonr_def_mean_absolute_error: 1.4435
  4/138 [..............................] - ETA: 8:09:38 - loss: -0.9952 - warpedSrc_loss: 0.0820 - movedSegm_loss: -0.4738 - srcSegm_loss: -0.4637 - nonr_def_loss: 0.2058 - warpedSrc_MeanSquaredError: 0.0820 - movedSegm_sigmoid_sftDC: 0.5510 - srcSegm_sigmoid_DC: 0.5503 - nonr_def_mean_absolute_error: 1.4542
  5/138 [>.............................] - ETA: 8:05:31 - loss: -1.0731 - warpedSrc_loss: 0.0711 - movedSegm_loss: -0.4971 - srcSegm_loss: -0.4560 - nonr_def_loss: 0.1993 - warpedSrc_MeanSquaredError: 0.0711 - movedSegm_sigmoid_sftDC: 0.5785 - srcSegm_sigmoid_DC: 0.5404 - nonr_def_mean_absolute_error: 1.4578
  6/138 [>.............................] - ETA: 8:01:30 - loss: -1.1544 - warpedSrc_loss: 0.0654 - movedSegm_loss: -0.5142 - srcSegm_loss: -0.4739 - nonr_def_loss: 0.1947 - warpedSrc_MeanSquaredError: 0.0654 - movedSegm_sigmoid_sftDC: 0.5995 - srcSegm_sigmoid_DC: 0.5634 - nonr_def_mean_absolute_error: 1.4667
  7/138 [>.............................] - ETA: 7:57:35 - loss: -1.2056 - warpedSrc_loss: 0.0596 - movedSegm_loss: -0.5311 - srcSegm_loss: -0.4719 - nonr_def_loss: 0.1905 - warpedSrc_MeanSquaredError: 0.0596 - movedSegm_sigmoid_sftDC: 0.6198 - srcSegm_sigmoid_DC: 0.5605 - nonr_def_mean_absolute_error: 1.4783
  8/138 [>.............................] - ETA: 7:54:03 - loss: -1.0002 - warpedSrc_loss: 0.0916 - movedSegm_loss: -0.5242 - srcSegm_loss: -0.4486 - nonr_def_loss: 0.1880 - warpedSrc_MeanSquaredError: 0.0916 - movedSegm_sigmoid_sftDC: 0.6125 - srcSegm_sigmoid_DC: 0.5323 - nonr_def_mean_absolute_error: 1.4967
  9/138 [>.............................] - ETA: 7:50:19 - loss: -1.0805 - warpedSrc_loss: 0.0827 - movedSegm_loss: -0.5347 - srcSegm_loss: -0.4621 - nonr_def_loss: 0.1882 - warpedSrc_MeanSquaredError: 0.0827 - movedSegm_sigmoid_sftDC: 0.6249 - srcSegm_sigmoid_DC: 0.5491 - nonr_def_mean_absolute_error: 1.5031
 10/138 [=>............................] - ETA: 7:46:38 - loss: -1.1228 - warpedSrc_loss: 0.0782 - movedSegm_loss: -0.5389 - srcSegm_loss: -0.4708 - nonr_def_loss: 0.1990 - warpedSrc_MeanSquaredError: 0.0782 - movedSegm_sigmoid_sftDC: 0.6273 - srcSegm_sigmoid_DC: 0.5560 - nonr_def_mean_absolute_error: 1.4842
 11/138 [=>............................] - ETA: 7:42:50 - loss: -1.1761 - warpedSrc_loss: 0.0733 - movedSegm_loss: -0.5469 - srcSegm_loss: -0.4821 - nonr_def_loss: 0.2007 - warpedSrc_MeanSquaredError: 0.0733 - movedSegm_sigmoid_sftDC: 0.6354 - srcSegm_sigmoid_DC: 0.5685 - nonr_def_mean_absolute_error: 1.4914
 12/138 [=>............................] - ETA: 7:39:08 - loss: -1.2274 - warpedSrc_loss: 0.0684 - movedSegm_loss: -0.5539 - srcSegm_loss: -0.4930 - nonr_def_loss: 0.2025 - warpedSrc_MeanSquaredError: 0.0684 - movedSegm_sigmoid_sftDC: 0.6433 - srcSegm_sigmoid_DC: 0.5811 - nonr_def_mean_absolute_error: 1.4975
 13/138 [=>............................] - ETA: 7:35:22 - loss: -0.9119 - warpedSrc_loss: 0.1176 - movedSegm_loss: -0.5442 - srcSegm_loss: -0.4565 - nonr_def_loss: 0.2021 - warpedSrc_MeanSquaredError: 0.1176 - movedSegm_sigmoid_sftDC: 0.6318 - srcSegm_sigmoid_DC: 0.5380 - nonr_def_mean_absolute_error: 1.5053
 14/138 [==>...........................] - ETA: 7:31:37 - loss: -0.9760 - warpedSrc_loss: 0.1104 - movedSegm_loss: -0.5508 - srcSegm_loss: -0.4684 - nonr_def_loss: 0.2032 - warpedSrc_MeanSquaredError: 0.1104 - movedSegm_sigmoid_sftDC: 0.6404 - srcSegm_sigmoid_DC: 0.5534 - nonr_def_mean_absolute_error: 1.5101
 15/138 [==>...........................] - ETA: 7:27:53 - loss: -0.9829 - warpedSrc_loss: 0.1084 - movedSegm_loss: -0.5519 - srcSegm_loss: -0.4653 - nonr_def_loss: 0.2036 - warpedSrc_MeanSquaredError: 0.1084 - movedSegm_sigmoid_sftDC: 0.6438 - srcSegm_sigmoid_DC: 0.5512 - nonr_def_mean_absolute_error: 1.5160
 16/138 [==>...........................] - ETA: 7:24:07 - loss: -1.0387 - warpedSrc_loss: 0.1026 - movedSegm_loss: -0.5595 - srcSegm_loss: -0.4755 - nonr_def_loss: 0.2043 - warpedSrc_MeanSquaredError: 0.1026 - movedSegm_sigmoid_sftDC: 0.6521 - srcSegm_sigmoid_DC: 0.5633 - nonr_def_mean_absolute_error: 1.5167
 17/138 [==>...........................] - ETA: 7:20:26 - loss: -1.0242 - warpedSrc_loss: 0.1048 - movedSegm_loss: -0.5535 - srcSegm_loss: -0.4792 - nonr_def_loss: 0.2048 - warpedSrc_MeanSquaredError: 0.1048 - movedSegm_sigmoid_sftDC: 0.6448 - srcSegm_sigmoid_DC: 0.5686 - nonr_def_mean_absolute_error: 1.5181
 18/138 [==>...........................] - ETA: 7:16:46 - loss: -1.0548 - warpedSrc_loss: 0.1011 - movedSegm_loss: -0.5571 - srcSegm_loss: -0.4837 - nonr_def_loss: 0.2048 - warpedSrc_MeanSquaredError: 0.1011 - movedSegm_sigmoid_sftDC: 0.6493 - srcSegm_sigmoid_DC: 0.5748 - nonr_def_mean_absolute_error: 1.5222
 19/138 [===>..........................] - ETA: 7:13:08 - loss: -1.0394 - warpedSrc_loss: 0.1012 - movedSegm_loss: -0.5492 - srcSegm_loss: -0.4817 - nonr_def_loss: 0.2050 - warpedSrc_MeanSquaredError: 0.1012 - movedSegm_sigmoid_sftDC: 0.6393 - srcSegm_sigmoid_DC: 0.5722 - nonr_def_mean_absolute_error: 1.5239
 20/138 [===>..........................] - ETA: 7:09:33 - loss: -1.0783 - warpedSrc_loss: 0.0968 - movedSegm_loss: -0.5546 - srcSegm_loss: -0.4875 - nonr_def_loss: 0.2088 - warpedSrc_MeanSquaredError: 0.0968 - movedSegm_sigmoid_sftDC: 0.6445 - srcSegm_sigmoid_DC: 0.5774 - nonr_def_mean_absolute_error: 1.5162
 21/138 [===>..........................] - ETA: 7:05:52 - loss: -0.9587 - warpedSrc_loss: 0.1163 - movedSegm_loss: -0.5508 - srcSegm_loss: -0.4766 - nonr_def_loss: 0.2092 - warpedSrc_MeanSquaredError: 0.1163 - movedSegm_sigmoid_sftDC: 0.6396 - srcSegm_sigmoid_DC: 0.5635 - nonr_def_mean_absolute_error: 1.5181
 22/138 [===>..........................] - ETA: 7:02:13 - loss: -0.9839 - warpedSrc_loss: 0.1125 - movedSegm_loss: -0.5526 - srcSegm_loss: -0.4791 - nonr_def_loss: 0.2085 - warpedSrc_MeanSquaredError: 0.1125 - movedSegm_sigmoid_sftDC: 0.6423 - srcSegm_sigmoid_DC: 0.5673 - nonr_def_mean_absolute_error: 1.5211
 23/138 [====>.........................] - ETA: 6:58:32 - loss: -1.0110 - warpedSrc_loss: 0.1091 - movedSegm_loss: -0.5552 - srcSegm_loss: -0.4833 - nonr_def_loss: 0.2082 - warpedSrc_MeanSquaredError: 0.1091 - movedSegm_sigmoid_sftDC: 0.6453 - srcSegm_sigmoid_DC: 0.5723 - nonr_def_mean_absolute_error: 1.5229
 24/138 [====>.........................] - ETA: 6:54:51 - loss: -1.0088 - warpedSrc_loss: 0.1081 - movedSegm_loss: -0.5538 - srcSegm_loss: -0.4796 - nonr_def_loss: 0.2113 - warpedSrc_MeanSquaredError: 0.1081 - movedSegm_sigmoid_sftDC: 0.6441 - srcSegm_sigmoid_DC: 0.5678 - nonr_def_mean_absolute_error: 1.5182
 25/138 [====>.........................] - ETA: 6:51:11 - loss: -1.0347 - warpedSrc_loss: 0.1048 - movedSegm_loss: -0.5564 - srcSegm_loss: -0.4835 - nonr_def_loss: 0.2102 - warpedSrc_MeanSquaredError: 0.1048 - movedSegm_sigmoid_sftDC: 0.6475 - srcSegm_sigmoid_DC: 0.5727 - nonr_def_mean_absolute_error: 1.5222
 26/138 [====>.........................] - ETA: 6:47:32 - loss: -0.8882 - warpedSrc_loss: 0.1272 - movedSegm_loss: -0.5512 - srcSegm_loss: -0.4656 - nonr_def_loss: 0.2098 - warpedSrc_MeanSquaredError: 0.1272 - movedSegm_sigmoid_sftDC: 0.6411 - srcSegm_sigmoid_DC: 0.5514 - nonr_def_mean_absolute_error: 1.5257
 27/138 [====>.........................] - ETA: 6:43:51 - loss: -0.9250 - warpedSrc_loss: 0.1229 - movedSegm_loss: -0.5557 - srcSegm_loss: -0.4714 - nonr_def_loss: 0.2094 - warpedSrc_MeanSquaredError: 0.1229 - movedSegm_sigmoid_sftDC: 0.6460 - srcSegm_sigmoid_DC: 0.5578 - nonr_def_mean_absolute_error: 1.5279
 28/138 [=====>........................] - ETA: 6:40:10 - loss: -0.9430 - warpedSrc_loss: 0.1202 - movedSegm_loss: -0.5575 - srcSegm_loss: -0.4724 - nonr_def_loss: 0.2094 - warpedSrc_MeanSquaredError: 0.1202 - movedSegm_sigmoid_sftDC: 0.6483 - srcSegm_sigmoid_DC: 0.5590 - nonr_def_mean_absolute_error: 1.5299
 29/138 [=====>........................] - ETA: 6:36:28 - loss: -0.8530 - warpedSrc_loss: 0.1340 - movedSegm_loss: -0.5533 - srcSegm_loss: -0.4628 - nonr_def_loss: 0.2141 - warpedSrc_MeanSquaredError: 0.1340 - movedSegm_sigmoid_sftDC: 0.6440 - srcSegm_sigmoid_DC: 0.5475 - nonr_def_mean_absolute_error: 1.5311
 30/138 [=====>........................] - ETA: 6:32:46 - loss: -0.8661 - warpedSrc_loss: 0.1312 - movedSegm_loss: -0.5537 - srcSegm_loss: -0.4619 - nonr_def_loss: 0.2164 - warpedSrc_MeanSquaredError: 0.1312 - movedSegm_sigmoid_sftDC: 0.6444 - srcSegm_sigmoid_DC: 0.5463 - nonr_def_mean_absolute_error: 1.5278
 31/138 [=====>........................] - ETA: 6:29:04 - loss: -0.8973 - warpedSrc_loss: 0.1278 - movedSegm_loss: -0.5574 - srcSegm_loss: -0.4674 - nonr_def_loss: 0.2168 - warpedSrc_MeanSquaredError: 0.1278 - movedSegm_sigmoid_sftDC: 0.6484 - srcSegm_sigmoid_DC: 0.5523 - nonr_def_mean_absolute_error: 1.5294
 32/138 [=====>........................] - ETA: 6:25:23 - loss: -0.8874 - warpedSrc_loss: 0.1286 - movedSegm_loss: -0.5589 - srcSegm_loss: -0.4620 - nonr_def_loss: 0.2166 - warpedSrc_MeanSquaredError: 0.1286 - movedSegm_sigmoid_sftDC: 0.6502 - srcSegm_sigmoid_DC: 0.5458 - nonr_def_mean_absolute_error: 1.5324
 33/138 [======>.......................] - ETA: 6:21:42 - loss: -0.9189 - warpedSrc_loss: 0.1251 - movedSegm_loss: -0.5625 - srcSegm_loss: -0.4678 - nonr_def_loss: 0.2168 - warpedSrc_MeanSquaredError: 0.1251 - movedSegm_sigmoid_sftDC: 0.6541 - srcSegm_sigmoid_DC: 0.5526 - nonr_def_mean_absolute_error: 1.5343
 34/138 [======>.......................] - ETA: 6:18:01 - loss: -0.9355 - warpedSrc_loss: 0.1228 - movedSegm_loss: -0.5639 - srcSegm_loss: -0.4698 - nonr_def_loss: 0.2164 - warpedSrc_MeanSquaredError: 0.1228 - movedSegm_sigmoid_sftDC: 0.6561 - srcSegm_sigmoid_DC: 0.5556 - nonr_def_mean_absolute_error: 1.5374
 35/138 [======>.......................] - ETA: 6:14:21 - loss: -0.8754 - warpedSrc_loss: 0.1315 - movedSegm_loss: -0.5603 - srcSegm_loss: -0.4624 - nonr_def_loss: 0.2179 - warpedSrc_MeanSquaredError: 0.1315 - movedSegm_sigmoid_sftDC: 0.6516 - srcSegm_sigmoid_DC: 0.5464 - nonr_def_mean_absolute_error: 1.5404
 36/138 [======>.......................] - ETA: 6:10:42 - loss: -0.9041 - warpedSrc_loss: 0.1283 - movedSegm_loss: -0.5638 - srcSegm_loss: -0.4673 - nonr_def_loss: 0.2180 - warpedSrc_MeanSquaredError: 0.1283 - movedSegm_sigmoid_sftDC: 0.6555 - srcSegm_sigmoid_DC: 0.5520 - nonr_def_mean_absolute_error: 1.5423
 37/138 [=======>......................] - ETA: 6:07:03 - loss: -0.9304 - warpedSrc_loss: 0.1251 - movedSegm_loss: -0.5666 - srcSegm_loss: -0.4716 - nonr_def_loss: 0.2178 - warpedSrc_MeanSquaredError: 0.1251 - movedSegm_sigmoid_sftDC: 0.6591 - srcSegm_sigmoid_DC: 0.5575 - nonr_def_mean_absolute_error: 1.5450
 38/138 [=======>......................] - ETA: 6:03:26 - loss: -0.9505 - warpedSrc_loss: 0.1229 - movedSegm_loss: -0.5683 - srcSegm_loss: -0.4757 - nonr_def_loss: 0.2183 - warpedSrc_MeanSquaredError: 0.1229 - movedSegm_sigmoid_sftDC: 0.6611 - srcSegm_sigmoid_DC: 0.5623 - nonr_def_mean_absolute_error: 1.5479
 39/138 [=======>......................] - ETA: 5:59:47 - loss: -0.8535 - warpedSrc_loss: 0.1386 - movedSegm_loss: -0.5648 - srcSegm_loss: -0.4670 - nonr_def_loss: 0.2193 - warpedSrc_MeanSquaredError: 0.1386 - movedSegm_sigmoid_sftDC: 0.6568 - srcSegm_sigmoid_DC: 0.5518 - nonr_def_mean_absolute_error: 1.5518
 40/138 [=======>......................] - ETA: 5:56:08 - loss: -0.8792 - warpedSrc_loss: 0.1355 - movedSegm_loss: -0.5674 - srcSegm_loss: -0.4711 - nonr_def_loss: 0.2195 - warpedSrc_MeanSquaredError: 0.1355 - movedSegm_sigmoid_sftDC: 0.6600 - srcSegm_sigmoid_DC: 0.5565 - nonr_def_mean_absolute_error: 1.5537
 41/138 [=======>......................] - ETA: 5:52:29 - loss: -0.8890 - warpedSrc_loss: 0.1337 - movedSegm_loss: -0.5684 - srcSegm_loss: -0.4706 - nonr_def_loss: 0.2191 - warpedSrc_MeanSquaredError: 0.1337 - movedSegm_sigmoid_sftDC: 0.6611 - srcSegm_sigmoid_DC: 0.5558 - nonr_def_mean_absolute_error: 1.5562
 42/138 [========>.....................] - ETA: 5:48:50 - loss: -0.9150 - warpedSrc_loss: 0.1308 - movedSegm_loss: -0.5716 - srcSegm_loss: -0.4753 - nonr_def_loss: 0.2193 - warpedSrc_MeanSquaredError: 0.1308 - movedSegm_sigmoid_sftDC: 0.6642 - srcSegm_sigmoid_DC: 0.5607 - nonr_def_mean_absolute_error: 1.5572
 43/138 [========>.....................] - ETA: 5:45:11 - loss: -0.9404 - warpedSrc_loss: 0.1281 - movedSegm_loss: -0.5746 - srcSegm_loss: -0.4799 - nonr_def_loss: 0.2191 - warpedSrc_MeanSquaredError: 0.1281 - movedSegm_sigmoid_sftDC: 0.6675 - srcSegm_sigmoid_DC: 0.5660 - nonr_def_mean_absolute_error: 1.5582
 44/138 [========>.....................] - ETA: 5:41:32 - loss: -0.9620 - warpedSrc_loss: 0.1255 - movedSegm_loss: -0.5771 - srcSegm_loss: -0.4833 - nonr_def_loss: 0.2188 - warpedSrc_MeanSquaredError: 0.1255 - movedSegm_sigmoid_sftDC: 0.6702 - srcSegm_sigmoid_DC: 0.5702 - nonr_def_mean_absolute_error: 1.5596
 45/138 [========>.....................] - ETA: 5:37:53 - loss: -0.8842 - warpedSrc_loss: 0.1371 - movedSegm_loss: -0.5727 - srcSegm_loss: -0.4745 - nonr_def_loss: 0.2184 - warpedSrc_MeanSquaredError: 0.1371 - movedSegm_sigmoid_sftDC: 0.6646 - srcSegm_sigmoid_DC: 0.5595 - nonr_def_mean_absolute_error: 1.5612
 46/138 [=========>....................] - ETA: 5:34:15 - loss: -0.9007 - warpedSrc_loss: 0.1348 - movedSegm_loss: -0.5742 - srcSegm_loss: -0.4762 - nonr_def_loss: 0.2180 - warpedSrc_MeanSquaredError: 0.1348 - movedSegm_sigmoid_sftDC: 0.6666 - srcSegm_sigmoid_DC: 0.5618 - nonr_def_mean_absolute_error: 1.5634
 47/138 [=========>....................] - ETA: 5:30:37 - loss: -0.8615 - warpedSrc_loss: 0.1411 - movedSegm_loss: -0.5736 - srcSegm_loss: -0.4717 - nonr_def_loss: 0.2184 - warpedSrc_MeanSquaredError: 0.1411 - movedSegm_sigmoid_sftDC: 0.6662 - srcSegm_sigmoid_DC: 0.5565 - nonr_def_mean_absolute_error: 1.5636
 48/138 [=========>....................] - ETA: 5:26:58 - loss: -0.8771 - warpedSrc_loss: 0.1388 - movedSegm_loss: -0.5748 - srcSegm_loss: -0.4733 - nonr_def_loss: 0.2180 - warpedSrc_MeanSquaredError: 0.1388 - movedSegm_sigmoid_sftDC: 0.6675 - srcSegm_sigmoid_DC: 0.5584 - nonr_def_mean_absolute_error: 1.5653
 49/138 [=========>....................] - ETA: 5:23:19 - loss: -0.8941 - warpedSrc_loss: 0.1364 - movedSegm_loss: -0.5757 - srcSegm_loss: -0.4757 - nonr_def_loss: 0.2189 - warpedSrc_MeanSquaredError: 0.1364 - movedSegm_sigmoid_sftDC: 0.6684 - srcSegm_sigmoid_DC: 0.5609 - nonr_def_mean_absolute_error: 1.5633
 50/138 [=========>....................] - ETA: 5:19:41 - loss: -0.9135 - warpedSrc_loss: 0.1340 - movedSegm_loss: -0.5779 - srcSegm_loss: -0.4785 - nonr_def_loss: 0.2192 - warpedSrc_MeanSquaredError: 0.1340 - movedSegm_sigmoid_sftDC: 0.6706 - srcSegm_sigmoid_DC: 0.5639 - nonr_def_mean_absolute_error: 1.5637
 51/138 [==========>...................] - ETA: 5:16:03 - loss: -0.8670 - warpedSrc_loss: 0.1416 - movedSegm_loss: -0.5775 - srcSegm_loss: -0.4732 - nonr_def_loss: 0.2206 - warpedSrc_MeanSquaredError: 0.1416 - movedSegm_sigmoid_sftDC: 0.6706 - srcSegm_sigmoid_DC: 0.5575 - nonr_def_mean_absolute_error: 1.5631
 52/138 [==========>...................] - ETA: 5:12:24 - loss: -0.7954 - warpedSrc_loss: 0.1530 - movedSegm_loss: -0.5741 - srcSegm_loss: -0.4670 - nonr_def_loss: 0.2207 - warpedSrc_MeanSquaredError: 0.1530 - movedSegm_sigmoid_sftDC: 0.6664 - srcSegm_sigmoid_DC: 0.5498 - nonr_def_mean_absolute_error: 1.5658
 53/138 [==========>...................] - ETA: 5:08:46 - loss: -0.8073 - warpedSrc_loss: 0.1509 - movedSegm_loss: -0.5743 - srcSegm_loss: -0.4675 - nonr_def_loss: 0.2219 - warpedSrc_MeanSquaredError: 0.1509 - movedSegm_sigmoid_sftDC: 0.6664 - srcSegm_sigmoid_DC: 0.5502 - nonr_def_mean_absolute_error: 1.5642
 54/138 [==========>...................] - ETA: 5:05:07 - loss: -0.8078 - warpedSrc_loss: 0.1503 - movedSegm_loss: -0.5744 - srcSegm_loss: -0.4660 - nonr_def_loss: 0.2232 - warpedSrc_MeanSquaredError: 0.1503 - movedSegm_sigmoid_sftDC: 0.6661 - srcSegm_sigmoid_DC: 0.5480 - nonr_def_mean_absolute_error: 1.5626
 55/138 [==========>...................] - ETA: 5:01:29 - loss: -0.7603 - warpedSrc_loss: 0.1557 - movedSegm_loss: -0.5650 - srcSegm_loss: -0.4617 - nonr_def_loss: 0.2245 - warpedSrc_MeanSquaredError: 0.1557 - movedSegm_sigmoid_sftDC: 0.6554 - srcSegm_sigmoid_DC: 0.5429 - nonr_def_mean_absolute_error: 1.5645
 56/138 [===========>..................] - ETA: 4:57:52 - loss: -0.7787 - warpedSrc_loss: 0.1533 - movedSegm_loss: -0.5667 - srcSegm_loss: -0.4643 - nonr_def_loss: 0.2247 - warpedSrc_MeanSquaredError: 0.1533 - movedSegm_sigmoid_sftDC: 0.6573 - srcSegm_sigmoid_DC: 0.5459 - nonr_def_mean_absolute_error: 1.5663
 57/138 [===========>..................] - ETA: 4:54:15 - loss: -0.7975 - warpedSrc_loss: 0.1510 - movedSegm_loss: -0.5686 - srcSegm_loss: -0.4673 - nonr_def_loss: 0.2251 - warpedSrc_MeanSquaredError: 0.1510 - movedSegm_sigmoid_sftDC: 0.6593 - srcSegm_sigmoid_DC: 0.5491 - nonr_def_mean_absolute_error: 1.5669
 58/138 [===========>..................] - ETA: 4:50:38 - loss: -0.8156 - warpedSrc_loss: 0.1487 - movedSegm_loss: -0.5705 - srcSegm_loss: -0.4698 - nonr_def_loss: 0.2251 - warpedSrc_MeanSquaredError: 0.1487 - movedSegm_sigmoid_sftDC: 0.6614 - srcSegm_sigmoid_DC: 0.5522 - nonr_def_mean_absolute_error: 1.5686
 59/138 [===========>..................] - ETA: 4:47:00 - loss: -0.7778 - warpedSrc_loss: 0.1540 - movedSegm_loss: -0.5680 - srcSegm_loss: -0.4647 - nonr_def_loss: 0.2273 - warpedSrc_MeanSquaredError: 0.1540 - movedSegm_sigmoid_sftDC: 0.6585 - srcSegm_sigmoid_DC: 0.5460 - nonr_def_mean_absolute_error: 1.5703
 60/138 [============>.................] - ETA: 4:43:22 - loss: -0.7814 - warpedSrc_loss: 0.1529 - movedSegm_loss: -0.5690 - srcSegm_loss: -0.4625 - nonr_def_loss: 0.2269 - warpedSrc_MeanSquaredError: 0.1529 - movedSegm_sigmoid_sftDC: 0.6598 - srcSegm_sigmoid_DC: 0.5435 - nonr_def_mean_absolute_error: 1.5725
 61/138 [============>.................] - ETA: 4:39:44 - loss: -0.7919 - warpedSrc_loss: 0.1514 - movedSegm_loss: -0.5697 - srcSegm_loss: -0.4638 - nonr_def_loss: 0.2270 - warpedSrc_MeanSquaredError: 0.1514 - movedSegm_sigmoid_sftDC: 0.6606 - srcSegm_sigmoid_DC: 0.5449 - nonr_def_mean_absolute_error: 1.5735
 62/138 [============>.................] - ETA: 4:36:07 - loss: -0.8115 - warpedSrc_loss: 0.1492 - movedSegm_loss: -0.5721 - srcSegm_loss: -0.4671 - nonr_def_loss: 0.2271 - warpedSrc_MeanSquaredError: 0.1492 - movedSegm_sigmoid_sftDC: 0.6630 - srcSegm_sigmoid_DC: 0.5485 - nonr_def_mean_absolute_error: 1.5744
 63/138 [============>.................] - ETA: 4:32:29 - loss: -0.8288 - warpedSrc_loss: 0.1472 - movedSegm_loss: -0.5743 - srcSegm_loss: -0.4696 - nonr_def_loss: 0.2270 - warpedSrc_MeanSquaredError: 0.1472 - movedSegm_sigmoid_sftDC: 0.6652 - srcSegm_sigmoid_DC: 0.5513 - nonr_def_mean_absolute_error: 1.5759
 64/138 [============>.................] - ETA: 4:28:51 - loss: -0.8310 - warpedSrc_loss: 0.1465 - movedSegm_loss: -0.5744 - srcSegm_loss: -0.4686 - nonr_def_loss: 0.2265 - warpedSrc_MeanSquaredError: 0.1465 - movedSegm_sigmoid_sftDC: 0.6654 - srcSegm_sigmoid_DC: 0.5501 - nonr_def_mean_absolute_error: 1.5782
 65/138 [=============>................] - ETA: 4:25:13 - loss: -0.8484 - warpedSrc_loss: 0.1444 - movedSegm_loss: -0.5763 - srcSegm_loss: -0.4715 - nonr_def_loss: 0.2261 - warpedSrc_MeanSquaredError: 0.1444 - movedSegm_sigmoid_sftDC: 0.6672 - srcSegm_sigmoid_DC: 0.5533 - nonr_def_mean_absolute_error: 1.5798
 66/138 [=============>................] - ETA: 4:21:35 - loss: -0.8559 - warpedSrc_loss: 0.1432 - movedSegm_loss: -0.5771 - srcSegm_loss: -0.4714 - nonr_def_loss: 0.2270 - warpedSrc_MeanSquaredError: 0.1432 - movedSegm_sigmoid_sftDC: 0.6678 - srcSegm_sigmoid_DC: 0.5527 - nonr_def_mean_absolute_error: 1.5796
 67/138 [=============>................] - ETA: 4:17:57 - loss: -0.8675 - warpedSrc_loss: 0.1416 - movedSegm_loss: -0.5775 - srcSegm_loss: -0.4735 - nonr_def_loss: 0.2278 - warpedSrc_MeanSquaredError: 0.1416 - movedSegm_sigmoid_sftDC: 0.6677 - srcSegm_sigmoid_DC: 0.5544 - nonr_def_mean_absolute_error: 1.5784
 68/138 [=============>................] - ETA: 4:14:19 - loss: -0.8831 - warpedSrc_loss: 0.1396 - movedSegm_loss: -0.5790 - srcSegm_loss: -0.4760 - nonr_def_loss: 0.2275 - warpedSrc_MeanSquaredError: 0.1396 - movedSegm_sigmoid_sftDC: 0.6694 - srcSegm_sigmoid_DC: 0.5572 - nonr_def_mean_absolute_error: 1.5802
 69/138 [==============>...............] - ETA: 4:10:41 - loss: -0.8963 - warpedSrc_loss: 0.1379 - movedSegm_loss: -0.5806 - srcSegm_loss: -0.4774 - nonr_def_loss: 0.2271 - warpedSrc_MeanSquaredError: 0.1379 - movedSegm_sigmoid_sftDC: 0.6711 - srcSegm_sigmoid_DC: 0.5587 - nonr_def_mean_absolute_error: 1.5819
 70/138 [==============>...............] - ETA: 4:07:03 - loss: -0.9017 - warpedSrc_loss: 0.1367 - movedSegm_loss: -0.5784 - srcSegm_loss: -0.4791 - nonr_def_loss: 0.2266 - warpedSrc_MeanSquaredError: 0.1367 - movedSegm_sigmoid_sftDC: 0.6683 - srcSegm_sigmoid_DC: 0.5604 - nonr_def_mean_absolute_error: 1.5841
 71/138 [==============>...............] - ETA: 4:03:26 - loss: -0.8679 - warpedSrc_loss: 0.1421 - movedSegm_loss: -0.5773 - srcSegm_loss: -0.4758 - nonr_def_loss: 0.2269 - warpedSrc_MeanSquaredError: 0.1421 - movedSegm_sigmoid_sftDC: 0.6667 - srcSegm_sigmoid_DC: 0.5563 - nonr_def_mean_absolute_error: 1.5853
 72/138 [==============>...............] - ETA: 3:59:48 - loss: -0.8454 - warpedSrc_loss: 0.1445 - movedSegm_loss: -0.5765 - srcSegm_loss: -0.4695 - nonr_def_loss: 0.2266 - warpedSrc_MeanSquaredError: 0.1445 - movedSegm_sigmoid_sftDC: 0.6657 - srcSegm_sigmoid_DC: 0.5490 - nonr_def_mean_absolute_error: 1.5879
 73/138 [==============>...............] - ETA: 3:56:09 - loss: -0.8543 - warpedSrc_loss: 0.1435 - movedSegm_loss: -0.5781 - srcSegm_loss: -0.4706 - nonr_def_loss: 0.2269 - warpedSrc_MeanSquaredError: 0.1435 - movedSegm_sigmoid_sftDC: 0.6671 - srcSegm_sigmoid_DC: 0.5499 - nonr_def_mean_absolute_error: 1.5896
 74/138 [===============>..............] - ETA: 3:52:31 - loss: -0.8325 - warpedSrc_loss: 0.1465 - movedSegm_loss: -0.5765 - srcSegm_loss: -0.4676 - nonr_def_loss: 0.2272 - warpedSrc_MeanSquaredError: 0.1465 - movedSegm_sigmoid_sftDC: 0.6653 - srcSegm_sigmoid_DC: 0.5462 - nonr_def_mean_absolute_error: 1.5915
 75/138 [===============>..............] - ETA: 3:48:53 - loss: -0.8385 - warpedSrc_loss: 0.1453 - movedSegm_loss: -0.5772 - srcSegm_loss: -0.4669 - nonr_def_loss: 0.2280 - warpedSrc_MeanSquaredError: 0.1453 - movedSegm_sigmoid_sftDC: 0.6658 - srcSegm_sigmoid_DC: 0.5451 - nonr_def_mean_absolute_error: 1.5893
 76/138 [===============>..............] - ETA: 3:45:14 - loss: -0.8485 - warpedSrc_loss: 0.1442 - movedSegm_loss: -0.5783 - srcSegm_loss: -0.4688 - nonr_def_loss: 0.2285 - warpedSrc_MeanSquaredError: 0.1442 - movedSegm_sigmoid_sftDC: 0.6667 - srcSegm_sigmoid_DC: 0.5470 - nonr_def_mean_absolute_error: 1.5899
 77/138 [===============>..............] - ETA: 3:41:36 - loss: -0.8259 - warpedSrc_loss: 0.1477 - movedSegm_loss: -0.5773 - srcSegm_loss: -0.4664 - nonr_def_loss: 0.2293 - warpedSrc_MeanSquaredError: 0.1477 - movedSegm_sigmoid_sftDC: 0.6653 - srcSegm_sigmoid_DC: 0.5438 - nonr_def_mean_absolute_error: 1.5908
 78/138 [===============>..............] - ETA: 3:37:58 - loss: -0.7988 - warpedSrc_loss: 0.1520 - movedSegm_loss: -0.5761 - srcSegm_loss: -0.4638 - nonr_def_loss: 0.2303 - warpedSrc_MeanSquaredError: 0.1520 - movedSegm_sigmoid_sftDC: 0.6636 - srcSegm_sigmoid_DC: 0.5404 - nonr_def_mean_absolute_error: 1.5914
 79/138 [================>.............] - ETA: 3:34:20 - loss: -0.8052 - warpedSrc_loss: 0.1512 - movedSegm_loss: -0.5772 - srcSegm_loss: -0.4643 - nonr_def_loss: 0.2314 - warpedSrc_MeanSquaredError: 0.1512 - movedSegm_sigmoid_sftDC: 0.6645 - srcSegm_sigmoid_DC: 0.5407 - nonr_def_mean_absolute_error: 1.5926
 80/138 [================>.............] - ETA: 3:30:41 - loss: -0.8190 - warpedSrc_loss: 0.1496 - movedSegm_loss: -0.5787 - srcSegm_loss: -0.4666 - nonr_def_loss: 0.2323 - warpedSrc_MeanSquaredError: 0.1496 - movedSegm_sigmoid_sftDC: 0.6657 - srcSegm_sigmoid_DC: 0.5428 - nonr_def_mean_absolute_error: 1.5934
 81/138 [================>.............] - ETA: 3:27:04 - loss: -0.8233 - warpedSrc_loss: 0.1488 - movedSegm_loss: -0.5797 - srcSegm_loss: -0.4660 - nonr_def_loss: 0.2333 - warpedSrc_MeanSquaredError: 0.1488 - movedSegm_sigmoid_sftDC: 0.6665 - srcSegm_sigmoid_DC: 0.5418 - nonr_def_mean_absolute_error: 1.5942
 82/138 [================>.............] - ETA: 3:23:26 - loss: -0.7885 - warpedSrc_loss: 0.1543 - movedSegm_loss: -0.5779 - srcSegm_loss: -0.4628 - nonr_def_loss: 0.2361 - warpedSrc_MeanSquaredError: 0.1543 - movedSegm_sigmoid_sftDC: 0.6642 - srcSegm_sigmoid_DC: 0.5379 - nonr_def_mean_absolute_error: 1.5961
 83/138 [=================>............] - ETA: 3:19:49 - loss: -0.8016 - warpedSrc_loss: 0.1527 - movedSegm_loss: -0.5792 - srcSegm_loss: -0.4649 - nonr_def_loss: 0.2371 - warpedSrc_MeanSquaredError: 0.1527 - movedSegm_sigmoid_sftDC: 0.6655 - srcSegm_sigmoid_DC: 0.5400 - nonr_def_mean_absolute_error: 1.5971
 84/138 [=================>............] - ETA: 3:16:10 - loss: -0.8138 - warpedSrc_loss: 0.1511 - movedSegm_loss: -0.5804 - srcSegm_loss: -0.4667 - nonr_def_loss: 0.2379 - warpedSrc_MeanSquaredError: 0.1511 - movedSegm_sigmoid_sftDC: 0.6666 - srcSegm_sigmoid_DC: 0.5419 - nonr_def_mean_absolute_error: 1.5985
 85/138 [=================>............] - ETA: 3:12:32 - loss: -0.7862 - warpedSrc_loss: 0.1555 - movedSegm_loss: -0.5791 - srcSegm_loss: -0.4640 - nonr_def_loss: 0.2405 - warpedSrc_MeanSquaredError: 0.1555 - movedSegm_sigmoid_sftDC: 0.6652 - srcSegm_sigmoid_DC: 0.5387 - nonr_def_mean_absolute_error: 1.5991
 86/138 [=================>............] - ETA: 3:08:54 - loss: -0.7966 - warpedSrc_loss: 0.1540 - movedSegm_loss: -0.5797 - srcSegm_loss: -0.4656 - nonr_def_loss: 0.2409 - warpedSrc_MeanSquaredError: 0.1540 - movedSegm_sigmoid_sftDC: 0.6662 - srcSegm_sigmoid_DC: 0.5407 - nonr_def_mean_absolute_error: 1.6006
 87/138 [=================>............] - ETA: 3:05:16 - loss: -0.8019 - warpedSrc_loss: 0.1526 - movedSegm_loss: -0.5765 - srcSegm_loss: -0.4676 - nonr_def_loss: 0.2413 - warpedSrc_MeanSquaredError: 0.1526 - movedSegm_sigmoid_sftDC: 0.6624 - srcSegm_sigmoid_DC: 0.5429 - nonr_def_mean_absolute_error: 1.6020
 88/138 [==================>...........] - ETA: 3:01:38 - loss: -0.8130 - warpedSrc_loss: 0.1511 - movedSegm_loss: -0.5773 - srcSegm_loss: -0.4691 - nonr_def_loss: 0.2416 - warpedSrc_MeanSquaredError: 0.1511 - movedSegm_sigmoid_sftDC: 0.6632 - srcSegm_sigmoid_DC: 0.5446 - nonr_def_mean_absolute_error: 1.6028
 89/138 [==================>...........] - ETA: 2:58:00 - loss: -0.8261 - warpedSrc_loss: 0.1496 - movedSegm_loss: -0.5788 - srcSegm_loss: -0.4712 - nonr_def_loss: 0.2418 - warpedSrc_MeanSquaredError: 0.1496 - movedSegm_sigmoid_sftDC: 0.6647 - srcSegm_sigmoid_DC: 0.5467 - nonr_def_mean_absolute_error: 1.6040
 90/138 [==================>...........] - ETA: 2:54:22 - loss: -0.8391 - warpedSrc_loss: 0.1481 - movedSegm_loss: -0.5801 - srcSegm_loss: -0.4736 - nonr_def_loss: 0.2419 - warpedSrc_MeanSquaredError: 0.1481 - movedSegm_sigmoid_sftDC: 0.6660 - srcSegm_sigmoid_DC: 0.5494 - nonr_def_mean_absolute_error: 1.6050
 91/138 [==================>...........] - ETA: 2:50:44 - loss: -0.8496 - warpedSrc_loss: 0.1466 - movedSegm_loss: -0.5809 - srcSegm_loss: -0.4750 - nonr_def_loss: 0.2416 - warpedSrc_MeanSquaredError: 0.1466 - movedSegm_sigmoid_sftDC: 0.6670 - srcSegm_sigmoid_DC: 0.5510 - nonr_def_mean_absolute_error: 1.6067
 92/138 [===================>..........] - ETA: 2:47:06 - loss: -0.8566 - warpedSrc_loss: 0.1458 - movedSegm_loss: -0.5821 - srcSegm_loss: -0.4757 - nonr_def_loss: 0.2415 - warpedSrc_MeanSquaredError: 0.1458 - movedSegm_sigmoid_sftDC: 0.6681 - srcSegm_sigmoid_DC: 0.5516 - nonr_def_mean_absolute_error: 1.6079
 93/138 [===================>..........] - ETA: 2:43:28 - loss: -0.8635 - warpedSrc_loss: 0.1449 - movedSegm_loss: -0.5831 - srcSegm_loss: -0.4763 - nonr_def_loss: 0.2413 - warpedSrc_MeanSquaredError: 0.1449 - movedSegm_sigmoid_sftDC: 0.6691 - srcSegm_sigmoid_DC: 0.5522 - nonr_def_mean_absolute_error: 1.6092
 94/138 [===================>..........] - ETA: 2:39:50 - loss: -0.8404 - warpedSrc_loss: 0.1481 - movedSegm_loss: -0.5816 - srcSegm_loss: -0.4732 - nonr_def_loss: 0.2427 - warpedSrc_MeanSquaredError: 0.1481 - movedSegm_sigmoid_sftDC: 0.6673 - srcSegm_sigmoid_DC: 0.5485 - nonr_def_mean_absolute_error: 1.6100
 95/138 [===================>..........] - ETA: 2:36:13 - loss: -0.8511 - warpedSrc_loss: 0.1469 - movedSegm_loss: -0.5829 - srcSegm_loss: -0.4749 - nonr_def_loss: 0.2423 - warpedSrc_MeanSquaredError: 0.1469 - movedSegm_sigmoid_sftDC: 0.6686 - srcSegm_sigmoid_DC: 0.5504 - nonr_def_mean_absolute_error: 1.6113
 96/138 [===================>..........] - ETA: 2:32:35 - loss: -0.8294 - warpedSrc_loss: 0.1487 - movedSegm_loss: -0.5775 - srcSegm_loss: -0.4718 - nonr_def_loss: 0.2425 - warpedSrc_MeanSquaredError: 0.1487 - movedSegm_sigmoid_sftDC: 0.6625 - srcSegm_sigmoid_DC: 0.5468 - nonr_def_mean_absolute_error: 1.6133
 97/138 [====================>.........] - ETA: 2:28:57 - loss: -0.8071 - warpedSrc_loss: 0.1521 - movedSegm_loss: -0.5764 - srcSegm_loss: -0.4696 - nonr_def_loss: 0.2429 - warpedSrc_MeanSquaredError: 0.1521 - movedSegm_sigmoid_sftDC: 0.6611 - srcSegm_sigmoid_DC: 0.5440 - nonr_def_mean_absolute_error: 1.6145
 98/138 [====================>.........] - ETA: 2:25:18 - loss: -0.8167 - warpedSrc_loss: 0.1509 - movedSegm_loss: -0.5774 - srcSegm_loss: -0.4708 - nonr_def_loss: 0.2425 - warpedSrc_MeanSquaredError: 0.1509 - movedSegm_sigmoid_sftDC: 0.6620 - srcSegm_sigmoid_DC: 0.5452 - nonr_def_mean_absolute_error: 1.6158
 99/138 [====================>.........] - ETA: 2:21:40 - loss: -0.8276 - warpedSrc_loss: 0.1495 - movedSegm_loss: -0.5782 - srcSegm_loss: -0.4727 - nonr_def_loss: 0.2422 - warpedSrc_MeanSquaredError: 0.1495 - movedSegm_sigmoid_sftDC: 0.6625 - srcSegm_sigmoid_DC: 0.5471 - nonr_def_mean_absolute_error: 1.6166
100/138 [====================>.........] - ETA: 2:18:02 - loss: -0.8381 - warpedSrc_loss: 0.1482 - movedSegm_loss: -0.5793 - srcSegm_loss: -0.4742 - nonr_def_loss: 0.2420 - warpedSrc_MeanSquaredError: 0.1482 - movedSegm_sigmoid_sftDC: 0.6636 - srcSegm_sigmoid_DC: 0.5488 - nonr_def_mean_absolute_error: 1.6175
101/138 [====================>.........] - ETA: 2:14:25 - loss: -0.8480 - warpedSrc_loss: 0.1469 - movedSegm_loss: -0.5802 - srcSegm_loss: -0.4755 - nonr_def_loss: 0.2416 - warpedSrc_MeanSquaredError: 0.1469 - movedSegm_sigmoid_sftDC: 0.6647 - srcSegm_sigmoid_DC: 0.5505 - nonr_def_mean_absolute_error: 1.6190
102/138 [=====================>........] - ETA: 2:10:47 - loss: -0.8297 - warpedSrc_loss: 0.1489 - movedSegm_loss: -0.5773 - srcSegm_loss: -0.4731 - nonr_def_loss: 0.2417 - warpedSrc_MeanSquaredError: 0.1489 - movedSegm_sigmoid_sftDC: 0.6612 - srcSegm_sigmoid_DC: 0.5475 - nonr_def_mean_absolute_error: 1.6206
103/138 [=====================>........] - ETA: 2:07:09 - loss: -0.8405 - warpedSrc_loss: 0.1477 - movedSegm_loss: -0.5786 - srcSegm_loss: -0.4748 - nonr_def_loss: 0.2413 - warpedSrc_MeanSquaredError: 0.1477 - movedSegm_sigmoid_sftDC: 0.6626 - srcSegm_sigmoid_DC: 0.5494 - nonr_def_mean_absolute_error: 1.6218
104/138 [=====================>........] - ETA: 2:03:31 - loss: -0.8451 - warpedSrc_loss: 0.1470 - movedSegm_loss: -0.5794 - srcSegm_loss: -0.4747 - nonr_def_loss: 0.2410 - warpedSrc_MeanSquaredError: 0.1470 - movedSegm_sigmoid_sftDC: 0.6635 - srcSegm_sigmoid_DC: 0.5493 - nonr_def_mean_absolute_error: 1.6233
105/138 [=====================>........] - ETA: 1:59:53 - loss: -0.8464 - warpedSrc_loss: 0.1471 - movedSegm_loss: -0.5801 - srcSegm_loss: -0.4753 - nonr_def_loss: 0.2408 - warpedSrc_MeanSquaredError: 0.1471 - movedSegm_sigmoid_sftDC: 0.6643 - srcSegm_sigmoid_DC: 0.5498 - nonr_def_mean_absolute_error: 1.6242
106/138 [======================>.......] - ETA: 1:56:15 - loss: -0.8493 - warpedSrc_loss: 0.1465 - movedSegm_loss: -0.5810 - srcSegm_loss: -0.4744 - nonr_def_loss: 0.2406 - warpedSrc_MeanSquaredError: 0.1465 - movedSegm_sigmoid_sftDC: 0.6652 - srcSegm_sigmoid_DC: 0.5487 - nonr_def_mean_absolute_error: 1.6253
107/138 [======================>.......] - ETA: 1:52:37 - loss: -0.8582 - warpedSrc_loss: 0.1455 - movedSegm_loss: -0.5820 - srcSegm_loss: -0.4758 - nonr_def_loss: 0.2404 - warpedSrc_MeanSquaredError: 0.1455 - movedSegm_sigmoid_sftDC: 0.6661 - srcSegm_sigmoid_DC: 0.5502 - nonr_def_mean_absolute_error: 1.6267
108/138 [======================>.......] - ETA: 1:48:59 - loss: -0.8655 - warpedSrc_loss: 0.1445 - movedSegm_loss: -0.5828 - srcSegm_loss: -0.4765 - nonr_def_loss: 0.2407 - warpedSrc_MeanSquaredError: 0.1445 - movedSegm_sigmoid_sftDC: 0.6667 - srcSegm_sigmoid_DC: 0.5508 - nonr_def_mean_absolute_error: 1.6258
109/138 [======================>.......] - ETA: 1:45:21 - loss: -0.8425 - warpedSrc_loss: 0.1478 - movedSegm_loss: -0.5814 - srcSegm_loss: -0.4738 - nonr_def_loss: 0.2420 - warpedSrc_MeanSquaredError: 0.1478 - movedSegm_sigmoid_sftDC: 0.6650 - srcSegm_sigmoid_DC: 0.5475 - nonr_def_mean_absolute_error: 1.6261
110/138 [======================>.......] - ETA: 1:41:43 - loss: -0.8532 - warpedSrc_loss: 0.1466 - movedSegm_loss: -0.5826 - srcSegm_loss: -0.4758 - nonr_def_loss: 0.2420 - warpedSrc_MeanSquaredError: 0.1466 - movedSegm_sigmoid_sftDC: 0.6660 - srcSegm_sigmoid_DC: 0.5495 - nonr_def_mean_absolute_error: 1.6273
111/138 [=======================>......] - ETA: 1:38:05 - loss: -0.8625 - warpedSrc_loss: 0.1455 - movedSegm_loss: -0.5837 - srcSegm_loss: -0.4773 - nonr_def_loss: 0.2420 - warpedSrc_MeanSquaredError: 0.1455 - movedSegm_sigmoid_sftDC: 0.6670 - srcSegm_sigmoid_DC: 0.5511 - nonr_def_mean_absolute_error: 1.6285
112/138 [=======================>......] - ETA: 1:34:27 - loss: -0.8721 - warpedSrc_loss: 0.1444 - movedSegm_loss: -0.5848 - srcSegm_loss: -0.4789 - nonr_def_loss: 0.2421 - warpedSrc_MeanSquaredError: 0.1444 - movedSegm_sigmoid_sftDC: 0.6680 - srcSegm_sigmoid_DC: 0.5528 - nonr_def_mean_absolute_error: 1.6297
113/138 [=======================>......] - ETA: 1:30:49 - loss: -0.8803 - warpedSrc_loss: 0.1434 - movedSegm_loss: -0.5858 - srcSegm_loss: -0.4799 - nonr_def_loss: 0.2421 - warpedSrc_MeanSquaredError: 0.1434 - movedSegm_sigmoid_sftDC: 0.6690 - srcSegm_sigmoid_DC: 0.5540 - nonr_def_mean_absolute_error: 1.6309
114/138 [=======================>......] - ETA: 1:27:11 - loss: -0.8904 - warpedSrc_loss: 0.1423 - movedSegm_loss: -0.5869 - srcSegm_loss: -0.4818 - nonr_def_loss: 0.2422 - warpedSrc_MeanSquaredError: 0.1423 - movedSegm_sigmoid_sftDC: 0.6701 - srcSegm_sigmoid_DC: 0.5559 - nonr_def_mean_absolute_error: 1.6321
115/138 [========================>.....] - ETA: 1:23:33 - loss: -0.8993 - warpedSrc_loss: 0.1413 - movedSegm_loss: -0.5880 - srcSegm_loss: -0.4832 - nonr_def_loss: 0.2425 - warpedSrc_MeanSquaredError: 0.1413 - movedSegm_sigmoid_sftDC: 0.6712 - srcSegm_sigmoid_DC: 0.5573 - nonr_def_mean_absolute_error: 1.6312
116/138 [========================>.....] - ETA: 1:19:55 - loss: -0.9054 - warpedSrc_loss: 0.1405 - movedSegm_loss: -0.5891 - srcSegm_loss: -0.4837 - nonr_def_loss: 0.2426 - warpedSrc_MeanSquaredError: 0.1405 - movedSegm_sigmoid_sftDC: 0.6723 - srcSegm_sigmoid_DC: 0.5576 - nonr_def_mean_absolute_error: 1.6317
117/138 [========================>.....] - ETA: 1:16:17 - loss: -0.9080 - warpedSrc_loss: 0.1398 - movedSegm_loss: -0.5882 - srcSegm_loss: -0.4838 - nonr_def_loss: 0.2425 - warpedSrc_MeanSquaredError: 0.1398 - movedSegm_sigmoid_sftDC: 0.6712 - srcSegm_sigmoid_DC: 0.5577 - nonr_def_mean_absolute_error: 1.6330
118/138 [========================>.....] - ETA: 1:12:39 - loss: -0.9134 - warpedSrc_loss: 0.1389 - movedSegm_loss: -0.5886 - srcSegm_loss: -0.4842 - nonr_def_loss: 0.2427 - warpedSrc_MeanSquaredError: 0.1389 - movedSegm_sigmoid_sftDC: 0.6715 - srcSegm_sigmoid_DC: 0.5580 - nonr_def_mean_absolute_error: 1.6320
119/138 [========================>.....] - ETA: 1:09:01 - loss: -0.9210 - warpedSrc_loss: 0.1380 - movedSegm_loss: -0.5897 - srcSegm_loss: -0.4852 - nonr_def_loss: 0.2425 - warpedSrc_MeanSquaredError: 0.1380 - movedSegm_sigmoid_sftDC: 0.6726 - srcSegm_sigmoid_DC: 0.5591 - nonr_def_mean_absolute_error: 1.6331
120/138 [=========================>....] - ETA: 1:05:23 - loss: -0.9033 - warpedSrc_loss: 0.1409 - movedSegm_loss: -0.5892 - srcSegm_loss: -0.4834 - nonr_def_loss: 0.2431 - warpedSrc_MeanSquaredError: 0.1409 - movedSegm_sigmoid_sftDC: 0.6719 - srcSegm_sigmoid_DC: 0.5568 - nonr_def_mean_absolute_error: 1.6339
121/138 [=========================>....] - ETA: 1:01:45 - loss: -0.9123 - warpedSrc_loss: 0.1399 - movedSegm_loss: -0.5903 - srcSegm_loss: -0.4849 - nonr_def_loss: 0.2430 - warpedSrc_MeanSquaredError: 0.1399 - movedSegm_sigmoid_sftDC: 0.6728 - srcSegm_sigmoid_DC: 0.5583 - nonr_def_mean_absolute_error: 1.6351
122/138 [=========================>....] - ETA: 58:07 - loss: -0.9210 - warpedSrc_loss: 0.1389 - movedSegm_loss: -0.5913 - srcSegm_loss: -0.4864 - nonr_def_loss: 0.2429 - warpedSrc_MeanSquaredError: 0.1389 - movedSegm_sigmoid_sftDC: 0.6737 - srcSegm_sigmoid_DC: 0.5599 - nonr_def_mean_absolute_error: 1.6363  
123/138 [=========================>....] - ETA: 54:29 - loss: -0.9219 - warpedSrc_loss: 0.1385 - movedSegm_loss: -0.5915 - srcSegm_loss: -0.4856 - nonr_def_loss: 0.2431 - warpedSrc_MeanSquaredError: 0.1385 - movedSegm_sigmoid_sftDC: 0.6737 - srcSegm_sigmoid_DC: 0.5587 - nonr_def_mean_absolute_error: 1.6354
124/138 [=========================>....] - ETA: 50:51 - loss: -0.9274 - warpedSrc_loss: 0.1376 - movedSegm_loss: -0.5917 - srcSegm_loss: -0.4861 - nonr_def_loss: 0.2430 - warpedSrc_MeanSquaredError: 0.1376 - movedSegm_sigmoid_sftDC: 0.6740 - srcSegm_sigmoid_DC: 0.5595 - nonr_def_mean_absolute_error: 1.6369
125/138 [==========================>...] - ETA: 47:13 - loss: -0.9364 - warpedSrc_loss: 0.1366 - movedSegm_loss: -0.5928 - srcSegm_loss: -0.4877 - nonr_def_loss: 0.2428 - warpedSrc_MeanSquaredError: 0.1366 - movedSegm_sigmoid_sftDC: 0.6751 - srcSegm_sigmoid_DC: 0.5611 - nonr_def_mean_absolute_error: 1.6382
126/138 [==========================>...] - ETA: 43:35 - loss: -0.9461 - warpedSrc_loss: 0.1356 - movedSegm_loss: -0.5941 - srcSegm_loss: -0.4895 - nonr_def_loss: 0.2427 - warpedSrc_MeanSquaredError: 0.1356 - movedSegm_sigmoid_sftDC: 0.6764 - srcSegm_sigmoid_DC: 0.5629 - nonr_def_mean_absolute_error: 1.6393
127/138 [==========================>...] - ETA: 39:57 - loss: -0.9504 - warpedSrc_loss: 0.1349 - movedSegm_loss: -0.5947 - srcSegm_loss: -0.4893 - nonr_def_loss: 0.2429 - warpedSrc_MeanSquaredError: 0.1349 - movedSegm_sigmoid_sftDC: 0.6768 - srcSegm_sigmoid_DC: 0.5626 - nonr_def_mean_absolute_error: 1.6394
128/138 [==========================>...] - ETA: 36:19 - loss: -0.9588 - warpedSrc_loss: 0.1339 - movedSegm_loss: -0.5956 - srcSegm_loss: -0.4908 - nonr_def_loss: 0.2428 - warpedSrc_MeanSquaredError: 0.1339 - movedSegm_sigmoid_sftDC: 0.6778 - srcSegm_sigmoid_DC: 0.5642 - nonr_def_mean_absolute_error: 1.6404
129/138 [===========================>..] - ETA: 32:41 - loss: -0.9680 - warpedSrc_loss: 0.1330 - movedSegm_loss: -0.5969 - srcSegm_loss: -0.4925 - nonr_def_loss: 0.2427 - warpedSrc_MeanSquaredError: 0.1330 - movedSegm_sigmoid_sftDC: 0.6790 - srcSegm_sigmoid_DC: 0.5660 - nonr_def_mean_absolute_error: 1.6414
130/138 [===========================>..] - ETA: 29:03 - loss: -0.9741 - warpedSrc_loss: 0.1322 - movedSegm_loss: -0.5978 - srcSegm_loss: -0.4930 - nonr_def_loss: 0.2425 - warpedSrc_MeanSquaredError: 0.1322 - movedSegm_sigmoid_sftDC: 0.6799 - srcSegm_sigmoid_DC: 0.5665 - nonr_def_mean_absolute_error: 1.6424
131/138 [===========================>..] - ETA: 25:25 - loss: -0.9618 - warpedSrc_loss: 0.1338 - movedSegm_loss: -0.5971 - srcSegm_loss: -0.4908 - nonr_def_loss: 0.2427 - warpedSrc_MeanSquaredError: 0.1338 - movedSegm_sigmoid_sftDC: 0.6792 - srcSegm_sigmoid_DC: 0.5639 - nonr_def_mean_absolute_error: 1.6439
132/138 [===========================>..] - ETA: 21:47 - loss: -0.9655 - warpedSrc_loss: 0.1332 - movedSegm_loss: -0.5979 - srcSegm_loss: -0.4907 - nonr_def_loss: 0.2426 - warpedSrc_MeanSquaredError: 0.1332 - movedSegm_sigmoid_sftDC: 0.6799 - srcSegm_sigmoid_DC: 0.5637 - nonr_def_mean_absolute_error: 1.6447
133/138 [===========================>..] - ETA: 18:09 - loss: -0.9494 - warpedSrc_loss: 0.1359 - movedSegm_loss: -0.5979 - srcSegm_loss: -0.4887 - nonr_def_loss: 0.2441 - warpedSrc_MeanSquaredError: 0.1359 - movedSegm_sigmoid_sftDC: 0.6797 - srcSegm_sigmoid_DC: 0.5613 - nonr_def_mean_absolute_error: 1.6454
134/138 [============================>.] - ETA: 14:31 - loss: -0.9534 - warpedSrc_loss: 0.1353 - movedSegm_loss: -0.5987 - srcSegm_loss: -0.4889 - nonr_def_loss: 0.2440 - warpedSrc_MeanSquaredError: 0.1353 - movedSegm_sigmoid_sftDC: 0.6804 - srcSegm_sigmoid_DC: 0.5614 - nonr_def_mean_absolute_error: 1.6466
135/138 [============================>.] - ETA: 10:53 - loss: -0.9548 - warpedSrc_loss: 0.1351 - movedSegm_loss: -0.5992 - srcSegm_loss: -0.4884 - nonr_def_loss: 0.2442 - warpedSrc_MeanSquaredError: 0.1351 - movedSegm_sigmoid_sftDC: 0.6807 - srcSegm_sigmoid_DC: 0.5605 - nonr_def_mean_absolute_error: 1.6459
136/138 [============================>.] - ETA: 7:15 - loss: -0.9568 - warpedSrc_loss: 0.1347 - movedSegm_loss: -0.5997 - srcSegm_loss: -0.4881 - nonr_def_loss: 0.2442 - warpedSrc_MeanSquaredError: 0.1347 - movedSegm_sigmoid_sftDC: 0.6811 - srcSegm_sigmoid_DC: 0.5600 - nonr_def_mean_absolute_error: 1.6470 
137/138 [============================>.] - ETA: 3:37 - loss: -0.9649 - warpedSrc_loss: 0.1338 - movedSegm_loss: -0.6006 - srcSegm_loss: -0.4896 - nonr_def_loss: 0.2445 - warpedSrc_MeanSquaredError: 0.1338 - movedSegm_sigmoid_sftDC: 0.6818 - srcSegm_sigmoid_DC: 0.5614 - nonr_def_mean_absolute_error: 1.6475
138/138 [==============================] - 34723s 252s/step - loss: -0.9722 - warpedSrc_loss: 0.1330 - movedSegm_loss: -0.6014 - srcSegm_loss: -0.4908 - nonr_def_loss: 0.2446 - warpedSrc_MeanSquaredError: 0.1330 - movedSegm_sigmoid_sftDC: 0.6824 - srcSegm_sigmoid_DC: 0.5626 - nonr_def_mean_absolute_error: 1.6486 - val_loss: -0.7986 - val_warpedSrc_loss: 0.1497 - val_movedSegm_loss: -0.5695 - val_srcSegm_loss: -0.4628 - val_nonr_def_loss: 0.2853 - val_warpedSrc_MeanSquaredError: 0.1497 - val_movedSegm_sigmoid_sftDC: 0.6190 - val_srcSegm_sigmoid_DC: 0.5006 - val_nonr_def_mean_absolute_error: 1.9183

Epoch 00016: val_srcSegm_sigmoid_DC improved from -inf to 0.50065, saving model to /home/groups/dlmrimnd/jacob/data/combined_data/saved_results/accWeights.16--0.80.hdf5

Epoch 00016: val_movedSegm_sigmoid_sftDC improved from -inf to 0.61896, saving model to /home/groups/dlmrimnd/jacob/data/combined_data/saved_results/consWeights.16--0.80.hdf5

Epoch 00016: saving model to /home/groups/dlmrimnd/jacob/data/combined_data/saved_results/model_weight_out.h5
lr:  0.0005
loss weight lamda used:  9.0
Epoch 17/30

  1/138 [..............................] - ETA: 8:17:11 - loss: -1.1394 - warpedSrc_loss: 0.0671 - movedSegm_loss: -0.6681 - srcSegm_loss: -0.4958 - nonr_def_loss: 0.2552 - warpedSrc_MeanSquaredError: 0.0671 - movedSegm_sigmoid_sftDC: 0.7303 - srcSegm_sigmoid_DC: 0.5418 - nonr_def_mean_absolute_error: 1.8168
  2/138 [..............................] - ETA: 8:13:43 - loss: -1.2438 - warpedSrc_loss: 0.0667 - movedSegm_loss: -0.6768 - srcSegm_loss: -0.5539 - nonr_def_loss: 0.2574 - warpedSrc_MeanSquaredError: 0.0667 - movedSegm_sigmoid_sftDC: 0.7388 - srcSegm_sigmoid_DC: 0.6041 - nonr_def_mean_absolute_error: 1.8045
  3/138 [..............................] - ETA: 8:10:13 - loss: 0.3565 - warpedSrc_loss: 0.2146 - movedSegm_loss: -0.6224 - srcSegm_loss: -0.4292 - nonr_def_loss: 0.3194 - warpedSrc_MeanSquaredError: 0.2146 - movedSegm_sigmoid_sftDC: 0.6840 - srcSegm_sigmoid_DC: 0.4680 - nonr_def_mean_absolute_error: 1.8051 
  4/138 [..............................] - ETA: 8:06:29 - loss: -0.0857 - warpedSrc_loss: 0.1702 - movedSegm_loss: -0.6332 - srcSegm_loss: -0.4470 - nonr_def_loss: 0.3161 - warpedSrc_MeanSquaredError: 0.1702 - movedSegm_sigmoid_sftDC: 0.6962 - srcSegm_sigmoid_DC: 0.4880 - nonr_def_mean_absolute_error: 1.7771
  5/138 [>.............................] - ETA: 8:02:42 - loss: -0.3721 - warpedSrc_loss: 0.1436 - movedSegm_loss: -0.6398 - srcSegm_loss: -0.4715 - nonr_def_loss: 0.3090 - warpedSrc_MeanSquaredError: 0.1436 - movedSegm_sigmoid_sftDC: 0.7055 - srcSegm_sigmoid_DC: 0.5160 - nonr_def_mean_absolute_error: 1.7471
  6/138 [>.............................] - ETA: 7:59:10 - loss: -0.6239 - warpedSrc_loss: 0.1230 - movedSegm_loss: -0.6507 - srcSegm_loss: -0.5052 - nonr_def_loss: 0.3039 - warpedSrc_MeanSquaredError: 0.1230 - movedSegm_sigmoid_sftDC: 0.7152 - srcSegm_sigmoid_DC: 0.5522 - nonr_def_mean_absolute_error: 1.7558
  7/138 [>.............................] - ETA: 7:55:30 - loss: -0.8069 - warpedSrc_loss: 0.1084 - movedSegm_loss: -0.6606 - srcSegm_loss: -0.5293 - nonr_def_loss: 0.2968 - warpedSrc_MeanSquaredError: 0.1084 - movedSegm_sigmoid_sftDC: 0.7258 - srcSegm_sigmoid_DC: 0.5791 - nonr_def_mean_absolute_error: 1.7608
  8/138 [>.............................] - ETA: 7:52:00 - loss: -0.9181 - warpedSrc_loss: 0.0978 - movedSegm_loss: -0.6596 - srcSegm_loss: -0.5407 - nonr_def_loss: 0.2933 - warpedSrc_MeanSquaredError: 0.0978 - movedSegm_sigmoid_sftDC: 0.7242 - srcSegm_sigmoid_DC: 0.5919 - nonr_def_mean_absolute_error: 1.7571
  9/138 [>.............................] - ETA: 7:48:19 - loss: -0.9093 - warpedSrc_loss: 0.0973 - movedSegm_loss: -0.6661 - srcSegm_loss: -0.5258 - nonr_def_loss: 0.2866 - warpedSrc_MeanSquaredError: 0.0973 - movedSegm_sigmoid_sftDC: 0.7307 - srcSegm_sigmoid_DC: 0.5750 - nonr_def_mean_absolute_error: 1.7618
 10/138 [=>............................] - ETA: 7:44:46 - loss: -1.0126 - warpedSrc_loss: 0.0896 - movedSegm_loss: -0.6730 - srcSegm_loss: -0.5413 - nonr_def_loss: 0.2835 - warpedSrc_MeanSquaredError: 0.0896 - movedSegm_sigmoid_sftDC: 0.7381 - srcSegm_sigmoid_DC: 0.5921 - nonr_def_mean_absolute_error: 1.7594
 11/138 [=>............................] - ETA: 7:41:15 - loss: -0.9941 - warpedSrc_loss: 0.0888 - movedSegm_loss: -0.6673 - srcSegm_loss: -0.5300 - nonr_def_loss: 0.2803 - warpedSrc_MeanSquaredError: 0.0888 - movedSegm_sigmoid_sftDC: 0.7319 - srcSegm_sigmoid_DC: 0.5789 - nonr_def_mean_absolute_error: 1.7417
 12/138 [=>............................] - ETA: 7:37:37 - loss: -1.0052 - warpedSrc_loss: 0.0854 - movedSegm_loss: -0.6484 - srcSegm_loss: -0.5359 - nonr_def_loss: 0.2740 - warpedSrc_MeanSquaredError: 0.0854 - movedSegm_sigmoid_sftDC: 0.7104 - srcSegm_sigmoid_DC: 0.5857 - nonr_def_mean_absolute_error: 1.7496
 13/138 [=>............................] - ETA: 7:34:01 - loss: -1.0050 - warpedSrc_loss: 0.0859 - movedSegm_loss: -0.6529 - srcSegm_loss: -0.5340 - nonr_def_loss: 0.2738 - warpedSrc_MeanSquaredError: 0.0859 - movedSegm_sigmoid_sftDC: 0.7145 - srcSegm_sigmoid_DC: 0.5832 - nonr_def_mean_absolute_error: 1.7563
 14/138 [==>...........................] - ETA: 7:30:24 - loss: -1.0614 - warpedSrc_loss: 0.0811 - movedSegm_loss: -0.6563 - srcSegm_loss: -0.5393 - nonr_def_loss: 0.2682 - warpedSrc_MeanSquaredError: 0.0811 - movedSegm_sigmoid_sftDC: 0.7191 - srcSegm_sigmoid_DC: 0.5906 - nonr_def_mean_absolute_error: 1.7646
 15/138 [==>...........................] - ETA: 7:26:43 - loss: -1.0921 - warpedSrc_loss: 0.0779 - movedSegm_loss: -0.6529 - srcSegm_loss: -0.5440 - nonr_def_loss: 0.2684 - warpedSrc_MeanSquaredError: 0.0779 - movedSegm_sigmoid_sftDC: 0.7140 - srcSegm_sigmoid_DC: 0.5942 - nonr_def_mean_absolute_error: 1.7451
 16/138 [==>...........................] - ETA: 7:23:07 - loss: -1.1272 - warpedSrc_loss: 0.0752 - movedSegm_loss: -0.6562 - srcSegm_loss: -0.5482 - nonr_def_loss: 0.2649 - warpedSrc_MeanSquaredError: 0.0752 - movedSegm_sigmoid_sftDC: 0.7176 - srcSegm_sigmoid_DC: 0.5991 - nonr_def_mean_absolute_error: 1.7510
 17/138 [==>...........................] - ETA: 7:19:33 - loss: -1.1662 - warpedSrc_loss: 0.0719 - movedSegm_loss: -0.6575 - srcSegm_loss: -0.5527 - nonr_def_loss: 0.2614 - warpedSrc_MeanSquaredError: 0.0719 - movedSegm_sigmoid_sftDC: 0.7194 - srcSegm_sigmoid_DC: 0.6049 - nonr_def_mean_absolute_error: 1.7581
 18/138 [==>...........................] - ETA: 7:15:53 - loss: -1.2179 - warpedSrc_loss: 0.0686 - movedSegm_loss: -0.6630 - srcSegm_loss: -0.5619 - nonr_def_loss: 0.2586 - warpedSrc_MeanSquaredError: 0.0686 - movedSegm_sigmoid_sftDC: 0.7250 - srcSegm_sigmoid_DC: 0.6148 - nonr_def_mean_absolute_error: 1.7613
 19/138 [===>..........................] - ETA: 7:12:19 - loss: -1.2621 - warpedSrc_loss: 0.0657 - movedSegm_loss: -0.6678 - srcSegm_loss: -0.5695 - nonr_def_loss: 0.2553 - warpedSrc_MeanSquaredError: 0.0657 - movedSegm_sigmoid_sftDC: 0.7303 - srcSegm_sigmoid_DC: 0.6235 - nonr_def_mean_absolute_error: 1.7656
 20/138 [===>..........................] - ETA: 7:08:45 - loss: -1.0632 - warpedSrc_loss: 0.0793 - movedSegm_loss: -0.6372 - srcSegm_loss: -0.5488 - nonr_def_loss: 0.2527 - warpedSrc_MeanSquaredError: 0.0793 - movedSegm_sigmoid_sftDC: 0.6975 - srcSegm_sigmoid_DC: 0.6014 - nonr_def_mean_absolute_error: 1.7720
 21/138 [===>..........................] - ETA: 7:05:05 - loss: -1.1073 - warpedSrc_loss: 0.0763 - movedSegm_loss: -0.6415 - srcSegm_loss: -0.5560 - nonr_def_loss: 0.2502 - warpedSrc_MeanSquaredError: 0.0763 - movedSegm_sigmoid_sftDC: 0.7022 - srcSegm_sigmoid_DC: 0.6094 - nonr_def_mean_absolute_error: 1.7732
 22/138 [===>..........................] - ETA: 7:01:25 - loss: -1.1398 - warpedSrc_loss: 0.0742 - movedSegm_loss: -0.6457 - srcSegm_loss: -0.5609 - nonr_def_loss: 0.2475 - warpedSrc_MeanSquaredError: 0.0742 - movedSegm_sigmoid_sftDC: 0.7075 - srcSegm_sigmoid_DC: 0.6153 - nonr_def_mean_absolute_error: 1.7753
 23/138 [====>.........................] - ETA: 6:57:52 - loss: -1.1820 - warpedSrc_loss: 0.0714 - movedSegm_loss: -0.6504 - srcSegm_loss: -0.5678 - nonr_def_loss: 0.2448 - warpedSrc_MeanSquaredError: 0.0714 - movedSegm_sigmoid_sftDC: 0.7130 - srcSegm_sigmoid_DC: 0.6234 - nonr_def_mean_absolute_error: 1.7768
 24/138 [====>.........................] - ETA: 6:54:13 - loss: -0.9887 - warpedSrc_loss: 0.0896 - movedSegm_loss: -0.6461 - srcSegm_loss: -0.5521 - nonr_def_loss: 0.2462 - warpedSrc_MeanSquaredError: 0.0896 - movedSegm_sigmoid_sftDC: 0.7088 - srcSegm_sigmoid_DC: 0.6062 - nonr_def_mean_absolute_error: 1.7734
 25/138 [====>.........................] - ETA: 6:50:44 - loss: -0.8492 - warpedSrc_loss: 0.1005 - movedSegm_loss: -0.6318 - srcSegm_loss: -0.5390 - nonr_def_loss: 0.2448 - warpedSrc_MeanSquaredError: 0.1005 - movedSegm_sigmoid_sftDC: 0.6927 - srcSegm_sigmoid_DC: 0.5916 - nonr_def_mean_absolute_error: 1.7748