Construct model
__________________________________________________________________________________________________
Layer (type)                    Output Shape         Param #     Connected to                     
==================================================================================================
input_1 (InputLayer)            (None, 144, 96, 112, 0                                            
__________________________________________________________________________________________________
input_2 (InputLayer)            (None, 144, 96, 112, 0                                            
__________________________________________________________________________________________________
input_4 (InputLayer)            (None, 144, 96, 112, 0                                            
__________________________________________________________________________________________________
input_3 (InputLayer)            (None, 144, 96, 112, 0                                            
__________________________________________________________________________________________________
model_2 (Model)                 [(None, 144, 96, 112 4707067     input_1[0][0]                    
                                                                 input_2[0][0]                    
                                                                 input_4[0][0]                    
__________________________________________________________________________________________________
model_1 (Model)                 (None, 144, 96, 112, 5888449     input_3[0][0]                    
__________________________________________________________________________________________________
srcSegm (Lambda)                (None, 144, 96, 112, 0           model_1[1][0]                    
__________________________________________________________________________________________________
nonr_def (Lambda)               (None, 144, 96, 112, 0           model_2[1][1]                    
__________________________________________________________________________________________________
warpedSrc (Lambda)              (None, 144, 96, 112, 0           model_2[1][0]                    
__________________________________________________________________________________________________
movedSegm (SpatialTransformer)  [(None, 144, 96, 112 0           srcSegm[0][0]                    
                                                                 nonr_def[0][0]                   
==================================================================================================
Total params: 10,595,516
Trainable params: 10,589,660
Non-trainable params: 5,856
__________________________________________________________________________________________________
train a new model!
train with 1 GPU
Epoch 1/75

 1/17 [>.............................] - ETA: 4:32:36 - loss: 0.3195 - warpedSrc_loss: 0.0856 - movedSegm_loss: -0.0354 - srcSegm_loss: -0.0371 - nonr_def_loss: 4.0213e-09 - warpedSrc_MeanSquaredError: 0.0856 - movedSegm_sigmoid_sftDC: 0.0380 - srcSegm_sigmoid_DC: 0.0402 - nonr_def_mean_absolute_error: 7.7721e-05
 2/17 [==>...........................] - ETA: 4:13:40 - loss: 0.1438 - warpedSrc_loss: 0.0614 - movedSegm_loss: -0.0542 - srcSegm_loss: -0.0546 - nonr_def_loss: 2.3375e-05 - warpedSrc_MeanSquaredError: 0.0614 - movedSegm_sigmoid_sftDC: 0.0900 - srcSegm_sigmoid_DC: 0.0896 - nonr_def_mean_absolute_error: 0.0114    
 3/17 [====>.........................] - ETA: 3:56:16 - loss: 0.1123 - warpedSrc_loss: 0.0650 - movedSegm_loss: -0.0709 - srcSegm_loss: -0.0708 - nonr_def_loss: 6.5678e-05 - warpedSrc_MeanSquaredError: 0.0650 - movedSegm_sigmoid_sftDC: 0.1235 - srcSegm_sigmoid_DC: 0.1216 - nonr_def_mean_absolute_error: 0.0255