Using TensorFlow backend.
/home/groups/dlmrimnd/jacob/miniconda3/envs/segisnet_env/lib/python3.6/site-packages/tensorflow/python/framework/dtypes.py:469: FutureWarning: Passing (type, 1) or '1type' as a synonym of type is deprecated; in a future version of numpy, it will be understood as (type, (1,)) / '(1,)type'.
  _np_qint8 = np.dtype([("qint8", np.int8, 1)])
/home/groups/dlmrimnd/jacob/miniconda3/envs/segisnet_env/lib/python3.6/site-packages/tensorflow/python/framework/dtypes.py:470: FutureWarning: Passing (type, 1) or '1type' as a synonym of type is deprecated; in a future version of numpy, it will be understood as (type, (1,)) / '(1,)type'.
  _np_quint8 = np.dtype([("quint8", np.uint8, 1)])
/home/groups/dlmrimnd/jacob/miniconda3/envs/segisnet_env/lib/python3.6/site-packages/tensorflow/python/framework/dtypes.py:471: FutureWarning: Passing (type, 1) or '1type' as a synonym of type is deprecated; in a future version of numpy, it will be understood as (type, (1,)) / '(1,)type'.
  _np_qint16 = np.dtype([("qint16", np.int16, 1)])
/home/groups/dlmrimnd/jacob/miniconda3/envs/segisnet_env/lib/python3.6/site-packages/tensorflow/python/framework/dtypes.py:472: FutureWarning: Passing (type, 1) or '1type' as a synonym of type is deprecated; in a future version of numpy, it will be understood as (type, (1,)) / '(1,)type'.
  _np_quint16 = np.dtype([("quint16", np.uint16, 1)])
/home/groups/dlmrimnd/jacob/miniconda3/envs/segisnet_env/lib/python3.6/site-packages/tensorflow/python/framework/dtypes.py:473: FutureWarning: Passing (type, 1) or '1type' as a synonym of type is deprecated; in a future version of numpy, it will be understood as (type, (1,)) / '(1,)type'.
  _np_qint32 = np.dtype([("qint32", np.int32, 1)])
/home/groups/dlmrimnd/jacob/miniconda3/envs/segisnet_env/lib/python3.6/site-packages/tensorflow/python/framework/dtypes.py:476: FutureWarning: Passing (type, 1) or '1type' as a synonym of type is deprecated; in a future version of numpy, it will be understood as (type, (1,)) / '(1,)type'.
  np_resource = np.dtype([("resource", np.ubyte, 1)])
/home/groups/dlmrimnd/jacob/miniconda3/envs/segisnet_env/lib/python3.6/importlib/_bootstrap.py:219: RuntimeWarning: compiletime version 3.5 of module 'tensorflow.python.framework.fast_tensor_util' does not match runtime version 3.6
  return f(*args, **kwds)
/home/groups/dlmrimnd/jacob/miniconda3/envs/segisnet_env/lib/python3.6/site-packages/nilearn/__init__.py:69: FutureWarning: Python 3.6 support is deprecated and will be removed in release 0.10 of Nilearn. Consider switching to Python 3.8 or 3.9.
  _python_deprecation_warnings()
Matplotlib created a temporary config/cache directory at /scratch/187650/matplotlib-8rg4g55j because the default path (/cache/matplotlib) is not a writable directory; it is highly recommended to set the MPLCONFIGDIR environment variable to a writable directory, in particular to speed up the import of Matplotlib and to better support multiprocessing.
Traceback (most recent call last):
  File "/home/groups/dlmrimnd/jacob/projects/Segis-Net/code/Segis-Net/Train_SegisNet.py", line 151, in <module>
    indexing='ij',alpha=a)
  File "/home/groups/dlmrimnd/jacob/projects/Segis-Net/code/Segis-Net/SegisNet_model_dataGenerator.py", line 100, in joint_model
    seg_model = seg_net(img_xyz, S_ch, n_output, alpha=alpha)
  File "/home/groups/dlmrimnd/jacob/projects/Segis-Net/code/Segis-Net/SegNet_model_segGener.py", line 80, in seg_net
    up_6   = concatenate([up_6, conv_4], axis=4)
  File "/home/groups/dlmrimnd/jacob/miniconda3/envs/segisnet_env/lib/python3.6/site-packages/keras/layers/merge.py", line 641, in concatenate
    return Concatenate(axis=axis, **kwargs)(inputs)
  File "/home/groups/dlmrimnd/jacob/miniconda3/envs/segisnet_env/lib/python3.6/site-packages/keras/engine/base_layer.py", line 434, in __call__
    self.build(input_shapes)
  File "/home/groups/dlmrimnd/jacob/miniconda3/envs/segisnet_env/lib/python3.6/site-packages/keras/layers/merge.py", line 354, in build
    'Got inputs shapes: %s' % (input_shape))
ValueError: A `Concatenate` layer requires inputs with matching shapes except for the concat axis. Got inputs shapes: [(None, 22, 10, 10, 256), (None, 22, 10, 11, 128)]
