Construct model
__________________________________________________________________________________________________
Layer (type)                    Output Shape         Param #     Connected to                     
==================================================================================================
input_1 (InputLayer)            (None, 176, 80, 96,  0                                            
__________________________________________________________________________________________________
input_2 (InputLayer)            (None, 176, 80, 96,  0                                            
__________________________________________________________________________________________________
input_4 (InputLayer)            (None, 176, 80, 96,  0                                            
__________________________________________________________________________________________________
input_3 (InputLayer)            (None, 176, 80, 96,  0                                            
__________________________________________________________________________________________________
model_2 (Model)                 [(None, 176, 80, 96, 4707067     input_1[0][0]                    
                                                                 input_2[0][0]                    
                                                                 input_4[0][0]                    
__________________________________________________________________________________________________
model_1 (Model)                 (None, 176, 80, 96,  5888449     input_3[0][0]                    
__________________________________________________________________________________________________
srcSegm (Lambda)                (None, 176, 80, 96,  0           model_1[1][0]                    
__________________________________________________________________________________________________
nonr_def (Lambda)               (None, 176, 80, 96,  0           model_2[1][1]                    
__________________________________________________________________________________________________
warpedSrc (Lambda)              (None, 176, 80, 96,  0           model_2[1][0]                    
__________________________________________________________________________________________________
movedSegm (SpatialTransformer)  [(None, 176, 80, 96, 0           srcSegm[0][0]                    
                                                                 nonr_def[0][0]                   
==================================================================================================
Total params: 10,595,516
Trainable params: 10,589,660
Non-trainable params: 5,856
__________________________________________________________________________________________________
train a new model!
train with 1 GPU
Epoch 1/28

  1/138 [..............................] - ETA: 8:38:34 - loss: 0.3532 - warpedSrc_loss: 0.0948 - movedSegm_loss: -0.0402 - srcSegm_loss: -0.0405 - nonr_def_loss: 3.4374e-09 - warpedSrc_MeanSquaredError: 0.0948 - movedSegm_sigmoid_sftDC: 0.0353 - srcSegm_sigmoid_DC: 0.0360 - nonr_def_mean_absolute_error: 7.4610e-05
  2/138 [..............................] - ETA: 8:25:00 - loss: 1.8242 - warpedSrc_loss: 0.3935 - movedSegm_loss: -0.0479 - srcSegm_loss: -0.0476 - nonr_def_loss: 2.5415e-05 - warpedSrc_MeanSquaredError: 0.3935 - movedSegm_sigmoid_sftDC: 0.0499 - srcSegm_sigmoid_DC: 0.0467 - nonr_def_mean_absolute_error: 0.0134    
  3/138 [..............................] - ETA: 8:17:20 - loss: 1.1501 - warpedSrc_loss: 0.2682 - movedSegm_loss: -0.0641 - srcSegm_loss: -0.0631 - nonr_def_loss: 8.1082e-05 - warpedSrc_MeanSquaredError: 0.2682 - movedSegm_sigmoid_sftDC: 0.0731 - srcSegm_sigmoid_DC: 0.0700 - nonr_def_mean_absolute_error: 0.0279
  4/138 [..............................] - ETA: 8:11:47 - loss: 0.8339 - warpedSrc_loss: 0.2095 - movedSegm_loss: -0.0718 - srcSegm_loss: -0.0705 - nonr_def_loss: 1.3251e-04 - warpedSrc_MeanSquaredError: 0.2095 - movedSegm_sigmoid_sftDC: 0.0873 - srcSegm_sigmoid_DC: 0.0842 - nonr_def_mean_absolute_error: 0.0398
  5/138 [>.............................] - ETA: 8:07:04 - loss: 0.6253 - warpedSrc_loss: 0.1716 - movedSegm_loss: -0.0779 - srcSegm_loss: -0.0772 - nonr_def_loss: 1.8570e-04 - warpedSrc_MeanSquaredError: 0.1716 - movedSegm_sigmoid_sftDC: 0.1043 - srcSegm_sigmoid_DC: 0.1022 - nonr_def_mean_absolute_error: 0.0511
  6/138 [>.............................] - ETA: 8:02:40 - loss: 0.9918 - warpedSrc_loss: 0.2448 - movedSegm_loss: -0.0779 - srcSegm_loss: -0.0769 - nonr_def_loss: 2.5105e-04 - warpedSrc_MeanSquaredError: 0.2448 - movedSegm_sigmoid_sftDC: 0.1107 - srcSegm_sigmoid_DC: 0.1065 - nonr_def_mean_absolute_error: 0.0637
  7/138 [>.............................] - ETA: 7:58:30 - loss: 0.8209 - warpedSrc_loss: 0.2132 - movedSegm_loss: -0.0823 - srcSegm_loss: -0.0812 - nonr_def_loss: 3.3562e-04 - warpedSrc_MeanSquaredError: 0.2132 - movedSegm_sigmoid_sftDC: 0.1233 - srcSegm_sigmoid_DC: 0.1191 - nonr_def_mean_absolute_error: 0.0774
  8/138 [>.............................] - ETA: 7:54:23 - loss: 1.0681 - warpedSrc_loss: 0.2634 - movedSegm_loss: -0.0852 - srcSegm_loss: -0.0808 - nonr_def_loss: 4.0159e-04 - warpedSrc_MeanSquaredError: 0.2634 - movedSegm_sigmoid_sftDC: 0.1312 - srcSegm_sigmoid_DC: 0.1213 - nonr_def_mean_absolute_error: 0.0870
  9/138 [>.............................] - ETA: 7:50:37 - loss: 0.9237 - warpedSrc_loss: 0.2357 - movedSegm_loss: -0.0870 - srcSegm_loss: -0.0829 - nonr_def_loss: 4.7113e-04 - warpedSrc_MeanSquaredError: 0.2357 - movedSegm_sigmoid_sftDC: 0.1385 - srcSegm_sigmoid_DC: 0.1294 - nonr_def_mean_absolute_error: 0.0966
 10/138 [=>............................] - ETA: 7:46:46 - loss: 0.8061 - warpedSrc_loss: 0.2146 - movedSegm_loss: -0.0906 - srcSegm_loss: -0.0874 - nonr_def_loss: 5.2498e-04 - warpedSrc_MeanSquaredError: 0.2146 - movedSegm_sigmoid_sftDC: 0.1483 - srcSegm_sigmoid_DC: 0.1409 - nonr_def_mean_absolute_error: 0.1048
 11/138 [=>............................] - ETA: 7:42:54 - loss: 0.7212 - warpedSrc_loss: 0.1988 - movedSegm_loss: -0.0922 - srcSegm_loss: -0.0896 - nonr_def_loss: 5.7081e-04 - warpedSrc_MeanSquaredError: 0.1988 - movedSegm_sigmoid_sftDC: 0.1545 - srcSegm_sigmoid_DC: 0.1483 - nonr_def_mean_absolute_error: 0.1113
 12/138 [=>............................] - ETA: 7:39:02 - loss: 0.6352 - warpedSrc_loss: 0.1831 - movedSegm_loss: -0.0946 - srcSegm_loss: -0.0922 - nonr_def_loss: 5.8985e-04 - warpedSrc_MeanSquaredError: 0.1831 - movedSegm_sigmoid_sftDC: 0.1612 - srcSegm_sigmoid_DC: 0.1553 - nonr_def_mean_absolute_error: 0.1162
 13/138 [=>............................] - ETA: 7:35:13 - loss: 0.7755 - warpedSrc_loss: 0.2111 - movedSegm_loss: -0.0944 - srcSegm_loss: -0.0922 - nonr_def_loss: 5.8853e-04 - warpedSrc_MeanSquaredError: 0.2111 - movedSegm_sigmoid_sftDC: 0.1630 - srcSegm_sigmoid_DC: 0.1566 - nonr_def_mean_absolute_error: 0.1195
 14/138 [==>...........................] - ETA: 7:31:26 - loss: 0.6989 - warpedSrc_loss: 0.1968 - movedSegm_loss: -0.0960 - srcSegm_loss: -0.0941 - nonr_def_loss: 5.9158e-04 - warpedSrc_MeanSquaredError: 0.1968 - movedSegm_sigmoid_sftDC: 0.1674 - srcSegm_sigmoid_DC: 0.1617 - nonr_def_mean_absolute_error: 0.1223
 15/138 [==>...........................] - ETA: 7:27:45 - loss: 0.6417 - warpedSrc_loss: 0.1862 - movedSegm_loss: -0.0973 - srcSegm_loss: -0.0956 - nonr_def_loss: 5.8829e-04 - warpedSrc_MeanSquaredError: 0.1862 - movedSegm_sigmoid_sftDC: 0.1708 - srcSegm_sigmoid_DC: 0.1656 - nonr_def_mean_absolute_error: 0.1244
 16/138 [==>...........................] - ETA: 7:23:57 - loss: 0.5980 - warpedSrc_loss: 0.1778 - movedSegm_loss: -0.0978 - srcSegm_loss: -0.0963 - nonr_def_loss: 5.8343e-04 - warpedSrc_MeanSquaredError: 0.1778 - movedSegm_sigmoid_sftDC: 0.1720 - srcSegm_sigmoid_DC: 0.1671 - nonr_def_mean_absolute_error: 0.1259
 17/138 [==>...........................] - ETA: 7:20:12 - loss: 0.5421 - warpedSrc_loss: 0.1680 - movedSegm_loss: -0.0999 - srcSegm_loss: -0.0985 - nonr_def_loss: 5.7944e-04 - warpedSrc_MeanSquaredError: 0.1680 - movedSegm_sigmoid_sftDC: 0.1761 - srcSegm_sigmoid_DC: 0.1715 - nonr_def_mean_absolute_error: 0.1269
 18/138 [==>...........................] - ETA: 7:16:29 - loss: 0.4945 - warpedSrc_loss: 0.1594 - movedSegm_loss: -0.1014 - srcSegm_loss: -0.1002 - nonr_def_loss: 5.7145e-04 - warpedSrc_MeanSquaredError: 0.1594 - movedSegm_sigmoid_sftDC: 0.1797 - srcSegm_sigmoid_DC: 0.1757 - nonr_def_mean_absolute_error: 0.1275
 19/138 [===>..........................] - ETA: 7:12:50 - loss: 0.4549 - warpedSrc_loss: 0.1522 - movedSegm_loss: -0.1025 - srcSegm_loss: -0.1014 - nonr_def_loss: 5.6465e-04 - warpedSrc_MeanSquaredError: 0.1522 - movedSegm_sigmoid_sftDC: 0.1829 - srcSegm_sigmoid_DC: 0.1790 - nonr_def_mean_absolute_error: 0.1280
 20/138 [===>..........................] - ETA: 7:09:07 - loss: 0.4233 - warpedSrc_loss: 0.1462 - movedSegm_loss: -0.1032 - srcSegm_loss: -0.1020 - nonr_def_loss: 5.5881e-04 - warpedSrc_MeanSquaredError: 0.1462 - movedSegm_sigmoid_sftDC: 0.1855 - srcSegm_sigmoid_DC: 0.1816 - nonr_def_mean_absolute_error: 0.1282
 21/138 [===>..........................] - ETA: 7:05:24 - loss: 0.3976 - warpedSrc_loss: 0.1411 - movedSegm_loss: -0.1032 - srcSegm_loss: -0.1021 - nonr_def_loss: 5.5495e-04 - warpedSrc_MeanSquaredError: 0.1411 - movedSegm_sigmoid_sftDC: 0.1873 - srcSegm_sigmoid_DC: 0.1836 - nonr_def_mean_absolute_error: 0.1284
 22/138 [===>..........................] - ETA: 7:01:42 - loss: 0.3757 - warpedSrc_loss: 0.1369 - movedSegm_loss: -0.1036 - srcSegm_loss: -0.1025 - nonr_def_loss: 5.5302e-04 - warpedSrc_MeanSquaredError: 0.1369 - movedSegm_sigmoid_sftDC: 0.1903 - srcSegm_sigmoid_DC: 0.1867 - nonr_def_mean_absolute_error: 0.1286
 23/138 [====>.........................] - ETA: 6:58:02 - loss: 0.4784 - warpedSrc_loss: 0.1569 - movedSegm_loss: -0.1029 - srcSegm_loss: -0.1014 - nonr_def_loss: 5.4808e-04 - warpedSrc_MeanSquaredError: 0.1569 - movedSegm_sigmoid_sftDC: 0.1912 - srcSegm_sigmoid_DC: 0.1859 - nonr_def_mean_absolute_error: 0.1283
 24/138 [====>.........................] - ETA: 6:54:23 - loss: 0.4703 - warpedSrc_loss: 0.1551 - movedSegm_loss: -0.1024 - srcSegm_loss: -0.1010 - nonr_def_loss: 5.4551e-04 - warpedSrc_MeanSquaredError: 0.1551 - movedSegm_sigmoid_sftDC: 0.1922 - srcSegm_sigmoid_DC: 0.1875 - nonr_def_mean_absolute_error: 0.1283
 25/138 [====>.........................] - ETA: 6:50:44 - loss: 0.4452 - warpedSrc_loss: 0.1506 - movedSegm_loss: -0.1032 - srcSegm_loss: -0.1019 - nonr_def_loss: 5.4831e-04 - warpedSrc_MeanSquaredError: 0.1506 - movedSegm_sigmoid_sftDC: 0.1954 - srcSegm_sigmoid_DC: 0.1910 - nonr_def_mean_absolute_error: 0.1285
 26/138 [====>.........................] - ETA: 6:47:06 - loss: 0.5727 - warpedSrc_loss: 0.1766 - movedSegm_loss: -0.1054 - srcSegm_loss: -0.1016 - nonr_def_loss: 5.5617e-04 - warpedSrc_MeanSquaredError: 0.1766 - movedSegm_sigmoid_sftDC: 0.1988 - srcSegm_sigmoid_DC: 0.1908 - nonr_def_mean_absolute_error: 0.1289
 27/138 [====>.........................] - ETA: 6:43:29 - loss: 0.5431 - warpedSrc_loss: 0.1710 - movedSegm_loss: -0.1057 - srcSegm_loss: -0.1023 - nonr_def_loss: 5.6805e-04 - warpedSrc_MeanSquaredError: 0.1710 - movedSegm_sigmoid_sftDC: 0.2003 - srcSegm_sigmoid_DC: 0.1930 - nonr_def_mean_absolute_error: 0.1299
 28/138 [=====>........................] - ETA: 6:39:50 - loss: 0.5178 - warpedSrc_loss: 0.1658 - movedSegm_loss: -0.1054 - srcSegm_loss: -0.1022 - nonr_def_loss: 5.8090e-04 - warpedSrc_MeanSquaredError: 0.1658 - movedSegm_sigmoid_sftDC: 0.2008 - srcSegm_sigmoid_DC: 0.1938 - nonr_def_mean_absolute_error: 0.1312
 29/138 [=====>........................] - ETA: 6:36:14 - loss: 0.5004 - warpedSrc_loss: 0.1628 - movedSegm_loss: -0.1062 - srcSegm_loss: -0.1028 - nonr_def_loss: 5.9832e-04 - warpedSrc_MeanSquaredError: 0.1628 - movedSegm_sigmoid_sftDC: 0.2030 - srcSegm_sigmoid_DC: 0.1958 - nonr_def_mean_absolute_error: 0.1325
 30/138 [=====>........................] - ETA: 6:32:38 - loss: 0.4784 - warpedSrc_loss: 0.1591 - movedSegm_loss: -0.1076 - srcSegm_loss: -0.1039 - nonr_def_loss: 6.0483e-04 - warpedSrc_MeanSquaredError: 0.1591 - movedSegm_sigmoid_sftDC: 0.2051 - srcSegm_sigmoid_DC: 0.1973 - nonr_def_mean_absolute_error: 0.1336
 31/138 [=====>........................] - ETA: 6:29:02 - loss: 0.5560 - warpedSrc_loss: 0.1753 - movedSegm_loss: -0.1092 - srcSegm_loss: -0.1045 - nonr_def_loss: 6.1607e-04 - warpedSrc_MeanSquaredError: 0.1753 - movedSegm_sigmoid_sftDC: 0.2081 - srcSegm_sigmoid_DC: 0.1983 - nonr_def_mean_absolute_error: 0.1353
 32/138 [=====>........................] - ETA: 6:25:23 - loss: 0.6270 - warpedSrc_loss: 0.1899 - movedSegm_loss: -0.1107 - srcSegm_loss: -0.1044 - nonr_def_loss: 6.3125e-04 - warpedSrc_MeanSquaredError: 0.1899 - movedSegm_sigmoid_sftDC: 0.2109 - srcSegm_sigmoid_DC: 0.1981 - nonr_def_mean_absolute_error: 0.1373
 33/138 [======>.......................] - ETA: 6:21:44 - loss: 0.5984 - warpedSrc_loss: 0.1846 - movedSegm_loss: -0.1114 - srcSegm_loss: -0.1051 - nonr_def_loss: 6.6590e-04 - warpedSrc_MeanSquaredError: 0.1846 - movedSegm_sigmoid_sftDC: 0.2129 - srcSegm_sigmoid_DC: 0.2002 - nonr_def_mean_absolute_error: 0.1396
 34/138 [======>.......................] - ETA: 6:18:06 - loss: 0.5807 - warpedSrc_loss: 0.1817 - movedSegm_loss: -0.1123 - srcSegm_loss: -0.1061 - nonr_def_loss: 7.0432e-04 - warpedSrc_MeanSquaredError: 0.1817 - movedSegm_sigmoid_sftDC: 0.2152 - srcSegm_sigmoid_DC: 0.2025 - nonr_def_mean_absolute_error: 0.1419
 35/138 [======>.......................] - ETA: 6:14:27 - loss: 0.5631 - warpedSrc_loss: 0.1782 - movedSegm_loss: -0.1124 - srcSegm_loss: -0.1063 - nonr_def_loss: 7.4292e-04 - warpedSrc_MeanSquaredError: 0.1782 - movedSegm_sigmoid_sftDC: 0.2163 - srcSegm_sigmoid_DC: 0.2040 - nonr_def_mean_absolute_error: 0.1438
 36/138 [======>.......................] - ETA: 6:10:47 - loss: 0.6200 - warpedSrc_loss: 0.1895 - movedSegm_loss: -0.1125 - srcSegm_loss: -0.1059 - nonr_def_loss: 7.6185e-04 - warpedSrc_MeanSquaredError: 0.1895 - movedSegm_sigmoid_sftDC: 0.2170 - srcSegm_sigmoid_DC: 0.2036 - nonr_def_mean_absolute_error: 0.1455
 37/138 [=======>......................] - ETA: 6:07:12 - loss: 0.6150 - warpedSrc_loss: 0.1888 - movedSegm_loss: -0.1127 - srcSegm_loss: -0.1065 - nonr_def_loss: 7.8549e-04 - warpedSrc_MeanSquaredError: 0.1888 - movedSegm_sigmoid_sftDC: 0.2177 - srcSegm_sigmoid_DC: 0.2049 - nonr_def_mean_absolute_error: 0.1471
 38/138 [=======>......................] - ETA: 6:03:35 - loss: 0.5903 - warpedSrc_loss: 0.1841 - movedSegm_loss: -0.1133 - srcSegm_loss: -0.1070 - nonr_def_loss: 8.1107e-04 - warpedSrc_MeanSquaredError: 0.1841 - movedSegm_sigmoid_sftDC: 0.2193 - srcSegm_sigmoid_DC: 0.2064 - nonr_def_mean_absolute_error: 0.1487
 39/138 [=======>......................] - ETA: 5:59:57 - loss: 0.5706 - warpedSrc_loss: 0.1803 - movedSegm_loss: -0.1134 - srcSegm_loss: -0.1072 - nonr_def_loss: 8.3797e-04 - warpedSrc_MeanSquaredError: 0.1803 - movedSegm_sigmoid_sftDC: 0.2203 - srcSegm_sigmoid_DC: 0.2076 - nonr_def_mean_absolute_error: 0.1503
 40/138 [=======>......................] - ETA: 5:56:18 - loss: 0.5537 - warpedSrc_loss: 0.1771 - movedSegm_loss: -0.1136 - srcSegm_loss: -0.1075 - nonr_def_loss: 8.6850e-04 - warpedSrc_MeanSquaredError: 0.1771 - movedSegm_sigmoid_sftDC: 0.2215 - srcSegm_sigmoid_DC: 0.2091 - nonr_def_mean_absolute_error: 0.1519
 41/138 [=======>......................] - ETA: 5:52:39 - loss: 0.5892 - warpedSrc_loss: 0.1833 - movedSegm_loss: -0.1111 - srcSegm_loss: -0.1073 - nonr_def_loss: 8.8983e-04 - warpedSrc_MeanSquaredError: 0.1833 - movedSegm_sigmoid_sftDC: 0.2167 - srcSegm_sigmoid_DC: 0.2092 - nonr_def_mean_absolute_error: 0.1534
 42/138 [========>.....................] - ETA: 5:49:02 - loss: 0.5764 - warpedSrc_loss: 0.1811 - movedSegm_loss: -0.1117 - srcSegm_loss: -0.1078 - nonr_def_loss: 9.1596e-04 - warpedSrc_MeanSquaredError: 0.1811 - movedSegm_sigmoid_sftDC: 0.2186 - srcSegm_sigmoid_DC: 0.2109 - nonr_def_mean_absolute_error: 0.1550
 43/138 [========>.....................] - ETA: 5:45:24 - loss: 0.6304 - warpedSrc_loss: 0.1917 - movedSegm_loss: -0.1115 - srcSegm_loss: -0.1073 - nonr_def_loss: 9.6396e-04 - warpedSrc_MeanSquaredError: 0.1917 - movedSegm_sigmoid_sftDC: 0.2188 - srcSegm_sigmoid_DC: 0.2097 - nonr_def_mean_absolute_error: 0.1562
 44/138 [========>.....................] - ETA: 5:41:45 - loss: 0.6152 - warpedSrc_loss: 0.1886 - movedSegm_loss: -0.1113 - srcSegm_loss: -0.1072 - nonr_def_loss: 0.0010 - warpedSrc_MeanSquaredError: 0.1886 - movedSegm_sigmoid_sftDC: 0.2191 - srcSegm_sigmoid_DC: 0.2103 - nonr_def_mean_absolute_error: 0.1574    
 45/138 [========>.....................] - ETA: 5:38:05 - loss: 0.6961 - warpedSrc_loss: 0.2049 - movedSegm_loss: -0.1123 - srcSegm_loss: -0.1066 - nonr_def_loss: 0.0011 - warpedSrc_MeanSquaredError: 0.2049 - movedSegm_sigmoid_sftDC: 0.2208 - srcSegm_sigmoid_DC: 0.2089 - nonr_def_mean_absolute_error: 0.1587
 46/138 [=========>....................] - ETA: 5:34:26 - loss: 0.6745 - warpedSrc_loss: 0.2008 - movedSegm_loss: -0.1125 - srcSegm_loss: -0.1070 - nonr_def_loss: 0.0011 - warpedSrc_MeanSquaredError: 0.2008 - movedSegm_sigmoid_sftDC: 0.2216 - srcSegm_sigmoid_DC: 0.2102 - nonr_def_mean_absolute_error: 0.1603
 47/138 [=========>....................] - ETA: 5:30:50 - loss: 0.6565 - warpedSrc_loss: 0.1974 - movedSegm_loss: -0.1127 - srcSegm_loss: -0.1075 - nonr_def_loss: 0.0012 - warpedSrc_MeanSquaredError: 0.1974 - movedSegm_sigmoid_sftDC: 0.2227 - srcSegm_sigmoid_DC: 0.2117 - nonr_def_mean_absolute_error: 0.1620
 48/138 [=========>....................] - ETA: 5:27:12 - loss: 0.7288 - warpedSrc_loss: 0.2114 - movedSegm_loss: -0.1135 - srcSegm_loss: -0.1054 - nonr_def_loss: 0.0012 - warpedSrc_MeanSquaredError: 0.2114 - movedSegm_sigmoid_sftDC: 0.2240 - srcSegm_sigmoid_DC: 0.2076 - nonr_def_mean_absolute_error: 0.1637
 49/138 [=========>....................] - ETA: 5:23:35 - loss: 0.7078 - warpedSrc_loss: 0.2075 - movedSegm_loss: -0.1139 - srcSegm_loss: -0.1060 - nonr_def_loss: 0.0013 - warpedSrc_MeanSquaredError: 0.2075 - movedSegm_sigmoid_sftDC: 0.2256 - srcSegm_sigmoid_DC: 0.2094 - nonr_def_mean_absolute_error: 0.1654
 50/138 [=========>....................] - ETA: 5:19:57 - loss: 0.6862 - warpedSrc_loss: 0.2036 - movedSegm_loss: -0.1145 - srcSegm_loss: -0.1067 - nonr_def_loss: 0.0013 - warpedSrc_MeanSquaredError: 0.2036 - movedSegm_sigmoid_sftDC: 0.2274 - srcSegm_sigmoid_DC: 0.2114 - nonr_def_mean_absolute_error: 0.1670
 51/138 [==========>...................] - ETA: 5:16:20 - loss: 0.6692 - warpedSrc_loss: 0.2004 - movedSegm_loss: -0.1148 - srcSegm_loss: -0.1071 - nonr_def_loss: 0.0014 - warpedSrc_MeanSquaredError: 0.2004 - movedSegm_sigmoid_sftDC: 0.2291 - srcSegm_sigmoid_DC: 0.2134 - nonr_def_mean_absolute_error: 0.1686
 52/138 [==========>...................] - ETA: 5:12:42 - loss: 0.6662 - warpedSrc_loss: 0.1999 - movedSegm_loss: -0.1151 - srcSegm_loss: -0.1072 - nonr_def_loss: 0.0015 - warpedSrc_MeanSquaredError: 0.1999 - movedSegm_sigmoid_sftDC: 0.2308 - srcSegm_sigmoid_DC: 0.2145 - nonr_def_mean_absolute_error: 0.1701
 53/138 [==========>...................] - ETA: 5:09:05 - loss: 0.6662 - warpedSrc_loss: 0.2001 - movedSegm_loss: -0.1152 - srcSegm_loss: -0.1075 - nonr_def_loss: 0.0015 - warpedSrc_MeanSquaredError: 0.2001 - movedSegm_sigmoid_sftDC: 0.2323 - srcSegm_sigmoid_DC: 0.2160 - nonr_def_mean_absolute_error: 0.1717
 54/138 [==========>...................] - ETA: 5:05:28 - loss: 0.6550 - warpedSrc_loss: 0.1979 - movedSegm_loss: -0.1153 - srcSegm_loss: -0.1076 - nonr_def_loss: 0.0016 - warpedSrc_MeanSquaredError: 0.1979 - movedSegm_sigmoid_sftDC: 0.2334 - srcSegm_sigmoid_DC: 0.2173 - nonr_def_mean_absolute_error: 0.1733
 55/138 [==========>...................] - ETA: 5:01:50 - loss: 0.6365 - warpedSrc_loss: 0.1945 - movedSegm_loss: -0.1158 - srcSegm_loss: -0.1082 - nonr_def_loss: 0.0017 - warpedSrc_MeanSquaredError: 0.1945 - movedSegm_sigmoid_sftDC: 0.2351 - srcSegm_sigmoid_DC: 0.2190 - nonr_def_mean_absolute_error: 0.1750
 56/138 [===========>..................] - ETA: 4:58:11 - loss: 0.6743 - warpedSrc_loss: 0.2020 - movedSegm_loss: -0.1157 - srcSegm_loss: -0.1079 - nonr_def_loss: 0.0017 - warpedSrc_MeanSquaredError: 0.2020 - movedSegm_sigmoid_sftDC: 0.2355 - srcSegm_sigmoid_DC: 0.2185 - nonr_def_mean_absolute_error: 0.1766
 57/138 [===========>..................] - ETA: 4:54:33 - loss: 0.6564 - warpedSrc_loss: 0.1987 - movedSegm_loss: -0.1160 - srcSegm_loss: -0.1086 - nonr_def_loss: 0.0018 - warpedSrc_MeanSquaredError: 0.1987 - movedSegm_sigmoid_sftDC: 0.2364 - srcSegm_sigmoid_DC: 0.2200 - nonr_def_mean_absolute_error: 0.1783
 58/138 [===========>..................] - ETA: 4:50:55 - loss: 0.6516 - warpedSrc_loss: 0.1978 - movedSegm_loss: -0.1162 - srcSegm_loss: -0.1089 - nonr_def_loss: 0.0018 - warpedSrc_MeanSquaredError: 0.1978 - movedSegm_sigmoid_sftDC: 0.2373 - srcSegm_sigmoid_DC: 0.2212 - nonr_def_mean_absolute_error: 0.1798
 59/138 [===========>..................] - ETA: 4:47:17 - loss: 0.6381 - warpedSrc_loss: 0.1952 - movedSegm_loss: -0.1163 - srcSegm_loss: -0.1091 - nonr_def_loss: 0.0019 - warpedSrc_MeanSquaredError: 0.1952 - movedSegm_sigmoid_sftDC: 0.2376 - srcSegm_sigmoid_DC: 0.2217 - nonr_def_mean_absolute_error: 0.1815
 60/138 [============>.................] - ETA: 4:43:39 - loss: 0.6631 - warpedSrc_loss: 0.1998 - movedSegm_loss: -0.1166 - srcSegm_loss: -0.1074 - nonr_def_loss: 0.0020 - warpedSrc_MeanSquaredError: 0.1998 - movedSegm_sigmoid_sftDC: 0.2382 - srcSegm_sigmoid_DC: 0.2183 - nonr_def_mean_absolute_error: 0.1832
 61/138 [============>.................] - ETA: 4:40:00 - loss: 0.6548 - warpedSrc_loss: 0.1983 - movedSegm_loss: -0.1167 - srcSegm_loss: -0.1078 - nonr_def_loss: 0.0021 - warpedSrc_MeanSquaredError: 0.1983 - movedSegm_sigmoid_sftDC: 0.2384 - srcSegm_sigmoid_DC: 0.2190 - nonr_def_mean_absolute_error: 0.1850
 62/138 [============>.................] - ETA: 4:36:22 - loss: 0.6464 - warpedSrc_loss: 0.1966 - movedSegm_loss: -0.1165 - srcSegm_loss: -0.1078 - nonr_def_loss: 0.0022 - warpedSrc_MeanSquaredError: 0.1966 - movedSegm_sigmoid_sftDC: 0.2385 - srcSegm_sigmoid_DC: 0.2194 - nonr_def_mean_absolute_error: 0.1866
 63/138 [============>.................] - ETA: 4:32:43 - loss: 0.6320 - warpedSrc_loss: 0.1939 - movedSegm_loss: -0.1168 - srcSegm_loss: -0.1082 - nonr_def_loss: 0.0023 - warpedSrc_MeanSquaredError: 0.1939 - movedSegm_sigmoid_sftDC: 0.2391 - srcSegm_sigmoid_DC: 0.2202 - nonr_def_mean_absolute_error: 0.1884
 64/138 [============>.................] - ETA: 4:29:05 - loss: 0.6249 - warpedSrc_loss: 0.1926 - movedSegm_loss: -0.1169 - srcSegm_loss: -0.1084 - nonr_def_loss: 0.0024 - warpedSrc_MeanSquaredError: 0.1926 - movedSegm_sigmoid_sftDC: 0.2398 - srcSegm_sigmoid_DC: 0.2210 - nonr_def_mean_absolute_error: 0.1900
 65/138 [=============>................] - ETA: 4:25:27 - loss: 0.6449 - warpedSrc_loss: 0.1965 - movedSegm_loss: -0.1168 - srcSegm_loss: -0.1084 - nonr_def_loss: 0.0026 - warpedSrc_MeanSquaredError: 0.1965 - movedSegm_sigmoid_sftDC: 0.2400 - srcSegm_sigmoid_DC: 0.2214 - nonr_def_mean_absolute_error: 0.1917
 66/138 [=============>................] - ETA: 4:21:48 - loss: 0.6383 - warpedSrc_loss: 0.1952 - movedSegm_loss: -0.1166 - srcSegm_loss: -0.1085 - nonr_def_loss: 0.0027 - warpedSrc_MeanSquaredError: 0.1952 - movedSegm_sigmoid_sftDC: 0.2402 - srcSegm_sigmoid_DC: 0.2220 - nonr_def_mean_absolute_error: 0.1932
 67/138 [=============>................] - ETA: 4:18:10 - loss: 0.6242 - warpedSrc_loss: 0.1929 - movedSegm_loss: -0.1175 - srcSegm_loss: -0.1094 - nonr_def_loss: 0.0028 - warpedSrc_MeanSquaredError: 0.1929 - movedSegm_sigmoid_sftDC: 0.2417 - srcSegm_sigmoid_DC: 0.2236 - nonr_def_mean_absolute_error: 0.1951
 68/138 [=============>................] - ETA: 4:14:31 - loss: 0.6578 - warpedSrc_loss: 0.1998 - movedSegm_loss: -0.1181 - srcSegm_loss: -0.1095 - nonr_def_loss: 0.0029 - warpedSrc_MeanSquaredError: 0.1998 - movedSegm_sigmoid_sftDC: 0.2429 - srcSegm_sigmoid_DC: 0.2237 - nonr_def_mean_absolute_error: 0.1971
 69/138 [==============>...............] - ETA: 4:10:53 - loss: 0.6487 - warpedSrc_loss: 0.1982 - movedSegm_loss: -0.1183 - srcSegm_loss: -0.1098 - nonr_def_loss: 0.0031 - warpedSrc_MeanSquaredError: 0.1982 - movedSegm_sigmoid_sftDC: 0.2437 - srcSegm_sigmoid_DC: 0.2248 - nonr_def_mean_absolute_error: 0.1991
 70/138 [==============>...............] - ETA: 4:07:15 - loss: 0.6349 - warpedSrc_loss: 0.1958 - movedSegm_loss: -0.1190 - srcSegm_loss: -0.1105 - nonr_def_loss: 0.0032 - warpedSrc_MeanSquaredError: 0.1958 - movedSegm_sigmoid_sftDC: 0.2451 - srcSegm_sigmoid_DC: 0.2263 - nonr_def_mean_absolute_error: 0.2012
 71/138 [==============>...............] - ETA: 4:03:37 - loss: 0.6653 - warpedSrc_loss: 0.2023 - movedSegm_loss: -0.1198 - srcSegm_loss: -0.1109 - nonr_def_loss: 0.0033 - warpedSrc_MeanSquaredError: 0.2023 - movedSegm_sigmoid_sftDC: 0.2467 - srcSegm_sigmoid_DC: 0.2269 - nonr_def_mean_absolute_error: 0.2034
 72/138 [==============>...............] - ETA: 3:59:59 - loss: 0.6522 - warpedSrc_loss: 0.2000 - movedSegm_loss: -0.1202 - srcSegm_loss: -0.1115 - nonr_def_loss: 0.0034 - warpedSrc_MeanSquaredError: 0.2000 - movedSegm_sigmoid_sftDC: 0.2478 - srcSegm_sigmoid_DC: 0.2286 - nonr_def_mean_absolute_error: 0.2057
 73/138 [==============>...............] - ETA: 3:56:20 - loss: 0.6400 - warpedSrc_loss: 0.1975 - movedSegm_loss: -0.1202 - srcSegm_loss: -0.1116 - nonr_def_loss: 0.0036 - warpedSrc_MeanSquaredError: 0.1975 - movedSegm_sigmoid_sftDC: 0.2484 - srcSegm_sigmoid_DC: 0.2292 - nonr_def_mean_absolute_error: 0.2078
 74/138 [===============>..............] - ETA: 3:52:41 - loss: 0.6610 - warpedSrc_loss: 0.2014 - movedSegm_loss: -0.1187 - srcSegm_loss: -0.1118 - nonr_def_loss: 0.0036 - warpedSrc_MeanSquaredError: 0.2014 - movedSegm_sigmoid_sftDC: 0.2454 - srcSegm_sigmoid_DC: 0.2299 - nonr_def_mean_absolute_error: 0.2099
 75/138 [===============>..............] - ETA: 3:49:03 - loss: 0.6513 - warpedSrc_loss: 0.1995 - movedSegm_loss: -0.1188 - srcSegm_loss: -0.1119 - nonr_def_loss: 0.0037 - warpedSrc_MeanSquaredError: 0.1995 - movedSegm_sigmoid_sftDC: 0.2456 - srcSegm_sigmoid_DC: 0.2302 - nonr_def_mean_absolute_error: 0.2117
 76/138 [===============>..............] - ETA: 3:45:26 - loss: 0.6702 - warpedSrc_loss: 0.2036 - movedSegm_loss: -0.1195 - srcSegm_loss: -0.1124 - nonr_def_loss: 0.0038 - warpedSrc_MeanSquaredError: 0.2036 - movedSegm_sigmoid_sftDC: 0.2467 - srcSegm_sigmoid_DC: 0.2303 - nonr_def_mean_absolute_error: 0.2135
 77/138 [===============>..............] - ETA: 3:41:48 - loss: 0.6613 - warpedSrc_loss: 0.2020 - movedSegm_loss: -0.1197 - srcSegm_loss: -0.1127 - nonr_def_loss: 0.0040 - warpedSrc_MeanSquaredError: 0.2020 - movedSegm_sigmoid_sftDC: 0.2475 - srcSegm_sigmoid_DC: 0.2313 - nonr_def_mean_absolute_error: 0.2154
 78/138 [===============>..............] - ETA: 3:38:09 - loss: 0.6488 - warpedSrc_loss: 0.1996 - movedSegm_loss: -0.1199 - srcSegm_loss: -0.1129 - nonr_def_loss: 0.0042 - warpedSrc_MeanSquaredError: 0.1996 - movedSegm_sigmoid_sftDC: 0.2482 - srcSegm_sigmoid_DC: 0.2320 - nonr_def_mean_absolute_error: 0.2173
 79/138 [================>.............] - ETA: 3:34:32 - loss: 0.6383 - warpedSrc_loss: 0.1976 - movedSegm_loss: -0.1200 - srcSegm_loss: -0.1132 - nonr_def_loss: 0.0043 - warpedSrc_MeanSquaredError: 0.1976 - movedSegm_sigmoid_sftDC: 0.2489 - srcSegm_sigmoid_DC: 0.2329 - nonr_def_mean_absolute_error: 0.2191
 80/138 [================>.............] - ETA: 3:30:53 - loss: 0.6689 - warpedSrc_loss: 0.2037 - movedSegm_loss: -0.1200 - srcSegm_loss: -0.1130 - nonr_def_loss: 0.0045 - warpedSrc_MeanSquaredError: 0.2037 - movedSegm_sigmoid_sftDC: 0.2489 - srcSegm_sigmoid_DC: 0.2324 - nonr_def_mean_absolute_error: 0.2209
 81/138 [================>.............] - ETA: 3:27:15 - loss: 0.6563 - warpedSrc_loss: 0.2013 - movedSegm_loss: -0.1203 - srcSegm_loss: -0.1133 - nonr_def_loss: 0.0046 - warpedSrc_MeanSquaredError: 0.2013 - movedSegm_sigmoid_sftDC: 0.2496 - srcSegm_sigmoid_DC: 0.2331 - nonr_def_mean_absolute_error: 0.2227
 82/138 [================>.............] - ETA: 3:23:37 - loss: 0.6435 - warpedSrc_loss: 0.1990 - movedSegm_loss: -0.1206 - srcSegm_loss: -0.1137 - nonr_def_loss: 0.0048 - warpedSrc_MeanSquaredError: 0.1990 - movedSegm_sigmoid_sftDC: 0.2505 - srcSegm_sigmoid_DC: 0.2340 - nonr_def_mean_absolute_error: 0.2245
 83/138 [=================>............] - ETA: 3:19:59 - loss: 0.6385 - warpedSrc_loss: 0.1980 - movedSegm_loss: -0.1206 - srcSegm_loss: -0.1138 - nonr_def_loss: 0.0049 - warpedSrc_MeanSquaredError: 0.1980 - movedSegm_sigmoid_sftDC: 0.2503 - srcSegm_sigmoid_DC: 0.2340 - nonr_def_mean_absolute_error: 0.2263
 84/138 [=================>............] - ETA: 3:16:21 - loss: 0.6271 - warpedSrc_loss: 0.1959 - movedSegm_loss: -0.1207 - srcSegm_loss: -0.1141 - nonr_def_loss: 0.0050 - warpedSrc_MeanSquaredError: 0.1959 - movedSegm_sigmoid_sftDC: 0.2507 - srcSegm_sigmoid_DC: 0.2346 - nonr_def_mean_absolute_error: 0.2282
 85/138 [=================>............] - ETA: 3:12:42 - loss: 0.6181 - warpedSrc_loss: 0.1941 - movedSegm_loss: -0.1208 - srcSegm_loss: -0.1141 - nonr_def_loss: 0.0051 - warpedSrc_MeanSquaredError: 0.1941 - movedSegm_sigmoid_sftDC: 0.2509 - srcSegm_sigmoid_DC: 0.2349 - nonr_def_mean_absolute_error: 0.2301
 86/138 [=================>............] - ETA: 3:09:04 - loss: 0.6071 - warpedSrc_loss: 0.1921 - movedSegm_loss: -0.1211 - srcSegm_loss: -0.1145 - nonr_def_loss: 0.0051 - warpedSrc_MeanSquaredError: 0.1921 - movedSegm_sigmoid_sftDC: 0.2518 - srcSegm_sigmoid_DC: 0.2358 - nonr_def_mean_absolute_error: 0.2320
 87/138 [=================>............] - ETA: 3:05:26 - loss: 0.5967 - warpedSrc_loss: 0.1902 - movedSegm_loss: -0.1213 - srcSegm_loss: -0.1148 - nonr_def_loss: 0.0052 - warpedSrc_MeanSquaredError: 0.1902 - movedSegm_sigmoid_sftDC: 0.2526 - srcSegm_sigmoid_DC: 0.2367 - nonr_def_mean_absolute_error: 0.2340
 88/138 [==================>...........] - ETA: 3:01:48 - loss: 0.5856 - warpedSrc_loss: 0.1881 - movedSegm_loss: -0.1216 - srcSegm_loss: -0.1152 - nonr_def_loss: 0.0052 - warpedSrc_MeanSquaredError: 0.1881 - movedSegm_sigmoid_sftDC: 0.2533 - srcSegm_sigmoid_DC: 0.2378 - nonr_def_mean_absolute_error: 0.2359
 89/138 [==================>...........] - ETA: 2:58:10 - loss: 0.6089 - warpedSrc_loss: 0.1928 - movedSegm_loss: -0.1218 - srcSegm_loss: -0.1151 - nonr_def_loss: 0.0053 - warpedSrc_MeanSquaredError: 0.1928 - movedSegm_sigmoid_sftDC: 0.2539 - srcSegm_sigmoid_DC: 0.2376 - nonr_def_mean_absolute_error: 0.2379
 90/138 [==================>...........] - ETA: 2:54:32 - loss: 0.6348 - warpedSrc_loss: 0.1982 - movedSegm_loss: -0.1224 - srcSegm_loss: -0.1152 - nonr_def_loss: 0.0053 - warpedSrc_MeanSquaredError: 0.1982 - movedSegm_sigmoid_sftDC: 0.2550 - srcSegm_sigmoid_DC: 0.2378 - nonr_def_mean_absolute_error: 0.2398
 91/138 [==================>...........] - ETA: 2:50:54 - loss: 0.6294 - warpedSrc_loss: 0.1974 - movedSegm_loss: -0.1229 - srcSegm_loss: -0.1156 - nonr_def_loss: 0.0054 - warpedSrc_MeanSquaredError: 0.1974 - movedSegm_sigmoid_sftDC: 0.2561 - srcSegm_sigmoid_DC: 0.2389 - nonr_def_mean_absolute_error: 0.2415
 92/138 [===================>..........] - ETA: 2:47:15 - loss: 0.6681 - warpedSrc_loss: 0.2052 - movedSegm_loss: -0.1234 - srcSegm_loss: -0.1154 - nonr_def_loss: 0.0054 - warpedSrc_MeanSquaredError: 0.2052 - movedSegm_sigmoid_sftDC: 0.2570 - srcSegm_sigmoid_DC: 0.2383 - nonr_def_mean_absolute_error: 0.2435
 93/138 [===================>..........] - ETA: 2:43:37 - loss: 0.6598 - warpedSrc_loss: 0.2036 - movedSegm_loss: -0.1233 - srcSegm_loss: -0.1154 - nonr_def_loss: 0.0055 - warpedSrc_MeanSquaredError: 0.2036 - movedSegm_sigmoid_sftDC: 0.2570 - srcSegm_sigmoid_DC: 0.2386 - nonr_def_mean_absolute_error: 0.2454
 94/138 [===================>..........] - ETA: 2:39:59 - loss: 0.6826 - warpedSrc_loss: 0.2083 - movedSegm_loss: -0.1239 - srcSegm_loss: -0.1155 - nonr_def_loss: 0.0055 - warpedSrc_MeanSquaredError: 0.2083 - movedSegm_sigmoid_sftDC: 0.2580 - srcSegm_sigmoid_DC: 0.2387 - nonr_def_mean_absolute_error: 0.2473
 95/138 [===================>..........] - ETA: 2:36:21 - loss: 0.6719 - warpedSrc_loss: 0.2064 - movedSegm_loss: -0.1241 - srcSegm_loss: -0.1158 - nonr_def_loss: 0.0056 - warpedSrc_MeanSquaredError: 0.2064 - movedSegm_sigmoid_sftDC: 0.2587 - srcSegm_sigmoid_DC: 0.2396 - nonr_def_mean_absolute_error: 0.2494
 96/138 [===================>..........] - ETA: 2:32:43 - loss: 0.6638 - warpedSrc_loss: 0.2047 - movedSegm_loss: -0.1240 - srcSegm_loss: -0.1159 - nonr_def_loss: 0.0057 - warpedSrc_MeanSquaredError: 0.2047 - movedSegm_sigmoid_sftDC: 0.2588 - srcSegm_sigmoid_DC: 0.2399 - nonr_def_mean_absolute_error: 0.2513
 97/138 [====================>.........] - ETA: 2:29:05 - loss: 0.6752 - warpedSrc_loss: 0.2070 - movedSegm_loss: -0.1242 - srcSegm_loss: -0.1158 - nonr_def_loss: 0.0058 - warpedSrc_MeanSquaredError: 0.2070 - movedSegm_sigmoid_sftDC: 0.2593 - srcSegm_sigmoid_DC: 0.2398 - nonr_def_mean_absolute_error: 0.2533
 98/138 [====================>.........] - ETA: 2:25:26 - loss: 0.6968 - warpedSrc_loss: 0.2115 - movedSegm_loss: -0.1246 - srcSegm_loss: -0.1159 - nonr_def_loss: 0.0059 - warpedSrc_MeanSquaredError: 0.2115 - movedSegm_sigmoid_sftDC: 0.2597 - srcSegm_sigmoid_DC: 0.2398 - nonr_def_mean_absolute_error: 0.2552
 99/138 [====================>.........] - ETA: 2:21:48 - loss: 0.6885 - warpedSrc_loss: 0.2101 - movedSegm_loss: -0.1250 - srcSegm_loss: -0.1163 - nonr_def_loss: 0.0060 - warpedSrc_MeanSquaredError: 0.2101 - movedSegm_sigmoid_sftDC: 0.2606 - srcSegm_sigmoid_DC: 0.2407 - nonr_def_mean_absolute_error: 0.2571
100/138 [====================>.........] - ETA: 2:18:10 - loss: 0.6802 - warpedSrc_loss: 0.2087 - movedSegm_loss: -0.1255 - srcSegm_loss: -0.1168 - nonr_def_loss: 0.0060 - warpedSrc_MeanSquaredError: 0.2087 - movedSegm_sigmoid_sftDC: 0.2610 - srcSegm_sigmoid_DC: 0.2412 - nonr_def_mean_absolute_error: 0.2587
101/138 [====================>.........] - ETA: 2:14:32 - loss: 0.6759 - warpedSrc_loss: 0.2080 - movedSegm_loss: -0.1257 - srcSegm_loss: -0.1170 - nonr_def_loss: 0.0061 - warpedSrc_MeanSquaredError: 0.2080 - movedSegm_sigmoid_sftDC: 0.2615 - srcSegm_sigmoid_DC: 0.2418 - nonr_def_mean_absolute_error: 0.2606
102/138 [=====================>........] - ETA: 2:10:53 - loss: 0.6676 - warpedSrc_loss: 0.2064 - movedSegm_loss: -0.1258 - srcSegm_loss: -0.1173 - nonr_def_loss: 0.0062 - warpedSrc_MeanSquaredError: 0.2064 - movedSegm_sigmoid_sftDC: 0.2620 - srcSegm_sigmoid_DC: 0.2425 - nonr_def_mean_absolute_error: 0.2625
103/138 [=====================>........] - ETA: 2:07:15 - loss: 0.6582 - warpedSrc_loss: 0.2048 - movedSegm_loss: -0.1261 - srcSegm_loss: -0.1176 - nonr_def_loss: 0.0063 - warpedSrc_MeanSquaredError: 0.2048 - movedSegm_sigmoid_sftDC: 0.2625 - srcSegm_sigmoid_DC: 0.2431 - nonr_def_mean_absolute_error: 0.2642
104/138 [=====================>........] - ETA: 2:03:37 - loss: 0.6492 - warpedSrc_loss: 0.2032 - movedSegm_loss: -0.1265 - srcSegm_loss: -0.1180 - nonr_def_loss: 0.0064 - warpedSrc_MeanSquaredError: 0.2032 - movedSegm_sigmoid_sftDC: 0.2635 - srcSegm_sigmoid_DC: 0.2440 - nonr_def_mean_absolute_error: 0.2659
105/138 [=====================>........] - ETA: 1:59:59 - loss: 0.6398 - warpedSrc_loss: 0.2014 - movedSegm_loss: -0.1266 - srcSegm_loss: -0.1182 - nonr_def_loss: 0.0064 - warpedSrc_MeanSquaredError: 0.2014 - movedSegm_sigmoid_sftDC: 0.2643 - srcSegm_sigmoid_DC: 0.2447 - nonr_def_mean_absolute_error: 0.2676
106/138 [======================>.......] - ETA: 1:56:21 - loss: 0.6302 - warpedSrc_loss: 0.1997 - movedSegm_loss: -0.1270 - srcSegm_loss: -0.1186 - nonr_def_loss: 0.0065 - warpedSrc_MeanSquaredError: 0.1997 - movedSegm_sigmoid_sftDC: 0.2653 - srcSegm_sigmoid_DC: 0.2458 - nonr_def_mean_absolute_error: 0.2692