Construct model
src_segm shape: (?, 144, 96, 112, 3)
y shape: (?, 144, 96, 112, 1)
nonr_def shape: (?, 144, 96, 112, 3)
all_def shape: (?, 144, 96, 112, 3)
tgt_segm shape: (?, 144, 96, 112, 3)
__________________________________________________________________________________________________
Layer (type)                    Output Shape         Param #     Connected to                     
==================================================================================================
input_1 (InputLayer)            (None, 144, 96, 112, 0                                            
__________________________________________________________________________________________________
input_2 (InputLayer)            (None, 144, 96, 112, 0                                            
__________________________________________________________________________________________________
input_4 (InputLayer)            (None, 144, 96, 112, 0                                            
__________________________________________________________________________________________________
model_2 (Model)                 [(None, 144, 96, 112 4707067     input_1[0][0]                    
                                                                 input_2[0][0]                    
                                                                 input_4[0][0]                    
__________________________________________________________________________________________________
input_3 (InputLayer)            (None, 144, 96, 112, 0                                            
__________________________________________________________________________________________________
model_1 (Model)                 (None, 144, 96, 112, 5889325     input_3[0][0]                    
__________________________________________________________________________________________________
nonr_def (Lambda)               (None, 144, 96, 112, 0           model_2[1][1]                    
__________________________________________________________________________________________________
srcSegm (Lambda)                (None, 144, 96, 112, 0           model_1[1][0]                    
__________________________________________________________________________________________________
add_2 (Add)                     (None, 144, 96, 112, 0           nonr_def[0][0]                   
                                                                 input_4[0][0]                    
__________________________________________________________________________________________________
warpedSrc (Lambda)              (None, 144, 96, 112, 0           model_2[1][0]                    
__________________________________________________________________________________________________
movedSegm (SpatialTransformer)  [(None, 144, 96, 112 0           srcSegm[0][0]                    
                                                                 add_2[0][0]                      
==================================================================================================
Total params: 10,596,392
Trainable params: 10,590,532
Non-trainable params: 5,860
__________________________________________________________________________________________________
train a new model!
train with 1 GPU
Epoch 1/300
affine min: -1.8628997802734375, max: 1.2698273658752441
tensor shape: (144, 96, 112, 1)
segm1 shape: (144, 96, 112, 1)
segm2 shape: (144, 96, 112, 1)
tgt_img shape: (144, 96, 112, 1)
src_img shape: (144, 96, 112, 1)
aff_def shape: (144, 96, 112, 3)
affine min: -1.6051610708236694, max: 1.5082529783248901
tensor shape: (144, 96, 112, 1)
segm1 shape: (144, 96, 112, 1)
segm2 shape: (144, 96, 112, 1)
tgt_img shape: (144, 96, 112, 1)
src_img shape: (144, 96, 112, 1)
aff_def shape: (144, 96, 112, 3)
affine min: -2.365302085876465, max: 2.643362283706665
tensor shape: (144, 96, 112, 1)
segm1 shape: (144, 96, 112, 1)
segm2 shape: (144, 96, 112, 1)
tgt_img shape: (144, 96, 112, 1)
src_img shape: (144, 96, 112, 1)
aff_def shape: (144, 96, 112, 3)
affine min: -1.8899654150009155, max: 1.6723839044570923
tensor shape: (144, 96, 112, 1)
segm1 shape: (144, 96, 112, 1)
segm2 shape: (144, 96, 112, 1)
tgt_img shape: (144, 96, 112, 1)
src_img shape: (144, 96, 112, 1)
aff_def shape: (144, 96, 112, 3)
affine min: -1.9602611064910889, max: 1.436956524848938
tensor shape: (144, 96, 112, 1)
segm1 shape: (144, 96, 112, 1)
segm2 shape: (144, 96, 112, 1)
tgt_img shape: (144, 96, 112, 1)
src_img shape: (144, 96, 112, 1)
aff_def shape: (144, 96, 112, 3)
affine min: -1.8234405517578125, max: 2.368006467819214
tensor shape: (144, 96, 112, 1)
segm1 shape: (144, 96, 112, 1)
segm2 shape: (144, 96, 112, 1)
tgt_img shape: (144, 96, 112, 1)
src_img shape: (144, 96, 112, 1)
aff_def shape: (144, 96, 112, 3)
affine min: -1.4796605110168457, max: 2.495893716812134
tensor shape: (144, 96, 112, 1)
segm1 shape: (144, 96, 112, 1)
segm2 shape: (144, 96, 112, 1)
tgt_img shape: (144, 96, 112, 1)
src_img shape: (144, 96, 112, 1)
aff_def shape: (144, 96, 112, 3)
affine min: -1.8715883493423462, max: 1.9428187608718872
tensor shape: (144, 96, 112, 1)
segm1 shape: (144, 96, 112, 1)
segm2 shape: (144, 96, 112, 1)
tgt_img shape: (144, 96, 112, 1)
src_img shape: (144, 96, 112, 1)
aff_def shape: (144, 96, 112, 3)
affine min: -1.5606646537780762, max: 1.7216554880142212
tensor shape: (144, 96, 112, 1)
segm1 shape: (144, 96, 112, 1)
segm2 shape: (144, 96, 112, 1)
tgt_img shape: (144, 96, 112, 1)
src_img shape: (144, 96, 112, 1)
aff_def shape: (144, 96, 112, 3)
affine min: -1.8189029693603516, max: 1.390064001083374
tensor shape: (144, 96, 112, 1)
segm1 shape: (144, 96, 112, 1)
segm2 shape: (144, 96, 112, 1)
tgt_img shape: (144, 96, 112, 1)
src_img shape: (144, 96, 112, 1)
aff_def shape: (144, 96, 112, 3)
affine min: -1.0928550958633423, max: 2.595568895339966
tensor shape: (144, 96, 112, 1)
segm1 shape: (144, 96, 112, 1)
segm2 shape: (144, 96, 112, 1)
tgt_img shape: (144, 96, 112, 1)
src_img shape: (144, 96, 112, 1)
aff_def shape: (144, 96, 112, 3)
