Construct model
__________________________________________________________________________________________________
Layer (type)                    Output Shape         Param #     Connected to                     
==================================================================================================
input_1 (InputLayer)            (None, 144, 96, 112, 0                                            
__________________________________________________________________________________________________
input_2 (InputLayer)            (None, 144, 96, 112, 0                                            
__________________________________________________________________________________________________
input_4 (InputLayer)            (None, 144, 96, 112, 0                                            
__________________________________________________________________________________________________
input_3 (InputLayer)            (None, 144, 96, 112, 0                                            
__________________________________________________________________________________________________
model_2 (Model)                 [(None, 144, 96, 112 4707067     input_1[0][0]                    
                                                                 input_2[0][0]                    
                                                                 input_4[0][0]                    
__________________________________________________________________________________________________
model_1 (Model)                 (None, 144, 96, 112, 5888449     input_3[0][0]                    
__________________________________________________________________________________________________
srcSegm (Lambda)                (None, 144, 96, 112, 0           model_1[1][0]                    
__________________________________________________________________________________________________
nonr_def (Lambda)               (None, 144, 96, 112, 0           model_2[1][1]                    
__________________________________________________________________________________________________
warpedSrc (Lambda)              (None, 144, 96, 112, 0           model_2[1][0]                    
__________________________________________________________________________________________________
movedSegm (SpatialTransformer)  [(None, 144, 96, 112 0           srcSegm[0][0]                    
                                                                 nonr_def[0][0]                   
==================================================================================================
Total params: 10,595,516
Trainable params: 10,589,660
Non-trainable params: 5,856
__________________________________________________________________________________________________
train a new model!
train with 1 GPU
Epoch 1/35

 1/35 [..............................] - ETA: 4:53:24 - loss: -0.0358 - warpedSrc_loss: 0.0208 - movedSegm_loss: -0.0472 - srcSegm_loss: -0.0459 - nonr_def_loss: 4.8236e-09 - warpedSrc_MeanSquaredError: 0.0208 - movedSegm_sigmoid_sftDC: 0.0490 - srcSegm_sigmoid_DC: 0.0478 - nonr_def_mean_absolute_error: 8.8567e-05
 2/35 [>.............................] - ETA: 4:39:28 - loss: 0.0218 - warpedSrc_loss: 0.0353 - movedSegm_loss: -0.0518 - srcSegm_loss: -0.0515 - nonr_def_loss: 2.1836e-05 - warpedSrc_MeanSquaredError: 0.0353 - movedSegm_sigmoid_sftDC: 0.0573 - srcSegm_sigmoid_DC: 0.0570 - nonr_def_mean_absolute_error: 0.0135     
 3/35 [=>............................] - ETA: 4:29:30 - loss: 0.1580 - warpedSrc_loss: 0.0653 - movedSegm_loss: -0.0562 - srcSegm_loss: -0.0561 - nonr_def_loss: 5.2277e-05 - warpedSrc_MeanSquaredError: 0.0653 - movedSegm_sigmoid_sftDC: 0.0623 - srcSegm_sigmoid_DC: 0.0625 - nonr_def_mean_absolute_error: 0.0230
 4/35 [==>...........................] - ETA: 4:20:18 - loss: 0.1540 - warpedSrc_loss: 0.0668 - movedSegm_loss: -0.0604 - srcSegm_loss: -0.0597 - nonr_def_loss: 9.2988e-05 - warpedSrc_MeanSquaredError: 0.0668 - movedSegm_sigmoid_sftDC: 0.0666 - srcSegm_sigmoid_DC: 0.0660 - nonr_def_mean_absolute_error: 0.0331
 5/35 [===>..........................] - ETA: 4:11:44 - loss: 0.1601 - warpedSrc_loss: 0.0707 - movedSegm_loss: -0.0646 - srcSegm_loss: -0.0644 - nonr_def_loss: 1.2614e-04 - warpedSrc_MeanSquaredError: 0.0707 - movedSegm_sigmoid_sftDC: 0.0736 - srcSegm_sigmoid_DC: 0.0735 - nonr_def_mean_absolute_error: 0.0428
 6/35 [====>.........................] - ETA: 4:02:58 - loss: 0.1474 - warpedSrc_loss: 0.0694 - movedSegm_loss: -0.0665 - srcSegm_loss: -0.0665 - nonr_def_loss: 1.6430e-04 - warpedSrc_MeanSquaredError: 0.0694 - movedSegm_sigmoid_sftDC: 0.0812 - srcSegm_sigmoid_DC: 0.0812 - nonr_def_mean_absolute_error: 0.0538
 7/35 [=====>........................] - ETA: 3:54:17 - loss: 0.1021 - warpedSrc_loss: 0.0631 - movedSegm_loss: -0.0714 - srcSegm_loss: -0.0710 - nonr_def_loss: 2.0504e-04 - warpedSrc_MeanSquaredError: 0.0631 - movedSegm_sigmoid_sftDC: 0.0929 - srcSegm_sigmoid_DC: 0.0921 - nonr_def_mean_absolute_error: 0.0661
 8/35 [=====>........................] - ETA: 3:45:40 - loss: 0.0611 - warpedSrc_loss: 0.0568 - movedSegm_loss: -0.0742 - srcSegm_loss: -0.0743 - nonr_def_loss: 2.3516e-04 - warpedSrc_MeanSquaredError: 0.0568 - movedSegm_sigmoid_sftDC: 0.1009 - srcSegm_sigmoid_DC: 0.1007 - nonr_def_mean_absolute_error: 0.0759
 9/35 [======>.......................] - ETA: 3:37:07 - loss: 0.1376 - warpedSrc_loss: 0.0729 - movedSegm_loss: -0.0756 - srcSegm_loss: -0.0757 - nonr_def_loss: 2.5767e-04 - warpedSrc_MeanSquaredError: 0.0729 - movedSegm_sigmoid_sftDC: 0.1069 - srcSegm_sigmoid_DC: 0.1069 - nonr_def_mean_absolute_error: 0.0823
10/35 [=======>......................] - ETA: 3:28:40 - loss: 0.1271 - warpedSrc_loss: 0.0716 - movedSegm_loss: -0.0770 - srcSegm_loss: -0.0769 - nonr_def_loss: 2.7801e-04 - warpedSrc_MeanSquaredError: 0.0716 - movedSegm_sigmoid_sftDC: 0.1134 - srcSegm_sigmoid_DC: 0.1129 - nonr_def_mean_absolute_error: 0.0880
11/35 [========>.....................] - ETA: 3:20:12 - loss: 0.1187 - warpedSrc_loss: 0.0702 - movedSegm_loss: -0.0774 - srcSegm_loss: -0.0775 - nonr_def_loss: 2.9725e-04 - warpedSrc_MeanSquaredError: 0.0702 - movedSegm_sigmoid_sftDC: 0.1183 - srcSegm_sigmoid_DC: 0.1181 - nonr_def_mean_absolute_error: 0.0933
12/35 [=========>....................] - ETA: 3:11:46 - loss: 0.1022 - warpedSrc_loss: 0.0671 - movedSegm_loss: -0.0777 - srcSegm_loss: -0.0778 - nonr_def_loss: 3.1985e-04 - warpedSrc_MeanSquaredError: 0.0671 - movedSegm_sigmoid_sftDC: 0.1230 - srcSegm_sigmoid_DC: 0.1232 - nonr_def_mean_absolute_error: 0.0987
13/35 [==========>...................] - ETA: 3:03:21 - loss: 0.0914 - warpedSrc_loss: 0.0657 - movedSegm_loss: -0.0789 - srcSegm_loss: -0.0791 - nonr_def_loss: 3.4190e-04 - warpedSrc_MeanSquaredError: 0.0657 - movedSegm_sigmoid_sftDC: 0.1293 - srcSegm_sigmoid_DC: 0.1294 - nonr_def_mean_absolute_error: 0.1047
14/35 [===========>..................] - ETA: 2:54:57 - loss: 0.0672 - warpedSrc_loss: 0.0622 - movedSegm_loss: -0.0813 - srcSegm_loss: -0.0813 - nonr_def_loss: 3.6767e-04 - warpedSrc_MeanSquaredError: 0.0622 - movedSegm_sigmoid_sftDC: 0.1387 - srcSegm_sigmoid_DC: 0.1382 - nonr_def_mean_absolute_error: 0.1101
15/35 [===========>..................] - ETA: 2:46:35 - loss: 0.0475 - warpedSrc_loss: 0.0589 - movedSegm_loss: -0.0824 - srcSegm_loss: -0.0823 - nonr_def_loss: 3.8521e-04 - warpedSrc_MeanSquaredError: 0.0589 - movedSegm_sigmoid_sftDC: 0.1444 - srcSegm_sigmoid_DC: 0.1438 - nonr_def_mean_absolute_error: 0.1142
16/35 [============>.................] - ETA: 2:38:12 - loss: 0.0374 - warpedSrc_loss: 0.0574 - movedSegm_loss: -0.0832 - srcSegm_loss: -0.0832 - nonr_def_loss: 3.9920e-04 - warpedSrc_MeanSquaredError: 0.0574 - movedSegm_sigmoid_sftDC: 0.1498 - srcSegm_sigmoid_DC: 0.1493 - nonr_def_mean_absolute_error: 0.1167
17/35 [=============>................] - ETA: 2:29:52 - loss: 0.0234 - warpedSrc_loss: 0.0555 - movedSegm_loss: -0.0846 - srcSegm_loss: -0.0847 - nonr_def_loss: 4.1218e-04 - warpedSrc_MeanSquaredError: 0.0555 - movedSegm_sigmoid_sftDC: 0.1560 - srcSegm_sigmoid_DC: 0.1557 - nonr_def_mean_absolute_error: 0.1181
18/35 [==============>...............] - ETA: 2:21:30 - loss: 0.0103 - warpedSrc_loss: 0.0533 - movedSegm_loss: -0.0854 - srcSegm_loss: -0.0854 - nonr_def_loss: 4.1940e-04 - warpedSrc_MeanSquaredError: 0.0533 - movedSegm_sigmoid_sftDC: 0.1605 - srcSegm_sigmoid_DC: 0.1601 - nonr_def_mean_absolute_error: 0.1186
19/35 [===============>..............] - ETA: 2:13:09 - loss: 0.0112 - warpedSrc_loss: 0.0539 - movedSegm_loss: -0.0861 - srcSegm_loss: -0.0860 - nonr_def_loss: 4.2504e-04 - warpedSrc_MeanSquaredError: 0.0539 - movedSegm_sigmoid_sftDC: 0.1639 - srcSegm_sigmoid_DC: 0.1632 - nonr_def_mean_absolute_error: 0.1188
20/35 [================>.............] - ETA: 2:04:48 - loss: 0.0068 - warpedSrc_loss: 0.0530 - movedSegm_loss: -0.0861 - srcSegm_loss: -0.0861 - nonr_def_loss: 4.3249e-04 - warpedSrc_MeanSquaredError: 0.0530 - movedSegm_sigmoid_sftDC: 0.1664 - srcSegm_sigmoid_DC: 0.1658 - nonr_def_mean_absolute_error: 0.1191