Construct model
__________________________________________________________________________________________________
Layer (type)                    Output Shape         Param #     Connected to                     
==================================================================================================
input_1 (InputLayer)            (None, 144, 96, 112, 0                                            
__________________________________________________________________________________________________
input_2 (InputLayer)            (None, 144, 96, 112, 0                                            
__________________________________________________________________________________________________
input_4 (InputLayer)            (None, 144, 96, 112, 0                                            
__________________________________________________________________________________________________
input_3 (InputLayer)            (None, 144, 96, 112, 0                                            
__________________________________________________________________________________________________
model_2 (Model)                 [(None, 144, 96, 112 4707067     input_1[0][0]                    
                                                                 input_2[0][0]                    
                                                                 input_4[0][0]                    
__________________________________________________________________________________________________
model_1 (Model)                 (None, 144, 96, 112, 5888449     input_3[0][0]                    
__________________________________________________________________________________________________
srcSegm (Lambda)                (None, 144, 96, 112, 0           model_1[1][0]                    
__________________________________________________________________________________________________
nonr_def (Lambda)               (None, 144, 96, 112, 0           model_2[1][1]                    
__________________________________________________________________________________________________
warpedSrc (Lambda)              (None, 144, 96, 112, 0           model_2[1][0]                    
__________________________________________________________________________________________________
movedSegm (SpatialTransformer)  [(None, 144, 96, 112 0           srcSegm[0][0]                    
                                                                 nonr_def[0][0]                   
==================================================================================================
Total params: 10,595,516
Trainable params: 10,589,660
Non-trainable params: 5,856
__________________________________________________________________________________________________
train a new model!
train with 1 GPU
Epoch 1/100

 1/17 [>.............................] - ETA: 4:36:32 - loss: 0.0521 - warpedSrc_loss: 0.0316 - movedSegm_loss: -0.0355 - srcSegm_loss: -0.0349 - nonr_def_loss: 3.1088e-09 - warpedSrc_MeanSquaredError: 0.0316 - movedSegm_sigmoid_sftDC: 0.0335 - srcSegm_sigmoid_DC: 0.0326 - nonr_def_mean_absolute_error: 5.7617e-05
 2/17 [==>...........................] - ETA: 4:17:14 - loss: 0.1093 - warpedSrc_loss: 0.0526 - movedSegm_loss: -0.0515 - srcSegm_loss: -0.0511 - nonr_def_loss: 2.3802e-05 - warpedSrc_MeanSquaredError: 0.0526 - movedSegm_sigmoid_sftDC: 0.0632 - srcSegm_sigmoid_DC: 0.0626 - nonr_def_mean_absolute_error: 0.0150    