Construct model
src_segm shape: (?, 160, 112, 128, 3)
y shape: (?, 160, 112, 128, 1)
nonr_def shape: (?, 160, 112, 128, 3)
all_def shape: (?, 160, 112, 128, 3)
tgt_segm shape: (?, 160, 112, 128, 3)
__________________________________________________________________________________________________
Layer (type)                    Output Shape         Param #     Connected to                     
==================================================================================================
input_1 (InputLayer)            (None, 160, 112, 128 0                                            
__________________________________________________________________________________________________
input_2 (InputLayer)            (None, 160, 112, 128 0                                            
__________________________________________________________________________________________________
input_4 (InputLayer)            (None, 160, 112, 128 0                                            
__________________________________________________________________________________________________
model_2 (Model)                 [(None, 160, 112, 12 4707067     input_1[0][0]                    
                                                                 input_2[0][0]                    
                                                                 input_4[0][0]                    
__________________________________________________________________________________________________
input_3 (InputLayer)            (None, 160, 112, 128 0                                            
__________________________________________________________________________________________________
model_1 (Model)                 (None, 160, 112, 128 5889325     input_3[0][0]                    
__________________________________________________________________________________________________
nonr_def (Lambda)               (None, 160, 112, 128 0           model_2[1][1]                    
__________________________________________________________________________________________________
srcSegm (Lambda)                (None, 160, 112, 128 0           model_1[1][0]                    
__________________________________________________________________________________________________
add_2 (Add)                     (None, 160, 112, 128 0           nonr_def[0][0]                   
                                                                 input_4[0][0]                    
__________________________________________________________________________________________________
warpedSrc (Lambda)              (None, 160, 112, 128 0           model_2[1][0]                    
__________________________________________________________________________________________________
movedSegm (SpatialTransformer)  [(None, 160, 112, 12 0           srcSegm[0][0]                    
                                                                 add_2[0][0]                      
==================================================================================================
Total params: 10,596,392
Trainable params: 10,590,532
Non-trainable params: 5,860
__________________________________________________________________________________________________
train a new model!
train with 1 GPU
Epoch 1/300
affine min: -1.440670132637024, max: 1.2530567646026611
tensor shape: (160, 112, 128, 1)
segm1 shape: (160, 112, 128, 1)
segm2 shape: (160, 112, 128, 1)
tgt_img shape: (160, 112, 128, 1)
src_img shape: (160, 112, 128, 1)
aff_def shape: (160, 112, 128, 3)
affine min: -1.8356016874313354, max: 1.6848089694976807
tensor shape: (160, 112, 128, 1)
segm1 shape: (160, 112, 128, 1)
segm2 shape: (160, 112, 128, 1)
tgt_img shape: (160, 112, 128, 1)
src_img shape: (160, 112, 128, 1)
aff_def shape: (160, 112, 128, 3)
affine min: -1.5606646537780762, max: 1.7216554880142212
tensor shape: (160, 112, 128, 1)
segm1 shape: (160, 112, 128, 1)
segm2 shape: (160, 112, 128, 1)
tgt_img shape: (160, 112, 128, 1)
src_img shape: (160, 112, 128, 1)
aff_def shape: (160, 112, 128, 3)
affine min: -1.6957831382751465, max: 1.5439441204071045
tensor shape: (160, 112, 128, 1)
segm1 shape: (160, 112, 128, 1)
segm2 shape: (160, 112, 128, 1)
tgt_img shape: (160, 112, 128, 1)
src_img shape: (160, 112, 128, 1)
aff_def shape: (160, 112, 128, 3)
affine min: -1.3396908044815063, max: 1.9994723796844482
tensor shape: (160, 112, 128, 1)
segm1 shape: (160, 112, 128, 1)
segm2 shape: (160, 112, 128, 1)
tgt_img shape: (160, 112, 128, 1)
src_img shape: (160, 112, 128, 1)
aff_def shape: (160, 112, 128, 3)
affine min: -2.1295695304870605, max: 2.4468109607696533
tensor shape: (160, 112, 128, 1)
segm1 shape: (160, 112, 128, 1)
segm2 shape: (160, 112, 128, 1)
tgt_img shape: (160, 112, 128, 1)
src_img shape: (160, 112, 128, 1)
aff_def shape: (160, 112, 128, 3)
affine min: -1.440704107284546, max: 1.6244570016860962
tensor shape: (160, 112, 128, 1)
segm1 shape: (160, 112, 128, 1)
segm2 shape: (160, 112, 128, 1)
tgt_img shape: (160, 112, 128, 1)
src_img shape: (160, 112, 128, 1)
aff_def shape: (160, 112, 128, 3)
affine min: -1.8899654150009155, max: 1.6723839044570923
tensor shape: (160, 112, 128, 1)
segm1 shape: (160, 112, 128, 1)
segm2 shape: (160, 112, 128, 1)
tgt_img shape: (160, 112, 128, 1)
src_img shape: (160, 112, 128, 1)
aff_def shape: (160, 112, 128, 3)
affine min: -1.3062199354171753, max: 1.5718390941619873
tensor shape: (160, 112, 128, 1)
segm1 shape: (160, 112, 128, 1)
segm2 shape: (160, 112, 128, 1)
tgt_img shape: (160, 112, 128, 1)
src_img shape: (160, 112, 128, 1)
aff_def shape: (160, 112, 128, 3)
affine min: -2.2370212078094482, max: 0.9756510257720947
tensor shape: (160, 112, 128, 1)
segm1 shape: (160, 112, 128, 1)
segm2 shape: (160, 112, 128, 1)
tgt_img shape: (160, 112, 128, 1)
src_img shape: (160, 112, 128, 1)
aff_def shape: (160, 112, 128, 3)
affine min: -2.0104823112487793, max: 2.4954118728637695
tensor shape: (160, 112, 128, 1)
segm1 shape: (160, 112, 128, 1)
segm2 shape: (160, 112, 128, 1)
tgt_img shape: (160, 112, 128, 1)
src_img shape: (160, 112, 128, 1)
aff_def shape: (160, 112, 128, 3)
