Construct model
src_segm shape: (?, 144, 96, 112, 3)
y shape: (?, 144, 96, 112, 1)
nonr_def shape: (?, 144, 96, 112, 3)
tgt_segm shape: (?, 144, 96, 112, 3)
__________________________________________________________________________________________________
Layer (type)                    Output Shape         Param #     Connected to                     
==================================================================================================
input_1 (InputLayer)            (None, 144, 96, 112, 0                                            
__________________________________________________________________________________________________
input_2 (InputLayer)            (None, 144, 96, 112, 0                                            
__________________________________________________________________________________________________
input_4 (InputLayer)            (None, 144, 96, 112, 0                                            
__________________________________________________________________________________________________
input_3 (InputLayer)            (None, 144, 96, 112, 0                                            
__________________________________________________________________________________________________
model_2 (Model)                 [(None, 144, 96, 112 4707067     input_1[0][0]                    
                                                                 input_2[0][0]                    
                                                                 input_4[0][0]                    
__________________________________________________________________________________________________
model_1 (Model)                 (None, 144, 96, 112, 5889325     input_3[0][0]                    
__________________________________________________________________________________________________
srcSegm (Lambda)                (None, 144, 96, 112, 0           model_1[1][0]                    
__________________________________________________________________________________________________
nonr_def (Lambda)               (None, 144, 96, 112, 0           model_2[1][1]                    
__________________________________________________________________________________________________
warpedSrc (Lambda)              (None, 144, 96, 112, 0           model_2[1][0]                    
__________________________________________________________________________________________________
movedSegm (SpatialTransformer)  [(None, 144, 96, 112 0           srcSegm[0][0]                    
                                                                 nonr_def[0][0]                   
==================================================================================================
Total params: 10,596,392
Trainable params: 10,590,532
Non-trainable params: 5,860
__________________________________________________________________________________________________
train a new model!
train with 1 GPU
Epoch 1/300
affine min: 0.0, max: 121.42423248291016
tensor shape: (144, 96, 112, 1)
segm1 shape: (144, 96, 112, 1)
segm2 shape: (144, 96, 112, 1)
tgt_img shape: (144, 96, 112, 1)
src_img shape: (144, 96, 112, 1)
aff_def shape: (144, 96, 112, 1)
affine min: 0.0, max: 126.35047912597656
tensor shape: (144, 96, 112, 1)
segm1 shape: (144, 96, 112, 1)
segm2 shape: (144, 96, 112, 1)
tgt_img shape: (144, 96, 112, 1)
src_img shape: (144, 96, 112, 1)
aff_def shape: (144, 96, 112, 1)
affine min: 0.0, max: 121.83629608154297
tensor shape: (144, 96, 112, 1)
segm1 shape: (144, 96, 112, 1)
segm2 shape: (144, 96, 112, 1)
tgt_img shape: (144, 96, 112, 1)
src_img shape: (144, 96, 112, 1)
aff_def shape: (144, 96, 112, 1)
affine min: 0.0, max: 122.23265075683594
tensor shape: (144, 96, 112, 1)
segm1 shape: (144, 96, 112, 1)
segm2 shape: (144, 96, 112, 1)
tgt_img shape: (144, 96, 112, 1)
src_img shape: (144, 96, 112, 1)
aff_def shape: (144, 96, 112, 1)
affine min: 0.0, max: 123.65695190429688
tensor shape: (144, 96, 112, 1)
segm1 shape: (144, 96, 112, 1)
segm2 shape: (144, 96, 112, 1)
tgt_img shape: (144, 96, 112, 1)
src_img shape: (144, 96, 112, 1)
aff_def shape: (144, 96, 112, 1)
affine min: 0.0, max: 120.59247589111328
tensor shape: (144, 96, 112, 1)
segm1 shape: (144, 96, 112, 1)
segm2 shape: (144, 96, 112, 1)
tgt_img shape: (144, 96, 112, 1)
src_img shape: (144, 96, 112, 1)
aff_def shape: (144, 96, 112, 1)
affine min: 0.0, max: 118.16696166992188
tensor shape: (144, 96, 112, 1)
segm1 shape: (144, 96, 112, 1)
segm2 shape: (144, 96, 112, 1)
tgt_img shape: (144, 96, 112, 1)
src_img shape: (144, 96, 112, 1)
aff_def shape: (144, 96, 112, 1)
affine min: 0.0, max: 123.88999938964844
tensor shape: (144, 96, 112, 1)
segm1 shape: (144, 96, 112, 1)
segm2 shape: (144, 96, 112, 1)
tgt_img shape: (144, 96, 112, 1)
src_img shape: (144, 96, 112, 1)
aff_def shape: (144, 96, 112, 1)
affine min: 0.0, max: 159.38388061523438
tensor shape: (144, 96, 112, 1)
segm1 shape: (144, 96, 112, 1)
segm2 shape: (144, 96, 112, 1)
tgt_img shape: (144, 96, 112, 1)
src_img shape: (144, 96, 112, 1)
aff_def shape: (144, 96, 112, 1)
affine min: 0.0, max: 168.5893096923828
tensor shape: (144, 96, 112, 1)
segm1 shape: (144, 96, 112, 1)
segm2 shape: (144, 96, 112, 1)
tgt_img shape: (144, 96, 112, 1)
src_img shape: (144, 96, 112, 1)
aff_def shape: (144, 96, 112, 1)
affine min: 0.0, max: 158.89744567871094
tensor shape: (144, 96, 112, 1)
segm1 shape: (144, 96, 112, 1)
segm2 shape: (144, 96, 112, 1)
tgt_img shape: (144, 96, 112, 1)
src_img shape: (144, 96, 112, 1)
aff_def shape: (144, 96, 112, 1)

 1/68 [..............................] - ETA: 5:13:14 - loss: 276.4544 - warpedSrc_loss: 27.6525 - movedSegm_loss: -0.0354 - srcSegm_loss: -0.0352 - nonr_def_loss: 4.2853e-09 - warpedSrc_MeanSquaredError: 27.6525 - movedSegm_sigmoid_sftDC: 0.0319 - srcSegm_sigmoid_DC: 0.0317 - nonr_def_mean_absolute_error: 9.0755e-05affine min: 0.0, max: 123.61847686767578
tensor shape: (144, 96, 112, 1)
segm1 shape: (144, 96, 112, 1)
segm2 shape: (144, 96, 112, 1)
tgt_img shape: (144, 96, 112, 1)
src_img shape: (144, 96, 112, 1)
aff_def shape: (144, 96, 112, 1)

 2/68 [..............................] - ETA: 5:02:59 - loss: 254.2092 - warpedSrc_loss: 25.4295 - movedSegm_loss: -0.0420 - srcSegm_loss: -0.0441 - nonr_def_loss: 1.3118e-04 - warpedSrc_MeanSquaredError: 25.4295 - movedSegm_sigmoid_sftDC: 0.0446 - srcSegm_sigmoid_DC: 0.0471 - nonr_def_mean_absolute_error: 0.0312    affine min: 0.0, max: 121.73023986816406
tensor shape: (144, 96, 112, 1)
segm1 shape: (144, 96, 112, 1)
segm2 shape: (144, 96, 112, 1)
tgt_img shape: (144, 96, 112, 1)
src_img shape: (144, 96, 112, 1)
aff_def shape: (144, 96, 112, 1)

 3/68 [>.............................] - ETA: 4:56:38 - loss: 270.0717 - warpedSrc_loss: 27.0173 - movedSegm_loss: -0.0497 - srcSegm_loss: -0.0518 - nonr_def_loss: 1.7937e-04 - warpedSrc_MeanSquaredError: 27.0173 - movedSegm_sigmoid_sftDC: 0.0568 - srcSegm_sigmoid_DC: 0.0594 - nonr_def_mean_absolute_error: 0.0514affine min: 0.0, max: 120.14934539794922
tensor shape: (144, 96, 112, 1)
segm1 shape: (144, 96, 112, 1)
segm2 shape: (144, 96, 112, 1)
tgt_img shape: (144, 96, 112, 1)
src_img shape: (144, 96, 112, 1)
aff_def shape: (144, 96, 112, 1)

 4/68 [>.............................] - ETA: 4:51:35 - loss: 342.1309 - warpedSrc_loss: 34.2240 - movedSegm_loss: -0.0533 - srcSegm_loss: -0.0557 - nonr_def_loss: 2.0294e-04 - warpedSrc_MeanSquaredError: 34.2240 - movedSegm_sigmoid_sftDC: 0.0625 - srcSegm_sigmoid_DC: 0.0656 - nonr_def_mean_absolute_error: 0.0665affine min: 0.0, max: 120.45677947998047
tensor shape: (144, 96, 112, 1)
segm1 shape: (144, 96, 112, 1)
segm2 shape: (144, 96, 112, 1)
tgt_img shape: (144, 96, 112, 1)
src_img shape: (144, 96, 112, 1)
aff_def shape: (144, 96, 112, 1)

 5/68 [=>............................] - ETA: 4:46:22 - loss: 361.9628 - warpedSrc_loss: 36.2081 - movedSegm_loss: -0.0581 - srcSegm_loss: -0.0598 - nonr_def_loss: 2.0313e-04 - warpedSrc_MeanSquaredError: 36.2081 - movedSegm_sigmoid_sftDC: 0.0693 - srcSegm_sigmoid_DC: 0.0715 - nonr_def_mean_absolute_error: 0.0757affine min: 0.0, max: 123.013427734375
tensor shape: (144, 96, 112, 1)
segm1 shape: (144, 96, 112, 1)
segm2 shape: (144, 96, 112, 1)
tgt_img shape: (144, 96, 112, 1)
src_img shape: (144, 96, 112, 1)
aff_def shape: (144, 96, 112, 1)

 6/68 [=>............................] - ETA: 4:41:45 - loss: 425.4732 - warpedSrc_loss: 42.5593 - movedSegm_loss: -0.0592 - srcSegm_loss: -0.0607 - nonr_def_loss: 2.2633e-04 - warpedSrc_MeanSquaredError: 42.5593 - movedSegm_sigmoid_sftDC: 0.0716 - srcSegm_sigmoid_DC: 0.0735 - nonr_def_mean_absolute_error: 0.0847affine min: 0.0, max: 122.56172180175781
tensor shape: (144, 96, 112, 1)
segm1 shape: (144, 96, 112, 1)
segm2 shape: (144, 96, 112, 1)
tgt_img shape: (144, 96, 112, 1)
src_img shape: (144, 96, 112, 1)
aff_def shape: (144, 96, 112, 1)

 7/68 [==>...........................] - ETA: 4:37:33 - loss: 450.9981 - warpedSrc_loss: 45.1125 - movedSegm_loss: -0.0623 - srcSegm_loss: -0.0646 - nonr_def_loss: 2.4117e-04 - warpedSrc_MeanSquaredError: 45.1125 - movedSegm_sigmoid_sftDC: 0.0773 - srcSegm_sigmoid_DC: 0.0805 - nonr_def_mean_absolute_error: 0.0926affine min: 0.0, max: 133.1759033203125
tensor shape: (144, 96, 112, 1)
segm1 shape: (144, 96, 112, 1)
segm2 shape: (144, 96, 112, 1)
tgt_img shape: (144, 96, 112, 1)
src_img shape: (144, 96, 112, 1)
aff_def shape: (144, 96, 112, 1)

 8/68 [==>...........................] - ETA: 4:33:06 - loss: 576.7586 - warpedSrc_loss: 57.6889 - movedSegm_loss: -0.0638 - srcSegm_loss: -0.0661 - nonr_def_loss: 2.6229e-04 - warpedSrc_MeanSquaredError: 57.6889 - movedSegm_sigmoid_sftDC: 0.0810 - srcSegm_sigmoid_DC: 0.0840 - nonr_def_mean_absolute_error: 0.1007affine min: 0.0, max: 121.48980712890625
tensor shape: (144, 96, 112, 1)
segm1 shape: (144, 96, 112, 1)
segm2 shape: (144, 96, 112, 1)
tgt_img shape: (144, 96, 112, 1)
src_img shape: (144, 96, 112, 1)
aff_def shape: (144, 96, 112, 1)

 9/68 [==>...........................] - ETA: 4:28:18 - loss: 551.7852 - warpedSrc_loss: 55.1918 - movedSegm_loss: -0.0658 - srcSegm_loss: -0.0675 - nonr_def_loss: 3.0005e-04 - warpedSrc_MeanSquaredError: 55.1918 - movedSegm_sigmoid_sftDC: 0.0856 - srcSegm_sigmoid_DC: 0.0879 - nonr_def_mean_absolute_error: 0.1092affine min: 0.0, max: 119.0069808959961
tensor shape: (144, 96, 112, 1)
segm1 shape: (144, 96, 112, 1)
segm2 shape: (144, 96, 112, 1)
tgt_img shape: (144, 96, 112, 1)
src_img shape: (144, 96, 112, 1)
aff_def shape: (144, 96, 112, 1)

10/68 [===>..........................] - ETA: 4:23:30 - loss: 553.6015 - warpedSrc_loss: 55.3737 - movedSegm_loss: -0.0667 - srcSegm_loss: -0.0683 - nonr_def_loss: 3.3549e-04 - warpedSrc_MeanSquaredError: 55.3737 - movedSegm_sigmoid_sftDC: 0.0888 - srcSegm_sigmoid_DC: 0.0909 - nonr_def_mean_absolute_error: 0.1169affine min: 0.0, max: 124.34178161621094
tensor shape: (144, 96, 112, 1)
segm1 shape: (144, 96, 112, 1)
segm2 shape: (144, 96, 112, 1)
tgt_img shape: (144, 96, 112, 1)
src_img shape: (144, 96, 112, 1)
aff_def shape: (144, 96, 112, 1)

11/68 [===>..........................] - ETA: 4:18:44 - loss: 543.6478 - warpedSrc_loss: 54.3784 - movedSegm_loss: -0.0676 - srcSegm_loss: -0.0690 - nonr_def_loss: 3.7544e-04 - warpedSrc_MeanSquaredError: 54.3784 - movedSegm_sigmoid_sftDC: 0.0918 - srcSegm_sigmoid_DC: 0.0936 - nonr_def_mean_absolute_error: 0.1244affine min: 0.0, max: 125.55381774902344
tensor shape: (144, 96, 112, 1)
segm1 shape: (144, 96, 112, 1)
segm2 shape: (144, 96, 112, 1)
tgt_img shape: (144, 96, 112, 1)
src_img shape: (144, 96, 112, 1)
aff_def shape: (144, 96, 112, 1)

12/68 [====>.........................] - ETA: 4:14:12 - loss: 813.8786 - warpedSrc_loss: 81.4017 - movedSegm_loss: -0.0685 - srcSegm_loss: -0.0697 - nonr_def_loss: 4.1808e-04 - warpedSrc_MeanSquaredError: 81.4017 - movedSegm_sigmoid_sftDC: 0.0945 - srcSegm_sigmoid_DC: 0.0964 - nonr_def_mean_absolute_error: 0.1318affine min: 0.0, max: 156.8499755859375
tensor shape: (144, 96, 112, 1)
segm1 shape: (144, 96, 112, 1)
segm2 shape: (144, 96, 112, 1)
tgt_img shape: (144, 96, 112, 1)
src_img shape: (144, 96, 112, 1)
aff_def shape: (144, 96, 112, 1)

13/68 [====>.........................] - ETA: 4:09:32 - loss: 832.9332 - warpedSrc_loss: 83.3076 - movedSegm_loss: -0.0709 - srcSegm_loss: -0.0718 - nonr_def_loss: 4.6848e-04 - warpedSrc_MeanSquaredError: 83.3076 - movedSegm_sigmoid_sftDC: 0.1009 - srcSegm_sigmoid_DC: 0.1025 - nonr_def_mean_absolute_error: 0.1400affine min: 0.0, max: 124.5113296508789
tensor shape: (144, 96, 112, 1)
segm1 shape: (144, 96, 112, 1)
segm2 shape: (144, 96, 112, 1)
tgt_img shape: (144, 96, 112, 1)
src_img shape: (144, 96, 112, 1)
aff_def shape: (144, 96, 112, 1)

14/68 [=====>........................] - ETA: 4:04:55 - loss: 922.1894 - warpedSrc_loss: 92.2334 - movedSegm_loss: -0.0723 - srcSegm_loss: -0.0728 - nonr_def_loss: 4.9867e-04 - warpedSrc_MeanSquaredError: 92.2334 - movedSegm_sigmoid_sftDC: 0.1071 - srcSegm_sigmoid_DC: 0.1080 - nonr_def_mean_absolute_error: 0.1476affine min: 0.0, max: 116.26301574707031
tensor shape: (144, 96, 112, 1)
segm1 shape: (144, 96, 112, 1)
segm2 shape: (144, 96, 112, 1)
tgt_img shape: (144, 96, 112, 1)
src_img shape: (144, 96, 112, 1)
aff_def shape: (144, 96, 112, 1)

15/68 [=====>........................] - ETA: 4:00:23 - loss: 1130.3867 - warpedSrc_loss: 113.0533 - movedSegm_loss: -0.0728 - srcSegm_loss: -0.0732 - nonr_def_loss: 5.3787e-04 - warpedSrc_MeanSquaredError: 113.0533 - movedSegm_sigmoid_sftDC: 0.1124 - srcSegm_sigmoid_DC: 0.1132 - nonr_def_mean_absolute_error: 0.1555affine min: 0.0, max: 119.85924530029297
tensor shape: (144, 96, 112, 1)
segm1 shape: (144, 96, 112, 1)
segm2 shape: (144, 96, 112, 1)
tgt_img shape: (144, 96, 112, 1)
src_img shape: (144, 96, 112, 1)
aff_def shape: (144, 96, 112, 1)

16/68 [======>.......................] - ETA: 3:55:51 - loss: 1134.6615 - warpedSrc_loss: 113.4808 - movedSegm_loss: -0.0729 - srcSegm_loss: -0.0734 - nonr_def_loss: 5.7451e-04 - warpedSrc_MeanSquaredError: 113.4808 - movedSegm_sigmoid_sftDC: 0.1161 - srcSegm_sigmoid_DC: 0.1169 - nonr_def_mean_absolute_error: 0.1640affine min: 0.0, max: 118.32209777832031
tensor shape: (144, 96, 112, 1)
segm1 shape: (144, 96, 112, 1)
segm2 shape: (144, 96, 112, 1)
tgt_img shape: (144, 96, 112, 1)
src_img shape: (144, 96, 112, 1)
aff_def shape: (144, 96, 112, 1)

17/68 [======>.......................] - ETA: 3:51:19 - loss: 1120.6897 - warpedSrc_loss: 112.0837 - movedSegm_loss: -0.0734 - srcSegm_loss: -0.0737 - nonr_def_loss: 6.3445e-04 - warpedSrc_MeanSquaredError: 112.0837 - movedSegm_sigmoid_sftDC: 0.1212 - srcSegm_sigmoid_DC: 0.1217 - nonr_def_mean_absolute_error: 0.1728affine min: 0.0, max: 119.9021987915039
tensor shape: (144, 96, 112, 1)
segm1 shape: (144, 96, 112, 1)
segm2 shape: (144, 96, 112, 1)
tgt_img shape: (144, 96, 112, 1)
src_img shape: (144, 96, 112, 1)
aff_def shape: (144, 96, 112, 1)

18/68 [======>.......................] - ETA: 3:46:47 - loss: 1282.3168 - warpedSrc_loss: 128.2464 - movedSegm_loss: -0.0737 - srcSegm_loss: -0.0740 - nonr_def_loss: 6.7638e-04 - warpedSrc_MeanSquaredError: 128.2464 - movedSegm_sigmoid_sftDC: 0.1258 - srcSegm_sigmoid_DC: 0.1263 - nonr_def_mean_absolute_error: 0.1815affine min: 0.0, max: 127.63117980957031
tensor shape: (144, 96, 112, 1)
segm1 shape: (144, 96, 112, 1)
segm2 shape: (144, 96, 112, 1)
tgt_img shape: (144, 96, 112, 1)
src_img shape: (144, 96, 112, 1)
aff_def shape: (144, 96, 112, 1)

19/68 [=======>......................] - ETA: 3:42:14 - loss: 1232.5182 - warpedSrc_loss: 123.2668 - movedSegm_loss: -0.0748 - srcSegm_loss: -0.0751 - nonr_def_loss: 7.0988e-04 - warpedSrc_MeanSquaredError: 123.2668 - movedSegm_sigmoid_sftDC: 0.1317 - srcSegm_sigmoid_DC: 0.1320 - nonr_def_mean_absolute_error: 0.1894affine min: 0.0, max: 119.12646484375
tensor shape: (144, 96, 112, 1)
segm1 shape: (144, 96, 112, 1)
segm2 shape: (144, 96, 112, 1)
tgt_img shape: (144, 96, 112, 1)
src_img shape: (144, 96, 112, 1)
aff_def shape: (144, 96, 112, 1)

20/68 [=======>......................] - ETA: 3:37:42 - loss: 1223.7712 - warpedSrc_loss: 122.3921 - movedSegm_loss: -0.0751 - srcSegm_loss: -0.0753 - nonr_def_loss: 7.2895e-04 - warpedSrc_MeanSquaredError: 122.3921 - movedSegm_sigmoid_sftDC: 0.1358 - srcSegm_sigmoid_DC: 0.1359 - nonr_def_mean_absolute_error: 0.1970affine min: 0.0, max: 121.27332305908203
tensor shape: (144, 96, 112, 1)
segm1 shape: (144, 96, 112, 1)
segm2 shape: (144, 96, 112, 1)
tgt_img shape: (144, 96, 112, 1)
src_img shape: (144, 96, 112, 1)
aff_def shape: (144, 96, 112, 1)

21/68 [========>.....................] - ETA: 3:33:12 - loss: 1177.1694 - warpedSrc_loss: 117.7321 - movedSegm_loss: -0.0754 - srcSegm_loss: -0.0758 - nonr_def_loss: 7.5126e-04 - warpedSrc_MeanSquaredError: 117.7321 - movedSegm_sigmoid_sftDC: 0.1396 - srcSegm_sigmoid_DC: 0.1402 - nonr_def_mean_absolute_error: 0.2035affine min: 0.0, max: 148.77102661132812
tensor shape: (144, 96, 112, 1)
segm1 shape: (144, 96, 112, 1)
segm2 shape: (144, 96, 112, 1)
tgt_img shape: (144, 96, 112, 1)
src_img shape: (144, 96, 112, 1)
aff_def shape: (144, 96, 112, 1)

22/68 [========>.....................] - ETA: 3:28:41 - loss: 1143.5472 - warpedSrc_loss: 114.3699 - movedSegm_loss: -0.0760 - srcSegm_loss: -0.0762 - nonr_def_loss: 7.7214e-04 - warpedSrc_MeanSquaredError: 114.3699 - movedSegm_sigmoid_sftDC: 0.1438 - srcSegm_sigmoid_DC: 0.1439 - nonr_def_mean_absolute_error: 0.2094affine min: 0.0, max: 122.0002670288086
tensor shape: (144, 96, 112, 1)
segm1 shape: (144, 96, 112, 1)
segm2 shape: (144, 96, 112, 1)
tgt_img shape: (144, 96, 112, 1)
src_img shape: (144, 96, 112, 1)
aff_def shape: (144, 96, 112, 1)

23/68 [=========>....................] - ETA: 3:24:09 - loss: 1207.1879 - warpedSrc_loss: 120.7340 - movedSegm_loss: -0.0759 - srcSegm_loss: -0.0759 - nonr_def_loss: 7.9315e-04 - warpedSrc_MeanSquaredError: 120.7340 - movedSegm_sigmoid_sftDC: 0.1459 - srcSegm_sigmoid_DC: 0.1456 - nonr_def_mean_absolute_error: 0.2148affine min: 0.0, max: 118.56726837158203
tensor shape: (144, 96, 112, 1)
segm1 shape: (144, 96, 112, 1)
segm2 shape: (144, 96, 112, 1)
tgt_img shape: (144, 96, 112, 1)
src_img shape: (144, 96, 112, 1)
aff_def shape: (144, 96, 112, 1)

24/68 [=========>....................] - ETA: 3:19:37 - loss: 1191.5738 - warpedSrc_loss: 119.1726 - movedSegm_loss: -0.0759 - srcSegm_loss: -0.0760 - nonr_def_loss: 8.1765e-04 - warpedSrc_MeanSquaredError: 119.1726 - movedSegm_sigmoid_sftDC: 0.1483 - srcSegm_sigmoid_DC: 0.1482 - nonr_def_mean_absolute_error: 0.2193affine min: 0.0, max: 122.51236724853516
tensor shape: (144, 96, 112, 1)
segm1 shape: (144, 96, 112, 1)
segm2 shape: (144, 96, 112, 1)
tgt_img shape: (144, 96, 112, 1)
src_img shape: (144, 96, 112, 1)
aff_def shape: (144, 96, 112, 1)

25/68 [==========>...................] - ETA: 3:15:04 - loss: 1169.7944 - warpedSrc_loss: 116.9946 - movedSegm_loss: -0.0756 - srcSegm_loss: -0.0758 - nonr_def_loss: 8.4261e-04 - warpedSrc_MeanSquaredError: 116.9946 - movedSegm_sigmoid_sftDC: 0.1500 - srcSegm_sigmoid_DC: 0.1502 - nonr_def_mean_absolute_error: 0.2237affine min: 0.0, max: 181.0196075439453
tensor shape: (144, 96, 112, 1)
segm1 shape: (144, 96, 112, 1)
segm2 shape: (144, 96, 112, 1)
tgt_img shape: (144, 96, 112, 1)
src_img shape: (144, 96, 112, 1)
aff_def shape: (144, 96, 112, 1)

26/68 [==========>...................] - ETA: 3:10:27 - loss: 1264.2108 - warpedSrc_loss: 126.4363 - movedSegm_loss: -0.0759 - srcSegm_loss: -0.0760 - nonr_def_loss: 8.6763e-04 - warpedSrc_MeanSquaredError: 126.4363 - movedSegm_sigmoid_sftDC: 0.1536 - srcSegm_sigmoid_DC: 0.1535 - nonr_def_mean_absolute_error: 0.2277affine min: 0.0, max: 129.3429718017578
tensor shape: (144, 96, 112, 1)
segm1 shape: (144, 96, 112, 1)
segm2 shape: (144, 96, 112, 1)
tgt_img shape: (144, 96, 112, 1)
src_img shape: (144, 96, 112, 1)
aff_def shape: (144, 96, 112, 1)

27/68 [==========>...................] - ETA: 3:05:52 - loss: 1246.2152 - warpedSrc_loss: 124.6367 - movedSegm_loss: -0.0760 - srcSegm_loss: -0.0760 - nonr_def_loss: 8.9178e-04 - warpedSrc_MeanSquaredError: 124.6367 - movedSegm_sigmoid_sftDC: 0.1565 - srcSegm_sigmoid_DC: 0.1562 - nonr_def_mean_absolute_error: 0.2315affine min: 0.0, max: 124.49322509765625
tensor shape: (144, 96, 112, 1)
segm1 shape: (144, 96, 112, 1)
segm2 shape: (144, 96, 112, 1)
tgt_img shape: (144, 96, 112, 1)
src_img shape: (144, 96, 112, 1)
aff_def shape: (144, 96, 112, 1)

28/68 [===========>..................] - ETA: 3:01:16 - loss: 1319.2176 - warpedSrc_loss: 131.9370 - movedSegm_loss: -0.0763 - srcSegm_loss: -0.0764 - nonr_def_loss: 9.1767e-04 - warpedSrc_MeanSquaredError: 131.9370 - movedSegm_sigmoid_sftDC: 0.1599 - srcSegm_sigmoid_DC: 0.1598 - nonr_def_mean_absolute_error: 0.2355affine min: 0.0, max: 124.52397918701172
tensor shape: (144, 96, 112, 1)
segm1 shape: (144, 96, 112, 1)
segm2 shape: (144, 96, 112, 1)
tgt_img shape: (144, 96, 112, 1)
src_img shape: (144, 96, 112, 1)
aff_def shape: (144, 96, 112, 1)

29/68 [===========>..................] - ETA: 2:56:41 - loss: 1292.5027 - warpedSrc_loss: 129.2656 - movedSegm_loss: -0.0767 - srcSegm_loss: -0.0767 - nonr_def_loss: 9.3955e-04 - warpedSrc_MeanSquaredError: 129.2656 - movedSegm_sigmoid_sftDC: 0.1634 - srcSegm_sigmoid_DC: 0.1631 - nonr_def_mean_absolute_error: 0.2397affine min: 0.0, max: 129.3511962890625
tensor shape: (144, 96, 112, 1)
segm1 shape: (144, 96, 112, 1)
segm2 shape: (144, 96, 112, 1)
tgt_img shape: (144, 96, 112, 1)
src_img shape: (144, 96, 112, 1)
aff_def shape: (144, 96, 112, 1)

30/68 [============>.................] - ETA: 2:52:06 - loss: 1323.8334 - warpedSrc_loss: 132.3988 - movedSegm_loss: -0.0773 - srcSegm_loss: -0.0773 - nonr_def_loss: 9.6026e-04 - warpedSrc_MeanSquaredError: 132.3988 - movedSegm_sigmoid_sftDC: 0.1673 - srcSegm_sigmoid_DC: 0.1669 - nonr_def_mean_absolute_error: 0.2444affine min: 0.0, max: 120.93348693847656
tensor shape: (144, 96, 112, 1)
segm1 shape: (144, 96, 112, 1)
segm2 shape: (144, 96, 112, 1)
tgt_img shape: (144, 96, 112, 1)
src_img shape: (144, 96, 112, 1)
aff_def shape: (144, 96, 112, 1)

31/68 [============>.................] - ETA: 2:47:36 - loss: 1353.4980 - warpedSrc_loss: 135.3653 - movedSegm_loss: -0.0775 - srcSegm_loss: -0.0776 - nonr_def_loss: 9.8463e-04 - warpedSrc_MeanSquaredError: 135.3653 - movedSegm_sigmoid_sftDC: 0.1700 - srcSegm_sigmoid_DC: 0.1695 - nonr_def_mean_absolute_error: 0.2489affine min: 0.0, max: 121.64763641357422
tensor shape: (144, 96, 112, 1)
segm1 shape: (144, 96, 112, 1)
segm2 shape: (144, 96, 112, 1)
tgt_img shape: (144, 96, 112, 1)
src_img shape: (144, 96, 112, 1)
aff_def shape: (144, 96, 112, 1)

32/68 [=============>................] - ETA: 2:43:03 - loss: 1320.3464 - warpedSrc_loss: 132.0502 - movedSegm_loss: -0.0778 - srcSegm_loss: -0.0778 - nonr_def_loss: 0.0010 - warpedSrc_MeanSquaredError: 132.0502 - movedSegm_sigmoid_sftDC: 0.1730 - srcSegm_sigmoid_DC: 0.1724 - nonr_def_mean_absolute_error: 0.2532    affine min: 0.0, max: 122.41776275634766
tensor shape: (144, 96, 112, 1)
segm1 shape: (144, 96, 112, 1)
segm2 shape: (144, 96, 112, 1)
tgt_img shape: (144, 96, 112, 1)
src_img shape: (144, 96, 112, 1)
aff_def shape: (144, 96, 112, 1)

33/68 [=============>................] - ETA: 2:38:32 - loss: 1293.1817 - warpedSrc_loss: 129.3338 - movedSegm_loss: -0.0783 - srcSegm_loss: -0.0783 - nonr_def_loss: 0.0010 - warpedSrc_MeanSquaredError: 129.3338 - movedSegm_sigmoid_sftDC: 0.1763 - srcSegm_sigmoid_DC: 0.1755 - nonr_def_mean_absolute_error: 0.2571affine min: 0.0, max: 125.7037124633789
tensor shape: (144, 96, 112, 1)
segm1 shape: (144, 96, 112, 1)
segm2 shape: (144, 96, 112, 1)
tgt_img shape: (144, 96, 112, 1)
src_img shape: (144, 96, 112, 1)
aff_def shape: (144, 96, 112, 1)

34/68 [==============>...............] - ETA: 2:34:00 - loss: 1265.3416 - warpedSrc_loss: 126.5498 - movedSegm_loss: -0.0781 - srcSegm_loss: -0.0780 - nonr_def_loss: 0.0010 - warpedSrc_MeanSquaredError: 126.5498 - movedSegm_sigmoid_sftDC: 0.1776 - srcSegm_sigmoid_DC: 0.1765 - nonr_def_mean_absolute_error: 0.2612affine min: 0.0, max: 120.29960632324219
tensor shape: (144, 96, 112, 1)
segm1 shape: (144, 96, 112, 1)
segm2 shape: (144, 96, 112, 1)
tgt_img shape: (144, 96, 112, 1)
src_img shape: (144, 96, 112, 1)
aff_def shape: (144, 96, 112, 1)

35/68 [==============>...............] - ETA: 2:29:27 - loss: 1238.5994 - warpedSrc_loss: 123.8757 - movedSegm_loss: -0.0788 - srcSegm_loss: -0.0785 - nonr_def_loss: 0.0011 - warpedSrc_MeanSquaredError: 123.8757 - movedSegm_sigmoid_sftDC: 0.1811 - srcSegm_sigmoid_DC: 0.1795 - nonr_def_mean_absolute_error: 0.2646affine min: 0.0, max: 119.89848327636719
tensor shape: (144, 96, 112, 1)
segm1 shape: (144, 96, 112, 1)
segm2 shape: (144, 96, 112, 1)
tgt_img shape: (144, 96, 112, 1)
src_img shape: (144, 96, 112, 1)
aff_def shape: (144, 96, 112, 1)

36/68 [==============>...............] - ETA: 2:24:54 - loss: 1239.6484 - warpedSrc_loss: 123.9806 - movedSegm_loss: -0.0791 - srcSegm_loss: -0.0788 - nonr_def_loss: 0.0011 - warpedSrc_MeanSquaredError: 123.9806 - movedSegm_sigmoid_sftDC: 0.1835 - srcSegm_sigmoid_DC: 0.1819 - nonr_def_mean_absolute_error: 0.2679affine min: 0.0, max: 128.2387237548828
tensor shape: (144, 96, 112, 1)
segm1 shape: (144, 96, 112, 1)
segm2 shape: (144, 96, 112, 1)
tgt_img shape: (144, 96, 112, 1)
src_img shape: (144, 96, 112, 1)
aff_def shape: (144, 96, 112, 1)

37/68 [===============>..............] - ETA: 2:20:24 - loss: 1217.8792 - warpedSrc_loss: 121.8037 - movedSegm_loss: -0.0790 - srcSegm_loss: -0.0787 - nonr_def_loss: 0.0011 - warpedSrc_MeanSquaredError: 121.8037 - movedSegm_sigmoid_sftDC: 0.1849 - srcSegm_sigmoid_DC: 0.1833 - nonr_def_mean_absolute_error: 0.2709affine min: 0.0, max: 130.68252563476562
tensor shape: (144, 96, 112, 1)
segm1 shape: (144, 96, 112, 1)
segm2 shape: (144, 96, 112, 1)
tgt_img shape: (144, 96, 112, 1)
src_img shape: (144, 96, 112, 1)
aff_def shape: (144, 96, 112, 1)
