Construct model
__________________________________________________________________________________________________
Layer (type)                    Output Shape         Param #     Connected to                     
==================================================================================================
input_1 (InputLayer)            (None, 176, 80, 96,  0                                            
__________________________________________________________________________________________________
input_2 (InputLayer)            (None, 176, 80, 96,  0                                            
__________________________________________________________________________________________________
input_4 (InputLayer)            (None, 176, 80, 96,  0                                            
__________________________________________________________________________________________________
input_3 (InputLayer)            (None, 176, 80, 96,  0                                            
__________________________________________________________________________________________________
model_2 (Model)                 [(None, 176, 80, 96, 4707067     input_1[0][0]                    
                                                                 input_2[0][0]                    
                                                                 input_4[0][0]                    
__________________________________________________________________________________________________
model_1 (Model)                 (None, 176, 80, 96,  5888449     input_3[0][0]                    
__________________________________________________________________________________________________
srcSegm (Lambda)                (None, 176, 80, 96,  0           model_1[1][0]                    
__________________________________________________________________________________________________
nonr_def (Lambda)               (None, 176, 80, 96,  0           model_2[1][1]                    
__________________________________________________________________________________________________
warpedSrc (Lambda)              (None, 176, 80, 96,  0           model_2[1][0]                    
__________________________________________________________________________________________________
movedSegm (SpatialTransformer)  [(None, 176, 80, 96, 0           srcSegm[0][0]                    
                                                                 nonr_def[0][0]                   
==================================================================================================
Total params: 10,595,516
Trainable params: 10,589,660
Non-trainable params: 5,856
__________________________________________________________________________________________________
train a new model!
train with 1 GPU
Epoch 1/30

  1/138 [..............................] - ETA: 8:37:15 - loss: 0.0464 - warpedSrc_loss: 0.0271 - movedSegm_loss: -0.0305 - srcSegm_loss: -0.0289 - nonr_def_loss: 4.8862e-09 - warpedSrc_MeanSquaredError: 0.0271 - movedSegm_sigmoid_sftDC: 0.0221 - srcSegm_sigmoid_DC: 0.0203 - nonr_def_mean_absolute_error: 8.6744e-05
  2/138 [..............................] - ETA: 8:23:51 - loss: -0.0739 - warpedSrc_loss: 0.0206 - movedSegm_loss: -0.0592 - srcSegm_loss: -0.0586 - nonr_def_loss: 2.0099e-05 - warpedSrc_MeanSquaredError: 0.0206 - movedSegm_sigmoid_sftDC: 0.0884 - srcSegm_sigmoid_DC: 0.0861 - nonr_def_mean_absolute_error: 0.0152   
  3/138 [..............................] - ETA: 8:17:07 - loss: 1.2329 - warpedSrc_loss: 0.2919 - movedSegm_loss: -0.0871 - srcSegm_loss: -0.0641 - nonr_def_loss: 4.0464e-05 - warpedSrc_MeanSquaredError: 0.2919 - movedSegm_sigmoid_sftDC: 0.1328 - srcSegm_sigmoid_DC: 0.0983 - nonr_def_mean_absolute_error: 0.0260 
  4/138 [..............................] - ETA: 8:11:37 - loss: 1.6453 - warpedSrc_loss: 0.3817 - movedSegm_loss: -0.1013 - srcSegm_loss: -0.0743 - nonr_def_loss: 7.1686e-05 - warpedSrc_MeanSquaredError: 0.3817 - movedSegm_sigmoid_sftDC: 0.1517 - srcSegm_sigmoid_DC: 0.1108 - nonr_def_mean_absolute_error: 0.0373
  5/138 [>.............................] - ETA: 8:07:02 - loss: 1.2422 - warpedSrc_loss: 0.3094 - movedSegm_loss: -0.1131 - srcSegm_loss: -0.0900 - nonr_def_loss: 1.1577e-04 - warpedSrc_MeanSquaredError: 0.3094 - movedSegm_sigmoid_sftDC: 0.1685 - srcSegm_sigmoid_DC: 0.1331 - nonr_def_mean_absolute_error: 0.0500
  6/138 [>.............................] - ETA: 8:02:35 - loss: 1.0714 - warpedSrc_loss: 0.2762 - movedSegm_loss: -0.1125 - srcSegm_loss: -0.0939 - nonr_def_loss: 1.4629e-04 - warpedSrc_MeanSquaredError: 0.2762 - movedSegm_sigmoid_sftDC: 0.1647 - srcSegm_sigmoid_DC: 0.1359 - nonr_def_mean_absolute_error: 0.0582
  7/138 [>.............................] - ETA: 7:58:33 - loss: 0.8893 - warpedSrc_loss: 0.2419 - movedSegm_loss: -0.1148 - srcSegm_loss: -0.0988 - nonr_def_loss: 1.6726e-04 - warpedSrc_MeanSquaredError: 0.2419 - movedSegm_sigmoid_sftDC: 0.1672 - srcSegm_sigmoid_DC: 0.1424 - nonr_def_mean_absolute_error: 0.0629
  8/138 [>.............................] - ETA: 7:54:33 - loss: 0.7497 - warpedSrc_loss: 0.2174 - movedSegm_loss: -0.1194 - srcSegm_loss: -0.1054 - nonr_def_loss: 1.8031e-04 - warpedSrc_MeanSquaredError: 0.2174 - movedSegm_sigmoid_sftDC: 0.1760 - srcSegm_sigmoid_DC: 0.1542 - nonr_def_mean_absolute_error: 0.0669
  9/138 [>.............................] - ETA: 7:50:40 - loss: 0.9875 - warpedSrc_loss: 0.2682 - movedSegm_loss: -0.1266 - srcSegm_loss: -0.1091 - nonr_def_loss: 2.0899e-04 - warpedSrc_MeanSquaredError: 0.2682 - movedSegm_sigmoid_sftDC: 0.1869 - srcSegm_sigmoid_DC: 0.1596 - nonr_def_mean_absolute_error: 0.0709
 10/138 [=>............................] - ETA: 7:46:48 - loss: 0.8459 - warpedSrc_loss: 0.2429 - movedSegm_loss: -0.1309 - srcSegm_loss: -0.1149 - nonr_def_loss: 2.3772e-04 - warpedSrc_MeanSquaredError: 0.2429 - movedSegm_sigmoid_sftDC: 0.1944 - srcSegm_sigmoid_DC: 0.1694 - nonr_def_mean_absolute_error: 0.0750
 11/138 [=>............................] - ETA: 7:42:57 - loss: 0.7308 - warpedSrc_loss: 0.2229 - movedSegm_loss: -0.1351 - srcSegm_loss: -0.1208 - nonr_def_loss: 2.6880e-04 - warpedSrc_MeanSquaredError: 0.2229 - movedSegm_sigmoid_sftDC: 0.2015 - srcSegm_sigmoid_DC: 0.1790 - nonr_def_mean_absolute_error: 0.0788
 12/138 [=>............................] - ETA: 7:39:08 - loss: 1.0173 - warpedSrc_loss: 0.2814 - movedSegm_loss: -0.1390 - srcSegm_loss: -0.1207 - nonr_def_loss: 3.0100e-04 - warpedSrc_MeanSquaredError: 0.2814 - movedSegm_sigmoid_sftDC: 0.2077 - srcSegm_sigmoid_DC: 0.1795 - nonr_def_mean_absolute_error: 0.0815
 13/138 [=>............................] - ETA: 7:35:25 - loss: 1.0844 - warpedSrc_loss: 0.2958 - movedSegm_loss: -0.1394 - srcSegm_loss: -0.1237 - nonr_def_loss: 3.3584e-04 - warpedSrc_MeanSquaredError: 0.2958 - movedSegm_sigmoid_sftDC: 0.2113 - srcSegm_sigmoid_DC: 0.1873 - nonr_def_mean_absolute_error: 0.0850
 14/138 [==>...........................] - ETA: 7:31:40 - loss: 1.2981 - warpedSrc_loss: 0.3372 - movedSegm_loss: -0.1433 - srcSegm_loss: -0.1154 - nonr_def_loss: 3.6111e-04 - warpedSrc_MeanSquaredError: 0.3372 - movedSegm_sigmoid_sftDC: 0.2177 - srcSegm_sigmoid_DC: 0.1748 - nonr_def_mean_absolute_error: 0.0887
 15/138 [==>...........................] - ETA: 7:28:01 - loss: 1.2200 - warpedSrc_loss: 0.3223 - movedSegm_loss: -0.1436 - srcSegm_loss: -0.1175 - nonr_def_loss: 3.9246e-04 - warpedSrc_MeanSquaredError: 0.3223 - movedSegm_sigmoid_sftDC: 0.2194 - srcSegm_sigmoid_DC: 0.1795 - nonr_def_mean_absolute_error: 0.0937
 16/138 [==>...........................] - ETA: 7:24:23 - loss: 1.1324 - warpedSrc_loss: 0.3065 - movedSegm_loss: -0.1456 - srcSegm_loss: -0.1212 - nonr_def_loss: 4.3351e-04 - warpedSrc_MeanSquaredError: 0.3065 - movedSegm_sigmoid_sftDC: 0.2233 - srcSegm_sigmoid_DC: 0.1858 - nonr_def_mean_absolute_error: 0.0993
 17/138 [==>...........................] - ETA: 7:20:45 - loss: 1.0410 - warpedSrc_loss: 0.2911 - movedSegm_loss: -0.1498 - srcSegm_loss: -0.1266 - nonr_def_loss: 4.6040e-04 - warpedSrc_MeanSquaredError: 0.2911 - movedSegm_sigmoid_sftDC: 0.2287 - srcSegm_sigmoid_DC: 0.1930 - nonr_def_mean_absolute_error: 0.1044
 18/138 [==>...........................] - ETA: 7:17:05 - loss: 0.9618 - warpedSrc_loss: 0.2761 - movedSegm_loss: -0.1508 - srcSegm_loss: -0.1284 - nonr_def_loss: 4.9951e-04 - warpedSrc_MeanSquaredError: 0.2761 - movedSegm_sigmoid_sftDC: 0.2306 - srcSegm_sigmoid_DC: 0.1961 - nonr_def_mean_absolute_error: 0.1096
 19/138 [===>..........................] - ETA: 7:13:23 - loss: 0.8926 - warpedSrc_loss: 0.2635 - movedSegm_loss: -0.1523 - srcSegm_loss: -0.1309 - nonr_def_loss: 5.4663e-04 - warpedSrc_MeanSquaredError: 0.2635 - movedSegm_sigmoid_sftDC: 0.2334 - srcSegm_sigmoid_DC: 0.2004 - nonr_def_mean_absolute_error: 0.1135
 20/138 [===>..........................] - ETA: 7:09:42 - loss: 0.9835 - warpedSrc_loss: 0.2834 - movedSegm_loss: -0.1557 - srcSegm_loss: -0.1331 - nonr_def_loss: 6.0132e-04 - warpedSrc_MeanSquaredError: 0.2834 - movedSegm_sigmoid_sftDC: 0.2388 - srcSegm_sigmoid_DC: 0.2038 - nonr_def_mean_absolute_error: 0.1166
 21/138 [===>..........................] - ETA: 7:06:00 - loss: 0.9113 - warpedSrc_loss: 0.2705 - movedSegm_loss: -0.1579 - srcSegm_loss: -0.1361 - nonr_def_loss: 6.4143e-04 - warpedSrc_MeanSquaredError: 0.2705 - movedSegm_sigmoid_sftDC: 0.2425 - srcSegm_sigmoid_DC: 0.2089 - nonr_def_mean_absolute_error: 0.1192
 22/138 [===>..........................] - ETA: 7:02:17 - loss: 0.8891 - warpedSrc_loss: 0.2670 - movedSegm_loss: -0.1591 - srcSegm_loss: -0.1383 - nonr_def_loss: 6.7476e-04 - warpedSrc_MeanSquaredError: 0.2670 - movedSegm_sigmoid_sftDC: 0.2447 - srcSegm_sigmoid_DC: 0.2124 - nonr_def_mean_absolute_error: 0.1214
 23/138 [====>.........................] - ETA: 6:58:37 - loss: 0.9723 - warpedSrc_loss: 0.2832 - movedSegm_loss: -0.1591 - srcSegm_loss: -0.1368 - nonr_def_loss: 6.9977e-04 - warpedSrc_MeanSquaredError: 0.2832 - movedSegm_sigmoid_sftDC: 0.2451 - srcSegm_sigmoid_DC: 0.2099 - nonr_def_mean_absolute_error: 0.1237
 24/138 [====>.........................] - ETA: 6:54:53 - loss: 0.9073 - warpedSrc_loss: 0.2718 - movedSegm_loss: -0.1617 - srcSegm_loss: -0.1396 - nonr_def_loss: 7.3466e-04 - warpedSrc_MeanSquaredError: 0.2718 - movedSegm_sigmoid_sftDC: 0.2496 - srcSegm_sigmoid_DC: 0.2146 - nonr_def_mean_absolute_error: 0.1258
 25/138 [====>.........................] - ETA: 6:51:10 - loss: 0.8558 - warpedSrc_loss: 0.2624 - movedSegm_loss: -0.1627 - srcSegm_loss: -0.1415 - nonr_def_loss: 7.7491e-04 - warpedSrc_MeanSquaredError: 0.2624 - movedSegm_sigmoid_sftDC: 0.2523 - srcSegm_sigmoid_DC: 0.2188 - nonr_def_mean_absolute_error: 0.1281
 26/138 [====>.........................] - ETA: 6:47:29 - loss: 0.8038 - warpedSrc_loss: 0.2531 - movedSegm_loss: -0.1643 - srcSegm_loss: -0.1435 - nonr_def_loss: 8.0725e-04 - warpedSrc_MeanSquaredError: 0.2531 - movedSegm_sigmoid_sftDC: 0.2566 - srcSegm_sigmoid_DC: 0.2235 - nonr_def_mean_absolute_error: 0.1301
 27/138 [====>.........................] - ETA: 6:43:48 - loss: 0.8471 - warpedSrc_loss: 0.2601 - movedSegm_loss: -0.1589 - srcSegm_loss: -0.1432 - nonr_def_loss: 8.3679e-04 - warpedSrc_MeanSquaredError: 0.2601 - movedSegm_sigmoid_sftDC: 0.2484 - srcSegm_sigmoid_DC: 0.2239 - nonr_def_mean_absolute_error: 0.1321
 28/138 [=====>........................] - ETA: 6:40:07 - loss: 0.7984 - warpedSrc_loss: 0.2516 - movedSegm_loss: -0.1608 - srcSegm_loss: -0.1456 - nonr_def_loss: 8.6212e-04 - warpedSrc_MeanSquaredError: 0.2516 - movedSegm_sigmoid_sftDC: 0.2526 - srcSegm_sigmoid_DC: 0.2287 - nonr_def_mean_absolute_error: 0.1343
 29/138 [=====>........................] - ETA: 6:36:29 - loss: 0.7714 - warpedSrc_loss: 0.2473 - movedSegm_loss: -0.1626 - srcSegm_loss: -0.1475 - nonr_def_loss: 8.8473e-04 - warpedSrc_MeanSquaredError: 0.2473 - movedSegm_sigmoid_sftDC: 0.2559 - srcSegm_sigmoid_DC: 0.2321 - nonr_def_mean_absolute_error: 0.1367
 30/138 [=====>........................] - ETA: 6:32:50 - loss: 0.7319 - warpedSrc_loss: 0.2407 - movedSegm_loss: -0.1649 - srcSegm_loss: -0.1496 - nonr_def_loss: 9.0671e-04 - warpedSrc_MeanSquaredError: 0.2407 - movedSegm_sigmoid_sftDC: 0.2597 - srcSegm_sigmoid_DC: 0.2355 - nonr_def_mean_absolute_error: 0.1393
 31/138 [=====>........................] - ETA: 6:29:12 - loss: 0.6961 - warpedSrc_loss: 0.2345 - movedSegm_loss: -0.1663 - srcSegm_loss: -0.1514 - nonr_def_loss: 9.4099e-04 - warpedSrc_MeanSquaredError: 0.2345 - movedSegm_sigmoid_sftDC: 0.2626 - srcSegm_sigmoid_DC: 0.2391 - nonr_def_mean_absolute_error: 0.1416
 32/138 [=====>........................] - ETA: 6:25:34 - loss: 0.8022 - warpedSrc_loss: 0.2560 - movedSegm_loss: -0.1683 - srcSegm_loss: -0.1503 - nonr_def_loss: 9.8456e-04 - warpedSrc_MeanSquaredError: 0.2560 - movedSegm_sigmoid_sftDC: 0.2658 - srcSegm_sigmoid_DC: 0.2373 - nonr_def_mean_absolute_error: 0.1440
 33/138 [======>.......................] - ETA: 6:21:55 - loss: 0.7599 - warpedSrc_loss: 0.2487 - movedSegm_loss: -0.1700 - srcSegm_loss: -0.1523 - nonr_def_loss: 0.0010 - warpedSrc_MeanSquaredError: 0.2487 - movedSegm_sigmoid_sftDC: 0.2691 - srcSegm_sigmoid_DC: 0.2411 - nonr_def_mean_absolute_error: 0.1465    
 34/138 [======>.......................] - ETA: 6:18:15 - loss: 0.7220 - warpedSrc_loss: 0.2420 - movedSegm_loss: -0.1714 - srcSegm_loss: -0.1539 - nonr_def_loss: 0.0011 - warpedSrc_MeanSquaredError: 0.2420 - movedSegm_sigmoid_sftDC: 0.2716 - srcSegm_sigmoid_DC: 0.2439 - nonr_def_mean_absolute_error: 0.1488
 35/138 [======>.......................] - ETA: 6:14:36 - loss: 0.6995 - warpedSrc_loss: 0.2378 - movedSegm_loss: -0.1719 - srcSegm_loss: -0.1546 - nonr_def_loss: 0.0011 - warpedSrc_MeanSquaredError: 0.2378 - movedSegm_sigmoid_sftDC: 0.2734 - srcSegm_sigmoid_DC: 0.2459 - nonr_def_mean_absolute_error: 0.1505
 36/138 [======>.......................] - ETA: 6:10:56 - loss: 0.6751 - warpedSrc_loss: 0.2338 - movedSegm_loss: -0.1732 - srcSegm_loss: -0.1559 - nonr_def_loss: 0.0011 - warpedSrc_MeanSquaredError: 0.2338 - movedSegm_sigmoid_sftDC: 0.2763 - srcSegm_sigmoid_DC: 0.2487 - nonr_def_mean_absolute_error: 0.1522
 37/138 [=======>......................] - ETA: 6:07:19 - loss: 0.6509 - warpedSrc_loss: 0.2300 - movedSegm_loss: -0.1749 - srcSegm_loss: -0.1578 - nonr_def_loss: 0.0012 - warpedSrc_MeanSquaredError: 0.2300 - movedSegm_sigmoid_sftDC: 0.2794 - srcSegm_sigmoid_DC: 0.2521 - nonr_def_mean_absolute_error: 0.1539
 38/138 [=======>......................] - ETA: 6:03:42 - loss: 0.6202 - warpedSrc_loss: 0.2242 - movedSegm_loss: -0.1753 - srcSegm_loss: -0.1587 - nonr_def_loss: 0.0012 - warpedSrc_MeanSquaredError: 0.2242 - movedSegm_sigmoid_sftDC: 0.2807 - srcSegm_sigmoid_DC: 0.2540 - nonr_def_mean_absolute_error: 0.1553
 39/138 [=======>......................] - ETA: 6:00:02 - loss: 0.6619 - warpedSrc_loss: 0.2324 - movedSegm_loss: -0.1754 - srcSegm_loss: -0.1581 - nonr_def_loss: 0.0012 - warpedSrc_MeanSquaredError: 0.2324 - movedSegm_sigmoid_sftDC: 0.2816 - srcSegm_sigmoid_DC: 0.2531 - nonr_def_mean_absolute_error: 0.1571
 40/138 [=======>......................] - ETA: 5:56:23 - loss: 0.6302 - warpedSrc_loss: 0.2269 - movedSegm_loss: -0.1766 - srcSegm_loss: -0.1597 - nonr_def_loss: 0.0013 - warpedSrc_MeanSquaredError: 0.2269 - movedSegm_sigmoid_sftDC: 0.2834 - srcSegm_sigmoid_DC: 0.2556 - nonr_def_mean_absolute_error: 0.1586
 41/138 [=======>......................] - ETA: 5:52:43 - loss: 0.6132 - warpedSrc_loss: 0.2240 - movedSegm_loss: -0.1773 - srcSegm_loss: -0.1606 - nonr_def_loss: 0.0013 - warpedSrc_MeanSquaredError: 0.2240 - movedSegm_sigmoid_sftDC: 0.2850 - srcSegm_sigmoid_DC: 0.2577 - nonr_def_mean_absolute_error: 0.1601
 42/138 [========>.....................] - ETA: 5:49:04 - loss: 0.5897 - warpedSrc_loss: 0.2197 - movedSegm_loss: -0.1779 - srcSegm_loss: -0.1614 - nonr_def_loss: 0.0014 - warpedSrc_MeanSquaredError: 0.2197 - movedSegm_sigmoid_sftDC: 0.2867 - srcSegm_sigmoid_DC: 0.2596 - nonr_def_mean_absolute_error: 0.1616
 43/138 [========>.....................] - ETA: 5:45:25 - loss: 0.5824 - warpedSrc_loss: 0.2185 - movedSegm_loss: -0.1781 - srcSegm_loss: -0.1620 - nonr_def_loss: 0.0014 - warpedSrc_MeanSquaredError: 0.2185 - movedSegm_sigmoid_sftDC: 0.2879 - srcSegm_sigmoid_DC: 0.2614 - nonr_def_mean_absolute_error: 0.1631
 44/138 [========>.....................] - ETA: 5:41:46 - loss: 0.6320 - warpedSrc_loss: 0.2288 - movedSegm_loss: -0.1791 - srcSegm_loss: -0.1621 - nonr_def_loss: 0.0015 - warpedSrc_MeanSquaredError: 0.2288 - movedSegm_sigmoid_sftDC: 0.2898 - srcSegm_sigmoid_DC: 0.2619 - nonr_def_mean_absolute_error: 0.1648
 45/138 [========>.....................] - ETA: 5:38:06 - loss: 0.6123 - warpedSrc_loss: 0.2248 - movedSegm_loss: -0.1789 - srcSegm_loss: -0.1624 - nonr_def_loss: 0.0015 - warpedSrc_MeanSquaredError: 0.2248 - movedSegm_sigmoid_sftDC: 0.2897 - srcSegm_sigmoid_DC: 0.2625 - nonr_def_mean_absolute_error: 0.1664
 46/138 [=========>....................] - ETA: 5:34:29 - loss: 0.5930 - warpedSrc_loss: 0.2212 - movedSegm_loss: -0.1792 - srcSegm_loss: -0.1628 - nonr_def_loss: 0.0015 - warpedSrc_MeanSquaredError: 0.2212 - movedSegm_sigmoid_sftDC: 0.2904 - srcSegm_sigmoid_DC: 0.2634 - nonr_def_mean_absolute_error: 0.1683
 47/138 [=========>....................] - ETA: 5:30:50 - loss: 0.6326 - warpedSrc_loss: 0.2290 - movedSegm_loss: -0.1797 - srcSegm_loss: -0.1619 - nonr_def_loss: 0.0016 - warpedSrc_MeanSquaredError: 0.2290 - movedSegm_sigmoid_sftDC: 0.2911 - srcSegm_sigmoid_DC: 0.2617 - nonr_def_mean_absolute_error: 0.1701
 48/138 [=========>....................] - ETA: 5:27:11 - loss: 0.6107 - warpedSrc_loss: 0.2251 - movedSegm_loss: -0.1804 - srcSegm_loss: -0.1629 - nonr_def_loss: 0.0017 - warpedSrc_MeanSquaredError: 0.2251 - movedSegm_sigmoid_sftDC: 0.2927 - srcSegm_sigmoid_DC: 0.2638 - nonr_def_mean_absolute_error: 0.1719
 49/138 [=========>....................] - ETA: 5:23:33 - loss: 0.5901 - warpedSrc_loss: 0.2214 - movedSegm_loss: -0.1809 - srcSegm_loss: -0.1638 - nonr_def_loss: 0.0017 - warpedSrc_MeanSquaredError: 0.2214 - movedSegm_sigmoid_sftDC: 0.2945 - srcSegm_sigmoid_DC: 0.2661 - nonr_def_mean_absolute_error: 0.1739
 50/138 [=========>....................] - ETA: 5:19:54 - loss: 0.6368 - warpedSrc_loss: 0.2307 - movedSegm_loss: -0.1812 - srcSegm_loss: -0.1631 - nonr_def_loss: 0.0018 - warpedSrc_MeanSquaredError: 0.2307 - movedSegm_sigmoid_sftDC: 0.2958 - srcSegm_sigmoid_DC: 0.2653 - nonr_def_mean_absolute_error: 0.1757
 51/138 [==========>...................] - ETA: 5:16:15 - loss: 0.6144 - warpedSrc_loss: 0.2267 - movedSegm_loss: -0.1818 - srcSegm_loss: -0.1641 - nonr_def_loss: 0.0019 - warpedSrc_MeanSquaredError: 0.2267 - movedSegm_sigmoid_sftDC: 0.2978 - srcSegm_sigmoid_DC: 0.2678 - nonr_def_mean_absolute_error: 0.1776
 52/138 [==========>...................] - ETA: 5:12:37 - loss: 0.5931 - warpedSrc_loss: 0.2228 - movedSegm_loss: -0.1823 - srcSegm_loss: -0.1649 - nonr_def_loss: 0.0019 - warpedSrc_MeanSquaredError: 0.2228 - movedSegm_sigmoid_sftDC: 0.2994 - srcSegm_sigmoid_DC: 0.2697 - nonr_def_mean_absolute_error: 0.1795
 53/138 [==========>...................] - ETA: 5:08:59 - loss: 0.5731 - warpedSrc_loss: 0.2194 - movedSegm_loss: -0.1832 - srcSegm_loss: -0.1661 - nonr_def_loss: 0.0020 - warpedSrc_MeanSquaredError: 0.2194 - movedSegm_sigmoid_sftDC: 0.3009 - srcSegm_sigmoid_DC: 0.2717 - nonr_def_mean_absolute_error: 0.1814
 54/138 [==========>...................] - ETA: 5:05:21 - loss: 0.5533 - warpedSrc_loss: 0.2159 - movedSegm_loss: -0.1840 - srcSegm_loss: -0.1669 - nonr_def_loss: 0.0021 - warpedSrc_MeanSquaredError: 0.2159 - movedSegm_sigmoid_sftDC: 0.3027 - srcSegm_sigmoid_DC: 0.2737 - nonr_def_mean_absolute_error: 0.1831
 55/138 [==========>...................] - ETA: 5:01:42 - loss: 0.5313 - warpedSrc_loss: 0.2122 - movedSegm_loss: -0.1850 - srcSegm_loss: -0.1682 - nonr_def_loss: 0.0021 - warpedSrc_MeanSquaredError: 0.2122 - movedSegm_sigmoid_sftDC: 0.3042 - srcSegm_sigmoid_DC: 0.2755 - nonr_def_mean_absolute_error: 0.1848
 56/138 [===========>..................] - ETA: 4:58:04 - loss: 0.5674 - warpedSrc_loss: 0.2192 - movedSegm_loss: -0.1848 - srcSegm_loss: -0.1676 - nonr_def_loss: 0.0022 - warpedSrc_MeanSquaredError: 0.2192 - movedSegm_sigmoid_sftDC: 0.3043 - srcSegm_sigmoid_DC: 0.2747 - nonr_def_mean_absolute_error: 0.1865
 57/138 [===========>..................] - ETA: 4:54:25 - loss: 0.5511 - warpedSrc_loss: 0.2163 - movedSegm_loss: -0.1853 - srcSegm_loss: -0.1683 - nonr_def_loss: 0.0022 - warpedSrc_MeanSquaredError: 0.2163 - movedSegm_sigmoid_sftDC: 0.3049 - srcSegm_sigmoid_DC: 0.2756 - nonr_def_mean_absolute_error: 0.1881
 58/138 [===========>..................] - ETA: 4:50:47 - loss: 0.5464 - warpedSrc_loss: 0.2156 - movedSegm_loss: -0.1858 - srcSegm_loss: -0.1685 - nonr_def_loss: 0.0023 - warpedSrc_MeanSquaredError: 0.2156 - movedSegm_sigmoid_sftDC: 0.3058 - srcSegm_sigmoid_DC: 0.2759 - nonr_def_mean_absolute_error: 0.1897
 59/138 [===========>..................] - ETA: 4:47:09 - loss: 0.5267 - warpedSrc_loss: 0.2124 - movedSegm_loss: -0.1871 - srcSegm_loss: -0.1698 - nonr_def_loss: 0.0023 - warpedSrc_MeanSquaredError: 0.2124 - movedSegm_sigmoid_sftDC: 0.3075 - srcSegm_sigmoid_DC: 0.2778 - nonr_def_mean_absolute_error: 0.1915
 60/138 [============>.................] - ETA: 4:43:30 - loss: 0.5063 - warpedSrc_loss: 0.2091 - movedSegm_loss: -0.1883 - srcSegm_loss: -0.1712 - nonr_def_loss: 0.0024 - warpedSrc_MeanSquaredError: 0.2091 - movedSegm_sigmoid_sftDC: 0.3088 - srcSegm_sigmoid_DC: 0.2795 - nonr_def_mean_absolute_error: 0.1935
 61/138 [============>.................] - ETA: 4:39:52 - loss: 0.4887 - warpedSrc_loss: 0.2060 - movedSegm_loss: -0.1888 - srcSegm_loss: -0.1720 - nonr_def_loss: 0.0025 - warpedSrc_MeanSquaredError: 0.2060 - movedSegm_sigmoid_sftDC: 0.3099 - srcSegm_sigmoid_DC: 0.2808 - nonr_def_mean_absolute_error: 0.1952
 62/138 [============>.................] - ETA: 4:36:14 - loss: 0.4727 - warpedSrc_loss: 0.2033 - movedSegm_loss: -0.1896 - srcSegm_loss: -0.1731 - nonr_def_loss: 0.0025 - warpedSrc_MeanSquaredError: 0.2033 - movedSegm_sigmoid_sftDC: 0.3112 - srcSegm_sigmoid_DC: 0.2827 - nonr_def_mean_absolute_error: 0.1966
 63/138 [============>.................] - ETA: 4:32:35 - loss: 0.4666 - warpedSrc_loss: 0.2023 - movedSegm_loss: -0.1898 - srcSegm_loss: -0.1736 - nonr_def_loss: 0.0026 - warpedSrc_MeanSquaredError: 0.2023 - movedSegm_sigmoid_sftDC: 0.3116 - srcSegm_sigmoid_DC: 0.2834 - nonr_def_mean_absolute_error: 0.1980
 64/138 [============>.................] - ETA: 4:28:57 - loss: 0.4500 - warpedSrc_loss: 0.1994 - movedSegm_loss: -0.1903 - srcSegm_loss: -0.1742 - nonr_def_loss: 0.0026 - warpedSrc_MeanSquaredError: 0.1994 - movedSegm_sigmoid_sftDC: 0.3126 - srcSegm_sigmoid_DC: 0.2847 - nonr_def_mean_absolute_error: 0.1991
 65/138 [=============>................] - ETA: 4:25:19 - loss: 0.4488 - warpedSrc_loss: 0.1994 - movedSegm_loss: -0.1907 - srcSegm_loss: -0.1746 - nonr_def_loss: 0.0027 - warpedSrc_MeanSquaredError: 0.1994 - movedSegm_sigmoid_sftDC: 0.3134 - srcSegm_sigmoid_DC: 0.2856 - nonr_def_mean_absolute_error: 0.2000
 66/138 [=============>................] - ETA: 4:21:41 - loss: 0.4358 - warpedSrc_loss: 0.1970 - movedSegm_loss: -0.1910 - srcSegm_loss: -0.1752 - nonr_def_loss: 0.0028 - warpedSrc_MeanSquaredError: 0.1970 - movedSegm_sigmoid_sftDC: 0.3140 - srcSegm_sigmoid_DC: 0.2866 - nonr_def_mean_absolute_error: 0.2010
 67/138 [=============>................] - ETA: 4:18:02 - loss: 0.4182 - warpedSrc_loss: 0.1943 - movedSegm_loss: -0.1924 - srcSegm_loss: -0.1766 - nonr_def_loss: 0.0028 - warpedSrc_MeanSquaredError: 0.1943 - movedSegm_sigmoid_sftDC: 0.3163 - srcSegm_sigmoid_DC: 0.2891 - nonr_def_mean_absolute_error: 0.2019
 68/138 [=============>................] - ETA: 4:14:24 - loss: 0.4061 - warpedSrc_loss: 0.1925 - movedSegm_loss: -0.1932 - srcSegm_loss: -0.1777 - nonr_def_loss: 0.0029 - warpedSrc_MeanSquaredError: 0.1925 - movedSegm_sigmoid_sftDC: 0.3178 - srcSegm_sigmoid_DC: 0.2910 - nonr_def_mean_absolute_error: 0.2026
 69/138 [==============>...............] - ETA: 4:10:46 - loss: 0.3907 - warpedSrc_loss: 0.1900 - movedSegm_loss: -0.1941 - srcSegm_loss: -0.1787 - nonr_def_loss: 0.0030 - warpedSrc_MeanSquaredError: 0.1900 - movedSegm_sigmoid_sftDC: 0.3195 - srcSegm_sigmoid_DC: 0.2929 - nonr_def_mean_absolute_error: 0.2034
 70/138 [==============>...............] - ETA: 4:07:07 - loss: 0.3752 - warpedSrc_loss: 0.1874 - movedSegm_loss: -0.1950 - srcSegm_loss: -0.1797 - nonr_def_loss: 0.0030 - warpedSrc_MeanSquaredError: 0.1874 - movedSegm_sigmoid_sftDC: 0.3210 - srcSegm_sigmoid_DC: 0.2944 - nonr_def_mean_absolute_error: 0.2042
 71/138 [==============>...............] - ETA: 4:03:28 - loss: 0.3597 - warpedSrc_loss: 0.1850 - movedSegm_loss: -0.1961 - srcSegm_loss: -0.1808 - nonr_def_loss: 0.0031 - warpedSrc_MeanSquaredError: 0.1850 - movedSegm_sigmoid_sftDC: 0.3226 - srcSegm_sigmoid_DC: 0.2960 - nonr_def_mean_absolute_error: 0.2049
 72/138 [==============>...............] - ETA: 3:59:50 - loss: 0.3481 - warpedSrc_loss: 0.1829 - movedSegm_loss: -0.1962 - srcSegm_loss: -0.1816 - nonr_def_loss: 0.0032 - warpedSrc_MeanSquaredError: 0.1829 - movedSegm_sigmoid_sftDC: 0.3226 - srcSegm_sigmoid_DC: 0.2974 - nonr_def_mean_absolute_error: 0.2055
 73/138 [==============>...............] - ETA: 3:56:12 - loss: 0.3339 - warpedSrc_loss: 0.1806 - movedSegm_loss: -0.1969 - srcSegm_loss: -0.1825 - nonr_def_loss: 0.0032 - warpedSrc_MeanSquaredError: 0.1806 - movedSegm_sigmoid_sftDC: 0.3239 - srcSegm_sigmoid_DC: 0.2990 - nonr_def_mean_absolute_error: 0.2062
 74/138 [===============>..............] - ETA: 3:52:33 - loss: 0.3837 - warpedSrc_loss: 0.1900 - movedSegm_loss: -0.1974 - srcSegm_loss: -0.1802 - nonr_def_loss: 0.0032 - warpedSrc_MeanSquaredError: 0.1900 - movedSegm_sigmoid_sftDC: 0.3243 - srcSegm_sigmoid_DC: 0.2952 - nonr_def_mean_absolute_error: 0.2067
 75/138 [===============>..............] - ETA: 3:48:55 - loss: 0.3706 - warpedSrc_loss: 0.1879 - movedSegm_loss: -0.1983 - srcSegm_loss: -0.1811 - nonr_def_loss: 0.0032 - warpedSrc_MeanSquaredError: 0.1879 - movedSegm_sigmoid_sftDC: 0.3258 - srcSegm_sigmoid_DC: 0.2966 - nonr_def_mean_absolute_error: 0.2073
 76/138 [===============>..............] - ETA: 3:45:17 - loss: 0.3583 - warpedSrc_loss: 0.1858 - movedSegm_loss: -0.1988 - srcSegm_loss: -0.1816 - nonr_def_loss: 0.0033 - warpedSrc_MeanSquaredError: 0.1858 - movedSegm_sigmoid_sftDC: 0.3265 - srcSegm_sigmoid_DC: 0.2974 - nonr_def_mean_absolute_error: 0.2079
 77/138 [===============>..............] - ETA: 3:41:39 - loss: 0.3817 - warpedSrc_loss: 0.1897 - movedSegm_loss: -0.1965 - srcSegm_loss: -0.1815 - nonr_def_loss: 0.0033 - warpedSrc_MeanSquaredError: 0.1897 - movedSegm_sigmoid_sftDC: 0.3227 - srcSegm_sigmoid_DC: 0.2972 - nonr_def_mean_absolute_error: 0.2086
 78/138 [===============>..............] - ETA: 3:38:00 - loss: 0.3775 - warpedSrc_loss: 0.1893 - movedSegm_loss: -0.1970 - srcSegm_loss: -0.1823 - nonr_def_loss: 0.0033 - warpedSrc_MeanSquaredError: 0.1893 - movedSegm_sigmoid_sftDC: 0.3234 - srcSegm_sigmoid_DC: 0.2983 - nonr_def_mean_absolute_error: 0.2091
 79/138 [================>.............] - ETA: 3:34:23 - loss: 0.3682 - warpedSrc_loss: 0.1878 - movedSegm_loss: -0.1976 - srcSegm_loss: -0.1828 - nonr_def_loss: 0.0033 - warpedSrc_MeanSquaredError: 0.1878 - movedSegm_sigmoid_sftDC: 0.3241 - srcSegm_sigmoid_DC: 0.2990 - nonr_def_mean_absolute_error: 0.2096
 80/138 [================>.............] - ETA: 3:30:44 - loss: 0.3568 - warpedSrc_loss: 0.1859 - movedSegm_loss: -0.1982 - srcSegm_loss: -0.1836 - nonr_def_loss: 0.0034 - warpedSrc_MeanSquaredError: 0.1859 - movedSegm_sigmoid_sftDC: 0.3252 - srcSegm_sigmoid_DC: 0.3004 - nonr_def_mean_absolute_error: 0.2102
 81/138 [================>.............] - ETA: 3:27:07 - loss: 0.3882 - warpedSrc_loss: 0.1921 - movedSegm_loss: -0.1984 - srcSegm_loss: -0.1831 - nonr_def_loss: 0.0034 - warpedSrc_MeanSquaredError: 0.1921 - movedSegm_sigmoid_sftDC: 0.3258 - srcSegm_sigmoid_DC: 0.2994 - nonr_def_mean_absolute_error: 0.2109
 82/138 [================>.............] - ETA: 3:23:29 - loss: 0.3771 - warpedSrc_loss: 0.1902 - movedSegm_loss: -0.1990 - srcSegm_loss: -0.1838 - nonr_def_loss: 0.0035 - warpedSrc_MeanSquaredError: 0.1902 - movedSegm_sigmoid_sftDC: 0.3272 - srcSegm_sigmoid_DC: 0.3009 - nonr_def_mean_absolute_error: 0.2115
 83/138 [=================>............] - ETA: 3:19:53 - loss: 0.3643 - warpedSrc_loss: 0.1881 - movedSegm_loss: -0.1996 - srcSegm_loss: -0.1845 - nonr_def_loss: 0.0036 - warpedSrc_MeanSquaredError: 0.1881 - movedSegm_sigmoid_sftDC: 0.3285 - srcSegm_sigmoid_DC: 0.3023 - nonr_def_mean_absolute_error: 0.2123
 84/138 [=================>............] - ETA: 3:16:15 - loss: 0.3553 - warpedSrc_loss: 0.1867 - movedSegm_loss: -0.2002 - srcSegm_loss: -0.1852 - nonr_def_loss: 0.0036 - warpedSrc_MeanSquaredError: 0.1867 - movedSegm_sigmoid_sftDC: 0.3297 - srcSegm_sigmoid_DC: 0.3036 - nonr_def_mean_absolute_error: 0.2130
 85/138 [=================>............] - ETA: 3:12:37 - loss: 0.3510 - warpedSrc_loss: 0.1860 - movedSegm_loss: -0.2004 - srcSegm_loss: -0.1855 - nonr_def_loss: 0.0037 - warpedSrc_MeanSquaredError: 0.1860 - movedSegm_sigmoid_sftDC: 0.3303 - srcSegm_sigmoid_DC: 0.3044 - nonr_def_mean_absolute_error: 0.2138
 86/138 [=================>............] - ETA: 3:08:59 - loss: 0.3396 - warpedSrc_loss: 0.1841 - movedSegm_loss: -0.2010 - srcSegm_loss: -0.1862 - nonr_def_loss: 0.0038 - warpedSrc_MeanSquaredError: 0.1841 - movedSegm_sigmoid_sftDC: 0.3312 - srcSegm_sigmoid_DC: 0.3055 - nonr_def_mean_absolute_error: 0.2148
 87/138 [=================>............] - ETA: 3:05:21 - loss: 0.3308 - warpedSrc_loss: 0.1825 - movedSegm_loss: -0.2012 - srcSegm_loss: -0.1865 - nonr_def_loss: 0.0039 - warpedSrc_MeanSquaredError: 0.1825 - movedSegm_sigmoid_sftDC: 0.3313 - srcSegm_sigmoid_DC: 0.3058 - nonr_def_mean_absolute_error: 0.2158
 88/138 [==================>...........] - ETA: 3:01:43 - loss: 0.3222 - warpedSrc_loss: 0.1813 - movedSegm_loss: -0.2020 - srcSegm_loss: -0.1874 - nonr_def_loss: 0.0040 - warpedSrc_MeanSquaredError: 0.1813 - movedSegm_sigmoid_sftDC: 0.3323 - srcSegm_sigmoid_DC: 0.3068 - nonr_def_mean_absolute_error: 0.2168
 89/138 [==================>...........] - ETA: 2:58:05 - loss: 0.3136 - warpedSrc_loss: 0.1801 - movedSegm_loss: -0.2029 - srcSegm_loss: -0.1884 - nonr_def_loss: 0.0041 - warpedSrc_MeanSquaredError: 0.1801 - movedSegm_sigmoid_sftDC: 0.3338 - srcSegm_sigmoid_DC: 0.3085 - nonr_def_mean_absolute_error: 0.2177
 90/138 [==================>...........] - ETA: 2:54:27 - loss: 0.3081 - warpedSrc_loss: 0.1794 - movedSegm_loss: -0.2035 - srcSegm_loss: -0.1891 - nonr_def_loss: 0.0042 - warpedSrc_MeanSquaredError: 0.1794 - movedSegm_sigmoid_sftDC: 0.3348 - srcSegm_sigmoid_DC: 0.3096 - nonr_def_mean_absolute_error: 0.2186
 91/138 [==================>...........] - ETA: 2:50:49 - loss: 0.2977 - warpedSrc_loss: 0.1776 - movedSegm_loss: -0.2038 - srcSegm_loss: -0.1897 - nonr_def_loss: 0.0043 - warpedSrc_MeanSquaredError: 0.1776 - movedSegm_sigmoid_sftDC: 0.3351 - srcSegm_sigmoid_DC: 0.3104 - nonr_def_mean_absolute_error: 0.2195
 92/138 [===================>..........] - ETA: 2:47:12 - loss: 0.3142 - warpedSrc_loss: 0.1813 - movedSegm_loss: -0.2047 - srcSegm_loss: -0.1902 - nonr_def_loss: 0.0043 - warpedSrc_MeanSquaredError: 0.1813 - movedSegm_sigmoid_sftDC: 0.3359 - srcSegm_sigmoid_DC: 0.3104 - nonr_def_mean_absolute_error: 0.2205
 93/138 [===================>..........] - ETA: 2:43:33 - loss: 0.3044 - warpedSrc_loss: 0.1797 - movedSegm_loss: -0.2053 - srcSegm_loss: -0.1909 - nonr_def_loss: 0.0044 - warpedSrc_MeanSquaredError: 0.1797 - movedSegm_sigmoid_sftDC: 0.3368 - srcSegm_sigmoid_DC: 0.3113 - nonr_def_mean_absolute_error: 0.2214
 94/138 [===================>..........] - ETA: 2:39:55 - loss: 0.3175 - warpedSrc_loss: 0.1825 - movedSegm_loss: -0.2059 - srcSegm_loss: -0.1909 - nonr_def_loss: 0.0045 - warpedSrc_MeanSquaredError: 0.1825 - movedSegm_sigmoid_sftDC: 0.3375 - srcSegm_sigmoid_DC: 0.3113 - nonr_def_mean_absolute_error: 0.2222
 95/138 [===================>..........] - ETA: 2:36:17 - loss: 0.3058 - warpedSrc_loss: 0.1808 - movedSegm_loss: -0.2069 - srcSegm_loss: -0.1920 - nonr_def_loss: 0.0047 - warpedSrc_MeanSquaredError: 0.1808 - movedSegm_sigmoid_sftDC: 0.3390 - srcSegm_sigmoid_DC: 0.3130 - nonr_def_mean_absolute_error: 0.2231
 96/138 [===================>..........] - ETA: 2:32:39 - loss: 0.2974 - warpedSrc_loss: 0.1793 - movedSegm_loss: -0.2071 - srcSegm_loss: -0.1924 - nonr_def_loss: 0.0048 - warpedSrc_MeanSquaredError: 0.1793 - movedSegm_sigmoid_sftDC: 0.3396 - srcSegm_sigmoid_DC: 0.3138 - nonr_def_mean_absolute_error: 0.2239
 97/138 [====================>.........] - ETA: 2:29:02 - loss: 0.2860 - warpedSrc_loss: 0.1776 - movedSegm_loss: -0.2080 - srcSegm_loss: -0.1934 - nonr_def_loss: 0.0049 - warpedSrc_MeanSquaredError: 0.1776 - movedSegm_sigmoid_sftDC: 0.3410 - srcSegm_sigmoid_DC: 0.3154 - nonr_def_mean_absolute_error: 0.2249