Construct model
__________________________________________________________________________________________________
Layer (type)                    Output Shape         Param #     Connected to                     
==================================================================================================
input_1 (InputLayer)            (None, 176, 80, 96,  0                                            
__________________________________________________________________________________________________
input_2 (InputLayer)            (None, 176, 80, 96,  0                                            
__________________________________________________________________________________________________
input_4 (InputLayer)            (None, 176, 80, 96,  0                                            
__________________________________________________________________________________________________
input_3 (InputLayer)            (None, 176, 80, 96,  0                                            
__________________________________________________________________________________________________
model_2 (Model)                 [(None, 176, 80, 96, 4707067     input_1[0][0]                    
                                                                 input_2[0][0]                    
                                                                 input_4[0][0]                    
__________________________________________________________________________________________________
model_1 (Model)                 (None, 176, 80, 96,  5888449     input_3[0][0]                    
__________________________________________________________________________________________________
srcSegm (Lambda)                (None, 176, 80, 96,  0           model_1[1][0]                    
__________________________________________________________________________________________________
nonr_def (Lambda)               (None, 176, 80, 96,  0           model_2[1][1]                    
__________________________________________________________________________________________________
warpedSrc (Lambda)              (None, 176, 80, 96,  0           model_2[1][0]                    
__________________________________________________________________________________________________
movedSegm (SpatialTransformer)  [(None, 176, 80, 96, 0           srcSegm[0][0]                    
                                                                 nonr_def[0][0]                   
==================================================================================================
Total params: 10,595,516
Trainable params: 10,589,660
Non-trainable params: 5,856
__________________________________________________________________________________________________
Load pretrained model from disk!
train with 1 GPU
Epoch 16/35

  1/138 [..............................] - ETA: 8:41:05 - loss: -1.7314 - warpedSrc_loss: 0.0131 - movedSegm_loss: -0.6102 - srcSegm_loss: -0.5882 - nonr_def_loss: 0.1536 - warpedSrc_MeanSquaredError: 0.0131 - movedSegm_sigmoid_sftDC: 0.7079 - srcSegm_sigmoid_DC: 0.7006 - nonr_def_mean_absolute_error: 1.4885