Construct model
src_segm shape: (?, 144, 96, 112, 3)
y shape: (?, 144, 96, 112, 1)
nonr_def shape: (?, 144, 96, 112, 3)
tgt_segm shape: (?, 144, 96, 112, 3)
__________________________________________________________________________________________________
Layer (type)                    Output Shape         Param #     Connected to                     
==================================================================================================
input_1 (InputLayer)            (None, 144, 96, 112, 0                                            
__________________________________________________________________________________________________
input_2 (InputLayer)            (None, 144, 96, 112, 0                                            
__________________________________________________________________________________________________
input_4 (InputLayer)            (None, 144, 96, 112, 0                                            
__________________________________________________________________________________________________
input_3 (InputLayer)            (None, 144, 96, 112, 0                                            
__________________________________________________________________________________________________
model_2 (Model)                 [(None, 144, 96, 112 4707067     input_1[0][0]                    
                                                                 input_2[0][0]                    
                                                                 input_4[0][0]                    
__________________________________________________________________________________________________
model_1 (Model)                 (None, 144, 96, 112, 5889325     input_3[0][0]                    
__________________________________________________________________________________________________
srcSegm (Lambda)                (None, 144, 96, 112, 0           model_1[1][0]                    
__________________________________________________________________________________________________
nonr_def (Lambda)               (None, 144, 96, 112, 0           model_2[1][1]                    
__________________________________________________________________________________________________
warpedSrc (Lambda)              (None, 144, 96, 112, 0           model_2[1][0]                    
__________________________________________________________________________________________________
movedSegm (SpatialTransformer)  [(None, 144, 96, 112 0           srcSegm[0][0]                    
                                                                 nonr_def[0][0]                   
==================================================================================================
Total params: 10,596,392
Trainable params: 10,590,532
Non-trainable params: 5,860
__________________________________________________________________________________________________
train a new model!
train with 1 GPU
Epoch 1/2
affine min: 0.0, max: 122.51236724853516
tensor shape: (144, 96, 112, 1)
segm1 shape: (144, 96, 112, 1)
segm2 shape: (144, 96, 112, 1)
tgt_img shape: (144, 96, 112, 1)
src_img shape: (144, 96, 112, 1)
aff_def shape: (144, 96, 112, 1)
affine min: 0.0, max: 168.98609924316406
tensor shape: (144, 96, 112, 1)
segm1 shape: (144, 96, 112, 1)
segm2 shape: (144, 96, 112, 1)
tgt_img shape: (144, 96, 112, 1)
src_img shape: (144, 96, 112, 1)
aff_def shape: (144, 96, 112, 1)
affine min: 0.0, max: 121.48980712890625
tensor shape: (144, 96, 112, 1)
segm1 shape: (144, 96, 112, 1)
segm2 shape: (144, 96, 112, 1)
tgt_img shape: (144, 96, 112, 1)
src_img shape: (144, 96, 112, 1)
aff_def shape: (144, 96, 112, 1)
affine min: 0.0, max: 123.013427734375
tensor shape: (144, 96, 112, 1)
segm1 shape: (144, 96, 112, 1)
segm2 shape: (144, 96, 112, 1)
tgt_img shape: (144, 96, 112, 1)
src_img shape: (144, 96, 112, 1)
aff_def shape: (144, 96, 112, 1)
affine min: 0.0, max: 124.34178161621094
tensor shape: (144, 96, 112, 1)
segm1 shape: (144, 96, 112, 1)
segm2 shape: (144, 96, 112, 1)
tgt_img shape: (144, 96, 112, 1)
src_img shape: (144, 96, 112, 1)
aff_def shape: (144, 96, 112, 1)
affine min: 0.0, max: 127.43836975097656
tensor shape: (144, 96, 112, 1)
segm1 shape: (144, 96, 112, 1)
segm2 shape: (144, 96, 112, 1)
tgt_img shape: (144, 96, 112, 1)
src_img shape: (144, 96, 112, 1)
aff_def shape: (144, 96, 112, 1)
affine min: 0.0, max: 129.3429718017578
tensor shape: (144, 96, 112, 1)
segm1 shape: (144, 96, 112, 1)
segm2 shape: (144, 96, 112, 1)
tgt_img shape: (144, 96, 112, 1)
src_img shape: (144, 96, 112, 1)
aff_def shape: (144, 96, 112, 1)
affine min: 0.0, max: 125.25275421142578
tensor shape: (144, 96, 112, 1)
segm1 shape: (144, 96, 112, 1)
segm2 shape: (144, 96, 112, 1)
tgt_img shape: (144, 96, 112, 1)
src_img shape: (144, 96, 112, 1)
aff_def shape: (144, 96, 112, 1)
affine min: 0.0, max: 123.65695190429688
tensor shape: (144, 96, 112, 1)
segm1 shape: (144, 96, 112, 1)
segm2 shape: (144, 96, 112, 1)
tgt_img shape: (144, 96, 112, 1)
src_img shape: (144, 96, 112, 1)
aff_def shape: (144, 96, 112, 1)
affine min: 0.0, max: 136.92347717285156
tensor shape: (144, 96, 112, 1)
segm1 shape: (144, 96, 112, 1)
segm2 shape: (144, 96, 112, 1)
tgt_img shape: (144, 96, 112, 1)
src_img shape: (144, 96, 112, 1)
aff_def shape: (144, 96, 112, 1)
affine min: 0.0, max: 123.69461822509766
tensor shape: (144, 96, 112, 1)
segm1 shape: (144, 96, 112, 1)
segm2 shape: (144, 96, 112, 1)
tgt_img shape: (144, 96, 112, 1)
src_img shape: (144, 96, 112, 1)
aff_def shape: (144, 96, 112, 1)
affine min: 0.0, max: 133.1759033203125
tensor shape: (144, 96, 112, 1)
segm1 shape: (144, 96, 112, 1)
segm2 shape: (144, 96, 112, 1)
tgt_img shape: (144, 96, 112, 1)
src_img shape: (144, 96, 112, 1)
aff_def shape: (144, 96, 112, 1)
affine min: 0.0, max: 118.32209777832031
tensor shape: (144, 96, 112, 1)
segm1 shape: (144, 96, 112, 1)
segm2 shape: (144, 96, 112, 1)
tgt_img shape: (144, 96, 112, 1)
src_img shape: (144, 96, 112, 1)
aff_def shape: (144, 96, 112, 1)
affine min: 0.0, max: 122.0002670288086
tensor shape: (144, 96, 112, 1)
segm1 shape: (144, 96, 112, 1)
segm2 shape: (144, 96, 112, 1)
tgt_img shape: (144, 96, 112, 1)
src_img shape: (144, 96, 112, 1)
aff_def shape: (144, 96, 112, 1)
affine min: 0.0, max: 140.1510772705078
tensor shape: (144, 96, 112, 1)
segm1 shape: (144, 96, 112, 1)
segm2 shape: (144, 96, 112, 1)
tgt_img shape: (144, 96, 112, 1)
src_img shape: (144, 96, 112, 1)
aff_def shape: (144, 96, 112, 1)
affine min: 0.0, max: 120.45677947998047
tensor shape: (144, 96, 112, 1)
segm1 shape: (144, 96, 112, 1)
segm2 shape: (144, 96, 112, 1)
tgt_img shape: (144, 96, 112, 1)
src_img shape: (144, 96, 112, 1)
aff_def shape: (144, 96, 112, 1)
affine min: 0.0, max: 124.52397918701172
tensor shape: (144, 96, 112, 1)
segm1 shape: (144, 96, 112, 1)
segm2 shape: (144, 96, 112, 1)
tgt_img shape: (144, 96, 112, 1)
src_img shape: (144, 96, 112, 1)
aff_def shape: (144, 96, 112, 1)
affine min: 0.0, max: 159.38388061523438
tensor shape: (144, 96, 112, 1)
segm1 shape: (144, 96, 112, 1)
segm2 shape: (144, 96, 112, 1)
tgt_img shape: (144, 96, 112, 1)
src_img shape: (144, 96, 112, 1)
aff_def shape: (144, 96, 112, 1)
affine min: 0.0, max: 158.89744567871094
tensor shape: (144, 96, 112, 1)
segm1 shape: (144, 96, 112, 1)
segm2 shape: (144, 96, 112, 1)
tgt_img shape: (144, 96, 112, 1)
src_img shape: (144, 96, 112, 1)
aff_def shape: (144, 96, 112, 1)
affine min: 0.0, max: 121.92542266845703
tensor shape: (144, 96, 112, 1)
segm1 shape: (144, 96, 112, 1)
segm2 shape: (144, 96, 112, 1)
tgt_img shape: (144, 96, 112, 1)
src_img shape: (144, 96, 112, 1)
aff_def shape: (144, 96, 112, 1)
affine min: 0.0, max: 126.56449890136719
tensor shape: (144, 96, 112, 1)
segm1 shape: (144, 96, 112, 1)
segm2 shape: (144, 96, 112, 1)
tgt_img shape: (144, 96, 112, 1)
src_img shape: (144, 96, 112, 1)
aff_def shape: (144, 96, 112, 1)
affine min: 0.0, max: 119.9021987915039
tensor shape: (144, 96, 112, 1)
segm1 shape: (144, 96, 112, 1)
segm2 shape: (144, 96, 112, 1)
tgt_img shape: (144, 96, 112, 1)
src_img shape: (144, 96, 112, 1)
aff_def shape: (144, 96, 112, 1)
affine min: 0.0, max: 124.32431030273438
tensor shape: (144, 96, 112, 1)
segm1 shape: (144, 96, 112, 1)
segm2 shape: (144, 96, 112, 1)
tgt_img shape: (144, 96, 112, 1)
src_img shape: (144, 96, 112, 1)
aff_def shape: (144, 96, 112, 1)
affine min: 0.0, max: 121.64763641357422
tensor shape: (144, 96, 112, 1)
segm1 shape: (144, 96, 112, 1)
segm2 shape: (144, 96, 112, 1)
tgt_img shape: (144, 96, 112, 1)
src_img shape: (144, 96, 112, 1)
aff_def shape: (144, 96, 112, 1)
affine min: 0.0, max: 119.85924530029297
tensor shape: (144, 96, 112, 1)
segm1 shape: (144, 96, 112, 1)
segm2 shape: (144, 96, 112, 1)
tgt_img shape: (144, 96, 112, 1)
src_img shape: (144, 96, 112, 1)
aff_def shape: (144, 96, 112, 1)
affine min: 0.0, max: 120.14934539794922
tensor shape: (144, 96, 112, 1)
segm1 shape: (144, 96, 112, 1)
segm2 shape: (144, 96, 112, 1)
tgt_img shape: (144, 96, 112, 1)
src_img shape: (144, 96, 112, 1)
aff_def shape: (144, 96, 112, 1)
affine min: 0.0, max: 124.49322509765625
tensor shape: (144, 96, 112, 1)
segm1 shape: (144, 96, 112, 1)
segm2 shape: (144, 96, 112, 1)
tgt_img shape: (144, 96, 112, 1)
src_img shape: (144, 96, 112, 1)
aff_def shape: (144, 96, 112, 1)
affine min: 0.0, max: 181.0196075439453
tensor shape: (144, 96, 112, 1)
segm1 shape: (144, 96, 112, 1)
segm2 shape: (144, 96, 112, 1)
tgt_img shape: (144, 96, 112, 1)
src_img shape: (144, 96, 112, 1)
aff_def shape: (144, 96, 112, 1)
affine min: 0.0, max: 121.73023986816406
tensor shape: (144, 96, 112, 1)
segm1 shape: (144, 96, 112, 1)
segm2 shape: (144, 96, 112, 1)
tgt_img shape: (144, 96, 112, 1)
src_img shape: (144, 96, 112, 1)
aff_def shape: (144, 96, 112, 1)
affine min: 0.0, max: 125.74767303466797
tensor shape: (144, 96, 112, 1)
segm1 shape: (144, 96, 112, 1)
segm2 shape: (144, 96, 112, 1)
tgt_img shape: (144, 96, 112, 1)
src_img shape: (144, 96, 112, 1)
aff_def shape: (144, 96, 112, 1)
affine min: 0.0, max: 121.83629608154297
tensor shape: (144, 96, 112, 1)
segm1 shape: (144, 96, 112, 1)
segm2 shape: (144, 96, 112, 1)
tgt_img shape: (144, 96, 112, 1)
src_img shape: (144, 96, 112, 1)
aff_def shape: (144, 96, 112, 1)
affine min: 0.0, max: 124.5113296508789
tensor shape: (144, 96, 112, 1)
segm1 shape: (144, 96, 112, 1)
segm2 shape: (144, 96, 112, 1)
tgt_img shape: (144, 96, 112, 1)
src_img shape: (144, 96, 112, 1)
aff_def shape: (144, 96, 112, 1)
affine min: 0.0, max: 122.23265075683594
tensor shape: (144, 96, 112, 1)
segm1 shape: (144, 96, 112, 1)
segm2 shape: (144, 96, 112, 1)
tgt_img shape: (144, 96, 112, 1)
src_img shape: (144, 96, 112, 1)
aff_def shape: (144, 96, 112, 1)
affine min: 0.0, max: 125.55381774902344
tensor shape: (144, 96, 112, 1)
segm1 shape: (144, 96, 112, 1)
segm2 shape: (144, 96, 112, 1)
tgt_img shape: (144, 96, 112, 1)
src_img shape: (144, 96, 112, 1)
aff_def shape: (144, 96, 112, 1)
affine min: 0.0, max: 118.56726837158203
tensor shape: (144, 96, 112, 1)
segm1 shape: (144, 96, 112, 1)
segm2 shape: (144, 96, 112, 1)
tgt_img shape: (144, 96, 112, 1)
src_img shape: (144, 96, 112, 1)
aff_def shape: (144, 96, 112, 1)
affine min: 0.0, max: 120.93348693847656
tensor shape: (144, 96, 112, 1)
segm1 shape: (144, 96, 112, 1)
segm2 shape: (144, 96, 112, 1)
tgt_img shape: (144, 96, 112, 1)
src_img shape: (144, 96, 112, 1)
aff_def shape: (144, 96, 112, 1)
affine min: 0.0, max: 120.29960632324219
tensor shape: (144, 96, 112, 1)
segm1 shape: (144, 96, 112, 1)
segm2 shape: (144, 96, 112, 1)
tgt_img shape: (144, 96, 112, 1)
src_img shape: (144, 96, 112, 1)
aff_def shape: (144, 96, 112, 1)
affine min: 0.0, max: 123.88999938964844
tensor shape: (144, 96, 112, 1)
segm1 shape: (144, 96, 112, 1)
segm2 shape: (144, 96, 112, 1)
tgt_img shape: (144, 96, 112, 1)
src_img shape: (144, 96, 112, 1)
aff_def shape: (144, 96, 112, 1)
affine min: 0.0, max: 123.61847686767578
tensor shape: (144, 96, 112, 1)
segm1 shape: (144, 96, 112, 1)
segm2 shape: (144, 96, 112, 1)
tgt_img shape: (144, 96, 112, 1)
src_img shape: (144, 96, 112, 1)
aff_def shape: (144, 96, 112, 1)
affine min: 0.0, max: 123.64976501464844
tensor shape: (144, 96, 112, 1)
segm1 shape: (144, 96, 112, 1)
segm2 shape: (144, 96, 112, 1)
tgt_img shape: (144, 96, 112, 1)
src_img shape: (144, 96, 112, 1)
aff_def shape: (144, 96, 112, 1)
affine min: 0.0, max: 122.56172180175781
tensor shape: (144, 96, 112, 1)
segm1 shape: (144, 96, 112, 1)
segm2 shape: (144, 96, 112, 1)
tgt_img shape: (144, 96, 112, 1)
src_img shape: (144, 96, 112, 1)
aff_def shape: (144, 96, 112, 1)
affine min: 0.0, max: 129.3511962890625
tensor shape: (144, 96, 112, 1)
segm1 shape: (144, 96, 112, 1)
segm2 shape: (144, 96, 112, 1)
tgt_img shape: (144, 96, 112, 1)
src_img shape: (144, 96, 112, 1)
aff_def shape: (144, 96, 112, 1)
affine min: 0.0, max: 128.2387237548828
tensor shape: (144, 96, 112, 1)
segm1 shape: (144, 96, 112, 1)
segm2 shape: (144, 96, 112, 1)
tgt_img shape: (144, 96, 112, 1)
src_img shape: (144, 96, 112, 1)
aff_def shape: (144, 96, 112, 1)
affine min: 0.0, max: 126.35047912597656
tensor shape: (144, 96, 112, 1)
segm1 shape: (144, 96, 112, 1)
segm2 shape: (144, 96, 112, 1)
tgt_img shape: (144, 96, 112, 1)
src_img shape: (144, 96, 112, 1)
aff_def shape: (144, 96, 112, 1)

 1/17 [>.............................] - ETA: 4:58:18 - loss: 339.1889 - warpedSrc_loss: 67.8611 - movedSegm_loss: -0.0393 - srcSegm_loss: -0.0382 - nonr_def_loss: 3.9989e-09 - warpedSrc_MeanSquaredError: 67.8611 - movedSegm_sigmoid_sftDC: 0.0377 - srcSegm_sigmoid_DC: 0.0366 - nonr_def_mean_absolute_error: 6.4516e-05affine min: 0.0, max: 121.42423248291016
tensor shape: (144, 96, 112, 1)
segm1 shape: (144, 96, 112, 1)
segm2 shape: (144, 96, 112, 1)
tgt_img shape: (144, 96, 112, 1)
src_img shape: (144, 96, 112, 1)
aff_def shape: (144, 96, 112, 1)
affine min: 0.0, max: 122.51763916015625
tensor shape: (144, 96, 112, 1)
segm1 shape: (144, 96, 112, 1)
segm2 shape: (144, 96, 112, 1)
tgt_img shape: (144, 96, 112, 1)
src_img shape: (144, 96, 112, 1)
aff_def shape: (144, 96, 112, 1)
affine min: 0.0, max: 119.44468688964844
tensor shape: (144, 96, 112, 1)
segm1 shape: (144, 96, 112, 1)
segm2 shape: (144, 96, 112, 1)
tgt_img shape: (144, 96, 112, 1)
src_img shape: (144, 96, 112, 1)
aff_def shape: (144, 96, 112, 1)
affine min: 0.0, max: 122.41776275634766
tensor shape: (144, 96, 112, 1)
segm1 shape: (144, 96, 112, 1)
segm2 shape: (144, 96, 112, 1)
tgt_img shape: (144, 96, 112, 1)
src_img shape: (144, 96, 112, 1)
aff_def shape: (144, 96, 112, 1)

 2/17 [==>...........................] - ETA: 4:36:24 - loss: 245.3241 - warpedSrc_loss: 49.0916 - movedSegm_loss: -0.0445 - srcSegm_loss: -0.0447 - nonr_def_loss: 2.0677e-05 - warpedSrc_MeanSquaredError: 49.0916 - movedSegm_sigmoid_sftDC: 0.0500 - srcSegm_sigmoid_DC: 0.0504 - nonr_def_mean_absolute_error: 0.0132    affine min: 0.0, max: 118.16696166992188
tensor shape: (144, 96, 112, 1)
segm1 shape: (144, 96, 112, 1)
segm2 shape: (144, 96, 112, 1)
tgt_img shape: (144, 96, 112, 1)
src_img shape: (144, 96, 112, 1)
aff_def shape: (144, 96, 112, 1)
affine min: 0.0, max: 119.0069808959961
tensor shape: (144, 96, 112, 1)
segm1 shape: (144, 96, 112, 1)
segm2 shape: (144, 96, 112, 1)
tgt_img shape: (144, 96, 112, 1)
src_img shape: (144, 96, 112, 1)
aff_def shape: (144, 96, 112, 1)
affine min: 0.0, max: 156.8499755859375
tensor shape: (144, 96, 112, 1)
segm1 shape: (144, 96, 112, 1)
segm2 shape: (144, 96, 112, 1)
tgt_img shape: (144, 96, 112, 1)
src_img shape: (144, 96, 112, 1)
aff_def shape: (144, 96, 112, 1)
affine min: 0.0, max: 132.42428588867188
tensor shape: (144, 96, 112, 1)
segm1 shape: (144, 96, 112, 1)
segm2 shape: (144, 96, 112, 1)
tgt_img shape: (144, 96, 112, 1)
src_img shape: (144, 96, 112, 1)
aff_def shape: (144, 96, 112, 1)

 3/17 [====>.........................] - ETA: 4:17:25 - loss: 469.4677 - warpedSrc_loss: 93.9240 - movedSegm_loss: -0.0510 - srcSegm_loss: -0.0506 - nonr_def_loss: 5.1374e-05 - warpedSrc_MeanSquaredError: 93.9240 - movedSegm_sigmoid_sftDC: 0.0628 - srcSegm_sigmoid_DC: 0.0622 - nonr_def_mean_absolute_error: 0.0256affine min: 0.0, max: 121.27332305908203
tensor shape: (144, 96, 112, 1)
segm1 shape: (144, 96, 112, 1)
segm2 shape: (144, 96, 112, 1)
tgt_img shape: (144, 96, 112, 1)
src_img shape: (144, 96, 112, 1)
aff_def shape: (144, 96, 112, 1)
affine min: 0.0, max: 116.26301574707031
tensor shape: (144, 96, 112, 1)
segm1 shape: (144, 96, 112, 1)
segm2 shape: (144, 96, 112, 1)
tgt_img shape: (144, 96, 112, 1)
src_img shape: (144, 96, 112, 1)
aff_def shape: (144, 96, 112, 1)
affine min: 0.0, max: 119.89848327636719
tensor shape: (144, 96, 112, 1)
segm1 shape: (144, 96, 112, 1)
segm2 shape: (144, 96, 112, 1)
tgt_img shape: (144, 96, 112, 1)
src_img shape: (144, 96, 112, 1)
aff_def shape: (144, 96, 112, 1)
affine min: 0.0, max: 165.52626037597656
tensor shape: (144, 96, 112, 1)
segm1 shape: (144, 96, 112, 1)
segm2 shape: (144, 96, 112, 1)
tgt_img shape: (144, 96, 112, 1)
src_img shape: (144, 96, 112, 1)
aff_def shape: (144, 96, 112, 1)

 4/17 [======>.......................] - ETA: 3:59:03 - loss: 533.9466 - warpedSrc_loss: 106.8233 - movedSegm_loss: -0.0571 - srcSegm_loss: -0.0564 - nonr_def_loss: 1.0005e-04 - warpedSrc_MeanSquaredError: 106.8233 - movedSegm_sigmoid_sftDC: 0.0748 - srcSegm_sigmoid_DC: 0.0734 - nonr_def_mean_absolute_error: 0.0418affine min: 0.0, max: 118.56330871582031
tensor shape: (144, 96, 112, 1)
segm1 shape: (144, 96, 112, 1)
segm2 shape: (144, 96, 112, 1)
tgt_img shape: (144, 96, 112, 1)
src_img shape: (144, 96, 112, 1)
aff_def shape: (144, 96, 112, 1)
affine min: 0.0, max: 130.68252563476562
tensor shape: (144, 96, 112, 1)
segm1 shape: (144, 96, 112, 1)
segm2 shape: (144, 96, 112, 1)
tgt_img shape: (144, 96, 112, 1)
src_img shape: (144, 96, 112, 1)
aff_def shape: (144, 96, 112, 1)
affine min: 0.0, max: 120.59247589111328
tensor shape: (144, 96, 112, 1)
segm1 shape: (144, 96, 112, 1)
segm2 shape: (144, 96, 112, 1)
tgt_img shape: (144, 96, 112, 1)
src_img shape: (144, 96, 112, 1)
aff_def shape: (144, 96, 112, 1)
affine min: 0.0, max: 120.91606903076172
tensor shape: (144, 96, 112, 1)
segm1 shape: (144, 96, 112, 1)
segm2 shape: (144, 96, 112, 1)
tgt_img shape: (144, 96, 112, 1)
src_img shape: (144, 96, 112, 1)
aff_def shape: (144, 96, 112, 1)

 5/17 [=======>......................] - ETA: 3:40:58 - loss: 472.7448 - warpedSrc_loss: 94.5857 - movedSegm_loss: -0.0616 - srcSegm_loss: -0.0608 - nonr_def_loss: 1.4451e-04 - warpedSrc_MeanSquaredError: 94.5857 - movedSegm_sigmoid_sftDC: 0.0847 - srcSegm_sigmoid_DC: 0.0829 - nonr_def_mean_absolute_error: 0.0554  affine min: 0.0, max: 116.22254943847656
tensor shape: (144, 96, 112, 1)
segm1 shape: (144, 96, 112, 1)
segm2 shape: (144, 96, 112, 1)
tgt_img shape: (144, 96, 112, 1)
src_img shape: (144, 96, 112, 1)
aff_def shape: (144, 96, 112, 1)
affine min: 0.0, max: 204.67489624023438
tensor shape: (144, 96, 112, 1)
segm1 shape: (144, 96, 112, 1)
segm2 shape: (144, 96, 112, 1)
tgt_img shape: (144, 96, 112, 1)
src_img shape: (144, 96, 112, 1)
aff_def shape: (144, 96, 112, 1)
affine min: 0.0, max: 164.810546875
tensor shape: (144, 96, 112, 1)
segm1 shape: (144, 96, 112, 1)
segm2 shape: (144, 96, 112, 1)
tgt_img shape: (144, 96, 112, 1)
src_img shape: (144, 96, 112, 1)
aff_def shape: (144, 96, 112, 1)
affine min: 0.0, max: 125.7037124633789
tensor shape: (144, 96, 112, 1)
segm1 shape: (144, 96, 112, 1)
segm2 shape: (144, 96, 112, 1)
tgt_img shape: (144, 96, 112, 1)
src_img shape: (144, 96, 112, 1)
aff_def shape: (144, 96, 112, 1)

 6/17 [=========>....................] - ETA: 3:22:30 - loss: 489.5648 - warpedSrc_loss: 97.9522 - movedSegm_loss: -0.0657 - srcSegm_loss: -0.0652 - nonr_def_loss: 2.0161e-04 - warpedSrc_MeanSquaredError: 97.9522 - movedSegm_sigmoid_sftDC: 0.0949 - srcSegm_sigmoid_DC: 0.0933 - nonr_def_mean_absolute_error: 0.0689affine min: 0.0, max: 127.63117980957031
tensor shape: (144, 96, 112, 1)
segm1 shape: (144, 96, 112, 1)
segm2 shape: (144, 96, 112, 1)
tgt_img shape: (144, 96, 112, 1)
src_img shape: (144, 96, 112, 1)
aff_def shape: (144, 96, 112, 1)
affine min: 0.0, max: 119.12646484375
tensor shape: (144, 96, 112, 1)
segm1 shape: (144, 96, 112, 1)
segm2 shape: (144, 96, 112, 1)
tgt_img shape: (144, 96, 112, 1)
src_img shape: (144, 96, 112, 1)
aff_def shape: (144, 96, 112, 1)
affine min: 0.0, max: 148.77102661132812
tensor shape: (144, 96, 112, 1)
segm1 shape: (144, 96, 112, 1)
segm2 shape: (144, 96, 112, 1)
tgt_img shape: (144, 96, 112, 1)
src_img shape: (144, 96, 112, 1)
aff_def shape: (144, 96, 112, 1)
affine min: 0.0, max: 168.5893096923828
tensor shape: (144, 96, 112, 1)
segm1 shape: (144, 96, 112, 1)
segm2 shape: (144, 96, 112, 1)
tgt_img shape: (144, 96, 112, 1)
src_img shape: (144, 96, 112, 1)
aff_def shape: (144, 96, 112, 1)

 7/17 [===========>..................] - ETA: 3:04:16 - loss: 580.6061 - warpedSrc_loss: 116.1628 - movedSegm_loss: -0.0697 - srcSegm_loss: -0.0689 - nonr_def_loss: 2.5724e-04 - warpedSrc_MeanSquaredError: 116.1628 - movedSegm_sigmoid_sftDC: 0.1055 - srcSegm_sigmoid_DC: 0.1033 - nonr_def_mean_absolute_error: 0.0823affine min: 0.0, max: 130.68252563476562
tensor shape: (144, 96, 112, 1)
segm1 shape: (144, 96, 112, 1)
segm2 shape: (144, 96, 112, 1)
tgt_img shape: (144, 96, 112, 1)
src_img shape: (144, 96, 112, 1)
aff_def shape: (144, 96, 112, 1)
affine min: 0.0, max: 120.29960632324219
tensor shape: (144, 96, 112, 1)
segm1 shape: (144, 96, 112, 1)
segm2 shape: (144, 96, 112, 1)
tgt_img shape: (144, 96, 112, 1)
src_img shape: (144, 96, 112, 1)
aff_def shape: (144, 96, 112, 1)
affine min: 0.0, max: 148.77102661132812
tensor shape: (144, 96, 112, 1)
segm1 shape: (144, 96, 112, 1)
segm2 shape: (144, 96, 112, 1)
tgt_img shape: (144, 96, 112, 1)
src_img shape: (144, 96, 112, 1)
aff_def shape: (144, 96, 112, 1)
affine min: 0.0, max: 125.7037124633789
tensor shape: (144, 96, 112, 1)
segm1 shape: (144, 96, 112, 1)
segm2 shape: (144, 96, 112, 1)
tgt_img shape: (144, 96, 112, 1)
src_img shape: (144, 96, 112, 1)
aff_def shape: (144, 96, 112, 1)

 8/17 [=============>................] - ETA: 2:45:58 - loss: 538.2481 - warpedSrc_loss: 107.6934 - movedSegm_loss: -0.0734 - srcSegm_loss: -0.0727 - nonr_def_loss: 3.0280e-04 - warpedSrc_MeanSquaredError: 107.6934 - movedSegm_sigmoid_sftDC: 0.1156 - srcSegm_sigmoid_DC: 0.1136 - nonr_def_mean_absolute_error: 0.0929affine min: 0.0, max: 204.67489624023438
tensor shape: (144, 96, 112, 1)
segm1 shape: (144, 96, 112, 1)
segm2 shape: (144, 96, 112, 1)
tgt_img shape: (144, 96, 112, 1)
src_img shape: (144, 96, 112, 1)
aff_def shape: (144, 96, 112, 1)
affine min: 0.0, max: 128.2387237548828
tensor shape: (144, 96, 112, 1)
segm1 shape: (144, 96, 112, 1)
segm2 shape: (144, 96, 112, 1)
tgt_img shape: (144, 96, 112, 1)
src_img shape: (144, 96, 112, 1)
aff_def shape: (144, 96, 112, 1)
affine min: 0.0, max: 122.51236724853516
tensor shape: (144, 96, 112, 1)
segm1 shape: (144, 96, 112, 1)
segm2 shape: (144, 96, 112, 1)
tgt_img shape: (144, 96, 112, 1)
src_img shape: (144, 96, 112, 1)
aff_def shape: (144, 96, 112, 1)
affine min: 0.0, max: 122.23265075683594
tensor shape: (144, 96, 112, 1)
segm1 shape: (144, 96, 112, 1)
segm2 shape: (144, 96, 112, 1)
tgt_img shape: (144, 96, 112, 1)
src_img shape: (144, 96, 112, 1)
aff_def shape: (144, 96, 112, 1)

 9/17 [==============>...............] - ETA: 2:27:37 - loss: 502.7115 - warpedSrc_loss: 100.5873 - movedSegm_loss: -0.0753 - srcSegm_loss: -0.0747 - nonr_def_loss: 3.3710e-04 - warpedSrc_MeanSquaredError: 100.5873 - movedSegm_sigmoid_sftDC: 0.1229 - srcSegm_sigmoid_DC: 0.1209 - nonr_def_mean_absolute_error: 0.1004affine min: 0.0, max: 127.63117980957031
tensor shape: (144, 96, 112, 1)
segm1 shape: (144, 96, 112, 1)
segm2 shape: (144, 96, 112, 1)
tgt_img shape: (144, 96, 112, 1)
src_img shape: (144, 96, 112, 1)
aff_def shape: (144, 96, 112, 1)
affine min: 0.0, max: 123.65695190429688
tensor shape: (144, 96, 112, 1)
segm1 shape: (144, 96, 112, 1)
segm2 shape: (144, 96, 112, 1)
tgt_img shape: (144, 96, 112, 1)
src_img shape: (144, 96, 112, 1)
aff_def shape: (144, 96, 112, 1)
affine min: 0.0, max: 118.16696166992188
tensor shape: (144, 96, 112, 1)
segm1 shape: (144, 96, 112, 1)
segm2 shape: (144, 96, 112, 1)
tgt_img shape: (144, 96, 112, 1)
src_img shape: (144, 96, 112, 1)
aff_def shape: (144, 96, 112, 1)
affine min: 0.0, max: 123.013427734375
tensor shape: (144, 96, 112, 1)
segm1 shape: (144, 96, 112, 1)
segm2 shape: (144, 96, 112, 1)
tgt_img shape: (144, 96, 112, 1)
src_img shape: (144, 96, 112, 1)
aff_def shape: (144, 96, 112, 1)

10/17 [================>.............] - ETA: 2:09:08 - loss: 533.8799 - warpedSrc_loss: 106.8222 - movedSegm_loss: -0.0773 - srcSegm_loss: -0.0766 - nonr_def_loss: 3.6124e-04 - warpedSrc_MeanSquaredError: 106.8222 - movedSegm_sigmoid_sftDC: 0.1305 - srcSegm_sigmoid_DC: 0.1282 - nonr_def_mean_absolute_error: 0.1048affine min: 0.0, max: 116.22254943847656
tensor shape: (144, 96, 112, 1)
segm1 shape: (144, 96, 112, 1)
segm2 shape: (144, 96, 112, 1)
tgt_img shape: (144, 96, 112, 1)
src_img shape: (144, 96, 112, 1)
aff_def shape: (144, 96, 112, 1)
affine min: 0.0, max: 127.43836975097656
tensor shape: (144, 96, 112, 1)
segm1 shape: (144, 96, 112, 1)
segm2 shape: (144, 96, 112, 1)
tgt_img shape: (144, 96, 112, 1)
src_img shape: (144, 96, 112, 1)
aff_def shape: (144, 96, 112, 1)
affine min: 0.0, max: 123.88999938964844
tensor shape: (144, 96, 112, 1)
segm1 shape: (144, 96, 112, 1)
segm2 shape: (144, 96, 112, 1)
tgt_img shape: (144, 96, 112, 1)
src_img shape: (144, 96, 112, 1)
aff_def shape: (144, 96, 112, 1)
affine min: 0.0, max: 126.56449890136719
tensor shape: (144, 96, 112, 1)
segm1 shape: (144, 96, 112, 1)
segm2 shape: (144, 96, 112, 1)
tgt_img shape: (144, 96, 112, 1)
src_img shape: (144, 96, 112, 1)
aff_def shape: (144, 96, 112, 1)

11/17 [==================>...........] - ETA: 1:50:40 - loss: 503.6249 - warpedSrc_loss: 100.7725 - movedSegm_loss: -0.0794 - srcSegm_loss: -0.0789 - nonr_def_loss: 3.8417e-04 - warpedSrc_MeanSquaredError: 100.7725 - movedSegm_sigmoid_sftDC: 0.1378 - srcSegm_sigmoid_DC: 0.1362 - nonr_def_mean_absolute_error: 0.1094affine min: 0.0, max: 125.74767303466797
tensor shape: (144, 96, 112, 1)
segm1 shape: (144, 96, 112, 1)
segm2 shape: (144, 96, 112, 1)
tgt_img shape: (144, 96, 112, 1)
src_img shape: (144, 96, 112, 1)
aff_def shape: (144, 96, 112, 1)
affine min: 0.0, max: 129.3429718017578
tensor shape: (144, 96, 112, 1)
segm1 shape: (144, 96, 112, 1)
segm2 shape: (144, 96, 112, 1)
tgt_img shape: (144, 96, 112, 1)
src_img shape: (144, 96, 112, 1)
aff_def shape: (144, 96, 112, 1)
affine min: 0.0, max: 133.1759033203125
tensor shape: (144, 96, 112, 1)
segm1 shape: (144, 96, 112, 1)
segm2 shape: (144, 96, 112, 1)
tgt_img shape: (144, 96, 112, 1)
src_img shape: (144, 96, 112, 1)
aff_def shape: (144, 96, 112, 1)
affine min: 0.0, max: 124.49322509765625
tensor shape: (144, 96, 112, 1)
segm1 shape: (144, 96, 112, 1)
segm2 shape: (144, 96, 112, 1)
tgt_img shape: (144, 96, 112, 1)
src_img shape: (144, 96, 112, 1)
aff_def shape: (144, 96, 112, 1)

12/17 [====================>.........] - ETA: 1:32:11 - loss: 476.6808 - warpedSrc_loss: 95.3851 - movedSegm_loss: -0.0818 - srcSegm_loss: -0.0813 - nonr_def_loss: 3.9434e-04 - warpedSrc_MeanSquaredError: 95.3851 - movedSegm_sigmoid_sftDC: 0.1457 - srcSegm_sigmoid_DC: 0.1438 - nonr_def_mean_absolute_error: 0.1133  affine min: 0.0, max: 121.48980712890625
tensor shape: (144, 96, 112, 1)
segm1 shape: (144, 96, 112, 1)
segm2 shape: (144, 96, 112, 1)
tgt_img shape: (144, 96, 112, 1)
src_img shape: (144, 96, 112, 1)
aff_def shape: (144, 96, 112, 1)
affine min: 0.0, max: 123.64976501464844
tensor shape: (144, 96, 112, 1)
segm1 shape: (144, 96, 112, 1)
segm2 shape: (144, 96, 112, 1)
tgt_img shape: (144, 96, 112, 1)
src_img shape: (144, 96, 112, 1)
aff_def shape: (144, 96, 112, 1)
affine min: 0.0, max: 120.93348693847656
tensor shape: (144, 96, 112, 1)
segm1 shape: (144, 96, 112, 1)
segm2 shape: (144, 96, 112, 1)
tgt_img shape: (144, 96, 112, 1)
src_img shape: (144, 96, 112, 1)
aff_def shape: (144, 96, 112, 1)
affine min: 0.0, max: 124.5113296508789
tensor shape: (144, 96, 112, 1)
segm1 shape: (144, 96, 112, 1)
segm2 shape: (144, 96, 112, 1)
tgt_img shape: (144, 96, 112, 1)
src_img shape: (144, 96, 112, 1)
aff_def shape: (144, 96, 112, 1)

13/17 [=====================>........] - ETA: 1:13:42 - loss: 486.3350 - warpedSrc_loss: 97.3170 - movedSegm_loss: -0.0835 - srcSegm_loss: -0.0830 - nonr_def_loss: 4.0382e-04 - warpedSrc_MeanSquaredError: 97.3170 - movedSegm_sigmoid_sftDC: 0.1521 - srcSegm_sigmoid_DC: 0.1503 - nonr_def_mean_absolute_error: 0.1165affine min: 0.0, max: 158.89744567871094
tensor shape: (144, 96, 112, 1)
segm1 shape: (144, 96, 112, 1)
segm2 shape: (144, 96, 112, 1)
tgt_img shape: (144, 96, 112, 1)
src_img shape: (144, 96, 112, 1)
aff_def shape: (144, 96, 112, 1)
affine min: 0.0, max: 119.0069808959961
tensor shape: (144, 96, 112, 1)
segm1 shape: (144, 96, 112, 1)
segm2 shape: (144, 96, 112, 1)
tgt_img shape: (144, 96, 112, 1)
src_img shape: (144, 96, 112, 1)
aff_def shape: (144, 96, 112, 1)
affine min: 0.0, max: 121.92542266845703
tensor shape: (144, 96, 112, 1)
segm1 shape: (144, 96, 112, 1)
segm2 shape: (144, 96, 112, 1)
tgt_img shape: (144, 96, 112, 1)
src_img shape: (144, 96, 112, 1)
aff_def shape: (144, 96, 112, 1)
affine min: 0.0, max: 121.27332305908203
tensor shape: (144, 96, 112, 1)
segm1 shape: (144, 96, 112, 1)
segm2 shape: (144, 96, 112, 1)
tgt_img shape: (144, 96, 112, 1)
src_img shape: (144, 96, 112, 1)
aff_def shape: (144, 96, 112, 1)

14/17 [=======================>......] - ETA: 55:15 - loss: 492.6324 - warpedSrc_loss: 98.5770 - movedSegm_loss: -0.0844 - srcSegm_loss: -0.0842 - nonr_def_loss: 4.1244e-04 - warpedSrc_MeanSquaredError: 98.5770 - movedSegm_sigmoid_sftDC: 0.1566 - srcSegm_sigmoid_DC: 0.1553 - nonr_def_mean_absolute_error: 0.1199  affine min: 0.0, max: 120.45677947998047
tensor shape: (144, 96, 112, 1)
segm1 shape: (144, 96, 112, 1)
segm2 shape: (144, 96, 112, 1)
tgt_img shape: (144, 96, 112, 1)
src_img shape: (144, 96, 112, 1)
aff_def shape: (144, 96, 112, 1)
affine min: 0.0, max: 181.0196075439453
tensor shape: (144, 96, 112, 1)
segm1 shape: (144, 96, 112, 1)
segm2 shape: (144, 96, 112, 1)
tgt_img shape: (144, 96, 112, 1)
src_img shape: (144, 96, 112, 1)
aff_def shape: (144, 96, 112, 1)
affine min: 0.0, max: 136.92347717285156
tensor shape: (144, 96, 112, 1)
segm1 shape: (144, 96, 112, 1)
segm2 shape: (144, 96, 112, 1)
tgt_img shape: (144, 96, 112, 1)
src_img shape: (144, 96, 112, 1)
aff_def shape: (144, 96, 112, 1)
affine min: 0.0, max: 123.61847686767578
tensor shape: (144, 96, 112, 1)
segm1 shape: (144, 96, 112, 1)
segm2 shape: (144, 96, 112, 1)
tgt_img shape: (144, 96, 112, 1)
src_img shape: (144, 96, 112, 1)
aff_def shape: (144, 96, 112, 1)

15/17 [=========================>....] - ETA: 36:49 - loss: 483.4276 - warpedSrc_loss: 96.7369 - movedSegm_loss: -0.0858 - srcSegm_loss: -0.0856 - nonr_def_loss: 4.2349e-04 - warpedSrc_MeanSquaredError: 96.7369 - movedSegm_sigmoid_sftDC: 0.1625 - srcSegm_sigmoid_DC: 0.1610 - nonr_def_mean_absolute_error: 0.1229affine min: 0.0, max: 119.89848327636719
tensor shape: (144, 96, 112, 1)
segm1 shape: (144, 96, 112, 1)
segm2 shape: (144, 96, 112, 1)
tgt_img shape: (144, 96, 112, 1)
src_img shape: (144, 96, 112, 1)
aff_def shape: (144, 96, 112, 1)
affine min: 0.0, max: 125.55381774902344
tensor shape: (144, 96, 112, 1)
segm1 shape: (144, 96, 112, 1)
segm2 shape: (144, 96, 112, 1)
tgt_img shape: (144, 96, 112, 1)
src_img shape: (144, 96, 112, 1)
aff_def shape: (144, 96, 112, 1)
affine min: 0.0, max: 121.42423248291016
tensor shape: (144, 96, 112, 1)
segm1 shape: (144, 96, 112, 1)
segm2 shape: (144, 96, 112, 1)
tgt_img shape: (144, 96, 112, 1)
src_img shape: (144, 96, 112, 1)
aff_def shape: (144, 96, 112, 1)
affine min: 0.0, max: 140.1510772705078
tensor shape: (144, 96, 112, 1)
segm1 shape: (144, 96, 112, 1)
segm2 shape: (144, 96, 112, 1)
tgt_img shape: (144, 96, 112, 1)
src_img shape: (144, 96, 112, 1)
aff_def shape: (144, 96, 112, 1)

16/17 [===========================>..] - ETA: 18:24 - loss: 470.7741 - warpedSrc_loss: 94.2072 - movedSegm_loss: -0.0873 - srcSegm_loss: -0.0871 - nonr_def_loss: 4.4077e-04 - warpedSrc_MeanSquaredError: 94.2072 - movedSegm_sigmoid_sftDC: 0.1682 - srcSegm_sigmoid_DC: 0.1670 - nonr_def_mean_absolute_error: 0.1254affine min: 0.0, max: 125.25275421142578
tensor shape: (144, 96, 112, 1)
segm1 shape: (144, 96, 112, 1)
segm2 shape: (144, 96, 112, 1)
tgt_img shape: (144, 96, 112, 1)
src_img shape: (144, 96, 112, 1)
aff_def shape: (144, 96, 112, 1)
affine min: 0.0, max: 124.34178161621094
tensor shape: (144, 96, 112, 1)
segm1 shape: (144, 96, 112, 1)
segm2 shape: (144, 96, 112, 1)
tgt_img shape: (144, 96, 112, 1)
src_img shape: (144, 96, 112, 1)
aff_def shape: (144, 96, 112, 1)
affine min: 0.0, max: 156.8499755859375
tensor shape: (144, 96, 112, 1)
segm1 shape: (144, 96, 112, 1)
segm2 shape: (144, 96, 112, 1)
tgt_img shape: (144, 96, 112, 1)
src_img shape: (144, 96, 112, 1)
aff_def shape: (144, 96, 112, 1)
affine min: 0.0, max: 122.0002670288086
tensor shape: (144, 96, 112, 1)
segm1 shape: (144, 96, 112, 1)
segm2 shape: (144, 96, 112, 1)
tgt_img shape: (144, 96, 112, 1)
src_img shape: (144, 96, 112, 1)
aff_def shape: (144, 96, 112, 1)
affine min: 0.0, max: 119.16797637939453
tensor shape: (144, 96, 112, 1)
segm1 shape: (144, 96, 112, 1)
segm2 shape: (144, 96, 112, 1)
tgt_img shape: (144, 96, 112, 1)
src_img shape: (144, 96, 112, 1)
aff_def shape: (144, 96, 112, 1)
affine min: 0.0, max: 164.03323364257812
tensor shape: (144, 96, 112, 1)
segm1 shape: (144, 96, 112, 1)
segm2 shape: (144, 96, 112, 1)
tgt_img shape: (144, 96, 112, 1)
src_img shape: (144, 96, 112, 1)
aff_def shape: (144, 96, 112, 1)
affine min: 0.0, max: 119.50218200683594
tensor shape: (144, 96, 112, 1)
segm1 shape: (144, 96, 112, 1)
segm2 shape: (144, 96, 112, 1)
tgt_img shape: (144, 96, 112, 1)
src_img shape: (144, 96, 112, 1)
aff_def shape: (144, 96, 112, 1)
affine min: 0.0, max: 124.10376739501953
tensor shape: (144, 96, 112, 1)
segm1 shape: (144, 96, 112, 1)
segm2 shape: (144, 96, 112, 1)
tgt_img shape: (144, 96, 112, 1)
src_img shape: (144, 96, 112, 1)
aff_def shape: (144, 96, 112, 1)
affine min: 0.0, max: 126.07027435302734
tensor shape: (144, 96, 112, 1)
segm1 shape: (144, 96, 112, 1)
segm2 shape: (144, 96, 112, 1)
tgt_img shape: (144, 96, 112, 1)
src_img shape: (144, 96, 112, 1)
aff_def shape: (144, 96, 112, 1)
affine min: 0.0, max: 120.02018737792969
tensor shape: (144, 96, 112, 1)
segm1 shape: (144, 96, 112, 1)
segm2 shape: (144, 96, 112, 1)
tgt_img shape: (144, 96, 112, 1)
src_img shape: (144, 96, 112, 1)
aff_def shape: (144, 96, 112, 1)
affine min: 0.0, max: 123.50216674804688
tensor shape: (144, 96, 112, 1)
segm1 shape: (144, 96, 112, 1)
segm2 shape: (144, 96, 112, 1)
tgt_img shape: (144, 96, 112, 1)
src_img shape: (144, 96, 112, 1)
aff_def shape: (144, 96, 112, 1)
affine min: 0.0, max: 122.82344055175781
tensor shape: (144, 96, 112, 1)
segm1 shape: (144, 96, 112, 1)
segm2 shape: (144, 96, 112, 1)
tgt_img shape: (144, 96, 112, 1)
src_img shape: (144, 96, 112, 1)
aff_def shape: (144, 96, 112, 1)
affine min: 0.0, max: 135.5797882080078
tensor shape: (144, 96, 112, 1)
segm1 shape: (144, 96, 112, 1)
segm2 shape: (144, 96, 112, 1)
tgt_img shape: (144, 96, 112, 1)
src_img shape: (144, 96, 112, 1)
aff_def shape: (144, 96, 112, 1)
affine min: 0.0, max: 175.48756408691406
tensor shape: (144, 96, 112, 1)
segm1 shape: (144, 96, 112, 1)
segm2 shape: (144, 96, 112, 1)
tgt_img shape: (144, 96, 112, 1)
src_img shape: (144, 96, 112, 1)
aff_def shape: (144, 96, 112, 1)
affine min: 0.0, max: 149.23187255859375
tensor shape: (144, 96, 112, 1)
segm1 shape: (144, 96, 112, 1)
segm2 shape: (144, 96, 112, 1)
tgt_img shape: (144, 96, 112, 1)
src_img shape: (144, 96, 112, 1)
aff_def shape: (144, 96, 112, 1)
affine min: 0.0, max: 120.64175415039062
tensor shape: (144, 96, 112, 1)
segm1 shape: (144, 96, 112, 1)
segm2 shape: (144, 96, 112, 1)
tgt_img shape: (144, 96, 112, 1)
src_img shape: (144, 96, 112, 1)
aff_def shape: (144, 96, 112, 1)
affine min: 0.0, max: 124.52091979980469
tensor shape: (144, 96, 112, 1)
segm1 shape: (144, 96, 112, 1)
segm2 shape: (144, 96, 112, 1)
tgt_img shape: (144, 96, 112, 1)
src_img shape: (144, 96, 112, 1)
aff_def shape: (144, 96, 112, 1)
affine min: 0.0, max: 125.22093200683594
tensor shape: (144, 96, 112, 1)
segm1 shape: (144, 96, 112, 1)
segm2 shape: (144, 96, 112, 1)
tgt_img shape: (144, 96, 112, 1)
src_img shape: (144, 96, 112, 1)
aff_def shape: (144, 96, 112, 1)
affine min: 0.0, max: 118.83921813964844
tensor shape: (144, 96, 112, 1)
segm1 shape: (144, 96, 112, 1)
segm2 shape: (144, 96, 112, 1)
tgt_img shape: (144, 96, 112, 1)
src_img shape: (144, 96, 112, 1)
aff_def shape: (144, 96, 112, 1)
affine min: 0.0, max: 171.51455688476562
tensor shape: (144, 96, 112, 1)
segm1 shape: (144, 96, 112, 1)
segm2 shape: (144, 96, 112, 1)
tgt_img shape: (144, 96, 112, 1)
src_img shape: (144, 96, 112, 1)
aff_def shape: (144, 96, 112, 1)
affine min: 0.0, max: 171.51455688476562
tensor shape: (144, 96, 112, 1)
segm1 shape: (144, 96, 112, 1)
segm2 shape: (144, 96, 112, 1)
tgt_img shape: (144, 96, 112, 1)
src_img shape: (144, 96, 112, 1)
aff_def shape: (144, 96, 112, 1)
affine min: 0.0, max: 119.16797637939453
tensor shape: (144, 96, 112, 1)
segm1 shape: (144, 96, 112, 1)
segm2 shape: (144, 96, 112, 1)
tgt_img shape: (144, 96, 112, 1)
src_img shape: (144, 96, 112, 1)
aff_def shape: (144, 96, 112, 1)
affine min: 0.0, max: 124.10376739501953
tensor shape: (144, 96, 112, 1)
segm1 shape: (144, 96, 112, 1)
segm2 shape: (144, 96, 112, 1)
tgt_img shape: (144, 96, 112, 1)
src_img shape: (144, 96, 112, 1)
aff_def shape: (144, 96, 112, 1)
affine min: 0.0, max: 126.07027435302734
tensor shape: (144, 96, 112, 1)
segm1 shape: (144, 96, 112, 1)
segm2 shape: (144, 96, 112, 1)
tgt_img shape: (144, 96, 112, 1)
src_img shape: (144, 96, 112, 1)
aff_def shape: (144, 96, 112, 1)
affine min: 0.0, max: 125.22093200683594
tensor shape: (144, 96, 112, 1)
segm1 shape: (144, 96, 112, 1)
segm2 shape: (144, 96, 112, 1)
tgt_img shape: (144, 96, 112, 1)
src_img shape: (144, 96, 112, 1)
aff_def shape: (144, 96, 112, 1)
affine min: 0.0, max: 123.50216674804688
tensor shape: (144, 96, 112, 1)
segm1 shape: (144, 96, 112, 1)
segm2 shape: (144, 96, 112, 1)
tgt_img shape: (144, 96, 112, 1)
src_img shape: (144, 96, 112, 1)
aff_def shape: (144, 96, 112, 1)
affine min: 0.0, max: 124.52091979980469
tensor shape: (144, 96, 112, 1)
segm1 shape: (144, 96, 112, 1)
segm2 shape: (144, 96, 112, 1)
tgt_img shape: (144, 96, 112, 1)
src_img shape: (144, 96, 112, 1)
aff_def shape: (144, 96, 112, 1)
affine min: 0.0, max: 175.48756408691406
tensor shape: (144, 96, 112, 1)
segm1 shape: (144, 96, 112, 1)
segm2 shape: (144, 96, 112, 1)
tgt_img shape: (144, 96, 112, 1)
src_img shape: (144, 96, 112, 1)
aff_def shape: (144, 96, 112, 1)
affine min: 0.0, max: 135.5797882080078
tensor shape: (144, 96, 112, 1)
segm1 shape: (144, 96, 112, 1)
segm2 shape: (144, 96, 112, 1)
tgt_img shape: (144, 96, 112, 1)
src_img shape: (144, 96, 112, 1)
aff_def shape: (144, 96, 112, 1)
affine min: 0.0, max: 120.02018737792969
tensor shape: (144, 96, 112, 1)
segm1 shape: (144, 96, 112, 1)
segm2 shape: (144, 96, 112, 1)
tgt_img shape: (144, 96, 112, 1)
src_img shape: (144, 96, 112, 1)
aff_def shape: (144, 96, 112, 1)
affine min: 0.0, max: 164.03323364257812
tensor shape: (144, 96, 112, 1)
segm1 shape: (144, 96, 112, 1)
segm2 shape: (144, 96, 112, 1)
tgt_img shape: (144, 96, 112, 1)
src_img shape: (144, 96, 112, 1)
aff_def shape: (144, 96, 112, 1)
affine min: 0.0, max: 120.64175415039062
tensor shape: (144, 96, 112, 1)
segm1 shape: (144, 96, 112, 1)
segm2 shape: (144, 96, 112, 1)
tgt_img shape: (144, 96, 112, 1)
src_img shape: (144, 96, 112, 1)
aff_def shape: (144, 96, 112, 1)
affine min: 0.0, max: 118.83921813964844
tensor shape: (144, 96, 112, 1)
segm1 shape: (144, 96, 112, 1)
segm2 shape: (144, 96, 112, 1)
tgt_img shape: (144, 96, 112, 1)
src_img shape: (144, 96, 112, 1)
aff_def shape: (144, 96, 112, 1)
affine min: 0.0, max: 149.23187255859375
tensor shape: (144, 96, 112, 1)
segm1 shape: (144, 96, 112, 1)
segm2 shape: (144, 96, 112, 1)
tgt_img shape: (144, 96, 112, 1)
src_img shape: (144, 96, 112, 1)
aff_def shape: (144, 96, 112, 1)
affine min: 0.0, max: 119.50218200683594
tensor shape: (144, 96, 112, 1)
segm1 shape: (144, 96, 112, 1)
segm2 shape: (144, 96, 112, 1)
tgt_img shape: (144, 96, 112, 1)
src_img shape: (144, 96, 112, 1)
aff_def shape: (144, 96, 112, 1)
affine min: 0.0, max: 122.82344055175781
tensor shape: (144, 96, 112, 1)
segm1 shape: (144, 96, 112, 1)
segm2 shape: (144, 96, 112, 1)
tgt_img shape: (144, 96, 112, 1)
src_img shape: (144, 96, 112, 1)
aff_def shape: (144, 96, 112, 1)
affine min: 0.0, max: 135.5797882080078
tensor shape: (144, 96, 112, 1)
segm1 shape: (144, 96, 112, 1)
segm2 shape: (144, 96, 112, 1)
tgt_img shape: (144, 96, 112, 1)
src_img shape: (144, 96, 112, 1)
aff_def shape: (144, 96, 112, 1)
affine min: 0.0, max: 175.48756408691406
tensor shape: (144, 96, 112, 1)
segm1 shape: (144, 96, 112, 1)
segm2 shape: (144, 96, 112, 1)
tgt_img shape: (144, 96, 112, 1)
src_img shape: (144, 96, 112, 1)
aff_def shape: (144, 96, 112, 1)
affine min: 0.0, max: 124.10376739501953
tensor shape: (144, 96, 112, 1)
segm1 shape: (144, 96, 112, 1)
segm2 shape: (144, 96, 112, 1)
tgt_img shape: (144, 96, 112, 1)
src_img shape: (144, 96, 112, 1)
aff_def shape: (144, 96, 112, 1)
affine min: 0.0, max: 126.07027435302734
tensor shape: (144, 96, 112, 1)
segm1 shape: (144, 96, 112, 1)
segm2 shape: (144, 96, 112, 1)
tgt_img shape: (144, 96, 112, 1)
src_img shape: (144, 96, 112, 1)
aff_def shape: (144, 96, 112, 1)
affine min: 0.0, max: 124.52091979980469
tensor shape: (144, 96, 112, 1)
segm1 shape: (144, 96, 112, 1)
segm2 shape: (144, 96, 112, 1)
tgt_img shape: (144, 96, 112, 1)
src_img shape: (144, 96, 112, 1)
aff_def shape: (144, 96, 112, 1)
affine min: 0.0, max: 119.16797637939453
tensor shape: (144, 96, 112, 1)
segm1 shape: (144, 96, 112, 1)
segm2 shape: (144, 96, 112, 1)
tgt_img shape: (144, 96, 112, 1)
src_img shape: (144, 96, 112, 1)
aff_def shape: (144, 96, 112, 1)
affine min: 0.0, max: 164.03323364257812
tensor shape: (144, 96, 112, 1)
segm1 shape: (144, 96, 112, 1)
segm2 shape: (144, 96, 112, 1)
tgt_img shape: (144, 96, 112, 1)
src_img shape: (144, 96, 112, 1)
aff_def shape: (144, 96, 112, 1)
affine min: 0.0, max: 149.23187255859375
tensor shape: (144, 96, 112, 1)
segm1 shape: (144, 96, 112, 1)
segm2 shape: (144, 96, 112, 1)
tgt_img shape: (144, 96, 112, 1)
src_img shape: (144, 96, 112, 1)
aff_def shape: (144, 96, 112, 1)
affine min: 0.0, max: 120.64175415039062
tensor shape: (144, 96, 112, 1)
segm1 shape: (144, 96, 112, 1)
segm2 shape: (144, 96, 112, 1)
tgt_img shape: (144, 96, 112, 1)
src_img shape: (144, 96, 112, 1)
aff_def shape: (144, 96, 112, 1)
affine min: 0.0, max: 118.83921813964844
tensor shape: (144, 96, 112, 1)
segm1 shape: (144, 96, 112, 1)
segm2 shape: (144, 96, 112, 1)
tgt_img shape: (144, 96, 112, 1)
src_img shape: (144, 96, 112, 1)
aff_def shape: (144, 96, 112, 1)
affine min: 0.0, max: 125.22093200683594
tensor shape: (144, 96, 112, 1)
segm1 shape: (144, 96, 112, 1)
segm2 shape: (144, 96, 112, 1)
tgt_img shape: (144, 96, 112, 1)
src_img shape: (144, 96, 112, 1)
aff_def shape: (144, 96, 112, 1)
affine min: 0.0, max: 122.82344055175781
tensor shape: (144, 96, 112, 1)
segm1 shape: (144, 96, 112, 1)
segm2 shape: (144, 96, 112, 1)
tgt_img shape: (144, 96, 112, 1)
src_img shape: (144, 96, 112, 1)
aff_def shape: (144, 96, 112, 1)
affine min: 0.0, max: 120.02018737792969
tensor shape: (144, 96, 112, 1)
segm1 shape: (144, 96, 112, 1)
segm2 shape: (144, 96, 112, 1)
tgt_img shape: (144, 96, 112, 1)
src_img shape: (144, 96, 112, 1)
aff_def shape: (144, 96, 112, 1)
affine min: 0.0, max: 123.50216674804688
tensor shape: (144, 96, 112, 1)
segm1 shape: (144, 96, 112, 1)
segm2 shape: (144, 96, 112, 1)
tgt_img shape: (144, 96, 112, 1)
src_img shape: (144, 96, 112, 1)
aff_def shape: (144, 96, 112, 1)
affine min: 0.0, max: 119.50218200683594
tensor shape: (144, 96, 112, 1)
segm1 shape: (144, 96, 112, 1)
segm2 shape: (144, 96, 112, 1)
tgt_img shape: (144, 96, 112, 1)
src_img shape: (144, 96, 112, 1)
aff_def shape: (144, 96, 112, 1)
affine min: 0.0, max: 171.51455688476562
tensor shape: (144, 96, 112, 1)
segm1 shape: (144, 96, 112, 1)
segm2 shape: (144, 96, 112, 1)
tgt_img shape: (144, 96, 112, 1)
src_img shape: (144, 96, 112, 1)
aff_def shape: (144, 96, 112, 1)
affine min: 0.0, max: 119.16797637939453
tensor shape: (144, 96, 112, 1)
segm1 shape: (144, 96, 112, 1)
segm2 shape: (144, 96, 112, 1)
tgt_img shape: (144, 96, 112, 1)
src_img shape: (144, 96, 112, 1)
aff_def shape: (144, 96, 112, 1)
affine min: 0.0, max: 118.83921813964844
tensor shape: (144, 96, 112, 1)
segm1 shape: (144, 96, 112, 1)
segm2 shape: (144, 96, 112, 1)
tgt_img shape: (144, 96, 112, 1)
src_img shape: (144, 96, 112, 1)
aff_def shape: (144, 96, 112, 1)
affine min: 0.0, max: 124.52091979980469
tensor shape: (144, 96, 112, 1)
segm1 shape: (144, 96, 112, 1)
segm2 shape: (144, 96, 112, 1)
tgt_img shape: (144, 96, 112, 1)
src_img shape: (144, 96, 112, 1)
aff_def shape: (144, 96, 112, 1)
affine min: 0.0, max: 125.22093200683594
tensor shape: (144, 96, 112, 1)
segm1 shape: (144, 96, 112, 1)
segm2 shape: (144, 96, 112, 1)
tgt_img shape: (144, 96, 112, 1)
src_img shape: (144, 96, 112, 1)
aff_def shape: (144, 96, 112, 1)
affine min: 0.0, max: 120.02018737792969
tensor shape: (144, 96, 112, 1)
segm1 shape: (144, 96, 112, 1)
segm2 shape: (144, 96, 112, 1)
tgt_img shape: (144, 96, 112, 1)
src_img shape: (144, 96, 112, 1)
aff_def shape: (144, 96, 112, 1)
affine min: 0.0, max: 120.64175415039062
tensor shape: (144, 96, 112, 1)
segm1 shape: (144, 96, 112, 1)
segm2 shape: (144, 96, 112, 1)
tgt_img shape: (144, 96, 112, 1)
src_img shape: (144, 96, 112, 1)
aff_def shape: (144, 96, 112, 1)
affine min: 0.0, max: 164.03323364257812
tensor shape: (144, 96, 112, 1)
segm1 shape: (144, 96, 112, 1)
segm2 shape: (144, 96, 112, 1)
tgt_img shape: (144, 96, 112, 1)
src_img shape: (144, 96, 112, 1)
aff_def shape: (144, 96, 112, 1)
affine min: 0.0, max: 119.50218200683594
tensor shape: (144, 96, 112, 1)
segm1 shape: (144, 96, 112, 1)
segm2 shape: (144, 96, 112, 1)
tgt_img shape: (144, 96, 112, 1)
src_img shape: (144, 96, 112, 1)
aff_def shape: (144, 96, 112, 1)

17/17 [==============================] - 20253s 1191s/step - loss: 466.3777 - warpedSrc_loss: 93.3285 - movedSegm_loss: -0.0884 - srcSegm_loss: -0.0882 - nonr_def_loss: 4.4549e-04 - warpedSrc_MeanSquaredError: 93.3285 - movedSegm_sigmoid_sftDC: 0.1737 - srcSegm_sigmoid_DC: 0.1725 - nonr_def_mean_absolute_error: 0.1277 - val_loss: 2224.4181 - val_warpedSrc_loss: 444.9290 - val_movedSegm_loss: -0.0735 - val_srcSegm_loss: -0.0782 - val_nonr_def_loss: 0.1245 - val_warpedSrc_MeanSquaredError: 444.9290 - val_movedSegm_sigmoid_sftDC: 0.0941 - val_srcSegm_sigmoid_DC: 0.1001 - val_nonr_def_mean_absolute_error: 4.1941

Epoch 00001: val_srcSegm_sigmoid_DC improved from -inf to 0.10008, saving model to /home/groups/dlmrimnd/jacob/data/results/accWeights.01-2224.42.hdf5

Epoch 00001: val_movedSegm_sigmoid_sftDC improved from -inf to 0.09407, saving model to /home/groups/dlmrimnd/jacob/data/results/consWeights.01-2224.42.hdf5

Epoch 00001: saving model to /home/groups/dlmrimnd/jacob/data/results/model_weight_out.h5
lr:  0.0005
loss weight lamda used:  9.0
Epoch 2/2
affine min: 0.0, max: 118.56726837158203
tensor shape: (144, 96, 112, 1)
segm1 shape: (144, 96, 112, 1)
segm2 shape: (144, 96, 112, 1)
tgt_img shape: (144, 96, 112, 1)
src_img shape: (144, 96, 112, 1)
aff_def shape: (144, 96, 112, 1)
affine min: 0.0, max: 119.12646484375
tensor shape: (144, 96, 112, 1)
segm1 shape: (144, 96, 112, 1)
segm2 shape: (144, 96, 112, 1)
tgt_img shape: (144, 96, 112, 1)
src_img shape: (144, 96, 112, 1)
aff_def shape: (144, 96, 112, 1)
affine min: 0.0, max: 122.51763916015625
tensor shape: (144, 96, 112, 1)
segm1 shape: (144, 96, 112, 1)
segm2 shape: (144, 96, 112, 1)
tgt_img shape: (144, 96, 112, 1)
src_img shape: (144, 96, 112, 1)
aff_def shape: (144, 96, 112, 1)
affine min: 0.0, max: 116.26301574707031
tensor shape: (144, 96, 112, 1)
segm1 shape: (144, 96, 112, 1)
segm2 shape: (144, 96, 112, 1)
tgt_img shape: (144, 96, 112, 1)
src_img shape: (144, 96, 112, 1)
aff_def shape: (144, 96, 112, 1)

 1/17 [>.............................] - ETA: 4:55:48 - loss: 527.7867 - warpedSrc_loss: 58.6787 - movedSegm_loss: -0.1074 - srcSegm_loss: -0.1067 - nonr_def_loss: 5.9385e-04 - warpedSrc_MeanSquaredError: 58.6787 - movedSegm_sigmoid_sftDC: 0.2639 - srcSegm_sigmoid_DC: 0.2619 - nonr_def_mean_absolute_error: 0.1613affine min: 0.0, max: 121.83629608154297
tensor shape: (144, 96, 112, 1)
segm1 shape: (144, 96, 112, 1)
segm2 shape: (144, 96, 112, 1)
tgt_img shape: (144, 96, 112, 1)
src_img shape: (144, 96, 112, 1)
aff_def shape: (144, 96, 112, 1)
affine min: 0.0, max: 119.44468688964844
tensor shape: (144, 96, 112, 1)
segm1 shape: (144, 96, 112, 1)
segm2 shape: (144, 96, 112, 1)
tgt_img shape: (144, 96, 112, 1)
src_img shape: (144, 96, 112, 1)
aff_def shape: (144, 96, 112, 1)
affine min: 0.0, max: 132.42428588867188
tensor shape: (144, 96, 112, 1)
segm1 shape: (144, 96, 112, 1)
segm2 shape: (144, 96, 112, 1)
tgt_img shape: (144, 96, 112, 1)
src_img shape: (144, 96, 112, 1)
aff_def shape: (144, 96, 112, 1)
affine min: 0.0, max: 121.73023986816406
tensor shape: (144, 96, 112, 1)
segm1 shape: (144, 96, 112, 1)
segm2 shape: (144, 96, 112, 1)
tgt_img shape: (144, 96, 112, 1)
src_img shape: (144, 96, 112, 1)
aff_def shape: (144, 96, 112, 1)

 2/17 [==>...........................] - ETA: 4:37:25 - loss: 443.6553 - warpedSrc_loss: 49.3321 - movedSegm_loss: -0.1113 - srcSegm_loss: -0.1109 - nonr_def_loss: 6.9254e-04 - warpedSrc_MeanSquaredError: 49.3321 - movedSegm_sigmoid_sftDC: 0.2736 - srcSegm_sigmoid_DC: 0.2715 - nonr_def_mean_absolute_error: 0.1643affine min: 0.0, max: 126.35047912597656
tensor shape: (144, 96, 112, 1)
segm1 shape: (144, 96, 112, 1)
segm2 shape: (144, 96, 112, 1)
tgt_img shape: (144, 96, 112, 1)
src_img shape: (144, 96, 112, 1)
aff_def shape: (144, 96, 112, 1)
affine min: 0.0, max: 124.32431030273438
tensor shape: (144, 96, 112, 1)
segm1 shape: (144, 96, 112, 1)
segm2 shape: (144, 96, 112, 1)
tgt_img shape: (144, 96, 112, 1)
src_img shape: (144, 96, 112, 1)
aff_def shape: (144, 96, 112, 1)
affine min: 0.0, max: 118.32209777832031
tensor shape: (144, 96, 112, 1)
segm1 shape: (144, 96, 112, 1)
segm2 shape: (144, 96, 112, 1)
tgt_img shape: (144, 96, 112, 1)
src_img shape: (144, 96, 112, 1)
aff_def shape: (144, 96, 112, 1)
affine min: 0.0, max: 159.38388061523438
tensor shape: (144, 96, 112, 1)
segm1 shape: (144, 96, 112, 1)
segm2 shape: (144, 96, 112, 1)
tgt_img shape: (144, 96, 112, 1)
src_img shape: (144, 96, 112, 1)
aff_def shape: (144, 96, 112, 1)

 3/17 [====>.........................] - ETA: 4:18:03 - loss: 553.9652 - warpedSrc_loss: 61.5885 - movedSegm_loss: -0.1104 - srcSegm_loss: -0.1106 - nonr_def_loss: 6.7581e-04 - warpedSrc_MeanSquaredError: 61.5885 - movedSegm_sigmoid_sftDC: 0.2734 - srcSegm_sigmoid_DC: 0.2727 - nonr_def_mean_absolute_error: 0.1665affine min: 0.0, max: 124.52397918701172
tensor shape: (144, 96, 112, 1)
segm1 shape: (144, 96, 112, 1)
segm2 shape: (144, 96, 112, 1)
tgt_img shape: (144, 96, 112, 1)
src_img shape: (144, 96, 112, 1)
aff_def shape: (144, 96, 112, 1)
affine min: 0.0, max: 119.9021987915039
tensor shape: (144, 96, 112, 1)
segm1 shape: (144, 96, 112, 1)
segm2 shape: (144, 96, 112, 1)
tgt_img shape: (144, 96, 112, 1)
src_img shape: (144, 96, 112, 1)
aff_def shape: (144, 96, 112, 1)
affine min: 0.0, max: 121.64763641357422
tensor shape: (144, 96, 112, 1)
segm1 shape: (144, 96, 112, 1)
segm2 shape: (144, 96, 112, 1)
tgt_img shape: (144, 96, 112, 1)
src_img shape: (144, 96, 112, 1)
aff_def shape: (144, 96, 112, 1)
affine min: 0.0, max: 129.3511962890625
tensor shape: (144, 96, 112, 1)
segm1 shape: (144, 96, 112, 1)
segm2 shape: (144, 96, 112, 1)
tgt_img shape: (144, 96, 112, 1)
src_img shape: (144, 96, 112, 1)
aff_def shape: (144, 96, 112, 1)

 4/17 [======>.......................] - ETA: 3:59:19 - loss: 586.1811 - warpedSrc_loss: 65.1676 - movedSegm_loss: -0.1090 - srcSegm_loss: -0.1092 - nonr_def_loss: 6.7995e-04 - warpedSrc_MeanSquaredError: 65.1676 - movedSegm_sigmoid_sftDC: 0.2718 - srcSegm_sigmoid_DC: 0.2709 - nonr_def_mean_absolute_error: 0.1669affine min: 0.0, max: 123.69461822509766
tensor shape: (144, 96, 112, 1)
segm1 shape: (144, 96, 112, 1)
segm2 shape: (144, 96, 112, 1)
tgt_img shape: (144, 96, 112, 1)
src_img shape: (144, 96, 112, 1)
aff_def shape: (144, 96, 112, 1)
affine min: 0.0, max: 168.98609924316406
tensor shape: (144, 96, 112, 1)
segm1 shape: (144, 96, 112, 1)
segm2 shape: (144, 96, 112, 1)
tgt_img shape: (144, 96, 112, 1)
src_img shape: (144, 96, 112, 1)
aff_def shape: (144, 96, 112, 1)
affine min: 0.0, max: 122.56172180175781
tensor shape: (144, 96, 112, 1)
segm1 shape: (144, 96, 112, 1)
segm2 shape: (144, 96, 112, 1)
tgt_img shape: (144, 96, 112, 1)
src_img shape: (144, 96, 112, 1)
aff_def shape: (144, 96, 112, 1)
affine min: 0.0, max: 164.810546875
tensor shape: (144, 96, 112, 1)
segm1 shape: (144, 96, 112, 1)
segm2 shape: (144, 96, 112, 1)
tgt_img shape: (144, 96, 112, 1)
src_img shape: (144, 96, 112, 1)
aff_def shape: (144, 96, 112, 1)

 5/17 [=======>......................] - ETA: 3:40:28 - loss: 754.1162 - warpedSrc_loss: 83.8269 - movedSegm_loss: -0.1088 - srcSegm_loss: -0.1086 - nonr_def_loss: 6.6711e-04 - warpedSrc_MeanSquaredError: 83.8269 - movedSegm_sigmoid_sftDC: 0.2731 - srcSegm_sigmoid_DC: 0.2712 - nonr_def_mean_absolute_error: 0.1673affine min: 0.0, max: 119.85924530029297
tensor shape: (144, 96, 112, 1)
segm1 shape: (144, 96, 112, 1)
segm2 shape: (144, 96, 112, 1)
tgt_img shape: (144, 96, 112, 1)
src_img shape: (144, 96, 112, 1)
aff_def shape: (144, 96, 112, 1)
affine min: 0.0, max: 122.41776275634766
tensor shape: (144, 96, 112, 1)
segm1 shape: (144, 96, 112, 1)
segm2 shape: (144, 96, 112, 1)
tgt_img shape: (144, 96, 112, 1)
src_img shape: (144, 96, 112, 1)
aff_def shape: (144, 96, 112, 1)
affine min: 0.0, max: 120.14934539794922
tensor shape: (144, 96, 112, 1)
segm1 shape: (144, 96, 112, 1)
segm2 shape: (144, 96, 112, 1)
tgt_img shape: (144, 96, 112, 1)
src_img shape: (144, 96, 112, 1)
aff_def shape: (144, 96, 112, 1)
affine min: 0.0, max: 168.5893096923828
tensor shape: (144, 96, 112, 1)
segm1 shape: (144, 96, 112, 1)
segm2 shape: (144, 96, 112, 1)
tgt_img shape: (144, 96, 112, 1)
src_img shape: (144, 96, 112, 1)
aff_def shape: (144, 96, 112, 1)

 6/17 [=========>....................] - ETA: 3:22:12 - loss: 717.2137 - warpedSrc_loss: 79.7266 - movedSegm_loss: -0.1088 - srcSegm_loss: -0.1086 - nonr_def_loss: 6.5655e-04 - warpedSrc_MeanSquaredError: 79.7266 - movedSegm_sigmoid_sftDC: 0.2746 - srcSegm_sigmoid_DC: 0.2724 - nonr_def_mean_absolute_error: 0.1680affine min: 0.0, max: 120.59247589111328
tensor shape: (144, 96, 112, 1)
segm1 shape: (144, 96, 112, 1)
segm2 shape: (144, 96, 112, 1)
tgt_img shape: (144, 96, 112, 1)
src_img shape: (144, 96, 112, 1)
aff_def shape: (144, 96, 112, 1)
affine min: 0.0, max: 118.56330871582031
tensor shape: (144, 96, 112, 1)
segm1 shape: (144, 96, 112, 1)
segm2 shape: (144, 96, 112, 1)
tgt_img shape: (144, 96, 112, 1)
src_img shape: (144, 96, 112, 1)
aff_def shape: (144, 96, 112, 1)
affine min: 0.0, max: 120.91606903076172
tensor shape: (144, 96, 112, 1)
segm1 shape: (144, 96, 112, 1)
segm2 shape: (144, 96, 112, 1)
tgt_img shape: (144, 96, 112, 1)
src_img shape: (144, 96, 112, 1)
aff_def shape: (144, 96, 112, 1)
affine min: 0.0, max: 165.52626037597656
tensor shape: (144, 96, 112, 1)
segm1 shape: (144, 96, 112, 1)
segm2 shape: (144, 96, 112, 1)
tgt_img shape: (144, 96, 112, 1)
src_img shape: (144, 96, 112, 1)
aff_def shape: (144, 96, 112, 1)

 7/17 [===========>..................] - ETA: 3:03:42 - loss: 727.7992 - warpedSrc_loss: 80.9028 - movedSegm_loss: -0.1087 - srcSegm_loss: -0.1085 - nonr_def_loss: 6.3978e-04 - warpedSrc_MeanSquaredError: 80.9028 - movedSegm_sigmoid_sftDC: 0.2766 - srcSegm_sigmoid_DC: 0.2743 - nonr_def_mean_absolute_error: 0.1682affine min: 0.0, max: 129.3429718017578
tensor shape: (144, 96, 112, 1)
segm1 shape: (144, 96, 112, 1)
segm2 shape: (144, 96, 112, 1)
tgt_img shape: (144, 96, 112, 1)
src_img shape: (144, 96, 112, 1)
aff_def shape: (144, 96, 112, 1)
affine min: 0.0, max: 121.64763641357422
tensor shape: (144, 96, 112, 1)
segm1 shape: (144, 96, 112, 1)
segm2 shape: (144, 96, 112, 1)
tgt_img shape: (144, 96, 112, 1)
src_img shape: (144, 96, 112, 1)
aff_def shape: (144, 96, 112, 1)
affine min: 0.0, max: 120.91606903076172
tensor shape: (144, 96, 112, 1)
segm1 shape: (144, 96, 112, 1)
segm2 shape: (144, 96, 112, 1)
tgt_img shape: (144, 96, 112, 1)
src_img shape: (144, 96, 112, 1)
aff_def shape: (144, 96, 112, 1)
affine min: 0.0, max: 125.74767303466797
tensor shape: (144, 96, 112, 1)
segm1 shape: (144, 96, 112, 1)
segm2 shape: (144, 96, 112, 1)
tgt_img shape: (144, 96, 112, 1)
src_img shape: (144, 96, 112, 1)
aff_def shape: (144, 96, 112, 1)

 8/17 [=============>................] - ETA: 2:45:19 - loss: 908.4011 - warpedSrc_loss: 100.9697 - movedSegm_loss: -0.1091 - srcSegm_loss: -0.1086 - nonr_def_loss: 6.2636e-04 - warpedSrc_MeanSquaredError: 100.9697 - movedSegm_sigmoid_sftDC: 0.2796 - srcSegm_sigmoid_DC: 0.2765 - nonr_def_mean_absolute_error: 0.1686affine min: 0.0, max: 165.52626037597656
tensor shape: (144, 96, 112, 1)
segm1 shape: (144, 96, 112, 1)
segm2 shape: (144, 96, 112, 1)
tgt_img shape: (144, 96, 112, 1)
src_img shape: (144, 96, 112, 1)
aff_def shape: (144, 96, 112, 1)
affine min: 0.0, max: 156.8499755859375
tensor shape: (144, 96, 112, 1)
segm1 shape: (144, 96, 112, 1)
segm2 shape: (144, 96, 112, 1)
tgt_img shape: (144, 96, 112, 1)
src_img shape: (144, 96, 112, 1)
aff_def shape: (144, 96, 112, 1)
affine min: 0.0, max: 181.0196075439453
tensor shape: (144, 96, 112, 1)
segm1 shape: (144, 96, 112, 1)
segm2 shape: (144, 96, 112, 1)
tgt_img shape: (144, 96, 112, 1)
src_img shape: (144, 96, 112, 1)
aff_def shape: (144, 96, 112, 1)
affine min: 0.0, max: 124.34178161621094
tensor shape: (144, 96, 112, 1)
segm1 shape: (144, 96, 112, 1)
segm2 shape: (144, 96, 112, 1)
tgt_img shape: (144, 96, 112, 1)
src_img shape: (144, 96, 112, 1)
aff_def shape: (144, 96, 112, 1)

 9/17 [==============>...............] - ETA: 2:26:57 - loss: 836.5016 - warpedSrc_loss: 92.9814 - movedSegm_loss: -0.1106 - srcSegm_loss: -0.1099 - nonr_def_loss: 6.2660e-04 - warpedSrc_MeanSquaredError: 92.9814 - movedSegm_sigmoid_sftDC: 0.2841 - srcSegm_sigmoid_DC: 0.2803 - nonr_def_mean_absolute_error: 0.1695  affine min: 0.0, max: 120.59247589111328
tensor shape: (144, 96, 112, 1)
segm1 shape: (144, 96, 112, 1)
segm2 shape: (144, 96, 112, 1)
tgt_img shape: (144, 96, 112, 1)
src_img shape: (144, 96, 112, 1)
aff_def shape: (144, 96, 112, 1)
affine min: 0.0, max: 124.5113296508789
tensor shape: (144, 96, 112, 1)
segm1 shape: (144, 96, 112, 1)
segm2 shape: (144, 96, 112, 1)
tgt_img shape: (144, 96, 112, 1)
src_img shape: (144, 96, 112, 1)
aff_def shape: (144, 96, 112, 1)
affine min: 0.0, max: 123.69461822509766
tensor shape: (144, 96, 112, 1)
segm1 shape: (144, 96, 112, 1)
segm2 shape: (144, 96, 112, 1)
tgt_img shape: (144, 96, 112, 1)
src_img shape: (144, 96, 112, 1)
aff_def shape: (144, 96, 112, 1)
affine min: 0.0, max: 122.41776275634766
tensor shape: (144, 96, 112, 1)
segm1 shape: (144, 96, 112, 1)
segm2 shape: (144, 96, 112, 1)
tgt_img shape: (144, 96, 112, 1)
src_img shape: (144, 96, 112, 1)
aff_def shape: (144, 96, 112, 1)

10/17 [================>.............] - ETA: 2:08:31 - loss: 830.1246 - warpedSrc_loss: 92.2728 - movedSegm_loss: -0.1104 - srcSegm_loss: -0.1101 - nonr_def_loss: 6.3795e-04 - warpedSrc_MeanSquaredError: 92.2728 - movedSegm_sigmoid_sftDC: 0.2840 - srcSegm_sigmoid_DC: 0.2811 - nonr_def_mean_absolute_error: 0.1716affine min: 0.0, max: 124.49322509765625
tensor shape: (144, 96, 112, 1)
segm1 shape: (144, 96, 112, 1)
segm2 shape: (144, 96, 112, 1)
tgt_img shape: (144, 96, 112, 1)
src_img shape: (144, 96, 112, 1)
aff_def shape: (144, 96, 112, 1)
affine min: 0.0, max: 123.64976501464844
tensor shape: (144, 96, 112, 1)
segm1 shape: (144, 96, 112, 1)
segm2 shape: (144, 96, 112, 1)
tgt_img shape: (144, 96, 112, 1)
src_img shape: (144, 96, 112, 1)
aff_def shape: (144, 96, 112, 1)
affine min: 0.0, max: 124.32431030273438
tensor shape: (144, 96, 112, 1)
segm1 shape: (144, 96, 112, 1)
segm2 shape: (144, 96, 112, 1)
tgt_img shape: (144, 96, 112, 1)
src_img shape: (144, 96, 112, 1)
aff_def shape: (144, 96, 112, 1)
affine min: 0.0, max: 118.32209777832031
tensor shape: (144, 96, 112, 1)
segm1 shape: (144, 96, 112, 1)
segm2 shape: (144, 96, 112, 1)
tgt_img shape: (144, 96, 112, 1)
src_img shape: (144, 96, 112, 1)
aff_def shape: (144, 96, 112, 1)

11/17 [==================>...........] - ETA: 1:50:10 - loss: 826.8323 - warpedSrc_loss: 91.9068 - movedSegm_loss: -0.1098 - srcSegm_loss: -0.1095 - nonr_def_loss: 6.3434e-04 - warpedSrc_MeanSquaredError: 91.9068 - movedSegm_sigmoid_sftDC: 0.2827 - srcSegm_sigmoid_DC: 0.2799 - nonr_def_mean_absolute_error: 0.1738affine min: 0.0, max: 127.43836975097656
tensor shape: (144, 96, 112, 1)
segm1 shape: (144, 96, 112, 1)
segm2 shape: (144, 96, 112, 1)
tgt_img shape: (144, 96, 112, 1)
src_img shape: (144, 96, 112, 1)
aff_def shape: (144, 96, 112, 1)
affine min: 0.0, max: 122.56172180175781
tensor shape: (144, 96, 112, 1)
segm1 shape: (144, 96, 112, 1)
segm2 shape: (144, 96, 112, 1)
tgt_img shape: (144, 96, 112, 1)
src_img shape: (144, 96, 112, 1)
aff_def shape: (144, 96, 112, 1)
affine min: 0.0, max: 125.55381774902344
tensor shape: (144, 96, 112, 1)
segm1 shape: (144, 96, 112, 1)
segm2 shape: (144, 96, 112, 1)
tgt_img shape: (144, 96, 112, 1)
src_img shape: (144, 96, 112, 1)
aff_def shape: (144, 96, 112, 1)
affine min: 0.0, max: 126.35047912597656
tensor shape: (144, 96, 112, 1)
segm1 shape: (144, 96, 112, 1)
segm2 shape: (144, 96, 112, 1)
tgt_img shape: (144, 96, 112, 1)
src_img shape: (144, 96, 112, 1)
aff_def shape: (144, 96, 112, 1)

12/17 [====================>.........] - ETA: 1:31:51 - loss: 791.5672 - warpedSrc_loss: 87.9889 - movedSegm_loss: -0.1111 - srcSegm_loss: -0.1110 - nonr_def_loss: 6.3986e-04 - warpedSrc_MeanSquaredError: 87.9889 - movedSegm_sigmoid_sftDC: 0.2853 - srcSegm_sigmoid_DC: 0.2831 - nonr_def_mean_absolute_error: 0.1762affine min: 0.0, max: 119.89848327636719
tensor shape: (144, 96, 112, 1)
segm1 shape: (144, 96, 112, 1)
segm2 shape: (144, 96, 112, 1)
tgt_img shape: (144, 96, 112, 1)
src_img shape: (144, 96, 112, 1)
aff_def shape: (144, 96, 112, 1)
affine min: 0.0, max: 121.83629608154297
tensor shape: (144, 96, 112, 1)
segm1 shape: (144, 96, 112, 1)
segm2 shape: (144, 96, 112, 1)
tgt_img shape: (144, 96, 112, 1)
src_img shape: (144, 96, 112, 1)
aff_def shape: (144, 96, 112, 1)
affine min: 0.0, max: 121.48980712890625
tensor shape: (144, 96, 112, 1)
segm1 shape: (144, 96, 112, 1)
segm2 shape: (144, 96, 112, 1)
tgt_img shape: (144, 96, 112, 1)
src_img shape: (144, 96, 112, 1)
aff_def shape: (144, 96, 112, 1)
affine min: 0.0, max: 118.56726837158203
tensor shape: (144, 96, 112, 1)
segm1 shape: (144, 96, 112, 1)
segm2 shape: (144, 96, 112, 1)
tgt_img shape: (144, 96, 112, 1)
src_img shape: (144, 96, 112, 1)
aff_def shape: (144, 96, 112, 1)

13/17 [=====================>........] - ETA: 1:13:26 - loss: 763.6054 - warpedSrc_loss: 84.8821 - movedSegm_loss: -0.1112 - srcSegm_loss: -0.1112 - nonr_def_loss: 6.4841e-04 - warpedSrc_MeanSquaredError: 84.8821 - movedSegm_sigmoid_sftDC: 0.2853 - srcSegm_sigmoid_DC: 0.2835 - nonr_def_mean_absolute_error: 0.1787affine min: 0.0, max: 130.68252563476562
tensor shape: (144, 96, 112, 1)
segm1 shape: (144, 96, 112, 1)
segm2 shape: (144, 96, 112, 1)
tgt_img shape: (144, 96, 112, 1)
src_img shape: (144, 96, 112, 1)
aff_def shape: (144, 96, 112, 1)
affine min: 0.0, max: 121.42423248291016
tensor shape: (144, 96, 112, 1)
segm1 shape: (144, 96, 112, 1)
segm2 shape: (144, 96, 112, 1)
tgt_img shape: (144, 96, 112, 1)
src_img shape: (144, 96, 112, 1)
aff_def shape: (144, 96, 112, 1)
affine min: 0.0, max: 125.7037124633789
tensor shape: (144, 96, 112, 1)
segm1 shape: (144, 96, 112, 1)
segm2 shape: (144, 96, 112, 1)
tgt_img shape: (144, 96, 112, 1)
src_img shape: (144, 96, 112, 1)
aff_def shape: (144, 96, 112, 1)
affine min: 0.0, max: 125.25275421142578
tensor shape: (144, 96, 112, 1)
segm1 shape: (144, 96, 112, 1)
segm2 shape: (144, 96, 112, 1)
tgt_img shape: (144, 96, 112, 1)
src_img shape: (144, 96, 112, 1)
aff_def shape: (144, 96, 112, 1)

14/17 [=======================>......] - ETA: 55:03 - loss: 782.2425 - warpedSrc_loss: 86.9530 - movedSegm_loss: -0.1114 - srcSegm_loss: -0.1115 - nonr_def_loss: 6.5782e-04 - warpedSrc_MeanSquaredError: 86.9530 - movedSegm_sigmoid_sftDC: 0.2860 - srcSegm_sigmoid_DC: 0.2844 - nonr_def_mean_absolute_error: 0.1805  affine min: 0.0, max: 123.61847686767578
tensor shape: (144, 96, 112, 1)
segm1 shape: (144, 96, 112, 1)
segm2 shape: (144, 96, 112, 1)
tgt_img shape: (144, 96, 112, 1)
src_img shape: (144, 96, 112, 1)
aff_def shape: (144, 96, 112, 1)
affine min: 0.0, max: 121.73023986816406
tensor shape: (144, 96, 112, 1)
segm1 shape: (144, 96, 112, 1)
segm2 shape: (144, 96, 112, 1)
tgt_img shape: (144, 96, 112, 1)
src_img shape: (144, 96, 112, 1)
aff_def shape: (144, 96, 112, 1)
affine min: 0.0, max: 123.88999938964844
tensor shape: (144, 96, 112, 1)
segm1 shape: (144, 96, 112, 1)
segm2 shape: (144, 96, 112, 1)
tgt_img shape: (144, 96, 112, 1)
src_img shape: (144, 96, 112, 1)
aff_def shape: (144, 96, 112, 1)
affine min: 0.0, max: 120.14934539794922
tensor shape: (144, 96, 112, 1)
segm1 shape: (144, 96, 112, 1)
segm2 shape: (144, 96, 112, 1)
tgt_img shape: (144, 96, 112, 1)
src_img shape: (144, 96, 112, 1)
aff_def shape: (144, 96, 112, 1)

15/17 [=========================>....] - ETA: 36:41 - loss: 767.5144 - warpedSrc_loss: 85.3165 - movedSegm_loss: -0.1113 - srcSegm_loss: -0.1112 - nonr_def_loss: 6.7283e-04 - warpedSrc_MeanSquaredError: 85.3165 - movedSegm_sigmoid_sftDC: 0.2863 - srcSegm_sigmoid_DC: 0.2843 - nonr_def_mean_absolute_error: 0.1825affine min: 0.0, max: 133.1759033203125
tensor shape: (144, 96, 112, 1)
segm1 shape: (144, 96, 112, 1)
segm2 shape: (144, 96, 112, 1)
tgt_img shape: (144, 96, 112, 1)
src_img shape: (144, 96, 112, 1)
aff_def shape: (144, 96, 112, 1)
affine min: 0.0, max: 116.26301574707031
tensor shape: (144, 96, 112, 1)
segm1 shape: (144, 96, 112, 1)
segm2 shape: (144, 96, 112, 1)
tgt_img shape: (144, 96, 112, 1)
src_img shape: (144, 96, 112, 1)
aff_def shape: (144, 96, 112, 1)
affine min: 0.0, max: 119.85924530029297
tensor shape: (144, 96, 112, 1)
segm1 shape: (144, 96, 112, 1)
segm2 shape: (144, 96, 112, 1)
tgt_img shape: (144, 96, 112, 1)
src_img shape: (144, 96, 112, 1)
aff_def shape: (144, 96, 112, 1)
affine min: 0.0, max: 127.63117980957031
tensor shape: (144, 96, 112, 1)
segm1 shape: (144, 96, 112, 1)
segm2 shape: (144, 96, 112, 1)
tgt_img shape: (144, 96, 112, 1)
src_img shape: (144, 96, 112, 1)
aff_def shape: (144, 96, 112, 1)

16/17 [===========================>..] - ETA: 18:20 - loss: 805.1110 - warpedSrc_loss: 89.4939 - movedSegm_loss: -0.1117 - srcSegm_loss: -0.1112 - nonr_def_loss: 6.8798e-04 - warpedSrc_MeanSquaredError: 89.4939 - movedSegm_sigmoid_sftDC: 0.2882 - srcSegm_sigmoid_DC: 0.2852 - nonr_def_mean_absolute_error: 0.1845affine min: 0.0, max: 168.5893096923828
tensor shape: (144, 96, 112, 1)
segm1 shape: (144, 96, 112, 1)
segm2 shape: (144, 96, 112, 1)
tgt_img shape: (144, 96, 112, 1)
src_img shape: (144, 96, 112, 1)
aff_def shape: (144, 96, 112, 1)
affine min: 0.0, max: 126.56449890136719
tensor shape: (144, 96, 112, 1)
segm1 shape: (144, 96, 112, 1)
segm2 shape: (144, 96, 112, 1)
tgt_img shape: (144, 96, 112, 1)
src_img shape: (144, 96, 112, 1)
aff_def shape: (144, 96, 112, 1)
affine min: 0.0, max: 158.89744567871094
tensor shape: (144, 96, 112, 1)
segm1 shape: (144, 96, 112, 1)
segm2 shape: (144, 96, 112, 1)
tgt_img shape: (144, 96, 112, 1)
src_img shape: (144, 96, 112, 1)
aff_def shape: (144, 96, 112, 1)
affine min: 0.0, max: 136.92347717285156
tensor shape: (144, 96, 112, 1)
segm1 shape: (144, 96, 112, 1)
segm2 shape: (144, 96, 112, 1)
tgt_img shape: (144, 96, 112, 1)
src_img shape: (144, 96, 112, 1)
aff_def shape: (144, 96, 112, 1)
affine min: 0.0, max: 135.5797882080078
tensor shape: (144, 96, 112, 1)
segm1 shape: (144, 96, 112, 1)
segm2 shape: (144, 96, 112, 1)
tgt_img shape: (144, 96, 112, 1)
src_img shape: (144, 96, 112, 1)
aff_def shape: (144, 96, 112, 1)
affine min: 0.0, max: 126.07027435302734
tensor shape: (144, 96, 112, 1)
segm1 shape: (144, 96, 112, 1)
segm2 shape: (144, 96, 112, 1)
tgt_img shape: (144, 96, 112, 1)
src_img shape: (144, 96, 112, 1)
aff_def shape: (144, 96, 112, 1)
affine min: 0.0, max: 149.23187255859375
tensor shape: (144, 96, 112, 1)
segm1 shape: (144, 96, 112, 1)
segm2 shape: (144, 96, 112, 1)
tgt_img shape: (144, 96, 112, 1)
src_img shape: (144, 96, 112, 1)
aff_def shape: (144, 96, 112, 1)
affine min: 0.0, max: 123.50216674804688
tensor shape: (144, 96, 112, 1)
segm1 shape: (144, 96, 112, 1)
segm2 shape: (144, 96, 112, 1)
tgt_img shape: (144, 96, 112, 1)
src_img shape: (144, 96, 112, 1)
aff_def shape: (144, 96, 112, 1)
affine min: 0.0, max: 175.48756408691406
tensor shape: (144, 96, 112, 1)
segm1 shape: (144, 96, 112, 1)
segm2 shape: (144, 96, 112, 1)
tgt_img shape: (144, 96, 112, 1)
src_img shape: (144, 96, 112, 1)
aff_def shape: (144, 96, 112, 1)
affine min: 0.0, max: 122.82344055175781
tensor shape: (144, 96, 112, 1)
segm1 shape: (144, 96, 112, 1)
segm2 shape: (144, 96, 112, 1)
tgt_img shape: (144, 96, 112, 1)
src_img shape: (144, 96, 112, 1)
aff_def shape: (144, 96, 112, 1)
affine min: 0.0, max: 124.10376739501953
tensor shape: (144, 96, 112, 1)
segm1 shape: (144, 96, 112, 1)
segm2 shape: (144, 96, 112, 1)
tgt_img shape: (144, 96, 112, 1)
src_img shape: (144, 96, 112, 1)
aff_def shape: (144, 96, 112, 1)
affine min: 0.0, max: 171.51455688476562
tensor shape: (144, 96, 112, 1)
segm1 shape: (144, 96, 112, 1)
segm2 shape: (144, 96, 112, 1)
tgt_img shape: (144, 96, 112, 1)
src_img shape: (144, 96, 112, 1)
aff_def shape: (144, 96, 112, 1)
affine min: 0.0, max: 122.82344055175781
tensor shape: (144, 96, 112, 1)
segm1 shape: (144, 96, 112, 1)
segm2 shape: (144, 96, 112, 1)
tgt_img shape: (144, 96, 112, 1)
src_img shape: (144, 96, 112, 1)
aff_def shape: (144, 96, 112, 1)
affine min: 0.0, max: 126.07027435302734
tensor shape: (144, 96, 112, 1)
segm1 shape: (144, 96, 112, 1)
segm2 shape: (144, 96, 112, 1)
tgt_img shape: (144, 96, 112, 1)
src_img shape: (144, 96, 112, 1)
aff_def shape: (144, 96, 112, 1)
affine min: 0.0, max: 119.16797637939453
tensor shape: (144, 96, 112, 1)
segm1 shape: (144, 96, 112, 1)
segm2 shape: (144, 96, 112, 1)
tgt_img shape: (144, 96, 112, 1)
src_img shape: (144, 96, 112, 1)
aff_def shape: (144, 96, 112, 1)
affine min: 0.0, max: 123.50216674804688
tensor shape: (144, 96, 112, 1)
segm1 shape: (144, 96, 112, 1)
segm2 shape: (144, 96, 112, 1)
tgt_img shape: (144, 96, 112, 1)
src_img shape: (144, 96, 112, 1)
aff_def shape: (144, 96, 112, 1)
affine min: 0.0, max: 120.02018737792969
tensor shape: (144, 96, 112, 1)
segm1 shape: (144, 96, 112, 1)
segm2 shape: (144, 96, 112, 1)
tgt_img shape: (144, 96, 112, 1)
src_img shape: (144, 96, 112, 1)
aff_def shape: (144, 96, 112, 1)
affine min: 0.0, max: 164.03323364257812
tensor shape: (144, 96, 112, 1)
segm1 shape: (144, 96, 112, 1)
segm2 shape: (144, 96, 112, 1)
tgt_img shape: (144, 96, 112, 1)
src_img shape: (144, 96, 112, 1)
aff_def shape: (144, 96, 112, 1)
affine min: 0.0, max: 120.64175415039062
tensor shape: (144, 96, 112, 1)
segm1 shape: (144, 96, 112, 1)
segm2 shape: (144, 96, 112, 1)
tgt_img shape: (144, 96, 112, 1)
src_img shape: (144, 96, 112, 1)
aff_def shape: (144, 96, 112, 1)
affine min: 0.0, max: 124.10376739501953
tensor shape: (144, 96, 112, 1)
segm1 shape: (144, 96, 112, 1)
segm2 shape: (144, 96, 112, 1)
tgt_img shape: (144, 96, 112, 1)
src_img shape: (144, 96, 112, 1)
aff_def shape: (144, 96, 112, 1)
affine min: 0.0, max: 124.52091979980469
tensor shape: (144, 96, 112, 1)
segm1 shape: (144, 96, 112, 1)
segm2 shape: (144, 96, 112, 1)
tgt_img shape: (144, 96, 112, 1)
src_img shape: (144, 96, 112, 1)
aff_def shape: (144, 96, 112, 1)
affine min: 0.0, max: 119.50218200683594
tensor shape: (144, 96, 112, 1)
segm1 shape: (144, 96, 112, 1)
segm2 shape: (144, 96, 112, 1)
tgt_img shape: (144, 96, 112, 1)
src_img shape: (144, 96, 112, 1)
aff_def shape: (144, 96, 112, 1)
affine min: 0.0, max: 175.48756408691406
tensor shape: (144, 96, 112, 1)
segm1 shape: (144, 96, 112, 1)
segm2 shape: (144, 96, 112, 1)
tgt_img shape: (144, 96, 112, 1)
src_img shape: (144, 96, 112, 1)
aff_def shape: (144, 96, 112, 1)
affine min: 0.0, max: 135.5797882080078
tensor shape: (144, 96, 112, 1)
segm1 shape: (144, 96, 112, 1)
segm2 shape: (144, 96, 112, 1)
tgt_img shape: (144, 96, 112, 1)
src_img shape: (144, 96, 112, 1)
aff_def shape: (144, 96, 112, 1)
affine min: 0.0, max: 118.83921813964844
tensor shape: (144, 96, 112, 1)
segm1 shape: (144, 96, 112, 1)
segm2 shape: (144, 96, 112, 1)
tgt_img shape: (144, 96, 112, 1)
src_img shape: (144, 96, 112, 1)
aff_def shape: (144, 96, 112, 1)
affine min: 0.0, max: 125.22093200683594
tensor shape: (144, 96, 112, 1)
segm1 shape: (144, 96, 112, 1)
segm2 shape: (144, 96, 112, 1)
tgt_img shape: (144, 96, 112, 1)
src_img shape: (144, 96, 112, 1)
aff_def shape: (144, 96, 112, 1)
affine min: 0.0, max: 171.51455688476562
tensor shape: (144, 96, 112, 1)
segm1 shape: (144, 96, 112, 1)
segm2 shape: (144, 96, 112, 1)
tgt_img shape: (144, 96, 112, 1)
src_img shape: (144, 96, 112, 1)
aff_def shape: (144, 96, 112, 1)
affine min: 0.0, max: 149.23187255859375
tensor shape: (144, 96, 112, 1)
segm1 shape: (144, 96, 112, 1)
segm2 shape: (144, 96, 112, 1)
tgt_img shape: (144, 96, 112, 1)
src_img shape: (144, 96, 112, 1)
aff_def shape: (144, 96, 112, 1)
affine min: 0.0, max: 175.48756408691406
tensor shape: (144, 96, 112, 1)
segm1 shape: (144, 96, 112, 1)
segm2 shape: (144, 96, 112, 1)
tgt_img shape: (144, 96, 112, 1)
src_img shape: (144, 96, 112, 1)
aff_def shape: (144, 96, 112, 1)
affine min: 0.0, max: 120.64175415039062
tensor shape: (144, 96, 112, 1)
segm1 shape: (144, 96, 112, 1)
segm2 shape: (144, 96, 112, 1)
tgt_img shape: (144, 96, 112, 1)
src_img shape: (144, 96, 112, 1)
aff_def shape: (144, 96, 112, 1)
affine min: 0.0, max: 119.50218200683594
tensor shape: (144, 96, 112, 1)
segm1 shape: (144, 96, 112, 1)
segm2 shape: (144, 96, 112, 1)
tgt_img shape: (144, 96, 112, 1)
src_img shape: (144, 96, 112, 1)
aff_def shape: (144, 96, 112, 1)
affine min: 0.0, max: 120.02018737792969
tensor shape: (144, 96, 112, 1)
segm1 shape: (144, 96, 112, 1)
segm2 shape: (144, 96, 112, 1)
tgt_img shape: (144, 96, 112, 1)
src_img shape: (144, 96, 112, 1)
aff_def shape: (144, 96, 112, 1)
affine min: 0.0, max: 164.03323364257812
tensor shape: (144, 96, 112, 1)
segm1 shape: (144, 96, 112, 1)
segm2 shape: (144, 96, 112, 1)
tgt_img shape: (144, 96, 112, 1)
src_img shape: (144, 96, 112, 1)
aff_def shape: (144, 96, 112, 1)
affine min: 0.0, max: 122.82344055175781
tensor shape: (144, 96, 112, 1)
segm1 shape: (144, 96, 112, 1)
segm2 shape: (144, 96, 112, 1)
tgt_img shape: (144, 96, 112, 1)
src_img shape: (144, 96, 112, 1)
aff_def shape: (144, 96, 112, 1)
affine min: 0.0, max: 123.50216674804688
tensor shape: (144, 96, 112, 1)
segm1 shape: (144, 96, 112, 1)
segm2 shape: (144, 96, 112, 1)
tgt_img shape: (144, 96, 112, 1)
src_img shape: (144, 96, 112, 1)
aff_def shape: (144, 96, 112, 1)
affine min: 0.0, max: 124.10376739501953
tensor shape: (144, 96, 112, 1)
segm1 shape: (144, 96, 112, 1)
segm2 shape: (144, 96, 112, 1)
tgt_img shape: (144, 96, 112, 1)
src_img shape: (144, 96, 112, 1)
aff_def shape: (144, 96, 112, 1)
affine min: 0.0, max: 124.52091979980469
tensor shape: (144, 96, 112, 1)
segm1 shape: (144, 96, 112, 1)
segm2 shape: (144, 96, 112, 1)
tgt_img shape: (144, 96, 112, 1)
src_img shape: (144, 96, 112, 1)
aff_def shape: (144, 96, 112, 1)
affine min: 0.0, max: 125.22093200683594
tensor shape: (144, 96, 112, 1)
segm1 shape: (144, 96, 112, 1)
segm2 shape: (144, 96, 112, 1)
tgt_img shape: (144, 96, 112, 1)
src_img shape: (144, 96, 112, 1)
aff_def shape: (144, 96, 112, 1)
affine min: 0.0, max: 135.5797882080078
tensor shape: (144, 96, 112, 1)
segm1 shape: (144, 96, 112, 1)
segm2 shape: (144, 96, 112, 1)
tgt_img shape: (144, 96, 112, 1)
src_img shape: (144, 96, 112, 1)
aff_def shape: (144, 96, 112, 1)
affine min: 0.0, max: 119.16797637939453
tensor shape: (144, 96, 112, 1)
segm1 shape: (144, 96, 112, 1)
segm2 shape: (144, 96, 112, 1)
tgt_img shape: (144, 96, 112, 1)
src_img shape: (144, 96, 112, 1)
aff_def shape: (144, 96, 112, 1)
affine min: 0.0, max: 126.07027435302734
tensor shape: (144, 96, 112, 1)
segm1 shape: (144, 96, 112, 1)
segm2 shape: (144, 96, 112, 1)
tgt_img shape: (144, 96, 112, 1)
src_img shape: (144, 96, 112, 1)
aff_def shape: (144, 96, 112, 1)
affine min: 0.0, max: 118.83921813964844
tensor shape: (144, 96, 112, 1)
segm1 shape: (144, 96, 112, 1)
segm2 shape: (144, 96, 112, 1)
tgt_img shape: (144, 96, 112, 1)
src_img shape: (144, 96, 112, 1)
aff_def shape: (144, 96, 112, 1)
affine min: 0.0, max: 149.23187255859375
tensor shape: (144, 96, 112, 1)
segm1 shape: (144, 96, 112, 1)
segm2 shape: (144, 96, 112, 1)
tgt_img shape: (144, 96, 112, 1)
src_img shape: (144, 96, 112, 1)
aff_def shape: (144, 96, 112, 1)
affine min: 0.0, max: 171.51455688476562
tensor shape: (144, 96, 112, 1)
segm1 shape: (144, 96, 112, 1)
segm2 shape: (144, 96, 112, 1)
tgt_img shape: (144, 96, 112, 1)
src_img shape: (144, 96, 112, 1)
aff_def shape: (144, 96, 112, 1)
affine min: 0.0, max: 120.02018737792969
tensor shape: (144, 96, 112, 1)
segm1 shape: (144, 96, 112, 1)
segm2 shape: (144, 96, 112, 1)
tgt_img shape: (144, 96, 112, 1)
src_img shape: (144, 96, 112, 1)
aff_def shape: (144, 96, 112, 1)
affine min: 0.0, max: 119.16797637939453
tensor shape: (144, 96, 112, 1)
segm1 shape: (144, 96, 112, 1)
segm2 shape: (144, 96, 112, 1)
tgt_img shape: (144, 96, 112, 1)
src_img shape: (144, 96, 112, 1)
aff_def shape: (144, 96, 112, 1)
affine min: 0.0, max: 124.10376739501953
tensor shape: (144, 96, 112, 1)
segm1 shape: (144, 96, 112, 1)
segm2 shape: (144, 96, 112, 1)
tgt_img shape: (144, 96, 112, 1)
src_img shape: (144, 96, 112, 1)
aff_def shape: (144, 96, 112, 1)
affine min: 0.0, max: 118.83921813964844
tensor shape: (144, 96, 112, 1)
segm1 shape: (144, 96, 112, 1)
segm2 shape: (144, 96, 112, 1)
tgt_img shape: (144, 96, 112, 1)
src_img shape: (144, 96, 112, 1)
aff_def shape: (144, 96, 112, 1)
affine min: 0.0, max: 149.23187255859375
tensor shape: (144, 96, 112, 1)
segm1 shape: (144, 96, 112, 1)
segm2 shape: (144, 96, 112, 1)
tgt_img shape: (144, 96, 112, 1)
src_img shape: (144, 96, 112, 1)
aff_def shape: (144, 96, 112, 1)
affine min: 0.0, max: 164.03323364257812
tensor shape: (144, 96, 112, 1)
segm1 shape: (144, 96, 112, 1)
segm2 shape: (144, 96, 112, 1)
tgt_img shape: (144, 96, 112, 1)
src_img shape: (144, 96, 112, 1)
aff_def shape: (144, 96, 112, 1)
affine min: 0.0, max: 175.48756408691406
tensor shape: (144, 96, 112, 1)
segm1 shape: (144, 96, 112, 1)
segm2 shape: (144, 96, 112, 1)
tgt_img shape: (144, 96, 112, 1)
src_img shape: (144, 96, 112, 1)
aff_def shape: (144, 96, 112, 1)
affine min: 0.0, max: 119.50218200683594
tensor shape: (144, 96, 112, 1)
segm1 shape: (144, 96, 112, 1)
segm2 shape: (144, 96, 112, 1)
tgt_img shape: (144, 96, 112, 1)
src_img shape: (144, 96, 112, 1)
aff_def shape: (144, 96, 112, 1)
affine min: 0.0, max: 122.82344055175781
tensor shape: (144, 96, 112, 1)
segm1 shape: (144, 96, 112, 1)
segm2 shape: (144, 96, 112, 1)
tgt_img shape: (144, 96, 112, 1)
src_img shape: (144, 96, 112, 1)
aff_def shape: (144, 96, 112, 1)
affine min: 0.0, max: 171.51455688476562
tensor shape: (144, 96, 112, 1)
segm1 shape: (144, 96, 112, 1)
segm2 shape: (144, 96, 112, 1)
tgt_img shape: (144, 96, 112, 1)
src_img shape: (144, 96, 112, 1)
aff_def shape: (144, 96, 112, 1)
affine min: 0.0, max: 120.64175415039062
tensor shape: (144, 96, 112, 1)
segm1 shape: (144, 96, 112, 1)
segm2 shape: (144, 96, 112, 1)
tgt_img shape: (144, 96, 112, 1)
src_img shape: (144, 96, 112, 1)
aff_def shape: (144, 96, 112, 1)
affine min: 0.0, max: 125.22093200683594
tensor shape: (144, 96, 112, 1)
segm1 shape: (144, 96, 112, 1)
segm2 shape: (144, 96, 112, 1)
tgt_img shape: (144, 96, 112, 1)
src_img shape: (144, 96, 112, 1)
aff_def shape: (144, 96, 112, 1)
affine min: 0.0, max: 126.07027435302734
tensor shape: (144, 96, 112, 1)
segm1 shape: (144, 96, 112, 1)
segm2 shape: (144, 96, 112, 1)
tgt_img shape: (144, 96, 112, 1)
src_img shape: (144, 96, 112, 1)
aff_def shape: (144, 96, 112, 1)
affine min: 0.0, max: 135.5797882080078
tensor shape: (144, 96, 112, 1)
segm1 shape: (144, 96, 112, 1)
segm2 shape: (144, 96, 112, 1)
tgt_img shape: (144, 96, 112, 1)
src_img shape: (144, 96, 112, 1)
aff_def shape: (144, 96, 112, 1)
affine min: 0.0, max: 124.52091979980469
tensor shape: (144, 96, 112, 1)
segm1 shape: (144, 96, 112, 1)
segm2 shape: (144, 96, 112, 1)
tgt_img shape: (144, 96, 112, 1)
src_img shape: (144, 96, 112, 1)
aff_def shape: (144, 96, 112, 1)
affine min: 0.0, max: 123.50216674804688
tensor shape: (144, 96, 112, 1)
segm1 shape: (144, 96, 112, 1)
segm2 shape: (144, 96, 112, 1)
tgt_img shape: (144, 96, 112, 1)
src_img shape: (144, 96, 112, 1)
aff_def shape: (144, 96, 112, 1)

17/17 [==============================] - 20161s 1186s/step - loss: 793.7041 - warpedSrc_loss: 88.2264 - movedSegm_loss: -0.1115 - srcSegm_loss: -0.1110 - nonr_def_loss: 7.0877e-04 - warpedSrc_MeanSquaredError: 88.2264 - movedSegm_sigmoid_sftDC: 0.2884 - srcSegm_sigmoid_DC: 0.2855 - nonr_def_mean_absolute_error: 0.1861 - val_loss: 789.0294 - val_warpedSrc_loss: 87.7087 - val_movedSegm_loss: -0.1162 - val_srcSegm_loss: -0.1164 - val_nonr_def_loss: 0.0015 - val_warpedSrc_MeanSquaredError: 87.7087 - val_movedSegm_sigmoid_sftDC: 0.2803 - val_srcSegm_sigmoid_DC: 0.2815 - val_nonr_def_mean_absolute_error: 0.2329

Epoch 00002: val_srcSegm_sigmoid_DC improved from 0.10008 to 0.28149, saving model to /home/groups/dlmrimnd/jacob/data/results/accWeights.02-789.03.hdf5

Epoch 00002: val_movedSegm_sigmoid_sftDC improved from 0.09407 to 0.28029, saving model to /home/groups/dlmrimnd/jacob/data/results/consWeights.02-789.03.hdf5

Epoch 00002: saving model to /home/groups/dlmrimnd/jacob/data/results/model_weight_out.h5
lr:  0.0005
loss weight lamda used:  13.0
