2024-10-08 16:06:26.536109: I tensorflow/core/platform/cpu_feature_guard.cc:137] Your CPU supports instructions that this TensorFlow binary was not compiled to use: SSE4.1 SSE4.2 AVX AVX2 FMA
2024-10-12 21:45:12.012874: W tensorflow/core/framework/op_kernel.cc:1192] Resource exhausted: OOM when allocating tensor with shape[1,176,80,96,16]
Using TensorFlow backend.
/home/groups/dlmrimnd/jacob/miniconda3/envs/segisnet_env/lib/python3.6/site-packages/tensorflow/python/framework/dtypes.py:469: FutureWarning: Passing (type, 1) or '1type' as a synonym of type is deprecated; in a future version of numpy, it will be understood as (type, (1,)) / '(1,)type'.
  _np_qint8 = np.dtype([("qint8", np.int8, 1)])
/home/groups/dlmrimnd/jacob/miniconda3/envs/segisnet_env/lib/python3.6/site-packages/tensorflow/python/framework/dtypes.py:470: FutureWarning: Passing (type, 1) or '1type' as a synonym of type is deprecated; in a future version of numpy, it will be understood as (type, (1,)) / '(1,)type'.
  _np_quint8 = np.dtype([("quint8", np.uint8, 1)])
/home/groups/dlmrimnd/jacob/miniconda3/envs/segisnet_env/lib/python3.6/site-packages/tensorflow/python/framework/dtypes.py:471: FutureWarning: Passing (type, 1) or '1type' as a synonym of type is deprecated; in a future version of numpy, it will be understood as (type, (1,)) / '(1,)type'.
  _np_qint16 = np.dtype([("qint16", np.int16, 1)])
/home/groups/dlmrimnd/jacob/miniconda3/envs/segisnet_env/lib/python3.6/site-packages/tensorflow/python/framework/dtypes.py:472: FutureWarning: Passing (type, 1) or '1type' as a synonym of type is deprecated; in a future version of numpy, it will be understood as (type, (1,)) / '(1,)type'.
  _np_quint16 = np.dtype([("quint16", np.uint16, 1)])
/home/groups/dlmrimnd/jacob/miniconda3/envs/segisnet_env/lib/python3.6/site-packages/tensorflow/python/framework/dtypes.py:473: FutureWarning: Passing (type, 1) or '1type' as a synonym of type is deprecated; in a future version of numpy, it will be understood as (type, (1,)) / '(1,)type'.
  _np_qint32 = np.dtype([("qint32", np.int32, 1)])
/home/groups/dlmrimnd/jacob/miniconda3/envs/segisnet_env/lib/python3.6/site-packages/tensorflow/python/framework/dtypes.py:476: FutureWarning: Passing (type, 1) or '1type' as a synonym of type is deprecated; in a future version of numpy, it will be understood as (type, (1,)) / '(1,)type'.
  np_resource = np.dtype([("resource", np.ubyte, 1)])
/home/groups/dlmrimnd/jacob/miniconda3/envs/segisnet_env/lib/python3.6/importlib/_bootstrap.py:219: RuntimeWarning: compiletime version 3.5 of module 'tensorflow.python.framework.fast_tensor_util' does not match runtime version 3.6
  return f(*args, **kwds)
/home/groups/dlmrimnd/jacob/miniconda3/envs/segisnet_env/lib/python3.6/site-packages/keras/callbacks.py:999: UserWarning: `epsilon` argument is deprecated and will be removed, use `min_delta` instead.
  warnings.warn('`epsilon` argument is deprecated and '
Traceback (most recent call last):
  File "/home/groups/dlmrimnd/jacob/miniconda3/envs/segisnet_env/lib/python3.6/site-packages/tensorflow/python/client/session.py", line 1323, in _do_call
    return fn(*args)
  File "/home/groups/dlmrimnd/jacob/miniconda3/envs/segisnet_env/lib/python3.6/site-packages/tensorflow/python/client/session.py", line 1302, in _run_fn
    status, run_metadata)
  File "/home/groups/dlmrimnd/jacob/miniconda3/envs/segisnet_env/lib/python3.6/site-packages/tensorflow/python/framework/errors_impl.py", line 473, in __exit__
    c_api.TF_GetCode(self.status.status))
tensorflow.python.framework.errors_impl.ResourceExhaustedError: OOM when allocating tensor with shape[1,176,80,96,16]
	 [[Node: model_1/up_sampling3d_4/concat_2 = ConcatV2[N=96, T=DT_FLOAT, Tidx=DT_INT32, _device="/job:localhost/replica:0/task:0/device:CPU:0"](model_1/up_sampling3d_4/split_2, model_1/up_sampling3d_4/split_2, model_1/up_sampling3d_4/split_2:1, model_1/up_sampling3d_4/split_2:1, model_1/up_sampling3d_4/split_2:2, model_1/up_sampling3d_4/split_2:2, model_1/up_sampling3d_4/split_2:3, model_1/up_sampling3d_4/split_2:3, model_1/up_sampling3d_4/split_2:4, model_1/up_sampling3d_4/split_2:4, model_1/up_sampling3d_4/split_2:5, model_1/up_sampling3d_4/split_2:5, model_1/up_sampling3d_4/split_2:6, model_1/up_sampling3d_4/split_2:6, model_1/up_sampling3d_4/split_2:7, model_1/up_sampling3d_4/split_2:7, model_1/up_sampling3d_4/split_2:8, model_1/up_sampling3d_4/split_2:8, model_1/up_sampling3d_4/split_2:9, model_1/up_sampling3d_4/split_2:9, model_1/up_sampling3d_4/split_2:10, model_1/up_sampling3d_4/split_2:10, model_1/up_sampling3d_4/split_2:11, model_1/up_sampling3d_4/split_2:11, model_1/up_sampling3d_4/split_2:12, model_1/up_sampling3d_4/split_2:12, model_1/up_sampling3d_4/split_2:13, model_1/up_sampling3d_4/split_2:13, model_1/up_sampling3d_4/split_2:14, model_1/up_sampling3d_4/split_2:14, model_1/up_sampling3d_4/split_2:15, model_1/up_sampling3d_4/split_2:15, model_1/up_sampling3d_4/split_2:16, model_1/up_sampling3d_4/split_2:16, model_1/up_sampling3d_4/split_2:17, model_1/up_sampling3d_4/split_2:17, model_1/up_sampling3d_4/split_2:18, model_1/up_sampling3d_4/split_2:18, model_1/up_sampling3d_4/split_2:19, model_1/up_sampling3d_4/split_2:19, model_1/up_sampling3d_4/split_2:20, model_1/up_sampling3d_4/split_2:20, model_1/up_sampling3d_4/split_2:21, model_1/up_sampling3d_4/split_2:21, model_1/up_sampling3d_4/split_2:22, model_1/up_sampling3d_4/split_2:22, model_1/up_sampling3d_4/split_2:23, model_1/up_sampling3d_4/split_2:23, model_1/up_sampling3d_4/split_2:24, model_1/up_sampling3d_4/split_2:24, model_1/up_sampling3d_4/split_2:25, model_1/up_sampling3d_4/split_2:25, model_1/up_sampling3d_4/split_2:26, model_1/up_sampling3d_4/split_2:26, model_1/up_sampling3d_4/split_2:27, model_1/up_sampling3d_4/split_2:27, model_1/up_sampling3d_4/split_2:28, model_1/up_sampling3d_4/split_2:28, model_1/up_sampling3d_4/split_2:29, model_1/up_sampling3d_4/split_2:29, model_1/up_sampling3d_4/split_2:30, model_1/up_sampling3d_4/split_2:30, model_1/up_sampling3d_4/split_2:31, model_1/up_sampling3d_4/split_2:31, model_1/up_sampling3d_4/split_2:32, model_1/up_sampling3d_4/split_2:32, model_1/up_sampling3d_4/split_2:33, model_1/up_sampling3d_4/split_2:33, model_1/up_sampling3d_4/split_2:34, model_1/up_sampling3d_4/split_2:34, model_1/up_sampling3d_4/split_2:35, model_1/up_sampling3d_4/split_2:35, model_1/up_sampling3d_4/split_2:36, model_1/up_sampling3d_4/split_2:36, model_1/up_sampling3d_4/split_2:37, model_1/up_sampling3d_4/split_2:37, model_1/up_sampling3d_4/split_2:38, model_1/up_sampling3d_4/split_2:38, model_1/up_sampling3d_4/split_2:39, model_1/up_sampling3d_4/split_2:39, model_1/up_sampling3d_4/split_2:40, model_1/up_sampling3d_4/split_2:40, model_1/up_sampling3d_4/split_2:41, model_1/up_sampling3d_4/split_2:41, model_1/up_sampling3d_4/split_2:42, model_1/up_sampling3d_4/split_2:42, model_1/up_sampling3d_4/split_2:43, model_1/up_sampling3d_4/split_2:43, model_1/up_sampling3d_4/split_2:44, model_1/up_sampling3d_4/split_2:44, model_1/up_sampling3d_4/split_2:45, model_1/up_sampling3d_4/split_2:45, model_1/up_sampling3d_4/split_2:46, model_1/up_sampling3d_4/split_2:46, model_1/up_sampling3d_4/split_2:47, model_1/up_sampling3d_4/split_2:47, model_2/up_sampling3d_8/split_2/split_dim)]]

During handling of the above exception, another exception occurred:

Traceback (most recent call last):
  File "/home/groups/dlmrimnd/jacob/projects/Segis-Net/code/Segis-Net/Train_SegisNet.py", line 172, in <module>
    initial_epoch=initial_epoch
  File "/home/groups/dlmrimnd/jacob/miniconda3/envs/segisnet_env/lib/python3.6/site-packages/keras/legacy/interfaces.py", line 91, in wrapper
    return func(*args, **kwargs)
  File "/home/groups/dlmrimnd/jacob/miniconda3/envs/segisnet_env/lib/python3.6/site-packages/keras/engine/training.py", line 1426, in fit_generator
    initial_epoch=initial_epoch)
  File "/home/groups/dlmrimnd/jacob/miniconda3/envs/segisnet_env/lib/python3.6/site-packages/keras/engine/training_generator.py", line 191, in fit_generator
    class_weight=class_weight)
  File "/home/groups/dlmrimnd/jacob/miniconda3/envs/segisnet_env/lib/python3.6/site-packages/keras/engine/training.py", line 1220, in train_on_batch
    outputs = self.train_function(ins)
  File "/home/groups/dlmrimnd/jacob/miniconda3/envs/segisnet_env/lib/python3.6/site-packages/keras/backend/tensorflow_backend.py", line 2667, in __call__
    return self._legacy_call(inputs)
  File "/home/groups/dlmrimnd/jacob/miniconda3/envs/segisnet_env/lib/python3.6/site-packages/keras/backend/tensorflow_backend.py", line 2649, in _legacy_call
    **self.session_kwargs)
  File "/home/groups/dlmrimnd/jacob/miniconda3/envs/segisnet_env/lib/python3.6/site-packages/tensorflow/python/client/session.py", line 889, in run
    run_metadata_ptr)
  File "/home/groups/dlmrimnd/jacob/miniconda3/envs/segisnet_env/lib/python3.6/site-packages/tensorflow/python/client/session.py", line 1120, in _run
    feed_dict_tensor, options, run_metadata)
  File "/home/groups/dlmrimnd/jacob/miniconda3/envs/segisnet_env/lib/python3.6/site-packages/tensorflow/python/client/session.py", line 1317, in _do_run
    options, run_metadata)
  File "/home/groups/dlmrimnd/jacob/miniconda3/envs/segisnet_env/lib/python3.6/site-packages/tensorflow/python/client/session.py", line 1336, in _do_call
    raise type(e)(node_def, op, message)
tensorflow.python.framework.errors_impl.ResourceExhaustedError: OOM when allocating tensor with shape[1,176,80,96,16]
	 [[Node: model_1/up_sampling3d_4/concat_2 = ConcatV2[N=96, T=DT_FLOAT, Tidx=DT_INT32, _device="/job:localhost/replica:0/task:0/device:CPU:0"](model_1/up_sampling3d_4/split_2, model_1/up_sampling3d_4/split_2, model_1/up_sampling3d_4/split_2:1, model_1/up_sampling3d_4/split_2:1, model_1/up_sampling3d_4/split_2:2, model_1/up_sampling3d_4/split_2:2, model_1/up_sampling3d_4/split_2:3, model_1/up_sampling3d_4/split_2:3, model_1/up_sampling3d_4/split_2:4, model_1/up_sampling3d_4/split_2:4, model_1/up_sampling3d_4/split_2:5, model_1/up_sampling3d_4/split_2:5, model_1/up_sampling3d_4/split_2:6, model_1/up_sampling3d_4/split_2:6, model_1/up_sampling3d_4/split_2:7, model_1/up_sampling3d_4/split_2:7, model_1/up_sampling3d_4/split_2:8, model_1/up_sampling3d_4/split_2:8, model_1/up_sampling3d_4/split_2:9, model_1/up_sampling3d_4/split_2:9, model_1/up_sampling3d_4/split_2:10, model_1/up_sampling3d_4/split_2:10, model_1/up_sampling3d_4/split_2:11, model_1/up_sampling3d_4/split_2:11, model_1/up_sampling3d_4/split_2:12, model_1/up_sampling3d_4/split_2:12, model_1/up_sampling3d_4/split_2:13, model_1/up_sampling3d_4/split_2:13, model_1/up_sampling3d_4/split_2:14, model_1/up_sampling3d_4/split_2:14, model_1/up_sampling3d_4/split_2:15, model_1/up_sampling3d_4/split_2:15, model_1/up_sampling3d_4/split_2:16, model_1/up_sampling3d_4/split_2:16, model_1/up_sampling3d_4/split_2:17, model_1/up_sampling3d_4/split_2:17, model_1/up_sampling3d_4/split_2:18, model_1/up_sampling3d_4/split_2:18, model_1/up_sampling3d_4/split_2:19, model_1/up_sampling3d_4/split_2:19, model_1/up_sampling3d_4/split_2:20, model_1/up_sampling3d_4/split_2:20, model_1/up_sampling3d_4/split_2:21, model_1/up_sampling3d_4/split_2:21, model_1/up_sampling3d_4/split_2:22, model_1/up_sampling3d_4/split_2:22, model_1/up_sampling3d_4/split_2:23, model_1/up_sampling3d_4/split_2:23, model_1/up_sampling3d_4/split_2:24, model_1/up_sampling3d_4/split_2:24, model_1/up_sampling3d_4/split_2:25, model_1/up_sampling3d_4/split_2:25, model_1/up_sampling3d_4/split_2:26, model_1/up_sampling3d_4/split_2:26, model_1/up_sampling3d_4/split_2:27, model_1/up_sampling3d_4/split_2:27, model_1/up_sampling3d_4/split_2:28, model_1/up_sampling3d_4/split_2:28, model_1/up_sampling3d_4/split_2:29, model_1/up_sampling3d_4/split_2:29, model_1/up_sampling3d_4/split_2:30, model_1/up_sampling3d_4/split_2:30, model_1/up_sampling3d_4/split_2:31, model_1/up_sampling3d_4/split_2:31, model_1/up_sampling3d_4/split_2:32, model_1/up_sampling3d_4/split_2:32, model_1/up_sampling3d_4/split_2:33, model_1/up_sampling3d_4/split_2:33, model_1/up_sampling3d_4/split_2:34, model_1/up_sampling3d_4/split_2:34, model_1/up_sampling3d_4/split_2:35, model_1/up_sampling3d_4/split_2:35, model_1/up_sampling3d_4/split_2:36, model_1/up_sampling3d_4/split_2:36, model_1/up_sampling3d_4/split_2:37, model_1/up_sampling3d_4/split_2:37, model_1/up_sampling3d_4/split_2:38, model_1/up_sampling3d_4/split_2:38, model_1/up_sampling3d_4/split_2:39, model_1/up_sampling3d_4/split_2:39, model_1/up_sampling3d_4/split_2:40, model_1/up_sampling3d_4/split_2:40, model_1/up_sampling3d_4/split_2:41, model_1/up_sampling3d_4/split_2:41, model_1/up_sampling3d_4/split_2:42, model_1/up_sampling3d_4/split_2:42, model_1/up_sampling3d_4/split_2:43, model_1/up_sampling3d_4/split_2:43, model_1/up_sampling3d_4/split_2:44, model_1/up_sampling3d_4/split_2:44, model_1/up_sampling3d_4/split_2:45, model_1/up_sampling3d_4/split_2:45, model_1/up_sampling3d_4/split_2:46, model_1/up_sampling3d_4/split_2:46, model_1/up_sampling3d_4/split_2:47, model_1/up_sampling3d_4/split_2:47, model_2/up_sampling3d_8/split_2/split_dim)]]

Caused by op 'model_1/up_sampling3d_4/concat_2', defined at:
  File "/home/groups/dlmrimnd/jacob/projects/Segis-Net/code/Segis-Net/Train_SegisNet.py", line 125, in <module>
    indexing='ij', alpha=0.2)
  File "/home/groups/dlmrimnd/jacob/projects/Segis-Net/code/Segis-Net/SegisNet_model_dataGenerator.py", line 26, in joint_model
    src_segm = seg_model(S_src)
  File "/home/groups/dlmrimnd/jacob/miniconda3/envs/segisnet_env/lib/python3.6/site-packages/keras/engine/base_layer.py", line 460, in __call__
    output = self.call(inputs, **kwargs)
  File "/home/groups/dlmrimnd/jacob/miniconda3/envs/segisnet_env/lib/python3.6/site-packages/keras/engine/network.py", line 573, in call
    output_tensors, _, _ = self.run_internal_graph(inputs, masks)
  File "/home/groups/dlmrimnd/jacob/miniconda3/envs/segisnet_env/lib/python3.6/site-packages/keras/engine/network.py", line 730, in run_internal_graph
    output_tensors = to_list(layer.call(computed_tensor, **kwargs))
  File "/home/groups/dlmrimnd/jacob/miniconda3/envs/segisnet_env/lib/python3.6/site-packages/keras/layers/convolutional.py", line 1954, in call
    self.data_format)
  File "/home/groups/dlmrimnd/jacob/miniconda3/envs/segisnet_env/lib/python3.6/site-packages/keras/backend/tensorflow_backend.py", line 2014, in resize_volumes
    output = repeat_elements(output, width_factor, axis=3)
  File "/home/groups/dlmrimnd/jacob/miniconda3/envs/segisnet_env/lib/python3.6/site-packages/keras/backend/tensorflow_backend.py", line 2041, in repeat_elements
    return concatenate(x_rep, axis)
  File "/home/groups/dlmrimnd/jacob/miniconda3/envs/segisnet_env/lib/python3.6/site-packages/keras/backend/tensorflow_backend.py", line 1923, in concatenate
    return tf.concat([to_dense(x) for x in tensors], axis)
  File "/home/groups/dlmrimnd/jacob/miniconda3/envs/segisnet_env/lib/python3.6/site-packages/tensorflow/python/ops/array_ops.py", line 1099, in concat
    return gen_array_ops._concat_v2(values=values, axis=axis, name=name)
  File "/home/groups/dlmrimnd/jacob/miniconda3/envs/segisnet_env/lib/python3.6/site-packages/tensorflow/python/ops/gen_array_ops.py", line 706, in _concat_v2
    "ConcatV2", values=values, axis=axis, name=name)
  File "/home/groups/dlmrimnd/jacob/miniconda3/envs/segisnet_env/lib/python3.6/site-packages/tensorflow/python/framework/op_def_library.py", line 787, in _apply_op_helper
    op_def=op_def)
  File "/home/groups/dlmrimnd/jacob/miniconda3/envs/segisnet_env/lib/python3.6/site-packages/tensorflow/python/framework/ops.py", line 2956, in create_op
    op_def=op_def)
  File "/home/groups/dlmrimnd/jacob/miniconda3/envs/segisnet_env/lib/python3.6/site-packages/tensorflow/python/framework/ops.py", line 1470, in __init__
    self._traceback = self._graph._extract_stack()  # pylint: disable=protected-access

ResourceExhaustedError (see above for traceback): OOM when allocating tensor with shape[1,176,80,96,16]
	 [[Node: model_1/up_sampling3d_4/concat_2 = ConcatV2[N=96, T=DT_FLOAT, Tidx=DT_INT32, _device="/job:localhost/replica:0/task:0/device:CPU:0"](model_1/up_sampling3d_4/split_2, model_1/up_sampling3d_4/split_2, model_1/up_sampling3d_4/split_2:1, model_1/up_sampling3d_4/split_2:1, model_1/up_sampling3d_4/split_2:2, model_1/up_sampling3d_4/split_2:2, model_1/up_sampling3d_4/split_2:3, model_1/up_sampling3d_4/split_2:3, model_1/up_sampling3d_4/split_2:4, model_1/up_sampling3d_4/split_2:4, model_1/up_sampling3d_4/split_2:5, model_1/up_sampling3d_4/split_2:5, model_1/up_sampling3d_4/split_2:6, model_1/up_sampling3d_4/split_2:6, model_1/up_sampling3d_4/split_2:7, model_1/up_sampling3d_4/split_2:7, model_1/up_sampling3d_4/split_2:8, model_1/up_sampling3d_4/split_2:8, model_1/up_sampling3d_4/split_2:9, model_1/up_sampling3d_4/split_2:9, model_1/up_sampling3d_4/split_2:10, model_1/up_sampling3d_4/split_2:10, model_1/up_sampling3d_4/split_2:11, model_1/up_sampling3d_4/split_2:11, model_1/up_sampling3d_4/split_2:12, model_1/up_sampling3d_4/split_2:12, model_1/up_sampling3d_4/split_2:13, model_1/up_sampling3d_4/split_2:13, model_1/up_sampling3d_4/split_2:14, model_1/up_sampling3d_4/split_2:14, model_1/up_sampling3d_4/split_2:15, model_1/up_sampling3d_4/split_2:15, model_1/up_sampling3d_4/split_2:16, model_1/up_sampling3d_4/split_2:16, model_1/up_sampling3d_4/split_2:17, model_1/up_sampling3d_4/split_2:17, model_1/up_sampling3d_4/split_2:18, model_1/up_sampling3d_4/split_2:18, model_1/up_sampling3d_4/split_2:19, model_1/up_sampling3d_4/split_2:19, model_1/up_sampling3d_4/split_2:20, model_1/up_sampling3d_4/split_2:20, model_1/up_sampling3d_4/split_2:21, model_1/up_sampling3d_4/split_2:21, model_1/up_sampling3d_4/split_2:22, model_1/up_sampling3d_4/split_2:22, model_1/up_sampling3d_4/split_2:23, model_1/up_sampling3d_4/split_2:23, model_1/up_sampling3d_4/split_2:24, model_1/up_sampling3d_4/split_2:24, model_1/up_sampling3d_4/split_2:25, model_1/up_sampling3d_4/split_2:25, model_1/up_sampling3d_4/split_2:26, model_1/up_sampling3d_4/split_2:26, model_1/up_sampling3d_4/split_2:27, model_1/up_sampling3d_4/split_2:27, model_1/up_sampling3d_4/split_2:28, model_1/up_sampling3d_4/split_2:28, model_1/up_sampling3d_4/split_2:29, model_1/up_sampling3d_4/split_2:29, model_1/up_sampling3d_4/split_2:30, model_1/up_sampling3d_4/split_2:30, model_1/up_sampling3d_4/split_2:31, model_1/up_sampling3d_4/split_2:31, model_1/up_sampling3d_4/split_2:32, model_1/up_sampling3d_4/split_2:32, model_1/up_sampling3d_4/split_2:33, model_1/up_sampling3d_4/split_2:33, model_1/up_sampling3d_4/split_2:34, model_1/up_sampling3d_4/split_2:34, model_1/up_sampling3d_4/split_2:35, model_1/up_sampling3d_4/split_2:35, model_1/up_sampling3d_4/split_2:36, model_1/up_sampling3d_4/split_2:36, model_1/up_sampling3d_4/split_2:37, model_1/up_sampling3d_4/split_2:37, model_1/up_sampling3d_4/split_2:38, model_1/up_sampling3d_4/split_2:38, model_1/up_sampling3d_4/split_2:39, model_1/up_sampling3d_4/split_2:39, model_1/up_sampling3d_4/split_2:40, model_1/up_sampling3d_4/split_2:40, model_1/up_sampling3d_4/split_2:41, model_1/up_sampling3d_4/split_2:41, model_1/up_sampling3d_4/split_2:42, model_1/up_sampling3d_4/split_2:42, model_1/up_sampling3d_4/split_2:43, model_1/up_sampling3d_4/split_2:43, model_1/up_sampling3d_4/split_2:44, model_1/up_sampling3d_4/split_2:44, model_1/up_sampling3d_4/split_2:45, model_1/up_sampling3d_4/split_2:45, model_1/up_sampling3d_4/split_2:46, model_1/up_sampling3d_4/split_2:46, model_1/up_sampling3d_4/split_2:47, model_1/up_sampling3d_4/split_2:47, model_2/up_sampling3d_8/split_2/split_dim)]]

