Constructing model
__________________________________________________________________________________________________
Layer (type)                    Output Shape         Param #     Connected to                     
==================================================================================================
tgt_input (InputLayer)          (None, 176, 80, 96,  0                                            
__________________________________________________________________________________________________
src_input (InputLayer)          (None, 176, 80, 96,  0                                            
__________________________________________________________________________________________________
affine_input (InputLayer)       (None, 176, 80, 96,  0                                            
__________________________________________________________________________________________________
model_2 (Model)                 [(None, 176, 80, 96, 174271      tgt_input[0][0]                  
                                                                 src_input[0][0]                  
                                                                 affine_input[0][0]               
__________________________________________________________________________________________________
seg_input (InputLayer)          (None, 176, 80, 96,  0                                            
__________________________________________________________________________________________________
model_1 (Model)                 (None, 176, 80, 96,  369761      seg_input[0][0]                  
__________________________________________________________________________________________________
nonr_def (Lambda)               (None, 176, 80, 96,  0           model_2[1][1]                    
__________________________________________________________________________________________________
srcSegm (Lambda)                (None, 176, 80, 96,  0           model_1[1][0]                    
__________________________________________________________________________________________________
all_def (Add)                   (None, 176, 80, 96,  0           nonr_def[0][0]                   
                                                                 affine_input[0][0]               
__________________________________________________________________________________________________
warpedSrc (Lambda)              (None, 176, 80, 96,  0           model_2[1][0]                    
__________________________________________________________________________________________________
movedSegm (SpatialTransformer)  [(None, 176, 80, 96, 0           srcSegm[0][0]                    
                                                                 all_def[0][0]                    
==================================================================================================
Total params: 544,032
Trainable params: 542,832
Non-trainable params: 1,200
__________________________________________________________________________________________________
Training a new model!
Epoch 1/300

  1/138 [..............................] - ETA: 4:53:21 - loss: 1.1851 - warpedSrc_loss: 0.1291 - movedSegm_loss: -0.0536 - srcSegm_loss: -0.0522 - nonr_def_loss: 2.2751e-09 - warpedSrc_MeanSquaredError: 0.1291 - movedSegm_sigmoid_sftDC: 0.0553 - srcSegm_sigmoid_DC: 0.0545 - nonr_def_mean_absolute_error: 5.0828e-05
  2/138 [..............................] - ETA: 4:40:35 - loss: 0.9152 - warpedSrc_loss: 0.1042 - movedSegm_loss: -0.0640 - srcSegm_loss: -0.0625 - nonr_def_loss: 4.2335e-05 - warpedSrc_MeanSquaredError: 0.1042 - movedSegm_sigmoid_sftDC: 0.0759 - srcSegm_sigmoid_DC: 0.0708 - nonr_def_mean_absolute_error: 0.0147    
  3/138 [..............................] - ETA: 4:35:06 - loss: 0.8741 - warpedSrc_loss: 0.1018 - movedSegm_loss: -0.0726 - srcSegm_loss: -0.0712 - nonr_def_loss: 1.0610e-04 - warpedSrc_MeanSquaredError: 0.1018 - movedSegm_sigmoid_sftDC: 0.1008 - srcSegm_sigmoid_DC: 0.0919 - nonr_def_mean_absolute_error: 0.0277
  4/138 [..............................] - ETA: 4:31:26 - loss: 0.9582 - warpedSrc_loss: 0.1112 - movedSegm_loss: -0.0780 - srcSegm_loss: -0.0755 - nonr_def_loss: 2.0566e-04 - warpedSrc_MeanSquaredError: 0.1112 - movedSegm_sigmoid_sftDC: 0.1146 - srcSegm_sigmoid_DC: 0.1029 - nonr_def_mean_absolute_error: 0.0387
  5/138 [>.............................] - ETA: 4:28:35 - loss: 1.0306 - warpedSrc_loss: 0.1195 - movedSegm_loss: -0.0842 - srcSegm_loss: -0.0805 - nonr_def_loss: 3.3184e-04 - warpedSrc_MeanSquaredError: 0.1195 - movedSegm_sigmoid_sftDC: 0.1268 - srcSegm_sigmoid_DC: 0.1136 - nonr_def_mean_absolute_error: 0.0475