Constructing model
__________________________________________________________________________________________________
Layer (type)                    Output Shape         Param #     Connected to                     
==================================================================================================
tgt_input (InputLayer)          (None, 176, 80, 96,  0                                            
__________________________________________________________________________________________________
src_input (InputLayer)          (None, 176, 80, 96,  0                                            
__________________________________________________________________________________________________
affine_input (InputLayer)       (None, 176, 80, 96,  0                                            
__________________________________________________________________________________________________
model_2 (Model)                 [(None, 176, 80, 96, 174271      tgt_input[0][0]                  
                                                                 src_input[0][0]                  
                                                                 affine_input[0][0]               
__________________________________________________________________________________________________
seg_input (InputLayer)          (None, 176, 80, 96,  0                                            
__________________________________________________________________________________________________
model_1 (Model)                 (None, 176, 80, 96,  369761      seg_input[0][0]                  
__________________________________________________________________________________________________
nonr_def (Lambda)               (None, 176, 80, 96,  0           model_2[1][1]                    
__________________________________________________________________________________________________
srcSegm (Lambda)                (None, 176, 80, 96,  0           model_1[1][0]                    
__________________________________________________________________________________________________
all_def (Add)                   (None, 176, 80, 96,  0           nonr_def[0][0]                   
                                                                 affine_input[0][0]               
__________________________________________________________________________________________________
warpedSrc (Lambda)              (None, 176, 80, 96,  0           model_2[1][0]                    
__________________________________________________________________________________________________
movedSegm (SpatialTransformer)  [(None, 176, 80, 96, 0           srcSegm[0][0]                    
                                                                 all_def[0][0]                    
==================================================================================================
Total params: 544,032
Trainable params: 542,832
Non-trainable params: 1,200
__________________________________________________________________________________________________
Training a new model!
Epoch 1/300

 1/34 [..............................] - ETA: 4:36:55 - loss: 2.3202 - warpedSrc_loss: 0.2407 - movedSegm_loss: -0.0444 - srcSegm_loss: -0.0424 - nonr_def_loss: 1.3540e-09 - warpedSrc_MeanSquaredError: 0.2407 - movedSegm_sigmoid_sftDC: 0.0424 - srcSegm_sigmoid_DC: 0.0399 - nonr_def_mean_absolute_error: 4.7398e-05