Device: CPU, Name: /job:localhost/replica:0/task:0/device:CPU:0
GPU is not available
Constructing model
__________________________________________________________________________________________________
Layer (type)                    Output Shape         Param #     Connected to                     
==================================================================================================
tgt_input (InputLayer)          (None, 176, 80, 96,  0                                            
__________________________________________________________________________________________________
src_input (InputLayer)          (None, 176, 80, 96,  0                                            
__________________________________________________________________________________________________
affine_input (InputLayer)       (None, 176, 80, 96,  0                                            
__________________________________________________________________________________________________
model_2 (Model)                 [(None, 176, 80, 96, 1178495     tgt_input[0][0]                  
                                                                 src_input[0][0]                  
                                                                 affine_input[0][0]               
__________________________________________________________________________________________________
seg_input (InputLayer)          (None, 176, 80, 96,  0                                            
__________________________________________________________________________________________________
model_1 (Model)                 (None, 176, 80, 96,  1473697     seg_input[0][0]                  
__________________________________________________________________________________________________
nonr_def (Lambda)               (None, 176, 80, 96,  0           model_2[1][1]                    
__________________________________________________________________________________________________
srcSegm (Lambda)                (None, 176, 80, 96,  0           model_1[1][0]                    
__________________________________________________________________________________________________
all_def (Add)                   (None, 176, 80, 96,  0           nonr_def[0][0]                   
                                                                 affine_input[0][0]               
__________________________________________________________________________________________________
warpedSrc (Lambda)              (None, 176, 80, 96,  0           model_2[1][0]                    
__________________________________________________________________________________________________
movedSegm (SpatialTransformer)  [(None, 176, 80, 96, 0           srcSegm[0][0]                    
                                                                 all_def[0][0]                    
==================================================================================================
Total params: 2,652,192
Trainable params: 2,649,264
Non-trainable params: 2,928
__________________________________________________________________________________________________
Training a new model!
Epoch 1/300
