Constructing model
__________________________________________________________________________________________________
Layer (type)                    Output Shape         Param #     Connected to                     
==================================================================================================
tgt_input (InputLayer)          (None, 176, 80, 96,  0                                            
__________________________________________________________________________________________________
src_input (InputLayer)          (None, 176, 80, 96,  0                                            
__________________________________________________________________________________________________
affine_input (InputLayer)       (None, 176, 80, 96,  0                                            
__________________________________________________________________________________________________
model_2 (Model)                 [(None, 176, 80, 96, 1178495     tgt_input[0][0]                  
                                                                 src_input[0][0]                  
                                                                 affine_input[0][0]               
__________________________________________________________________________________________________
seg_input (InputLayer)          (None, 176, 80, 96,  0                                            
__________________________________________________________________________________________________
model_1 (Model)                 (None, 176, 80, 96,  1473697     seg_input[0][0]                  
__________________________________________________________________________________________________
nonr_def (Lambda)               (None, 176, 80, 96,  0           model_2[1][1]                    
__________________________________________________________________________________________________
srcSegm (Lambda)                (None, 176, 80, 96,  0           model_1[1][0]                    
__________________________________________________________________________________________________
all_def (Add)                   (None, 176, 80, 96,  0           nonr_def[0][0]                   
                                                                 affine_input[0][0]               
__________________________________________________________________________________________________
warpedSrc (Lambda)              (None, 176, 80, 96,  0           model_2[1][0]                    
__________________________________________________________________________________________________
movedSegm (SpatialTransformer)  [(None, 176, 80, 96, 0           srcSegm[0][0]                    
                                                                 all_def[0][0]                    
==================================================================================================
Total params: 2,652,192
Trainable params: 2,649,264
Non-trainable params: 2,928
__________________________________________________________________________________________________
Training a new model!
Epoch 1/300

  1/138 [..............................] - ETA: 4:25:57 - loss: 2.7957 - warpedSrc_loss: 0.0838 - movedSegm_loss: 0.9598 - srcSegm_loss: 0.9612 - nonr_def_loss: 0.3663 - warpedSrc_MeanSquaredError: 0.0838 - movedSegm_sigmoid_sftDC: 0.0331 - srcSegm_sigmoid_DC: 0.0342 - nonr_def_mean_absolute_error: 0.6863
  2/138 [..............................] - ETA: 4:12:00 - loss: 2.7859 - warpedSrc_loss: 0.0856 - movedSegm_loss: 0.9496 - srcSegm_loss: 0.9501 - nonr_def_loss: 0.3041 - warpedSrc_MeanSquaredError: 0.0856 - movedSegm_sigmoid_sftDC: 0.0725 - srcSegm_sigmoid_DC: 0.0714 - nonr_def_mean_absolute_error: 0.6738
  3/138 [..............................] - ETA: 4:06:16 - loss: 2.8080 - warpedSrc_loss: 0.0894 - movedSegm_loss: 0.9442 - srcSegm_loss: 0.9437 - nonr_def_loss: 0.2581 - warpedSrc_MeanSquaredError: 0.0894 - movedSegm_sigmoid_sftDC: 0.1009 - srcSegm_sigmoid_DC: 0.1004 - nonr_def_mean_absolute_error: 0.6480
  4/138 [..............................] - ETA: 4:02:35 - loss: 2.6888 - warpedSrc_loss: 0.0791 - movedSegm_loss: 0.9379 - srcSegm_loss: 0.9375 - nonr_def_loss: 0.2244 - warpedSrc_MeanSquaredError: 0.0791 - movedSegm_sigmoid_sftDC: 0.1249 - srcSegm_sigmoid_DC: 0.1233 - nonr_def_mean_absolute_error: 0.6275
  5/138 [>.............................] - ETA: 3:59:40 - loss: 2.8506 - warpedSrc_loss: 0.0962 - movedSegm_loss: 0.9346 - srcSegm_loss: 0.9345 - nonr_def_loss: 0.1961 - warpedSrc_MeanSquaredError: 0.0962 - movedSegm_sigmoid_sftDC: 0.1282 - srcSegm_sigmoid_DC: 0.1259 - nonr_def_mean_absolute_error: 0.6054