2024-10-23 17:37:58.343988: E external/local_xla/xla/stream_executor/cuda/cuda_fft.cc:467] Unable to register cuFFT factory: Attempting to register factory for plugin cuFFT when one has already been registered
WARNING: All log messages before absl::InitializeLog() is called are written to STDERR
E0000 00:00:1729669078.635863 2336719 cuda_dnn.cc:8498] Unable to register cuDNN factory: Attempting to register factory for plugin cuDNN when one has already been registered
E0000 00:00:1729669078.734499 2336719 cuda_blas.cc:1410] Unable to register cuBLAS factory: Attempting to register factory for plugin cuBLAS when one has already been registered
2024-10-23 17:37:59.294670: I tensorflow/core/platform/cpu_feature_guard.cc:210] This TensorFlow binary is optimized to use available CPU instructions in performance-critical operations.
To enable the following instructions: AVX2 FMA, in other operations, rebuild TensorFlow with the appropriate compiler flags.
2024-10-23 17:38:11.342906: E external/local_xla/xla/stream_executor/cuda/cuda_platform.cc:52] failed call to cuInit: INTERNAL: CUDA error: Failed call to cuInit: CUDA_ERROR_NO_DEVICE: no CUDA-capable device is detected
2024-10-23 17:38:11.342943: I external/local_xla/xla/stream_executor/cuda/cuda_diagnostics.cc:137] retrieving CUDA diagnostic information for host: a100-5
2024-10-23 17:38:11.342949: I external/local_xla/xla/stream_executor/cuda/cuda_diagnostics.cc:144] hostname: a100-5
2024-10-23 17:38:11.343012: I external/local_xla/xla/stream_executor/cuda/cuda_diagnostics.cc:168] libcuda reported version is: 535.129.3
2024-10-23 17:38:11.343029: I external/local_xla/xla/stream_executor/cuda/cuda_diagnostics.cc:172] kernel reported version is: 535.129.3
2024-10-23 17:38:11.343034: I external/local_xla/xla/stream_executor/cuda/cuda_diagnostics.cc:259] kernel version seems to match DSO: 535.129.3
2024-10-23 17:38:12.745985: E external/local_xla/xla/stream_executor/cuda/cuda_fft.cc:467] Unable to register cuFFT factory: Attempting to register factory for plugin cuFFT when one has already been registered
WARNING: All log messages before absl::InitializeLog() is called are written to STDERR
E0000 00:00:1729669092.763913 2336721 cuda_dnn.cc:8498] Unable to register cuDNN factory: Attempting to register factory for plugin cuDNN when one has already been registered
E0000 00:00:1729669092.769465 2336721 cuda_blas.cc:1410] Unable to register cuBLAS factory: Attempting to register factory for plugin cuBLAS when one has already been registered
2024-10-23 17:38:12.791049: I tensorflow/core/platform/cpu_feature_guard.cc:210] This TensorFlow binary is optimized to use available CPU instructions in performance-critical operations.
To enable the following instructions: AVX2 FMA, in other operations, rebuild TensorFlow with the appropriate compiler flags.
Traceback (most recent call last):
  File "/home/groups/dlmrimnd/jacob/projects/Segis-Net/code/Segis-Net/Train_SegisNet.py", line 10, in <module>
    from SegisNet_model_dataGenerator import joint_model, DataGenerator
  File "/home/groups/dlmrimnd/jacob/projects/Segis-Net/code/Segis-Net/SegisNet_model_dataGenerator.py", line 6, in <module>
    from keras.engine import Layer
ModuleNotFoundError: No module named 'keras.engine'
