2024-10-24 03:31:46.873112: W tensorflow/stream_executor/platform/default/dso_loader.cc:64] Could not load dynamic library 'libcudart.so.11.0'; dlerror: libcudart.so.11.0: cannot open shared object file: No such file or directory; LD_LIBRARY_PATH: /usr/local/cuda-11.4/extras/CUPTI/lib64:/usr/local/cuda-11.4/lib64
2024-10-24 03:31:46.873173: I tensorflow/stream_executor/cuda/cudart_stub.cc:29] Ignore above cudart dlerror if you do not have a GPU set up on your machine.
2024-10-24 03:31:51.747048: I tensorflow/stream_executor/cuda/cuda_gpu_executor.cc:936] successful NUMA node read from SysFS had negative value (-1), but there must be at least one NUMA node, so returning NUMA node zero
2024-10-24 03:31:51.749761: W tensorflow/stream_executor/platform/default/dso_loader.cc:64] Could not load dynamic library 'libcudart.so.11.0'; dlerror: libcudart.so.11.0: cannot open shared object file: No such file or directory; LD_LIBRARY_PATH: /usr/local/cuda-11.4/extras/CUPTI/lib64:/usr/local/cuda-11.4/lib64
2024-10-24 03:31:51.750186: W tensorflow/stream_executor/platform/default/dso_loader.cc:64] Could not load dynamic library 'libcublas.so.11'; dlerror: libcublas.so.11: cannot open shared object file: No such file or directory; LD_LIBRARY_PATH: /usr/local/cuda-11.4/extras/CUPTI/lib64:/usr/local/cuda-11.4/lib64
2024-10-24 03:31:51.750537: W tensorflow/stream_executor/platform/default/dso_loader.cc:64] Could not load dynamic library 'libcublasLt.so.11'; dlerror: libcublasLt.so.11: cannot open shared object file: No such file or directory; LD_LIBRARY_PATH: /usr/local/cuda-11.4/extras/CUPTI/lib64:/usr/local/cuda-11.4/lib64
2024-10-24 03:31:51.750869: W tensorflow/stream_executor/platform/default/dso_loader.cc:64] Could not load dynamic library 'libcufft.so.10'; dlerror: libcufft.so.10: cannot open shared object file: No such file or directory; LD_LIBRARY_PATH: /usr/local/cuda-11.4/extras/CUPTI/lib64:/usr/local/cuda-11.4/lib64
2024-10-24 03:31:51.787563: W tensorflow/stream_executor/platform/default/dso_loader.cc:64] Could not load dynamic library 'libcusparse.so.11'; dlerror: libcusparse.so.11: cannot open shared object file: No such file or directory; LD_LIBRARY_PATH: /usr/local/cuda-11.4/extras/CUPTI/lib64:/usr/local/cuda-11.4/lib64
2024-10-24 03:31:51.788032: W tensorflow/core/common_runtime/gpu/gpu_device.cc:1850] Cannot dlopen some GPU libraries. Please make sure the missing libraries mentioned above are installed properly if you would like to use GPU. Follow the guide at https://www.tensorflow.org/install/gpu for how to download and setup the required libraries for your platform.
Skipping registering GPU devices...
2024-10-24 03:31:52.498587: W tensorflow/stream_executor/platform/default/dso_loader.cc:64] Could not load dynamic library 'libcudart.so.11.0'; dlerror: libcudart.so.11.0: cannot open shared object file: No such file or directory; LD_LIBRARY_PATH: /usr/local/cuda-11.4/extras/CUPTI/lib64:/usr/local/cuda-11.4/lib64
2024-10-24 03:31:52.498623: I tensorflow/stream_executor/cuda/cudart_stub.cc:29] Ignore above cudart dlerror if you do not have a GPU set up on your machine.
2024-10-24 03:31:54.310638: I tensorflow/stream_executor/cuda/cuda_gpu_executor.cc:936] successful NUMA node read from SysFS had negative value (-1), but there must be at least one NUMA node, so returning NUMA node zero
2024-10-24 03:31:54.313320: W tensorflow/stream_executor/platform/default/dso_loader.cc:64] Could not load dynamic library 'libcudart.so.11.0'; dlerror: libcudart.so.11.0: cannot open shared object file: No such file or directory; LD_LIBRARY_PATH: /usr/local/cuda-11.4/extras/CUPTI/lib64:/usr/local/cuda-11.4/lib64
2024-10-24 03:31:54.313381: W tensorflow/stream_executor/platform/default/dso_loader.cc:64] Could not load dynamic library 'libcublas.so.11'; dlerror: libcublas.so.11: cannot open shared object file: No such file or directory; LD_LIBRARY_PATH: /usr/local/cuda-11.4/extras/CUPTI/lib64:/usr/local/cuda-11.4/lib64
2024-10-24 03:31:54.313423: W tensorflow/stream_executor/platform/default/dso_loader.cc:64] Could not load dynamic library 'libcublasLt.so.11'; dlerror: libcublasLt.so.11: cannot open shared object file: No such file or directory; LD_LIBRARY_PATH: /usr/local/cuda-11.4/extras/CUPTI/lib64:/usr/local/cuda-11.4/lib64
2024-10-24 03:31:54.313471: W tensorflow/stream_executor/platform/default/dso_loader.cc:64] Could not load dynamic library 'libcufft.so.10'; dlerror: libcufft.so.10: cannot open shared object file: No such file or directory; LD_LIBRARY_PATH: /usr/local/cuda-11.4/extras/CUPTI/lib64:/usr/local/cuda-11.4/lib64
2024-10-24 03:31:54.330378: W tensorflow/stream_executor/platform/default/dso_loader.cc:64] Could not load dynamic library 'libcusparse.so.11'; dlerror: libcusparse.so.11: cannot open shared object file: No such file or directory; LD_LIBRARY_PATH: /usr/local/cuda-11.4/extras/CUPTI/lib64:/usr/local/cuda-11.4/lib64
2024-10-24 03:31:54.330556: W tensorflow/core/common_runtime/gpu/gpu_device.cc:1850] Cannot dlopen some GPU libraries. Please make sure the missing libraries mentioned above are installed properly if you would like to use GPU. Follow the guide at https://www.tensorflow.org/install/gpu for how to download and setup the required libraries for your platform.
Skipping registering GPU devices...
2024-10-24 03:31:54.338223: I tensorflow/core/platform/cpu_feature_guard.cc:151] This TensorFlow binary is optimized with oneAPI Deep Neural Network Library (oneDNN) to use the following CPU instructions in performance-critical operations:  AVX2 FMA
To enable them in other operations, rebuild TensorFlow with the appropriate compiler flags.
WARNING:tensorflow:From /home/groups/dlmrimnd/jacob/miniconda3/envs/upgraded-segis-env/lib/python3.9/site-packages/tensorflow/python/util/deprecation.py:616: calling map_fn_v2 (from tensorflow.python.ops.map_fn) with dtype is deprecated and will be removed in a future version.
Instructions for updating:
Use fn_output_signature instead
2024-10-24 03:32:18.492299: W tensorflow/core/framework/cpu_allocator_impl.cc:82] Allocation of 2335703040 exceeds 10% of free system memory.
2024-10-24 03:32:19.408180: W tensorflow/core/framework/cpu_allocator_impl.cc:82] Allocation of 7007109120 exceeds 10% of free system memory.
2024-10-24 03:32:22.133542: W tensorflow/core/framework/cpu_allocator_impl.cc:82] Allocation of 1751777280 exceeds 10% of free system memory.
2024-10-24 03:32:26.867649: W tensorflow/core/framework/cpu_allocator_impl.cc:82] Allocation of 1751777280 exceeds 10% of free system memory.
2024-10-24 03:32:28.531977: W tensorflow/core/framework/cpu_allocator_impl.cc:82] Allocation of 2335703040 exceeds 10% of free system memory.
slurmstepd: error: *** JOB 220029 ON a100-3 CANCELLED AT 2024-10-24T07:52:35 ***
