Checking TensorFlow:
TensorFlow Version: 2.8.0
TensorFlow is using GPU: /physical_device:GPU:0
CUDA Version: 11.2
CUDNN Version: 8
GPU is available
Constructing model
Model: "model_2"
__________________________________________________________________________________________________
 Layer (type)                   Output Shape         Param #     Connected to                     
==================================================================================================
 tgt_input (InputLayer)         [(None, 176, 80, 96  0           []                               
                                , 1)]                                                             
                                                                                                  
 src_input (InputLayer)         [(None, 176, 80, 96  0           []                               
                                , 1)]                                                             
                                                                                                  
 affine_input (InputLayer)      [(None, 176, 80, 96  0           []                               
                                , 3)]                                                             
                                                                                                  
 model_1 (Functional)           [(None, 176, 80, 96  1178495     ['tgt_input[0][0]',              
                                , 1),                             'src_input[0][0]',              
                                 (None, 176, 80, 96               'affine_input[0][0]']           
                                , 3)]                                                             
                                                                                                  
 seg_input (InputLayer)         [(None, 176, 80, 96  0           []                               
                                , 1)]                                                             
                                                                                                  
 model (Functional)             (None, 176, 80, 96,  1473697     ['seg_input[0][0]']              
                                 1)                                                               
                                                                                                  
 nonr_def (Lambda)              (None, 176, 80, 96,  0           ['model_1[0][1]']                
                                 3)                                                               
                                                                                                  
 srcSegm (Lambda)               (None, 176, 80, 96,  0           ['model[0][0]']                  
                                 1)                                                               
                                                                                                  
 all_def (Add)                  (None, 176, 80, 96,  0           ['nonr_def[0][0]',               
                                 3)                               'affine_input[0][0]']           
                                                                                                  
 warpedSrc (Lambda)             (None, 176, 80, 96,  0           ['model_1[0][0]']                
                                 1)                                                               
                                                                                                  
 movedSegm (SpatialTransformer)  (None, 176, 80, 96,  0          ['srcSegm[0][0]',                
                                 1)                               'all_def[0][0]']                
                                                                                                  
==================================================================================================
Total params: 2,652,192
Trainable params: 2,649,264
Non-trainable params: 2,928
__________________________________________________________________________________________________
Training a new model!
